[2022-06-02 11:42:56.025] INFO  AbstractTestContextBootstrapper.getDefaultTestExecutionListenerClassNames(AbstractTestContextBootstrapper.java:245) - Loaded default TestExecutionListener class names from location [META-INF/spring.factories]: [org.springframework.test.context.web.ServletTestExecutionListener, org.springframework.test.context.support.DirtiesContextBeforeModesTestExecutionListener, org.springframework.test.context.event.ApplicationEventsTestExecutionListener, org.springframework.test.context.support.DependencyInjectionTestExecutionListener, org.springframework.test.context.support.DirtiesContextTestExecutionListener, org.springframework.test.context.transaction.TransactionalTestExecutionListener, org.springframework.test.context.jdbc.SqlScriptsTestExecutionListener, org.springframework.test.context.event.EventPublishingTestExecutionListener]
[2022-06-02 11:42:56.039] INFO  AbstractTestContextBootstrapper.getTestExecutionListeners(AbstractTestContextBootstrapper.java:174) - Using TestExecutionListeners: [org.springframework.test.context.support.DirtiesContextBeforeModesTestExecutionListener@1a677343, org.springframework.test.context.event.ApplicationEventsTestExecutionListener@15de0b3c, org.springframework.test.context.support.DependencyInjectionTestExecutionListener@489115ef, org.springframework.test.context.support.DirtiesContextTestExecutionListener@3857f613, org.springframework.test.context.transaction.TransactionalTestExecutionListener@198b6731, org.springframework.test.context.jdbc.SqlScriptsTestExecutionListener@7c6908d7, org.springframework.test.context.event.EventPublishingTestExecutionListener@3c9754d8]
[2022-06-02 11:42:56.223] DEBUG SonySpeaker.<init>(SonySpeaker.java:12) - SonySpeaker 생성자 호출
[2022-06-02 11:42:56.245] DEBUG SamsungTV.initMethod(SamsungTV.java:24) - 삼성 TV initMethod()
[2022-06-02 11:42:56.270] DEBUG JTvPcwk.setUp(JTvPcwk.java:29) - =================
[2022-06-02 11:42:56.271] DEBUG JTvPcwk.setUp(JTvPcwk.java:30) - =0. setUp()=
[2022-06-02 11:42:56.271] DEBUG JTvPcwk.setUp(JTvPcwk.java:31) - =================
[2022-06-02 11:42:56.276] DEBUG JTvPcwk.setUp(JTvPcwk.java:35) - =context=org.springframework.context.support.GenericApplicationContext@ed7f8b4, started on Thu Jun 02 11:42:56 KST 2022
[2022-06-02 11:42:56.277] DEBUG JTvPcwk.setUp(JTvPcwk.java:36) - =tv01=com.pcwk.ehr.SamsungTV@2f953efd
[2022-06-02 11:42:56.277] DEBUG JTvPcwk.setUp(JTvPcwk.java:37) - =tv02=com.pcwk.ehr.SamsungTV@2f953efd
[2022-06-02 11:42:56.278] DEBUG JTvPcwk.tvTest(JTvPcwk.java:53) - =================
[2022-06-02 11:42:56.279] DEBUG JTvPcwk.tvTest(JTvPcwk.java:54) - =tvTest()=
[2022-06-02 11:42:56.279] DEBUG JTvPcwk.tvTest(JTvPcwk.java:55) - =================
[2022-06-02 11:42:56.279] DEBUG SamsungTV.powerOn(SamsungTV.java:34) - 삼성 TV전원을 켠다.
[2022-06-02 11:42:56.279] DEBUG SonySpeaker.volumeUp(SonySpeaker.java:16) - SonySpeaker volumeUp 호출
[2022-06-02 11:42:56.279] DEBUG SonySpeaker.volumeDown(SonySpeaker.java:20) - SonySpeaker volumeDown 호출
[2022-06-02 11:42:56.279] DEBUG SamsungTV.powerOff(SamsungTV.java:39) - 삼성 TV전원을 끊다.
[2022-06-02 11:42:56.285] DEBUG JTvPcwk.tearDown(JTvPcwk.java:46) - =================
[2022-06-02 11:42:56.285] DEBUG JTvPcwk.tearDown(JTvPcwk.java:47) - =9. tearDown()=
[2022-06-02 11:42:56.285] DEBUG JTvPcwk.tearDown(JTvPcwk.java:48) - =================
[2022-06-02 11:42:56.301] DEBUG SamsungTV.destroyMethod(SamsungTV.java:29) - 삼성 TV destroyMethod()
[2022-06-02 11:48:54.796] INFO  AbstractTestContextBootstrapper.getDefaultTestExecutionListenerClassNames(AbstractTestContextBootstrapper.java:245) - Loaded default TestExecutionListener class names from location [META-INF/spring.factories]: [org.springframework.test.context.web.ServletTestExecutionListener, org.springframework.test.context.support.DirtiesContextBeforeModesTestExecutionListener, org.springframework.test.context.event.ApplicationEventsTestExecutionListener, org.springframework.test.context.support.DependencyInjectionTestExecutionListener, org.springframework.test.context.support.DirtiesContextTestExecutionListener, org.springframework.test.context.transaction.TransactionalTestExecutionListener, org.springframework.test.context.jdbc.SqlScriptsTestExecutionListener, org.springframework.test.context.event.EventPublishingTestExecutionListener]
[2022-06-02 11:48:54.806] INFO  AbstractTestContextBootstrapper.getTestExecutionListeners(AbstractTestContextBootstrapper.java:174) - Using TestExecutionListeners: [org.springframework.test.context.support.DirtiesContextBeforeModesTestExecutionListener@1a677343, org.springframework.test.context.event.ApplicationEventsTestExecutionListener@15de0b3c, org.springframework.test.context.support.DependencyInjectionTestExecutionListener@489115ef, org.springframework.test.context.support.DirtiesContextTestExecutionListener@3857f613, org.springframework.test.context.transaction.TransactionalTestExecutionListener@198b6731, org.springframework.test.context.jdbc.SqlScriptsTestExecutionListener@7c6908d7, org.springframework.test.context.event.EventPublishingTestExecutionListener@3c9754d8]
[2022-06-02 11:48:54.955] DEBUG SonySpeaker.<init>(SonySpeaker.java:12) - SonySpeaker 생성자 호출
[2022-06-02 11:48:54.974] DEBUG SamsungTV.initMethod(SamsungTV.java:31) - 삼성 TV initMethod()
[2022-06-02 11:48:54.995] DEBUG JTvPcwk.setUp(JTvPcwk.java:29) - =================
[2022-06-02 11:48:54.995] DEBUG JTvPcwk.setUp(JTvPcwk.java:30) - =0. setUp()=
[2022-06-02 11:48:54.995] DEBUG JTvPcwk.setUp(JTvPcwk.java:31) - =================
[2022-06-02 11:48:55.005] DEBUG JTvPcwk.setUp(JTvPcwk.java:35) - =context=org.springframework.context.support.GenericApplicationContext@ed7f8b4, started on Thu Jun 02 11:48:54 KST 2022
[2022-06-02 11:48:55.005] DEBUG JTvPcwk.setUp(JTvPcwk.java:36) - =tv01=com.pcwk.ehr.SamsungTV@147e2ae7
[2022-06-02 11:48:55.005] DEBUG JTvPcwk.setUp(JTvPcwk.java:37) - =tv02=com.pcwk.ehr.SamsungTV@147e2ae7
[2022-06-02 11:48:55.006] DEBUG JTvPcwk.tvTest(JTvPcwk.java:53) - =================
[2022-06-02 11:48:55.006] DEBUG JTvPcwk.tvTest(JTvPcwk.java:54) - =tvTest()=
[2022-06-02 11:48:55.006] DEBUG JTvPcwk.tvTest(JTvPcwk.java:55) - =================
[2022-06-02 11:48:55.006] DEBUG SamsungTV.powerOn(SamsungTV.java:41) - 삼성 TV전원을 켠다.
[2022-06-02 11:48:55.007] DEBUG SonySpeaker.volumeUp(SonySpeaker.java:16) - SonySpeaker volumeUp 호출
[2022-06-02 11:48:55.007] DEBUG SonySpeaker.volumeDown(SonySpeaker.java:20) - SonySpeaker volumeDown 호출
[2022-06-02 11:48:55.007] DEBUG SamsungTV.powerOff(SamsungTV.java:46) - 삼성 TV전원을 끊다.
[2022-06-02 11:48:55.009] DEBUG JTvPcwk.tearDown(JTvPcwk.java:46) - =================
[2022-06-02 11:48:55.009] DEBUG JTvPcwk.tearDown(JTvPcwk.java:47) - =9. tearDown()=
[2022-06-02 11:48:55.009] DEBUG JTvPcwk.tearDown(JTvPcwk.java:48) - =================
[2022-06-02 11:48:55.012] DEBUG SamsungTV.destroyMethod(SamsungTV.java:36) - 삼성 TV destroyMethod()
[2022-06-02 11:50:28.710] INFO  AbstractTestContextBootstrapper.getDefaultTestExecutionListenerClassNames(AbstractTestContextBootstrapper.java:245) - Loaded default TestExecutionListener class names from location [META-INF/spring.factories]: [org.springframework.test.context.web.ServletTestExecutionListener, org.springframework.test.context.support.DirtiesContextBeforeModesTestExecutionListener, org.springframework.test.context.event.ApplicationEventsTestExecutionListener, org.springframework.test.context.support.DependencyInjectionTestExecutionListener, org.springframework.test.context.support.DirtiesContextTestExecutionListener, org.springframework.test.context.transaction.TransactionalTestExecutionListener, org.springframework.test.context.jdbc.SqlScriptsTestExecutionListener, org.springframework.test.context.event.EventPublishingTestExecutionListener]
[2022-06-02 11:50:28.720] INFO  AbstractTestContextBootstrapper.getTestExecutionListeners(AbstractTestContextBootstrapper.java:174) - Using TestExecutionListeners: [org.springframework.test.context.support.DirtiesContextBeforeModesTestExecutionListener@1a677343, org.springframework.test.context.event.ApplicationEventsTestExecutionListener@15de0b3c, org.springframework.test.context.support.DependencyInjectionTestExecutionListener@489115ef, org.springframework.test.context.support.DirtiesContextTestExecutionListener@3857f613, org.springframework.test.context.transaction.TransactionalTestExecutionListener@198b6731, org.springframework.test.context.jdbc.SqlScriptsTestExecutionListener@7c6908d7, org.springframework.test.context.event.EventPublishingTestExecutionListener@3c9754d8]
[2022-06-02 11:50:28.871] DEBUG SonySpeaker.<init>(SonySpeaker.java:12) - SonySpeaker 생성자 호출
[2022-06-02 11:50:28.889] DEBUG SamsungTV.<init>(SamsungTV.java:28) - 삼성 TV 인자 2개 생성자 호출!
[2022-06-02 11:50:28.889] DEBUG SamsungTV.<init>(SamsungTV.java:29) - price:20000000
[2022-06-02 11:50:28.890] DEBUG SamsungTV.initMethod(SamsungTV.java:34) - 삼성 TV initMethod()
[2022-06-02 11:50:28.911] DEBUG JTvPcwk.setUp(JTvPcwk.java:29) - =================
[2022-06-02 11:50:28.911] DEBUG JTvPcwk.setUp(JTvPcwk.java:30) - =0. setUp()=
[2022-06-02 11:50:28.911] DEBUG JTvPcwk.setUp(JTvPcwk.java:31) - =================
[2022-06-02 11:50:28.921] DEBUG JTvPcwk.setUp(JTvPcwk.java:35) - =context=org.springframework.context.support.GenericApplicationContext@ed7f8b4, started on Thu Jun 02 11:50:28 KST 2022
[2022-06-02 11:50:28.921] DEBUG JTvPcwk.setUp(JTvPcwk.java:36) - =tv01=com.pcwk.ehr.SamsungTV@147e2ae7
[2022-06-02 11:50:28.921] DEBUG JTvPcwk.setUp(JTvPcwk.java:37) - =tv02=com.pcwk.ehr.SamsungTV@147e2ae7
[2022-06-02 11:50:28.922] DEBUG JTvPcwk.tvTest(JTvPcwk.java:53) - =================
[2022-06-02 11:50:28.922] DEBUG JTvPcwk.tvTest(JTvPcwk.java:54) - =tvTest()=
[2022-06-02 11:50:28.922] DEBUG JTvPcwk.tvTest(JTvPcwk.java:55) - =================
[2022-06-02 11:50:28.922] DEBUG SamsungTV.powerOn(SamsungTV.java:44) - 삼성 TV전원을 켠다.
[2022-06-02 11:50:28.923] DEBUG SonySpeaker.volumeUp(SonySpeaker.java:16) - SonySpeaker volumeUp 호출
[2022-06-02 11:50:28.923] DEBUG SonySpeaker.volumeDown(SonySpeaker.java:20) - SonySpeaker volumeDown 호출
[2022-06-02 11:50:28.923] DEBUG SamsungTV.powerOff(SamsungTV.java:49) - 삼성 TV전원을 끊다.
[2022-06-02 11:50:28.925] DEBUG JTvPcwk.tearDown(JTvPcwk.java:46) - =================
[2022-06-02 11:50:28.925] DEBUG JTvPcwk.tearDown(JTvPcwk.java:47) - =9. tearDown()=
[2022-06-02 11:50:28.925] DEBUG JTvPcwk.tearDown(JTvPcwk.java:48) - =================
[2022-06-02 11:50:28.928] DEBUG SamsungTV.destroyMethod(SamsungTV.java:39) - 삼성 TV destroyMethod()
[2022-06-02 12:01:57.362] INFO  AbstractTestContextBootstrapper.getDefaultTestExecutionListenerClassNames(AbstractTestContextBootstrapper.java:245) - Loaded default TestExecutionListener class names from location [META-INF/spring.factories]: [org.springframework.test.context.web.ServletTestExecutionListener, org.springframework.test.context.support.DirtiesContextBeforeModesTestExecutionListener, org.springframework.test.context.event.ApplicationEventsTestExecutionListener, org.springframework.test.context.support.DependencyInjectionTestExecutionListener, org.springframework.test.context.support.DirtiesContextTestExecutionListener, org.springframework.test.context.transaction.TransactionalTestExecutionListener, org.springframework.test.context.jdbc.SqlScriptsTestExecutionListener, org.springframework.test.context.event.EventPublishingTestExecutionListener]
[2022-06-02 12:01:57.371] INFO  AbstractTestContextBootstrapper.getTestExecutionListeners(AbstractTestContextBootstrapper.java:174) - Using TestExecutionListeners: [org.springframework.test.context.support.DirtiesContextBeforeModesTestExecutionListener@1a677343, org.springframework.test.context.event.ApplicationEventsTestExecutionListener@15de0b3c, org.springframework.test.context.support.DependencyInjectionTestExecutionListener@489115ef, org.springframework.test.context.support.DirtiesContextTestExecutionListener@3857f613, org.springframework.test.context.transaction.TransactionalTestExecutionListener@198b6731, org.springframework.test.context.jdbc.SqlScriptsTestExecutionListener@7c6908d7, org.springframework.test.context.event.EventPublishingTestExecutionListener@3c9754d8]
[2022-06-02 12:01:57.522] DEBUG SonySpeaker.<init>(SonySpeaker.java:12) - SonySpeaker 생성자 호출
[2022-06-02 12:01:57.539] DEBUG SamsungTV.<init>(SamsungTV.java:28) - 삼성 TV 인자 2개 생성자 호출!
[2022-06-02 12:01:57.540] DEBUG SamsungTV.<init>(SamsungTV.java:29) - price:20000000
[2022-06-02 12:01:57.540] DEBUG SamsungTV.initMethod(SamsungTV.java:34) - 삼성 TV initMethod()
[2022-06-02 12:01:57.562] DEBUG JTvPcwk.setUp(JTvPcwk.java:29) - =================
[2022-06-02 12:01:57.563] DEBUG JTvPcwk.setUp(JTvPcwk.java:30) - =0. setUp()=
[2022-06-02 12:01:57.563] DEBUG JTvPcwk.setUp(JTvPcwk.java:31) - =================
[2022-06-02 12:01:57.572] DEBUG JTvPcwk.setUp(JTvPcwk.java:35) - =context=org.springframework.context.support.GenericApplicationContext@ed7f8b4, started on Thu Jun 02 12:01:57 KST 2022
[2022-06-02 12:01:57.572] DEBUG JTvPcwk.setUp(JTvPcwk.java:36) - =tv01=com.pcwk.ehr.SamsungTV@147e2ae7
[2022-06-02 12:01:57.572] DEBUG JTvPcwk.setUp(JTvPcwk.java:37) - =tv02=com.pcwk.ehr.SamsungTV@147e2ae7
[2022-06-02 12:01:57.574] DEBUG JTvPcwk.tvTest(JTvPcwk.java:53) - =================
[2022-06-02 12:01:57.574] DEBUG JTvPcwk.tvTest(JTvPcwk.java:54) - =tvTest()=
[2022-06-02 12:01:57.574] DEBUG JTvPcwk.tvTest(JTvPcwk.java:55) - =================
[2022-06-02 12:01:57.574] DEBUG SamsungTV.powerOn(SamsungTV.java:44) - 삼성 TV전원을 켠다.
[2022-06-02 12:01:57.574] DEBUG SonySpeaker.volumeUp(SonySpeaker.java:16) - SonySpeaker volumeUp 호출
[2022-06-02 12:01:57.574] DEBUG SonySpeaker.volumeDown(SonySpeaker.java:20) - SonySpeaker volumeDown 호출
[2022-06-02 12:01:57.574] DEBUG SamsungTV.powerOff(SamsungTV.java:49) - 삼성 TV전원을 끊다.
[2022-06-02 12:01:57.576] DEBUG JTvPcwk.tearDown(JTvPcwk.java:46) - =================
[2022-06-02 12:01:57.576] DEBUG JTvPcwk.tearDown(JTvPcwk.java:47) - =9. tearDown()=
[2022-06-02 12:01:57.576] DEBUG JTvPcwk.tearDown(JTvPcwk.java:48) - =================
[2022-06-02 12:01:57.578] DEBUG SamsungTV.destroyMethod(SamsungTV.java:39) - 삼성 TV destroyMethod()
[2022-06-02 12:02:33.382] INFO  AbstractTestContextBootstrapper.getDefaultTestExecutionListenerClassNames(AbstractTestContextBootstrapper.java:245) - Loaded default TestExecutionListener class names from location [META-INF/spring.factories]: [org.springframework.test.context.web.ServletTestExecutionListener, org.springframework.test.context.support.DirtiesContextBeforeModesTestExecutionListener, org.springframework.test.context.event.ApplicationEventsTestExecutionListener, org.springframework.test.context.support.DependencyInjectionTestExecutionListener, org.springframework.test.context.support.DirtiesContextTestExecutionListener, org.springframework.test.context.transaction.TransactionalTestExecutionListener, org.springframework.test.context.jdbc.SqlScriptsTestExecutionListener, org.springframework.test.context.event.EventPublishingTestExecutionListener]
[2022-06-02 12:02:33.393] INFO  AbstractTestContextBootstrapper.getTestExecutionListeners(AbstractTestContextBootstrapper.java:174) - Using TestExecutionListeners: [org.springframework.test.context.support.DirtiesContextBeforeModesTestExecutionListener@1a677343, org.springframework.test.context.event.ApplicationEventsTestExecutionListener@15de0b3c, org.springframework.test.context.support.DependencyInjectionTestExecutionListener@489115ef, org.springframework.test.context.support.DirtiesContextTestExecutionListener@3857f613, org.springframework.test.context.transaction.TransactionalTestExecutionListener@198b6731, org.springframework.test.context.jdbc.SqlScriptsTestExecutionListener@7c6908d7, org.springframework.test.context.event.EventPublishingTestExecutionListener@3c9754d8]
[2022-06-02 12:02:33.560] DEBUG SonySpeaker.<init>(SonySpeaker.java:12) - SonySpeaker 생성자 호출
[2022-06-02 12:02:33.579] DEBUG SamsungTV.<init>(SamsungTV.java:28) - 삼성 TV 인자 2개 생성자 호출!
[2022-06-02 12:02:33.579] DEBUG SamsungTV.<init>(SamsungTV.java:29) - price:20000000
[2022-06-02 12:02:33.580] DEBUG SamsungTV.initMethod(SamsungTV.java:34) - 삼성 TV initMethod()
[2022-06-02 12:02:33.604] DEBUG JTvPcwk.setUp(JTvPcwk.java:29) - =================
[2022-06-02 12:02:33.606] DEBUG JTvPcwk.setUp(JTvPcwk.java:30) - =0. setUp()=
[2022-06-02 12:02:33.621] DEBUG JTvPcwk.setUp(JTvPcwk.java:31) - =================
[2022-06-02 12:02:33.627] DEBUG JTvPcwk.setUp(JTvPcwk.java:35) - =context=org.springframework.context.support.GenericApplicationContext@ed7f8b4, started on Thu Jun 02 12:02:33 KST 2022
[2022-06-02 12:02:33.628] DEBUG JTvPcwk.setUp(JTvPcwk.java:36) - =tv01=com.pcwk.ehr.SamsungTV@147e2ae7
[2022-06-02 12:02:33.628] DEBUG JTvPcwk.setUp(JTvPcwk.java:37) - =tv02=com.pcwk.ehr.SamsungTV@147e2ae7
[2022-06-02 12:02:33.629] DEBUG JTvPcwk.tvTest(JTvPcwk.java:53) - =================
[2022-06-02 12:02:33.629] DEBUG JTvPcwk.tvTest(JTvPcwk.java:54) - =tvTest()=
[2022-06-02 12:02:33.629] DEBUG JTvPcwk.tvTest(JTvPcwk.java:55) - =================
[2022-06-02 12:02:33.629] DEBUG SamsungTV.powerOn(SamsungTV.java:44) - 삼성 TV전원을 켠다.
[2022-06-02 12:02:33.629] DEBUG SonySpeaker.volumeUp(SonySpeaker.java:16) - SonySpeaker volumeUp 호출
[2022-06-02 12:02:33.629] DEBUG SonySpeaker.volumeDown(SonySpeaker.java:20) - SonySpeaker volumeDown 호출
[2022-06-02 12:02:33.629] DEBUG SamsungTV.powerOff(SamsungTV.java:49) - 삼성 TV전원을 끊다.
[2022-06-02 12:02:33.631] DEBUG JTvPcwk.tearDown(JTvPcwk.java:46) - =================
[2022-06-02 12:02:33.631] DEBUG JTvPcwk.tearDown(JTvPcwk.java:47) - =9. tearDown()=
[2022-06-02 12:02:33.631] DEBUG JTvPcwk.tearDown(JTvPcwk.java:48) - =================
[2022-06-02 12:02:33.637] DEBUG SamsungTV.destroyMethod(SamsungTV.java:39) - 삼성 TV destroyMethod()
[2022-06-02 12:02:54.013] INFO  AbstractTestContextBootstrapper.getDefaultTestExecutionListenerClassNames(AbstractTestContextBootstrapper.java:245) - Loaded default TestExecutionListener class names from location [META-INF/spring.factories]: [org.springframework.test.context.web.ServletTestExecutionListener, org.springframework.test.context.support.DirtiesContextBeforeModesTestExecutionListener, org.springframework.test.context.event.ApplicationEventsTestExecutionListener, org.springframework.test.context.support.DependencyInjectionTestExecutionListener, org.springframework.test.context.support.DirtiesContextTestExecutionListener, org.springframework.test.context.transaction.TransactionalTestExecutionListener, org.springframework.test.context.jdbc.SqlScriptsTestExecutionListener, org.springframework.test.context.event.EventPublishingTestExecutionListener]
[2022-06-02 12:02:54.025] INFO  AbstractTestContextBootstrapper.getTestExecutionListeners(AbstractTestContextBootstrapper.java:174) - Using TestExecutionListeners: [org.springframework.test.context.support.DirtiesContextBeforeModesTestExecutionListener@1a677343, org.springframework.test.context.event.ApplicationEventsTestExecutionListener@15de0b3c, org.springframework.test.context.support.DependencyInjectionTestExecutionListener@489115ef, org.springframework.test.context.support.DirtiesContextTestExecutionListener@3857f613, org.springframework.test.context.transaction.TransactionalTestExecutionListener@198b6731, org.springframework.test.context.jdbc.SqlScriptsTestExecutionListener@7c6908d7, org.springframework.test.context.event.EventPublishingTestExecutionListener@3c9754d8]
[2022-06-02 12:02:54.205] DEBUG SonySpeaker.<init>(SonySpeaker.java:12) - SonySpeaker 생성자 호출
[2022-06-02 12:02:54.225] DEBUG SamsungTV.<init>(SamsungTV.java:28) - 삼성 TV 인자 2개 생성자 호출!
[2022-06-02 12:02:54.225] DEBUG SamsungTV.<init>(SamsungTV.java:29) - price:20000000
[2022-06-02 12:02:54.226] DEBUG SamsungTV.initMethod(SamsungTV.java:34) - 삼성 TV initMethod()
[2022-06-02 12:02:54.244] DEBUG JTvPcwk.setUp(JTvPcwk.java:29) - =================
[2022-06-02 12:02:54.245] DEBUG JTvPcwk.setUp(JTvPcwk.java:30) - =0. setUp()=
[2022-06-02 12:02:54.252] DEBUG JTvPcwk.setUp(JTvPcwk.java:31) - =================
[2022-06-02 12:02:54.254] DEBUG JTvPcwk.setUp(JTvPcwk.java:35) - =context=org.springframework.context.support.GenericApplicationContext@ed7f8b4, started on Thu Jun 02 12:02:54 KST 2022
[2022-06-02 12:02:54.254] DEBUG JTvPcwk.setUp(JTvPcwk.java:36) - =tv01=com.pcwk.ehr.SamsungTV@147e2ae7
[2022-06-02 12:02:54.254] DEBUG JTvPcwk.setUp(JTvPcwk.java:37) - =tv02=com.pcwk.ehr.SamsungTV@147e2ae7
[2022-06-02 12:02:54.255] DEBUG JTvPcwk.tvTest(JTvPcwk.java:53) - =================
[2022-06-02 12:02:54.256] DEBUG JTvPcwk.tvTest(JTvPcwk.java:54) - =tvTest()=
[2022-06-02 12:02:54.256] DEBUG JTvPcwk.tvTest(JTvPcwk.java:55) - =================
[2022-06-02 12:02:54.256] DEBUG SamsungTV.powerOn(SamsungTV.java:44) - 삼성 TV전원을 켠다.
[2022-06-02 12:02:54.256] DEBUG SonySpeaker.volumeUp(SonySpeaker.java:16) - SonySpeaker volumeUp 호출
[2022-06-02 12:02:54.256] DEBUG SonySpeaker.volumeDown(SonySpeaker.java:20) - SonySpeaker volumeDown 호출
[2022-06-02 12:02:54.256] DEBUG SamsungTV.powerOff(SamsungTV.java:49) - 삼성 TV전원을 끊다.
[2022-06-02 12:02:54.257] DEBUG JTvPcwk.tearDown(JTvPcwk.java:46) - =================
[2022-06-02 12:02:54.258] DEBUG JTvPcwk.tearDown(JTvPcwk.java:47) - =9. tearDown()=
[2022-06-02 12:02:54.258] DEBUG JTvPcwk.tearDown(JTvPcwk.java:48) - =================
[2022-06-02 12:02:54.260] DEBUG SamsungTV.destroyMethod(SamsungTV.java:39) - 삼성 TV destroyMethod()
[2022-06-02 12:03:18.433] INFO  AbstractTestContextBootstrapper.getDefaultTestExecutionListenerClassNames(AbstractTestContextBootstrapper.java:245) - Loaded default TestExecutionListener class names from location [META-INF/spring.factories]: [org.springframework.test.context.web.ServletTestExecutionListener, org.springframework.test.context.support.DirtiesContextBeforeModesTestExecutionListener, org.springframework.test.context.event.ApplicationEventsTestExecutionListener, org.springframework.test.context.support.DependencyInjectionTestExecutionListener, org.springframework.test.context.support.DirtiesContextTestExecutionListener, org.springframework.test.context.transaction.TransactionalTestExecutionListener, org.springframework.test.context.jdbc.SqlScriptsTestExecutionListener, org.springframework.test.context.event.EventPublishingTestExecutionListener]
[2022-06-02 12:03:18.443] INFO  AbstractTestContextBootstrapper.getTestExecutionListeners(AbstractTestContextBootstrapper.java:174) - Using TestExecutionListeners: [org.springframework.test.context.support.DirtiesContextBeforeModesTestExecutionListener@1a677343, org.springframework.test.context.event.ApplicationEventsTestExecutionListener@15de0b3c, org.springframework.test.context.support.DependencyInjectionTestExecutionListener@489115ef, org.springframework.test.context.support.DirtiesContextTestExecutionListener@3857f613, org.springframework.test.context.transaction.TransactionalTestExecutionListener@198b6731, org.springframework.test.context.jdbc.SqlScriptsTestExecutionListener@7c6908d7, org.springframework.test.context.event.EventPublishingTestExecutionListener@3c9754d8]
[2022-06-02 12:03:18.592] DEBUG SonySpeaker.<init>(SonySpeaker.java:12) - SonySpeaker 생성자 호출
[2022-06-02 12:03:18.609] WARN  AbstractApplicationContext.refresh(AbstractApplicationContext.java:591) - Exception encountered during context initialization - cancelling refresh attempt: org.springframework.beans.factory.UnsatisfiedDependencyException: Error creating bean with name 'samsungTV' defined in class path resource [applicationContext.xml]: Unsatisfied dependency expressed through constructor parameter 0: Could not convert argument value of type [java.lang.String] to required type [com.pcwk.ehr.SonySpeaker]: Failed to convert value of type 'java.lang.String' to required type 'com.pcwk.ehr.SonySpeaker'; nested exception is java.lang.IllegalStateException: Cannot convert value of type 'java.lang.String' to required type 'com.pcwk.ehr.SonySpeaker': no matching editors or conversion strategy found
[2022-06-02 12:03:18.612] ERROR TestContextManager.prepareTestInstance(TestContextManager.java:252) - Caught exception while allowing TestExecutionListener [org.springframework.test.context.support.DependencyInjectionTestExecutionListener@489115ef] to prepare test instance [com.pcwk.ehr.JTvPcwk@4d14b6c2]
java.lang.IllegalStateException: Failed to load ApplicationContext
	at org.springframework.test.context.cache.DefaultCacheAwareContextLoaderDelegate.loadContext(DefaultCacheAwareContextLoaderDelegate.java:132) ~[spring-test-5.3.18.jar:5.3.18]
	at org.springframework.test.context.support.DefaultTestContext.getApplicationContext(DefaultTestContext.java:124) ~[spring-test-5.3.18.jar:5.3.18]
	at org.springframework.test.context.support.DependencyInjectionTestExecutionListener.injectDependencies(DependencyInjectionTestExecutionListener.java:118) ~[spring-test-5.3.18.jar:5.3.18]
	at org.springframework.test.context.support.DependencyInjectionTestExecutionListener.prepareTestInstance(DependencyInjectionTestExecutionListener.java:83) ~[spring-test-5.3.18.jar:5.3.18]
	at org.springframework.test.context.TestContextManager.prepareTestInstance(TestContextManager.java:248) ~[spring-test-5.3.18.jar:5.3.18]
	at org.springframework.test.context.junit4.SpringJUnit4ClassRunner.createTest(SpringJUnit4ClassRunner.java:227) ~[spring-test-5.3.18.jar:5.3.18]
	at org.springframework.test.context.junit4.SpringJUnit4ClassRunner$1.runReflectiveCall(SpringJUnit4ClassRunner.java:289) ~[spring-test-5.3.18.jar:5.3.18]
	at org.junit.internal.runners.model.ReflectiveCallable.run(ReflectiveCallable.java:12) ~[junit-4.13.2.jar:4.13.2]
	at org.springframework.test.context.junit4.SpringJUnit4ClassRunner.methodBlock(SpringJUnit4ClassRunner.java:291) ~[spring-test-5.3.18.jar:5.3.18]
	at org.springframework.test.context.junit4.SpringJUnit4ClassRunner.runChild(SpringJUnit4ClassRunner.java:246) ~[spring-test-5.3.18.jar:5.3.18]
	at org.springframework.test.context.junit4.SpringJUnit4ClassRunner.runChild(SpringJUnit4ClassRunner.java:97) ~[spring-test-5.3.18.jar:5.3.18]
	at org.junit.runners.ParentRunner$4.run(ParentRunner.java:331) ~[junit-4.13.2.jar:4.13.2]
	at org.junit.runners.ParentRunner$1.schedule(ParentRunner.java:79) ~[junit-4.13.2.jar:4.13.2]
	at org.junit.runners.ParentRunner.runChildren(ParentRunner.java:329) ~[junit-4.13.2.jar:4.13.2]
	at org.junit.runners.ParentRunner.access$100(ParentRunner.java:66) ~[junit-4.13.2.jar:4.13.2]
	at org.junit.runners.ParentRunner$2.evaluate(ParentRunner.java:293) ~[junit-4.13.2.jar:4.13.2]
	at org.springframework.test.context.junit4.statements.RunBeforeTestClassCallbacks.evaluate(RunBeforeTestClassCallbacks.java:61) ~[spring-test-5.3.18.jar:5.3.18]
	at org.springframework.test.context.junit4.statements.RunAfterTestClassCallbacks.evaluate(RunAfterTestClassCallbacks.java:70) ~[spring-test-5.3.18.jar:5.3.18]
	at org.junit.runners.ParentRunner$3.evaluate(ParentRunner.java:306) ~[junit-4.13.2.jar:4.13.2]
	at org.junit.runners.ParentRunner.run(ParentRunner.java:413) ~[junit-4.13.2.jar:4.13.2]
	at org.springframework.test.context.junit4.SpringJUnit4ClassRunner.run(SpringJUnit4ClassRunner.java:190) ~[spring-test-5.3.18.jar:5.3.18]
	at org.eclipse.jdt.internal.junit4.runner.JUnit4TestReference.run(JUnit4TestReference.java:89) ~[.cp/:?]
	at org.eclipse.jdt.internal.junit.runner.TestExecution.run(TestExecution.java:41) ~[.cp/:?]
	at org.eclipse.jdt.internal.junit.runner.RemoteTestRunner.runTests(RemoteTestRunner.java:542) ~[.cp/:?]
	at org.eclipse.jdt.internal.junit.runner.RemoteTestRunner.runTests(RemoteTestRunner.java:770) ~[.cp/:?]
	at org.eclipse.jdt.internal.junit.runner.RemoteTestRunner.run(RemoteTestRunner.java:464) ~[.cp/:?]
	at org.eclipse.jdt.internal.junit.runner.RemoteTestRunner.main(RemoteTestRunner.java:210) ~[.cp/:?]
Caused by: org.springframework.beans.factory.UnsatisfiedDependencyException: Error creating bean with name 'samsungTV' defined in class path resource [applicationContext.xml]: Unsatisfied dependency expressed through constructor parameter 0: Could not convert argument value of type [java.lang.String] to required type [com.pcwk.ehr.SonySpeaker]: Failed to convert value of type 'java.lang.String' to required type 'com.pcwk.ehr.SonySpeaker'; nested exception is java.lang.IllegalStateException: Cannot convert value of type 'java.lang.String' to required type 'com.pcwk.ehr.SonySpeaker': no matching editors or conversion strategy found
	at org.springframework.beans.factory.support.ConstructorResolver.createArgumentArray(ConstructorResolver.java:768) ~[spring-beans-5.3.18.jar:5.3.18]
	at org.springframework.beans.factory.support.ConstructorResolver.autowireConstructor(ConstructorResolver.java:229) ~[spring-beans-5.3.18.jar:5.3.18]
	at org.springframework.beans.factory.support.AbstractAutowireCapableBeanFactory.autowireConstructor(AbstractAutowireCapableBeanFactory.java:1372) ~[spring-beans-5.3.18.jar:5.3.18]
	at org.springframework.beans.factory.support.AbstractAutowireCapableBeanFactory.createBeanInstance(AbstractAutowireCapableBeanFactory.java:1222) ~[spring-beans-5.3.18.jar:5.3.18]
	at org.springframework.beans.factory.support.AbstractAutowireCapableBeanFactory.doCreateBean(AbstractAutowireCapableBeanFactory.java:582) ~[spring-beans-5.3.18.jar:5.3.18]
	at org.springframework.beans.factory.support.AbstractAutowireCapableBeanFactory.createBean(AbstractAutowireCapableBeanFactory.java:542) ~[spring-beans-5.3.18.jar:5.3.18]
	at org.springframework.beans.factory.support.AbstractBeanFactory.lambda$doGetBean$0(AbstractBeanFactory.java:335) ~[spring-beans-5.3.18.jar:5.3.18]
	at org.springframework.beans.factory.support.DefaultSingletonBeanRegistry.getSingleton(DefaultSingletonBeanRegistry.java:234) ~[spring-beans-5.3.18.jar:5.3.18]
	at org.springframework.beans.factory.support.AbstractBeanFactory.doGetBean(AbstractBeanFactory.java:333) ~[spring-beans-5.3.18.jar:5.3.18]
	at org.springframework.beans.factory.support.AbstractBeanFactory.getBean(AbstractBeanFactory.java:208) ~[spring-beans-5.3.18.jar:5.3.18]
	at org.springframework.beans.factory.support.DefaultListableBeanFactory.preInstantiateSingletons(DefaultListableBeanFactory.java:953) ~[spring-beans-5.3.18.jar:5.3.18]
	at org.springframework.context.support.AbstractApplicationContext.finishBeanFactoryInitialization(AbstractApplicationContext.java:918) ~[spring-context-5.3.18.jar:5.3.18]
	at org.springframework.context.support.AbstractApplicationContext.refresh(AbstractApplicationContext.java:583) ~[spring-context-5.3.18.jar:5.3.18]
	at org.springframework.test.context.support.AbstractGenericContextLoader.loadContext(AbstractGenericContextLoader.java:127) ~[spring-test-5.3.18.jar:5.3.18]
	at org.springframework.test.context.support.AbstractGenericContextLoader.loadContext(AbstractGenericContextLoader.java:60) ~[spring-test-5.3.18.jar:5.3.18]
	at org.springframework.test.context.support.AbstractDelegatingSmartContextLoader.delegateLoading(AbstractDelegatingSmartContextLoader.java:275) ~[spring-test-5.3.18.jar:5.3.18]
	at org.springframework.test.context.support.AbstractDelegatingSmartContextLoader.loadContext(AbstractDelegatingSmartContextLoader.java:243) ~[spring-test-5.3.18.jar:5.3.18]
	at org.springframework.test.context.cache.DefaultCacheAwareContextLoaderDelegate.loadContextInternal(DefaultCacheAwareContextLoaderDelegate.java:99) ~[spring-test-5.3.18.jar:5.3.18]
	at org.springframework.test.context.cache.DefaultCacheAwareContextLoaderDelegate.loadContext(DefaultCacheAwareContextLoaderDelegate.java:124) ~[spring-test-5.3.18.jar:5.3.18]
	... 26 more
[2022-06-02 12:03:50.919] INFO  AbstractTestContextBootstrapper.getDefaultTestExecutionListenerClassNames(AbstractTestContextBootstrapper.java:245) - Loaded default TestExecutionListener class names from location [META-INF/spring.factories]: [org.springframework.test.context.web.ServletTestExecutionListener, org.springframework.test.context.support.DirtiesContextBeforeModesTestExecutionListener, org.springframework.test.context.event.ApplicationEventsTestExecutionListener, org.springframework.test.context.support.DependencyInjectionTestExecutionListener, org.springframework.test.context.support.DirtiesContextTestExecutionListener, org.springframework.test.context.transaction.TransactionalTestExecutionListener, org.springframework.test.context.jdbc.SqlScriptsTestExecutionListener, org.springframework.test.context.event.EventPublishingTestExecutionListener]
[2022-06-02 12:03:50.929] INFO  AbstractTestContextBootstrapper.getTestExecutionListeners(AbstractTestContextBootstrapper.java:174) - Using TestExecutionListeners: [org.springframework.test.context.support.DirtiesContextBeforeModesTestExecutionListener@1a677343, org.springframework.test.context.event.ApplicationEventsTestExecutionListener@15de0b3c, org.springframework.test.context.support.DependencyInjectionTestExecutionListener@489115ef, org.springframework.test.context.support.DirtiesContextTestExecutionListener@3857f613, org.springframework.test.context.transaction.TransactionalTestExecutionListener@198b6731, org.springframework.test.context.jdbc.SqlScriptsTestExecutionListener@7c6908d7, org.springframework.test.context.event.EventPublishingTestExecutionListener@3c9754d8]
[2022-06-02 12:03:51.078] DEBUG SonySpeaker.<init>(SonySpeaker.java:12) - SonySpeaker 생성자 호출
[2022-06-02 12:03:51.103] DEBUG SamsungTV.<init>(SamsungTV.java:28) - 삼성 TV 인자 2개 생성자 호출!
[2022-06-02 12:03:51.103] DEBUG SamsungTV.<init>(SamsungTV.java:29) - price:20000000
[2022-06-02 12:03:51.104] DEBUG SamsungTV.initMethod(SamsungTV.java:34) - 삼성 TV initMethod()
[2022-06-02 12:03:51.128] DEBUG JTvPcwk.setUp(JTvPcwk.java:29) - =================
[2022-06-02 12:03:51.128] DEBUG JTvPcwk.setUp(JTvPcwk.java:30) - =0. setUp()=
[2022-06-02 12:03:51.136] DEBUG JTvPcwk.setUp(JTvPcwk.java:31) - =================
[2022-06-02 12:03:51.140] DEBUG JTvPcwk.setUp(JTvPcwk.java:35) - =context=org.springframework.context.support.GenericApplicationContext@ed7f8b4, started on Thu Jun 02 12:03:51 KST 2022
[2022-06-02 12:03:51.141] DEBUG JTvPcwk.setUp(JTvPcwk.java:36) - =tv01=com.pcwk.ehr.SamsungTV@147e2ae7
[2022-06-02 12:03:51.142] DEBUG JTvPcwk.setUp(JTvPcwk.java:37) - =tv02=com.pcwk.ehr.SamsungTV@147e2ae7
[2022-06-02 12:03:51.143] DEBUG JTvPcwk.tvTest(JTvPcwk.java:53) - =================
[2022-06-02 12:03:51.143] DEBUG JTvPcwk.tvTest(JTvPcwk.java:54) - =tvTest()=
[2022-06-02 12:03:51.144] DEBUG JTvPcwk.tvTest(JTvPcwk.java:55) - =================
[2022-06-02 12:03:51.144] DEBUG SamsungTV.powerOn(SamsungTV.java:44) - 삼성 TV전원을 켠다.
[2022-06-02 12:03:51.144] DEBUG SonySpeaker.volumeUp(SonySpeaker.java:16) - SonySpeaker volumeUp 호출
[2022-06-02 12:03:51.144] DEBUG SonySpeaker.volumeDown(SonySpeaker.java:20) - SonySpeaker volumeDown 호출
[2022-06-02 12:03:51.144] DEBUG SamsungTV.powerOff(SamsungTV.java:49) - 삼성 TV전원을 끊다.
[2022-06-02 12:03:51.145] DEBUG JTvPcwk.tearDown(JTvPcwk.java:46) - =================
[2022-06-02 12:03:51.145] DEBUG JTvPcwk.tearDown(JTvPcwk.java:47) - =9. tearDown()=
[2022-06-02 12:03:51.146] DEBUG JTvPcwk.tearDown(JTvPcwk.java:48) - =================
[2022-06-02 12:03:51.152] DEBUG SamsungTV.destroyMethod(SamsungTV.java:39) - 삼성 TV destroyMethod()
