[2022-06-16 09:25:56.816] DEBUG SpringJUnit4ClassRunner.<init>(SpringJUnit4ClassRunner.java:139) - SpringJUnit4ClassRunner constructor called with [class com.pcwk.ehr.JUnitUserDaoTest]
[2022-06-16 09:25:56.829] DEBUG BootstrapUtils.createCacheAwareContextLoaderDelegate(BootstrapUtils.java:108) - Instantiating CacheAwareContextLoaderDelegate from class [org.springframework.test.context.cache.DefaultCacheAwareContextLoaderDelegate]
[2022-06-16 09:25:56.834] DEBUG BootstrapUtils.createBootstrapContext(BootstrapUtils.java:88) - Instantiating BootstrapContext using constructor [public org.springframework.test.context.support.DefaultBootstrapContext(java.lang.Class,org.springframework.test.context.CacheAwareContextLoaderDelegate)]
[2022-06-16 09:25:56.851] DEBUG BootstrapUtils.resolveTestContextBootstrapper(BootstrapUtils.java:143) - Instantiating TestContextBootstrapper for test class [com.pcwk.ehr.JUnitUserDaoTest] from class [org.springframework.test.context.support.DefaultTestContextBootstrapper]
[2022-06-16 09:25:56.871] DEBUG AbstractDelegatingSmartContextLoader.delegateProcessing(AbstractDelegatingSmartContextLoader.java:263) - Delegating to GenericXmlContextLoader to process context configuration [ContextConfigurationAttributes@130d63be declaringClass = 'com.pcwk.ehr.JUnitUserDaoTest', classes = '{}', locations = '{file:src/main/webapp/WEB-INF/spring/root-context.xml, file:src/main/webapp/WEB-INF/spring/appServlet/servlet-context.xml}', inheritLocations = true, initializers = '{}', inheritInitializers = true, name = [null], contextLoaderClass = 'org.springframework.test.context.ContextLoader'].
[2022-06-16 09:25:56.894] DEBUG ActiveProfilesUtils.resolveActiveProfiles(ActiveProfilesUtils.java:79) - Could not find an 'annotation declaring class' for annotation type [org.springframework.test.context.ActiveProfiles] and class [com.pcwk.ehr.JUnitUserDaoTest]
[2022-06-16 09:25:56.894] DEBUG AbstractTestContextBootstrapper.getTestExecutionListeners(AbstractTestContextBootstrapper.java:124) - @TestExecutionListeners is not present for class [com.pcwk.ehr.JUnitUserDaoTest]: using defaults.
[2022-06-16 09:25:56.894] INFO  AbstractTestContextBootstrapper.getDefaultTestExecutionListenerClassNames(AbstractTestContextBootstrapper.java:245) - Loaded default TestExecutionListener class names from location [META-INF/spring.factories]: [org.springframework.test.context.web.ServletTestExecutionListener, org.springframework.test.context.support.DirtiesContextBeforeModesTestExecutionListener, org.springframework.test.context.event.ApplicationEventsTestExecutionListener, org.springframework.test.context.support.DependencyInjectionTestExecutionListener, org.springframework.test.context.support.DirtiesContextTestExecutionListener, org.springframework.test.context.transaction.TransactionalTestExecutionListener, org.springframework.test.context.jdbc.SqlScriptsTestExecutionListener, org.springframework.test.context.event.EventPublishingTestExecutionListener]
[2022-06-16 09:25:56.905] INFO  AbstractTestContextBootstrapper.getTestExecutionListeners(AbstractTestContextBootstrapper.java:174) - Using TestExecutionListeners: [org.springframework.test.context.web.ServletTestExecutionListener@6200f9cb, org.springframework.test.context.support.DirtiesContextBeforeModesTestExecutionListener@2002fc1d, org.springframework.test.context.event.ApplicationEventsTestExecutionListener@69453e37, org.springframework.test.context.support.DependencyInjectionTestExecutionListener@6f4a47c7, org.springframework.test.context.support.DirtiesContextTestExecutionListener@ae13544, org.springframework.test.context.transaction.TransactionalTestExecutionListener@3d34d211, org.springframework.test.context.jdbc.SqlScriptsTestExecutionListener@7dc0f706, org.springframework.test.context.event.EventPublishingTestExecutionListener@4009e306]
[2022-06-16 09:25:56.906] DEBUG ProfileValueUtils.retrieveProfileValueSource(ProfileValueUtils.java:70) - Retrieved @ProfileValueSourceConfiguration [null] for test class [com.pcwk.ehr.JUnitUserDaoTest]
[2022-06-16 09:25:56.906] DEBUG ProfileValueUtils.retrieveProfileValueSource(ProfileValueUtils.java:83) - Retrieved ProfileValueSource type [class org.springframework.test.annotation.SystemProfileValueSource] for class [com.pcwk.ehr.JUnitUserDaoTest]
[2022-06-16 09:25:56.907] DEBUG ProfileValueUtils.retrieveProfileValueSource(ProfileValueUtils.java:70) - Retrieved @ProfileValueSourceConfiguration [null] for test class [com.pcwk.ehr.JUnitUserDaoTest]
[2022-06-16 09:25:56.908] DEBUG ProfileValueUtils.retrieveProfileValueSource(ProfileValueUtils.java:83) - Retrieved ProfileValueSource type [class org.springframework.test.annotation.SystemProfileValueSource] for class [com.pcwk.ehr.JUnitUserDaoTest]
[2022-06-16 09:25:56.908] DEBUG ProfileValueUtils.retrieveProfileValueSource(ProfileValueUtils.java:70) - Retrieved @ProfileValueSourceConfiguration [null] for test class [com.pcwk.ehr.JUnitUserDaoTest]
[2022-06-16 09:25:56.908] DEBUG ProfileValueUtils.retrieveProfileValueSource(ProfileValueUtils.java:83) - Retrieved ProfileValueSource type [class org.springframework.test.annotation.SystemProfileValueSource] for class [com.pcwk.ehr.JUnitUserDaoTest]
[2022-06-16 09:25:56.916] DEBUG ProfileValueUtils.retrieveProfileValueSource(ProfileValueUtils.java:70) - Retrieved @ProfileValueSourceConfiguration [null] for test class [com.pcwk.ehr.JUnitUserDaoTest]
[2022-06-16 09:25:56.917] DEBUG ProfileValueUtils.retrieveProfileValueSource(ProfileValueUtils.java:83) - Retrieved ProfileValueSource type [class org.springframework.test.annotation.SystemProfileValueSource] for class [com.pcwk.ehr.JUnitUserDaoTest]
[2022-06-16 09:25:56.919] DEBUG ProfileValueUtils.retrieveProfileValueSource(ProfileValueUtils.java:70) - Retrieved @ProfileValueSourceConfiguration [null] for test class [com.pcwk.ehr.JUnitUserDaoTest]
[2022-06-16 09:25:56.919] DEBUG ProfileValueUtils.retrieveProfileValueSource(ProfileValueUtils.java:83) - Retrieved ProfileValueSource type [class org.springframework.test.annotation.SystemProfileValueSource] for class [com.pcwk.ehr.JUnitUserDaoTest]
[2022-06-16 09:25:56.920] DEBUG ProfileValueUtils.retrieveProfileValueSource(ProfileValueUtils.java:70) - Retrieved @ProfileValueSourceConfiguration [null] for test class [com.pcwk.ehr.JUnitUserDaoTest]
[2022-06-16 09:25:56.920] DEBUG ProfileValueUtils.retrieveProfileValueSource(ProfileValueUtils.java:83) - Retrieved ProfileValueSource type [class org.springframework.test.annotation.SystemProfileValueSource] for class [com.pcwk.ehr.JUnitUserDaoTest]
[2022-06-16 09:25:56.923] DEBUG AbstractDirtiesContextTestExecutionListener.beforeOrAfterTestClass(AbstractDirtiesContextTestExecutionListener.java:143) - Before test class: context [DefaultTestContext@49e5f737 testClass = JUnitUserDaoTest, testInstance = [null], testMethod = [null], testException = [null], mergedContextConfiguration = [MergedContextConfiguration@5c671d7f testClass = JUnitUserDaoTest, locations = '{file:src/main/webapp/WEB-INF/spring/root-context.xml, file:src/main/webapp/WEB-INF/spring/appServlet/servlet-context.xml}', classes = '{}', contextInitializerClasses = '[]', activeProfiles = '{}', propertySourceLocations = '{}', propertySourceProperties = '{}', contextCustomizers = set[[empty]], contextLoader = 'org.springframework.test.context.support.DelegatingSmartContextLoader', parent = [null]], attributes = map[[empty]]], class annotated with @DirtiesContext [false] with mode [null].
[2022-06-16 09:25:56.926] DEBUG ProfileValueUtils.retrieveProfileValueSource(ProfileValueUtils.java:70) - Retrieved @ProfileValueSourceConfiguration [null] for test class [com.pcwk.ehr.JUnitUserDaoTest]
[2022-06-16 09:25:56.927] DEBUG ProfileValueUtils.retrieveProfileValueSource(ProfileValueUtils.java:83) - Retrieved ProfileValueSource type [class org.springframework.test.annotation.SystemProfileValueSource] for class [com.pcwk.ehr.JUnitUserDaoTest]
[2022-06-16 09:25:56.931] DEBUG DependencyInjectionTestExecutionListener.prepareTestInstance(DependencyInjectionTestExecutionListener.java:81) - Performing dependency injection for test context [[DefaultTestContext@49e5f737 testClass = JUnitUserDaoTest, testInstance = com.pcwk.ehr.JUnitUserDaoTest@2d2ffcb7, testMethod = [null], testException = [null], mergedContextConfiguration = [MergedContextConfiguration@5c671d7f testClass = JUnitUserDaoTest, locations = '{file:src/main/webapp/WEB-INF/spring/root-context.xml, file:src/main/webapp/WEB-INF/spring/appServlet/servlet-context.xml}', classes = '{}', contextInitializerClasses = '[]', activeProfiles = '{}', propertySourceLocations = '{}', propertySourceProperties = '{}', contextCustomizers = set[[empty]], contextLoader = 'org.springframework.test.context.support.DelegatingSmartContextLoader', parent = [null]], attributes = map['org.springframework.test.context.event.ApplicationEventsTestExecutionListener.recordApplicationEvents' -> false]]].
[2022-06-16 09:25:56.932] DEBUG AbstractDelegatingSmartContextLoader.delegateLoading(AbstractDelegatingSmartContextLoader.java:273) - Delegating to GenericXmlContextLoader to load context from [MergedContextConfiguration@5c671d7f testClass = JUnitUserDaoTest, locations = '{file:src/main/webapp/WEB-INF/spring/root-context.xml, file:src/main/webapp/WEB-INF/spring/appServlet/servlet-context.xml}', classes = '{}', contextInitializerClasses = '[]', activeProfiles = '{}', propertySourceLocations = '{}', propertySourceProperties = '{}', contextCustomizers = set[[empty]], contextLoader = 'org.springframework.test.context.support.DelegatingSmartContextLoader', parent = [null]].
[2022-06-16 09:25:56.932] DEBUG AbstractGenericContextLoader.loadContext(AbstractGenericContextLoader.java:107) - Loading ApplicationContext for merged context configuration [[MergedContextConfiguration@5c671d7f testClass = JUnitUserDaoTest, locations = '{file:src/main/webapp/WEB-INF/spring/root-context.xml, file:src/main/webapp/WEB-INF/spring/appServlet/servlet-context.xml}', classes = '{}', contextInitializerClasses = '[]', activeProfiles = '{}', propertySourceLocations = '{}', propertySourceProperties = '{}', contextCustomizers = set[[empty]], contextLoader = 'org.springframework.test.context.support.DelegatingSmartContextLoader', parent = [null]]].
[2022-06-16 09:25:58.316] DEBUG NameMatchTransactionAttributeSource.addTransactionalMethod(NameMatchTransactionAttributeSource.java:102) - Adding transactional method [do*] with attribute [PROPAGATION_REQUIRED,ISOLATION_DEFAULT,readOnly]
[2022-06-16 09:25:58.316] DEBUG NameMatchTransactionAttributeSource.addTransactionalMethod(NameMatchTransactionAttributeSource.java:102) - Adding transactional method [up*] with attribute [PROPAGATION_REQUIRED,ISOLATION_DEFAULT]
[2022-06-16 09:25:58.719] DEBUG AbstractDetectingUrlHandlerMapping.detectHandlers(AbstractDetectingUrlHandlerMapping.java:86) - 'org.springframework.web.servlet.handler.BeanNameUrlHandlerMapping' {}
[2022-06-16 09:25:58.750] DEBUG SimpleUrlHandlerMapping.logMappings(SimpleUrlHandlerMapping.java:177) - 'org.springframework.web.servlet.handler.SimpleUrlHandlerMapping#0' {/resources/**=ResourceHttpRequestHandler [classpath [resources/]]}
[2022-06-16 09:25:58.798] DEBUG DefaultCacheAwareContextLoaderDelegate.loadContext(DefaultCacheAwareContextLoaderDelegate.java:126) - Storing ApplicationContext [90767234] in cache under key [[MergedContextConfiguration@5c671d7f testClass = JUnitUserDaoTest, locations = '{file:src/main/webapp/WEB-INF/spring/root-context.xml, file:src/main/webapp/WEB-INF/spring/appServlet/servlet-context.xml}', classes = '{}', contextInitializerClasses = '[]', activeProfiles = '{}', propertySourceLocations = '{}', propertySourceProperties = '{}', contextCustomizers = set[[empty]], contextLoader = 'org.springframework.test.context.support.DelegatingSmartContextLoader', parent = [null]]]
[2022-06-16 09:25:58.798] DEBUG DefaultContextCache.logStatistics(DefaultContextCache.java:290) - Spring test ApplicationContext cache statistics: [DefaultContextCache@56f2bbea size = 1, maxSize = 32, parentContextCount = 0, hitCount = 0, missCount = 1]
[2022-06-16 09:25:58.804] DEBUG DefaultCacheAwareContextLoaderDelegate.loadContext(DefaultCacheAwareContextLoaderDelegate.java:137) - Retrieved ApplicationContext [90767234] from cache with key [[MergedContextConfiguration@5c671d7f testClass = JUnitUserDaoTest, locations = '{file:src/main/webapp/WEB-INF/spring/root-context.xml, file:src/main/webapp/WEB-INF/spring/appServlet/servlet-context.xml}', classes = '{}', contextInitializerClasses = '[]', activeProfiles = '{}', propertySourceLocations = '{}', propertySourceProperties = '{}', contextCustomizers = set[[empty]], contextLoader = 'org.springframework.test.context.support.DelegatingSmartContextLoader', parent = [null]]]
[2022-06-16 09:25:58.804] DEBUG DefaultContextCache.logStatistics(DefaultContextCache.java:290) - Spring test ApplicationContext cache statistics: [DefaultContextCache@56f2bbea size = 1, maxSize = 32, parentContextCount = 0, hitCount = 1, missCount = 1]
[2022-06-16 09:25:58.812] DEBUG AbstractDirtiesContextTestExecutionListener.beforeOrAfterTestMethod(AbstractDirtiesContextTestExecutionListener.java:108) - Before test method: context [DefaultTestContext@49e5f737 testClass = JUnitUserDaoTest, testInstance = com.pcwk.ehr.JUnitUserDaoTest@2d2ffcb7, testMethod = addAndGet@JUnitUserDaoTest, testException = [null], mergedContextConfiguration = [MergedContextConfiguration@5c671d7f testClass = JUnitUserDaoTest, locations = '{file:src/main/webapp/WEB-INF/spring/root-context.xml, file:src/main/webapp/WEB-INF/spring/appServlet/servlet-context.xml}', classes = '{}', contextInitializerClasses = '[]', activeProfiles = '{}', propertySourceLocations = '{}', propertySourceProperties = '{}', contextCustomizers = set[[empty]], contextLoader = 'org.springframework.test.context.support.DelegatingSmartContextLoader', parent = [null]], attributes = map['org.springframework.test.context.event.ApplicationEventsTestExecutionListener.recordApplicationEvents' -> false]], class annotated with @DirtiesContext [false] with mode [null], method annotated with @DirtiesContext [false] with mode [null].
[2022-06-16 09:25:58.818] DEBUG DefaultCacheAwareContextLoaderDelegate.loadContext(DefaultCacheAwareContextLoaderDelegate.java:137) - Retrieved ApplicationContext [90767234] from cache with key [[MergedContextConfiguration@5c671d7f testClass = JUnitUserDaoTest, locations = '{file:src/main/webapp/WEB-INF/spring/root-context.xml, file:src/main/webapp/WEB-INF/spring/appServlet/servlet-context.xml}', classes = '{}', contextInitializerClasses = '[]', activeProfiles = '{}', propertySourceLocations = '{}', propertySourceProperties = '{}', contextCustomizers = set[[empty]], contextLoader = 'org.springframework.test.context.support.DelegatingSmartContextLoader', parent = [null]]]
[2022-06-16 09:25:58.819] DEBUG DefaultContextCache.logStatistics(DefaultContextCache.java:290) - Spring test ApplicationContext cache statistics: [DefaultContextCache@56f2bbea size = 1, maxSize = 32, parentContextCount = 0, hitCount = 2, missCount = 1]
[2022-06-16 09:25:58.820] DEBUG JUnitUserDaoTest.setUp(JUnitUserDaoTest.java:43) - ========================
[2022-06-16 09:25:58.820] DEBUG JUnitUserDaoTest.setUp(JUnitUserDaoTest.java:44) - =0.setUp()=
[2022-06-16 09:25:58.820] DEBUG JUnitUserDaoTest.setUp(JUnitUserDaoTest.java:45) - ========================
[2022-06-16 09:25:58.822] DEBUG JUnitUserDaoTest.setUp(JUnitUserDaoTest.java:51) - context : org.springframework.context.support.GenericApplicationContext@568ff82, started on Thu Jun 16 09:25:57 KST 2022
[2022-06-16 09:25:58.823] DEBUG JUnitUserDaoTest.setUp(JUnitUserDaoTest.java:52) - dao : com.pcwk.ehr.user.dao.UserDaoImpl@64e92d61
[2022-06-16 09:25:58.823] DEBUG DefaultCacheAwareContextLoaderDelegate.loadContext(DefaultCacheAwareContextLoaderDelegate.java:137) - Retrieved ApplicationContext [90767234] from cache with key [[MergedContextConfiguration@5c671d7f testClass = JUnitUserDaoTest, locations = '{file:src/main/webapp/WEB-INF/spring/root-context.xml, file:src/main/webapp/WEB-INF/spring/appServlet/servlet-context.xml}', classes = '{}', contextInitializerClasses = '[]', activeProfiles = '{}', propertySourceLocations = '{}', propertySourceProperties = '{}', contextCustomizers = set[[empty]], contextLoader = 'org.springframework.test.context.support.DelegatingSmartContextLoader', parent = [null]]]
[2022-06-16 09:25:58.824] DEBUG DefaultContextCache.logStatistics(DefaultContextCache.java:290) - Spring test ApplicationContext cache statistics: [DefaultContextCache@56f2bbea size = 1, maxSize = 32, parentContextCount = 0, hitCount = 3, missCount = 1]
[2022-06-16 09:25:58.824] DEBUG JUnitUserDaoTest.addAndGet(JUnitUserDaoTest.java:132) - ========================
[2022-06-16 09:25:58.824] DEBUG JUnitUserDaoTest.addAndGet(JUnitUserDaoTest.java:133) - =1.addAndGet()=
[2022-06-16 09:25:58.824] DEBUG JUnitUserDaoTest.addAndGet(JUnitUserDaoTest.java:134) - ========================
[2022-06-16 09:25:58.825] DEBUG UserDaoImpl.doDelete(UserDaoImpl.java:181) - ============================
[2022-06-16 09:25:58.825] DEBUG UserDaoImpl.doDelete(UserDaoImpl.java:182) - param:UserVO [uId=p03, name=김병완04, passwd=4444, level=BASIC, login=1, recommend=0, email=rlaqod93@naver.com, regDt=날짜_사용안함, toString()=DTO [num=0, totalCnt=0]]
[2022-06-16 09:25:58.825] DEBUG UserDaoImpl.doDelete(UserDaoImpl.java:183) - statement:com.pcwk.ehr.user.doDelete
[2022-06-16 09:25:58.825] DEBUG UserDaoImpl.doDelete(UserDaoImpl.java:184) - ============================
[2022-06-16 09:25:58.840] DEBUG DataSourceUtils.doGetConnection(DataSourceUtils.java:116) - Fetching JDBC Connection from DataSource
[2022-06-16 09:25:59.493] DEBUG UserDaoImpl.doDelete(UserDaoImpl.java:186) - flag = 0
[2022-06-16 09:25:59.493] DEBUG UserDaoImpl.doDelete(UserDaoImpl.java:181) - ============================
[2022-06-16 09:25:59.494] DEBUG UserDaoImpl.doDelete(UserDaoImpl.java:182) - param:UserVO [uId=p030, name=김병완040, passwd=4444, level=SILVER, login=50, recommend=2, email=rlaqod93@naver.com, regDt=날짜_사용안함, toString()=DTO [num=0, totalCnt=0]]
[2022-06-16 09:25:59.494] DEBUG UserDaoImpl.doDelete(UserDaoImpl.java:183) - statement:com.pcwk.ehr.user.doDelete
[2022-06-16 09:25:59.494] DEBUG UserDaoImpl.doDelete(UserDaoImpl.java:184) - ============================
[2022-06-16 09:25:59.494] DEBUG DataSourceUtils.doGetConnection(DataSourceUtils.java:116) - Fetching JDBC Connection from DataSource
[2022-06-16 09:25:59.495] DEBUG UserDaoImpl.doDelete(UserDaoImpl.java:186) - flag = 0
[2022-06-16 09:25:59.496] DEBUG UserDaoImpl.doDelete(UserDaoImpl.java:181) - ============================
[2022-06-16 09:25:59.496] DEBUG UserDaoImpl.doDelete(UserDaoImpl.java:182) - param:UserVO [uId=p0300, name=김병완0400, passwd=4444, level=GOLD, login=100, recommend=31, email=rlaqod93@naver.com, regDt=날짜_사용안함, toString()=DTO [num=0, totalCnt=0]]
[2022-06-16 09:25:59.496] DEBUG UserDaoImpl.doDelete(UserDaoImpl.java:183) - statement:com.pcwk.ehr.user.doDelete
[2022-06-16 09:25:59.496] DEBUG UserDaoImpl.doDelete(UserDaoImpl.java:184) - ============================
[2022-06-16 09:25:59.496] DEBUG DataSourceUtils.doGetConnection(DataSourceUtils.java:116) - Fetching JDBC Connection from DataSource
[2022-06-16 09:25:59.497] DEBUG UserDaoImpl.doDelete(UserDaoImpl.java:186) - flag = 0
[2022-06-16 09:25:59.497] DEBUG UserDaoImpl.getCount(UserDaoImpl.java:103) - ============================
[2022-06-16 09:25:59.497] DEBUG UserDaoImpl.getCount(UserDaoImpl.java:104) - param:UserVO [uId=p03, name=김병완04, passwd=4444, level=BASIC, login=1, recommend=0, email=rlaqod93@naver.com, regDt=날짜_사용안함, toString()=DTO [num=0, totalCnt=0]]
[2022-06-16 09:25:59.498] DEBUG UserDaoImpl.getCount(UserDaoImpl.java:105) - statement: com.pcwk.ehr.user.getCount
[2022-06-16 09:25:59.498] DEBUG UserDaoImpl.getCount(UserDaoImpl.java:106) - ============================
[2022-06-16 09:25:59.499] DEBUG DataSourceUtils.doGetConnection(DataSourceUtils.java:116) - Fetching JDBC Connection from DataSource
[2022-06-16 09:25:59.548] DEBUG UserDaoImpl.getCount(UserDaoImpl.java:109) - ============================
[2022-06-16 09:25:59.548] DEBUG UserDaoImpl.getCount(UserDaoImpl.java:110) - count=0
[2022-06-16 09:25:59.548] DEBUG UserDaoImpl.getCount(UserDaoImpl.java:111) - ============================
[2022-06-16 09:25:59.548] DEBUG UserDaoImpl.doInsert(UserDaoImpl.java:129) - ============================
[2022-06-16 09:25:59.548] DEBUG UserDaoImpl.doInsert(UserDaoImpl.java:130) - param:UserVO [uId=p03, name=김병완04, passwd=4444, level=BASIC, login=1, recommend=0, email=rlaqod93@naver.com, regDt=날짜_사용안함, toString()=DTO [num=0, totalCnt=0]]
[2022-06-16 09:25:59.548] DEBUG UserDaoImpl.doInsert(UserDaoImpl.java:131) - statement:com.pcwk.ehr.user.doInsert
[2022-06-16 09:25:59.548] DEBUG UserDaoImpl.doInsert(UserDaoImpl.java:132) - ============================
[2022-06-16 09:25:59.548] DEBUG DataSourceUtils.doGetConnection(DataSourceUtils.java:116) - Fetching JDBC Connection from DataSource
[2022-06-16 09:25:59.552] DEBUG UserDaoImpl.doInsert(UserDaoImpl.java:135) - flag : 1
[2022-06-16 09:25:59.552] DEBUG UserDaoImpl.getCount(UserDaoImpl.java:103) - ============================
[2022-06-16 09:25:59.552] DEBUG UserDaoImpl.getCount(UserDaoImpl.java:104) - param:UserVO [uId=p03, name=김병완04, passwd=4444, level=BASIC, login=1, recommend=0, email=rlaqod93@naver.com, regDt=날짜_사용안함, toString()=DTO [num=0, totalCnt=0]]
[2022-06-16 09:25:59.552] DEBUG UserDaoImpl.getCount(UserDaoImpl.java:105) - statement: com.pcwk.ehr.user.getCount
[2022-06-16 09:25:59.552] DEBUG UserDaoImpl.getCount(UserDaoImpl.java:106) - ============================
[2022-06-16 09:25:59.552] DEBUG DataSourceUtils.doGetConnection(DataSourceUtils.java:116) - Fetching JDBC Connection from DataSource
[2022-06-16 09:25:59.553] DEBUG UserDaoImpl.getCount(UserDaoImpl.java:109) - ============================
[2022-06-16 09:25:59.553] DEBUG UserDaoImpl.getCount(UserDaoImpl.java:110) - count=1
[2022-06-16 09:25:59.554] DEBUG UserDaoImpl.getCount(UserDaoImpl.java:111) - ============================
[2022-06-16 09:25:59.554] DEBUG UserDaoImpl.doInsert(UserDaoImpl.java:129) - ============================
[2022-06-16 09:25:59.554] DEBUG UserDaoImpl.doInsert(UserDaoImpl.java:130) - param:UserVO [uId=p030, name=김병완040, passwd=4444, level=SILVER, login=50, recommend=2, email=rlaqod93@naver.com, regDt=날짜_사용안함, toString()=DTO [num=0, totalCnt=0]]
[2022-06-16 09:25:59.554] DEBUG UserDaoImpl.doInsert(UserDaoImpl.java:131) - statement:com.pcwk.ehr.user.doInsert
[2022-06-16 09:25:59.554] DEBUG UserDaoImpl.doInsert(UserDaoImpl.java:132) - ============================
[2022-06-16 09:25:59.554] DEBUG DataSourceUtils.doGetConnection(DataSourceUtils.java:116) - Fetching JDBC Connection from DataSource
[2022-06-16 09:25:59.556] DEBUG UserDaoImpl.doInsert(UserDaoImpl.java:135) - flag : 1
[2022-06-16 09:25:59.556] DEBUG UserDaoImpl.getCount(UserDaoImpl.java:103) - ============================
[2022-06-16 09:25:59.556] DEBUG UserDaoImpl.getCount(UserDaoImpl.java:104) - param:UserVO [uId=p03, name=김병완04, passwd=4444, level=BASIC, login=1, recommend=0, email=rlaqod93@naver.com, regDt=날짜_사용안함, toString()=DTO [num=0, totalCnt=0]]
[2022-06-16 09:25:59.556] DEBUG UserDaoImpl.getCount(UserDaoImpl.java:105) - statement: com.pcwk.ehr.user.getCount
[2022-06-16 09:25:59.556] DEBUG UserDaoImpl.getCount(UserDaoImpl.java:106) - ============================
[2022-06-16 09:25:59.557] DEBUG DataSourceUtils.doGetConnection(DataSourceUtils.java:116) - Fetching JDBC Connection from DataSource
[2022-06-16 09:25:59.560] DEBUG UserDaoImpl.getCount(UserDaoImpl.java:109) - ============================
[2022-06-16 09:25:59.561] DEBUG UserDaoImpl.getCount(UserDaoImpl.java:110) - count=2
[2022-06-16 09:25:59.561] DEBUG UserDaoImpl.getCount(UserDaoImpl.java:111) - ============================
[2022-06-16 09:25:59.561] DEBUG UserDaoImpl.doSelectOne(UserDaoImpl.java:164) - ============================
[2022-06-16 09:25:59.561] DEBUG UserDaoImpl.doSelectOne(UserDaoImpl.java:165) - param:UserVO [uId=p03, name=김병완04, passwd=4444, level=BASIC, login=1, recommend=0, email=rlaqod93@naver.com, regDt=날짜_사용안함, toString()=DTO [num=0, totalCnt=0]]
[2022-06-16 09:25:59.561] DEBUG UserDaoImpl.doSelectOne(UserDaoImpl.java:166) - statement:com.pcwk.ehr.user.doSelectOne
[2022-06-16 09:25:59.561] DEBUG UserDaoImpl.doSelectOne(UserDaoImpl.java:167) - ============================
[2022-06-16 09:25:59.561] DEBUG DataSourceUtils.doGetConnection(DataSourceUtils.java:116) - Fetching JDBC Connection from DataSource
[2022-06-16 09:25:59.571] DEBUG UserDaoImpl.doSelectOne(UserDaoImpl.java:170) - ============================
[2022-06-16 09:25:59.571] DEBUG UserDaoImpl.doSelectOne(UserDaoImpl.java:171) - **outVO=UserVO [uId=p03, name=김병완04, passwd=4444, level=BASIC, login=1, recommend=0, email=rlaqod93@naver.com, regDt=2022-06-16 09:25:57, toString()=DTO [num=0, totalCnt=0]]
[2022-06-16 09:25:59.571] DEBUG UserDaoImpl.doSelectOne(UserDaoImpl.java:172) - ============================
[2022-06-16 09:25:59.571] DEBUG UserDaoImpl.doSelectOne(UserDaoImpl.java:164) - ============================
[2022-06-16 09:25:59.571] DEBUG UserDaoImpl.doSelectOne(UserDaoImpl.java:165) - param:UserVO [uId=p030, name=김병완040, passwd=4444, level=SILVER, login=50, recommend=2, email=rlaqod93@naver.com, regDt=날짜_사용안함, toString()=DTO [num=0, totalCnt=0]]
[2022-06-16 09:25:59.571] DEBUG UserDaoImpl.doSelectOne(UserDaoImpl.java:166) - statement:com.pcwk.ehr.user.doSelectOne
[2022-06-16 09:25:59.571] DEBUG UserDaoImpl.doSelectOne(UserDaoImpl.java:167) - ============================
[2022-06-16 09:25:59.571] DEBUG DataSourceUtils.doGetConnection(DataSourceUtils.java:116) - Fetching JDBC Connection from DataSource
[2022-06-16 09:25:59.573] DEBUG UserDaoImpl.doSelectOne(UserDaoImpl.java:170) - ============================
[2022-06-16 09:25:59.573] DEBUG UserDaoImpl.doSelectOne(UserDaoImpl.java:171) - **outVO=UserVO [uId=p030, name=김병완040, passwd=4444, level=SILVER, login=50, recommend=2, email=rlaqod93@naver.com, regDt=2022-06-16 09:25:57, toString()=DTO [num=0, totalCnt=0]]
[2022-06-16 09:25:59.574] DEBUG UserDaoImpl.doSelectOne(UserDaoImpl.java:172) - ============================
[2022-06-16 09:25:59.574] DEBUG UserDaoImpl.doRetrieve(UserDaoImpl.java:193) - ============================
[2022-06-16 09:25:59.574] DEBUG UserDaoImpl.doRetrieve(UserDaoImpl.java:194) - param:UserVO [uId=p03, name=김병완04, passwd=4444, level=BASIC, login=1, recommend=0, email=rlaqod93@naver.com, regDt=날짜_사용안함, toString()=DTO [num=0, totalCnt=0]]
[2022-06-16 09:25:59.574] DEBUG UserDaoImpl.doRetrieve(UserDaoImpl.java:195) - statement:com.pcwk.ehr.user.doRetrieve
[2022-06-16 09:25:59.574] DEBUG UserDaoImpl.doRetrieve(UserDaoImpl.java:196) - ============================
[2022-06-16 09:25:59.574] DEBUG DataSourceUtils.doGetConnection(DataSourceUtils.java:116) - Fetching JDBC Connection from DataSource
[2022-06-16 09:25:59.580] DEBUG UserDaoImpl.doRetrieve(UserDaoImpl.java:200) - UserVO [uId=p03, name=김병완04, passwd=4444, level=BASIC, login=0, recommend=0, email=rlaqod93@naver.com, regDt=09:25:57, toString()=DTO [num=1, totalCnt=12]]
[2022-06-16 09:25:59.580] DEBUG UserDaoImpl.doRetrieve(UserDaoImpl.java:200) - UserVO [uId=p030, name=김병완040, passwd=4444, level=SILVER, login=0, recommend=2, email=rlaqod93@naver.com, regDt=09:25:57, toString()=DTO [num=2, totalCnt=12]]
[2022-06-16 09:25:59.580] DEBUG UserDaoImpl.doRetrieve(UserDaoImpl.java:200) - UserVO [uId=p08, name=김태민08, passwd=3633, level=BASIC, login=0, recommend=0, email=kimtaemin27@gmail.com, regDt=09:25:32, toString()=DTO [num=3, totalCnt=12]]
[2022-06-16 09:25:59.581] DEBUG UserDaoImpl.doRetrieve(UserDaoImpl.java:200) - UserVO [uId=p080, name=김태민080, passwd=3633, level=SILVER, login=0, recommend=2, email=kitmaemin27@gmail.com, regDt=09:25:32, toString()=DTO [num=4, totalCnt=12]]
[2022-06-16 09:25:59.581] DEBUG UserDaoImpl.doRetrieve(UserDaoImpl.java:200) - UserVO [uId=p09, name=김태욱09, passwd=4321, level=BASIC, login=0, recommend=0, email=zzxsx484@gmail.com, regDt=09:24:00, toString()=DTO [num=5, totalCnt=12]]
[2022-06-16 09:25:59.581] DEBUG UserDaoImpl.doRetrieve(UserDaoImpl.java:200) - UserVO [uId=p090, name=김태욱09, passwd=4321, level=SILVER, login=0, recommend=2, email=zzxsx484@gmail.com, regDt=09:24:00, toString()=DTO [num=6, totalCnt=12]]
[2022-06-16 09:25:59.581] DEBUG UserDaoImpl.doRetrieve(UserDaoImpl.java:200) - UserVO [uId=p23, name=이지현23_U, passwd=4321_U, level=SILVER, login=0, recommend=10, email=qmffor91@naver.com_U, regDt=09:12:24, toString()=DTO [num=7, totalCnt=12]]
[2022-06-16 09:25:59.581] DEBUG UserDaoImpl.doRetrieve(UserDaoImpl.java:200) - UserVO [uId=p310, name=이상무310, passwd=4321, level=SILVER, login=0, recommend=2, email=jamesol@naver.com, regDt=09:05:41, toString()=DTO [num=8, totalCnt=12]]
[2022-06-16 09:25:59.581] DEBUG UserDaoImpl.doRetrieve(UserDaoImpl.java:200) - UserVO [uId=p31, name=이상무31, passwd=4321, level=BASIC, login=0, recommend=0, email=jamesol@paran.com, regDt=09:05:41, toString()=DTO [num=9, totalCnt=12]]
[2022-06-16 09:25:59.581] DEBUG UserDaoImpl.doRetrieve(UserDaoImpl.java:200) - UserVO [uId=p150, name=박재홍, passwd=4321, level=SILVER, login=0, recommend=2, email=prk4224@naver.com, regDt=2022-06-15, toString()=DTO [num=10, totalCnt=12]]
[2022-06-16 09:25:59.582] DEBUG DefaultCacheAwareContextLoaderDelegate.loadContext(DefaultCacheAwareContextLoaderDelegate.java:137) - Retrieved ApplicationContext [90767234] from cache with key [[MergedContextConfiguration@5c671d7f testClass = JUnitUserDaoTest, locations = '{file:src/main/webapp/WEB-INF/spring/root-context.xml, file:src/main/webapp/WEB-INF/spring/appServlet/servlet-context.xml}', classes = '{}', contextInitializerClasses = '[]', activeProfiles = '{}', propertySourceLocations = '{}', propertySourceProperties = '{}', contextCustomizers = set[[empty]], contextLoader = 'org.springframework.test.context.support.DelegatingSmartContextLoader', parent = [null]]]
[2022-06-16 09:25:59.582] DEBUG DefaultContextCache.logStatistics(DefaultContextCache.java:290) - Spring test ApplicationContext cache statistics: [DefaultContextCache@56f2bbea size = 1, maxSize = 32, parentContextCount = 0, hitCount = 4, missCount = 1]
[2022-06-16 09:25:59.583] DEBUG JUnitUserDaoTest.tearDown(JUnitUserDaoTest.java:198) - ========================
[2022-06-16 09:25:59.583] DEBUG JUnitUserDaoTest.tearDown(JUnitUserDaoTest.java:199) - =9.tearDown()=
[2022-06-16 09:25:59.583] DEBUG JUnitUserDaoTest.tearDown(JUnitUserDaoTest.java:200) - ========================
[2022-06-16 09:25:59.584] DEBUG DefaultCacheAwareContextLoaderDelegate.loadContext(DefaultCacheAwareContextLoaderDelegate.java:137) - Retrieved ApplicationContext [90767234] from cache with key [[MergedContextConfiguration@5c671d7f testClass = JUnitUserDaoTest, locations = '{file:src/main/webapp/WEB-INF/spring/root-context.xml, file:src/main/webapp/WEB-INF/spring/appServlet/servlet-context.xml}', classes = '{}', contextInitializerClasses = '[]', activeProfiles = '{}', propertySourceLocations = '{}', propertySourceProperties = '{}', contextCustomizers = set[[empty]], contextLoader = 'org.springframework.test.context.support.DelegatingSmartContextLoader', parent = [null]]]
[2022-06-16 09:25:59.584] DEBUG DefaultContextCache.logStatistics(DefaultContextCache.java:290) - Spring test ApplicationContext cache statistics: [DefaultContextCache@56f2bbea size = 1, maxSize = 32, parentContextCount = 0, hitCount = 5, missCount = 1]
[2022-06-16 09:25:59.584] DEBUG AbstractDirtiesContextTestExecutionListener.beforeOrAfterTestMethod(AbstractDirtiesContextTestExecutionListener.java:108) - After test method: context [DefaultTestContext@49e5f737 testClass = JUnitUserDaoTest, testInstance = com.pcwk.ehr.JUnitUserDaoTest@2d2ffcb7, testMethod = addAndGet@JUnitUserDaoTest, testException = [null], mergedContextConfiguration = [MergedContextConfiguration@5c671d7f testClass = JUnitUserDaoTest, locations = '{file:src/main/webapp/WEB-INF/spring/root-context.xml, file:src/main/webapp/WEB-INF/spring/appServlet/servlet-context.xml}', classes = '{}', contextInitializerClasses = '[]', activeProfiles = '{}', propertySourceLocations = '{}', propertySourceProperties = '{}', contextCustomizers = set[[empty]], contextLoader = 'org.springframework.test.context.support.DelegatingSmartContextLoader', parent = [null]], attributes = map['org.springframework.test.context.event.ApplicationEventsTestExecutionListener.recordApplicationEvents' -> false]], class annotated with @DirtiesContext [false] with mode [null], method annotated with @DirtiesContext [false] with mode [null].
[2022-06-16 09:25:59.585] DEBUG DefaultCacheAwareContextLoaderDelegate.loadContext(DefaultCacheAwareContextLoaderDelegate.java:137) - Retrieved ApplicationContext [90767234] from cache with key [[MergedContextConfiguration@5c671d7f testClass = JUnitUserDaoTest, locations = '{file:src/main/webapp/WEB-INF/spring/root-context.xml, file:src/main/webapp/WEB-INF/spring/appServlet/servlet-context.xml}', classes = '{}', contextInitializerClasses = '[]', activeProfiles = '{}', propertySourceLocations = '{}', propertySourceProperties = '{}', contextCustomizers = set[[empty]], contextLoader = 'org.springframework.test.context.support.DelegatingSmartContextLoader', parent = [null]]]
[2022-06-16 09:25:59.585] DEBUG DefaultContextCache.logStatistics(DefaultContextCache.java:290) - Spring test ApplicationContext cache statistics: [DefaultContextCache@56f2bbea size = 1, maxSize = 32, parentContextCount = 0, hitCount = 6, missCount = 1]
[2022-06-16 09:25:59.586] DEBUG AbstractDirtiesContextTestExecutionListener.beforeOrAfterTestClass(AbstractDirtiesContextTestExecutionListener.java:143) - After test class: context [DefaultTestContext@49e5f737 testClass = JUnitUserDaoTest, testInstance = [null], testMethod = [null], testException = [null], mergedContextConfiguration = [MergedContextConfiguration@5c671d7f testClass = JUnitUserDaoTest, locations = '{file:src/main/webapp/WEB-INF/spring/root-context.xml, file:src/main/webapp/WEB-INF/spring/appServlet/servlet-context.xml}', classes = '{}', contextInitializerClasses = '[]', activeProfiles = '{}', propertySourceLocations = '{}', propertySourceProperties = '{}', contextCustomizers = set[[empty]], contextLoader = 'org.springframework.test.context.support.DelegatingSmartContextLoader', parent = [null]], attributes = map['org.springframework.test.context.event.ApplicationEventsTestExecutionListener.recordApplicationEvents' -> false]], class annotated with @DirtiesContext [false] with mode [null].
[2022-06-16 09:28:18.567] DEBUG SpringJUnit4ClassRunner.<init>(SpringJUnit4ClassRunner.java:139) - SpringJUnit4ClassRunner constructor called with [class com.pcwk.ehr.JUnitUserDaoTest]
[2022-06-16 09:28:18.573] DEBUG BootstrapUtils.createCacheAwareContextLoaderDelegate(BootstrapUtils.java:108) - Instantiating CacheAwareContextLoaderDelegate from class [org.springframework.test.context.cache.DefaultCacheAwareContextLoaderDelegate]
[2022-06-16 09:28:18.578] DEBUG BootstrapUtils.createBootstrapContext(BootstrapUtils.java:88) - Instantiating BootstrapContext using constructor [public org.springframework.test.context.support.DefaultBootstrapContext(java.lang.Class,org.springframework.test.context.CacheAwareContextLoaderDelegate)]
[2022-06-16 09:28:18.594] DEBUG BootstrapUtils.resolveTestContextBootstrapper(BootstrapUtils.java:143) - Instantiating TestContextBootstrapper for test class [com.pcwk.ehr.JUnitUserDaoTest] from class [org.springframework.test.context.support.DefaultTestContextBootstrapper]
[2022-06-16 09:28:18.607] DEBUG AbstractDelegatingSmartContextLoader.delegateProcessing(AbstractDelegatingSmartContextLoader.java:263) - Delegating to GenericXmlContextLoader to process context configuration [ContextConfigurationAttributes@1b7cc17c declaringClass = 'com.pcwk.ehr.JUnitUserDaoTest', classes = '{}', locations = '{file:src/main/webapp/WEB-INF/spring/root-context.xml, file:src/main/webapp/WEB-INF/spring/appServlet/servlet-context.xml}', inheritLocations = true, initializers = '{}', inheritInitializers = true, name = [null], contextLoaderClass = 'org.springframework.test.context.ContextLoader'].
[2022-06-16 09:28:18.629] DEBUG ActiveProfilesUtils.resolveActiveProfiles(ActiveProfilesUtils.java:79) - Could not find an 'annotation declaring class' for annotation type [org.springframework.test.context.ActiveProfiles] and class [com.pcwk.ehr.JUnitUserDaoTest]
[2022-06-16 09:28:18.630] DEBUG AbstractTestContextBootstrapper.getTestExecutionListeners(AbstractTestContextBootstrapper.java:124) - @TestExecutionListeners is not present for class [com.pcwk.ehr.JUnitUserDaoTest]: using defaults.
[2022-06-16 09:28:18.630] INFO  AbstractTestContextBootstrapper.getDefaultTestExecutionListenerClassNames(AbstractTestContextBootstrapper.java:245) - Loaded default TestExecutionListener class names from location [META-INF/spring.factories]: [org.springframework.test.context.web.ServletTestExecutionListener, org.springframework.test.context.support.DirtiesContextBeforeModesTestExecutionListener, org.springframework.test.context.event.ApplicationEventsTestExecutionListener, org.springframework.test.context.support.DependencyInjectionTestExecutionListener, org.springframework.test.context.support.DirtiesContextTestExecutionListener, org.springframework.test.context.transaction.TransactionalTestExecutionListener, org.springframework.test.context.jdbc.SqlScriptsTestExecutionListener, org.springframework.test.context.event.EventPublishingTestExecutionListener]
[2022-06-16 09:28:18.643] INFO  AbstractTestContextBootstrapper.getTestExecutionListeners(AbstractTestContextBootstrapper.java:174) - Using TestExecutionListeners: [org.springframework.test.context.web.ServletTestExecutionListener@24313fcc, org.springframework.test.context.support.DirtiesContextBeforeModesTestExecutionListener@7d20d0b, org.springframework.test.context.event.ApplicationEventsTestExecutionListener@77f1baf5, org.springframework.test.context.support.DependencyInjectionTestExecutionListener@41a2befb, org.springframework.test.context.support.DirtiesContextTestExecutionListener@6c40365c, org.springframework.test.context.transaction.TransactionalTestExecutionListener@7bedc48a, org.springframework.test.context.jdbc.SqlScriptsTestExecutionListener@131ef10, org.springframework.test.context.event.EventPublishingTestExecutionListener@55b0dcab]
[2022-06-16 09:28:18.645] DEBUG ProfileValueUtils.retrieveProfileValueSource(ProfileValueUtils.java:70) - Retrieved @ProfileValueSourceConfiguration [null] for test class [com.pcwk.ehr.JUnitUserDaoTest]
[2022-06-16 09:28:18.645] DEBUG ProfileValueUtils.retrieveProfileValueSource(ProfileValueUtils.java:83) - Retrieved ProfileValueSource type [class org.springframework.test.annotation.SystemProfileValueSource] for class [com.pcwk.ehr.JUnitUserDaoTest]
[2022-06-16 09:28:18.646] DEBUG ProfileValueUtils.retrieveProfileValueSource(ProfileValueUtils.java:70) - Retrieved @ProfileValueSourceConfiguration [null] for test class [com.pcwk.ehr.JUnitUserDaoTest]
[2022-06-16 09:28:18.646] DEBUG ProfileValueUtils.retrieveProfileValueSource(ProfileValueUtils.java:83) - Retrieved ProfileValueSource type [class org.springframework.test.annotation.SystemProfileValueSource] for class [com.pcwk.ehr.JUnitUserDaoTest]
[2022-06-16 09:28:18.646] DEBUG ProfileValueUtils.retrieveProfileValueSource(ProfileValueUtils.java:70) - Retrieved @ProfileValueSourceConfiguration [null] for test class [com.pcwk.ehr.JUnitUserDaoTest]
[2022-06-16 09:28:18.647] DEBUG ProfileValueUtils.retrieveProfileValueSource(ProfileValueUtils.java:83) - Retrieved ProfileValueSource type [class org.springframework.test.annotation.SystemProfileValueSource] for class [com.pcwk.ehr.JUnitUserDaoTest]
[2022-06-16 09:28:18.653] DEBUG ProfileValueUtils.retrieveProfileValueSource(ProfileValueUtils.java:70) - Retrieved @ProfileValueSourceConfiguration [null] for test class [com.pcwk.ehr.JUnitUserDaoTest]
[2022-06-16 09:28:18.653] DEBUG ProfileValueUtils.retrieveProfileValueSource(ProfileValueUtils.java:83) - Retrieved ProfileValueSource type [class org.springframework.test.annotation.SystemProfileValueSource] for class [com.pcwk.ehr.JUnitUserDaoTest]
[2022-06-16 09:28:18.654] DEBUG ProfileValueUtils.retrieveProfileValueSource(ProfileValueUtils.java:70) - Retrieved @ProfileValueSourceConfiguration [null] for test class [com.pcwk.ehr.JUnitUserDaoTest]
[2022-06-16 09:28:18.654] DEBUG ProfileValueUtils.retrieveProfileValueSource(ProfileValueUtils.java:83) - Retrieved ProfileValueSource type [class org.springframework.test.annotation.SystemProfileValueSource] for class [com.pcwk.ehr.JUnitUserDaoTest]
[2022-06-16 09:28:18.655] DEBUG ProfileValueUtils.retrieveProfileValueSource(ProfileValueUtils.java:70) - Retrieved @ProfileValueSourceConfiguration [null] for test class [com.pcwk.ehr.JUnitUserDaoTest]
[2022-06-16 09:28:18.655] DEBUG ProfileValueUtils.retrieveProfileValueSource(ProfileValueUtils.java:83) - Retrieved ProfileValueSource type [class org.springframework.test.annotation.SystemProfileValueSource] for class [com.pcwk.ehr.JUnitUserDaoTest]
[2022-06-16 09:28:18.657] DEBUG AbstractDirtiesContextTestExecutionListener.beforeOrAfterTestClass(AbstractDirtiesContextTestExecutionListener.java:143) - Before test class: context [DefaultTestContext@385e9564 testClass = JUnitUserDaoTest, testInstance = [null], testMethod = [null], testException = [null], mergedContextConfiguration = [MergedContextConfiguration@5b94b04d testClass = JUnitUserDaoTest, locations = '{file:src/main/webapp/WEB-INF/spring/root-context.xml, file:src/main/webapp/WEB-INF/spring/appServlet/servlet-context.xml}', classes = '{}', contextInitializerClasses = '[]', activeProfiles = '{}', propertySourceLocations = '{}', propertySourceProperties = '{}', contextCustomizers = set[[empty]], contextLoader = 'org.springframework.test.context.support.DelegatingSmartContextLoader', parent = [null]], attributes = map[[empty]]], class annotated with @DirtiesContext [false] with mode [null].
[2022-06-16 09:28:18.659] DEBUG ProfileValueUtils.retrieveProfileValueSource(ProfileValueUtils.java:70) - Retrieved @ProfileValueSourceConfiguration [null] for test class [com.pcwk.ehr.JUnitUserDaoTest]
[2022-06-16 09:28:18.659] DEBUG ProfileValueUtils.retrieveProfileValueSource(ProfileValueUtils.java:83) - Retrieved ProfileValueSource type [class org.springframework.test.annotation.SystemProfileValueSource] for class [com.pcwk.ehr.JUnitUserDaoTest]
[2022-06-16 09:28:18.661] DEBUG DependencyInjectionTestExecutionListener.prepareTestInstance(DependencyInjectionTestExecutionListener.java:81) - Performing dependency injection for test context [[DefaultTestContext@385e9564 testClass = JUnitUserDaoTest, testInstance = com.pcwk.ehr.JUnitUserDaoTest@ed7f8b4, testMethod = [null], testException = [null], mergedContextConfiguration = [MergedContextConfiguration@5b94b04d testClass = JUnitUserDaoTest, locations = '{file:src/main/webapp/WEB-INF/spring/root-context.xml, file:src/main/webapp/WEB-INF/spring/appServlet/servlet-context.xml}', classes = '{}', contextInitializerClasses = '[]', activeProfiles = '{}', propertySourceLocations = '{}', propertySourceProperties = '{}', contextCustomizers = set[[empty]], contextLoader = 'org.springframework.test.context.support.DelegatingSmartContextLoader', parent = [null]], attributes = map['org.springframework.test.context.event.ApplicationEventsTestExecutionListener.recordApplicationEvents' -> false]]].
[2022-06-16 09:28:18.661] DEBUG AbstractDelegatingSmartContextLoader.delegateLoading(AbstractDelegatingSmartContextLoader.java:273) - Delegating to GenericXmlContextLoader to load context from [MergedContextConfiguration@5b94b04d testClass = JUnitUserDaoTest, locations = '{file:src/main/webapp/WEB-INF/spring/root-context.xml, file:src/main/webapp/WEB-INF/spring/appServlet/servlet-context.xml}', classes = '{}', contextInitializerClasses = '[]', activeProfiles = '{}', propertySourceLocations = '{}', propertySourceProperties = '{}', contextCustomizers = set[[empty]], contextLoader = 'org.springframework.test.context.support.DelegatingSmartContextLoader', parent = [null]].
[2022-06-16 09:28:18.662] DEBUG AbstractGenericContextLoader.loadContext(AbstractGenericContextLoader.java:107) - Loading ApplicationContext for merged context configuration [[MergedContextConfiguration@5b94b04d testClass = JUnitUserDaoTest, locations = '{file:src/main/webapp/WEB-INF/spring/root-context.xml, file:src/main/webapp/WEB-INF/spring/appServlet/servlet-context.xml}', classes = '{}', contextInitializerClasses = '[]', activeProfiles = '{}', propertySourceLocations = '{}', propertySourceProperties = '{}', contextCustomizers = set[[empty]], contextLoader = 'org.springframework.test.context.support.DelegatingSmartContextLoader', parent = [null]]].
[2022-06-16 09:28:19.437] DEBUG NameMatchTransactionAttributeSource.addTransactionalMethod(NameMatchTransactionAttributeSource.java:102) - Adding transactional method [do*] with attribute [PROPAGATION_REQUIRED,ISOLATION_DEFAULT,readOnly]
[2022-06-16 09:28:19.437] DEBUG NameMatchTransactionAttributeSource.addTransactionalMethod(NameMatchTransactionAttributeSource.java:102) - Adding transactional method [up*] with attribute [PROPAGATION_REQUIRED,ISOLATION_DEFAULT]
[2022-06-16 09:28:19.746] DEBUG AbstractDetectingUrlHandlerMapping.detectHandlers(AbstractDetectingUrlHandlerMapping.java:86) - 'org.springframework.web.servlet.handler.BeanNameUrlHandlerMapping' {}
[2022-06-16 09:28:19.767] DEBUG SimpleUrlHandlerMapping.logMappings(SimpleUrlHandlerMapping.java:177) - 'org.springframework.web.servlet.handler.SimpleUrlHandlerMapping#0' {/resources/**=ResourceHttpRequestHandler [classpath [resources/]]}
[2022-06-16 09:28:19.798] DEBUG DefaultCacheAwareContextLoaderDelegate.loadContext(DefaultCacheAwareContextLoaderDelegate.java:126) - Storing ApplicationContext [265321659] in cache under key [[MergedContextConfiguration@5b94b04d testClass = JUnitUserDaoTest, locations = '{file:src/main/webapp/WEB-INF/spring/root-context.xml, file:src/main/webapp/WEB-INF/spring/appServlet/servlet-context.xml}', classes = '{}', contextInitializerClasses = '[]', activeProfiles = '{}', propertySourceLocations = '{}', propertySourceProperties = '{}', contextCustomizers = set[[empty]], contextLoader = 'org.springframework.test.context.support.DelegatingSmartContextLoader', parent = [null]]]
[2022-06-16 09:28:19.799] DEBUG DefaultContextCache.logStatistics(DefaultContextCache.java:290) - Spring test ApplicationContext cache statistics: [DefaultContextCache@537b32ef size = 1, maxSize = 32, parentContextCount = 0, hitCount = 0, missCount = 1]
[2022-06-16 09:28:19.805] DEBUG DefaultCacheAwareContextLoaderDelegate.loadContext(DefaultCacheAwareContextLoaderDelegate.java:137) - Retrieved ApplicationContext [265321659] from cache with key [[MergedContextConfiguration@5b94b04d testClass = JUnitUserDaoTest, locations = '{file:src/main/webapp/WEB-INF/spring/root-context.xml, file:src/main/webapp/WEB-INF/spring/appServlet/servlet-context.xml}', classes = '{}', contextInitializerClasses = '[]', activeProfiles = '{}', propertySourceLocations = '{}', propertySourceProperties = '{}', contextCustomizers = set[[empty]], contextLoader = 'org.springframework.test.context.support.DelegatingSmartContextLoader', parent = [null]]]
[2022-06-16 09:28:19.805] DEBUG DefaultContextCache.logStatistics(DefaultContextCache.java:290) - Spring test ApplicationContext cache statistics: [DefaultContextCache@537b32ef size = 1, maxSize = 32, parentContextCount = 0, hitCount = 1, missCount = 1]
[2022-06-16 09:28:19.814] DEBUG AbstractDirtiesContextTestExecutionListener.beforeOrAfterTestMethod(AbstractDirtiesContextTestExecutionListener.java:108) - Before test method: context [DefaultTestContext@385e9564 testClass = JUnitUserDaoTest, testInstance = com.pcwk.ehr.JUnitUserDaoTest@ed7f8b4, testMethod = addAndGet@JUnitUserDaoTest, testException = [null], mergedContextConfiguration = [MergedContextConfiguration@5b94b04d testClass = JUnitUserDaoTest, locations = '{file:src/main/webapp/WEB-INF/spring/root-context.xml, file:src/main/webapp/WEB-INF/spring/appServlet/servlet-context.xml}', classes = '{}', contextInitializerClasses = '[]', activeProfiles = '{}', propertySourceLocations = '{}', propertySourceProperties = '{}', contextCustomizers = set[[empty]], contextLoader = 'org.springframework.test.context.support.DelegatingSmartContextLoader', parent = [null]], attributes = map['org.springframework.test.context.event.ApplicationEventsTestExecutionListener.recordApplicationEvents' -> false]], class annotated with @DirtiesContext [false] with mode [null], method annotated with @DirtiesContext [false] with mode [null].
[2022-06-16 09:28:19.833] DEBUG DefaultCacheAwareContextLoaderDelegate.loadContext(DefaultCacheAwareContextLoaderDelegate.java:137) - Retrieved ApplicationContext [265321659] from cache with key [[MergedContextConfiguration@5b94b04d testClass = JUnitUserDaoTest, locations = '{file:src/main/webapp/WEB-INF/spring/root-context.xml, file:src/main/webapp/WEB-INF/spring/appServlet/servlet-context.xml}', classes = '{}', contextInitializerClasses = '[]', activeProfiles = '{}', propertySourceLocations = '{}', propertySourceProperties = '{}', contextCustomizers = set[[empty]], contextLoader = 'org.springframework.test.context.support.DelegatingSmartContextLoader', parent = [null]]]
[2022-06-16 09:28:19.834] DEBUG DefaultContextCache.logStatistics(DefaultContextCache.java:290) - Spring test ApplicationContext cache statistics: [DefaultContextCache@537b32ef size = 1, maxSize = 32, parentContextCount = 0, hitCount = 2, missCount = 1]
[2022-06-16 09:28:19.835] DEBUG JUnitUserDaoTest.setUp(JUnitUserDaoTest.java:43) - ========================
[2022-06-16 09:28:19.836] DEBUG JUnitUserDaoTest.setUp(JUnitUserDaoTest.java:44) - =0.setUp()=
[2022-06-16 09:28:19.836] DEBUG JUnitUserDaoTest.setUp(JUnitUserDaoTest.java:45) - ========================
[2022-06-16 09:28:19.839] DEBUG JUnitUserDaoTest.setUp(JUnitUserDaoTest.java:51) - context : org.springframework.context.support.GenericApplicationContext@fd07cbb, started on Thu Jun 16 09:28:18 KST 2022
[2022-06-16 09:28:19.839] DEBUG JUnitUserDaoTest.setUp(JUnitUserDaoTest.java:52) - dao : com.pcwk.ehr.user.dao.UserDaoImpl@607b2792
[2022-06-16 09:28:19.840] DEBUG DefaultCacheAwareContextLoaderDelegate.loadContext(DefaultCacheAwareContextLoaderDelegate.java:137) - Retrieved ApplicationContext [265321659] from cache with key [[MergedContextConfiguration@5b94b04d testClass = JUnitUserDaoTest, locations = '{file:src/main/webapp/WEB-INF/spring/root-context.xml, file:src/main/webapp/WEB-INF/spring/appServlet/servlet-context.xml}', classes = '{}', contextInitializerClasses = '[]', activeProfiles = '{}', propertySourceLocations = '{}', propertySourceProperties = '{}', contextCustomizers = set[[empty]], contextLoader = 'org.springframework.test.context.support.DelegatingSmartContextLoader', parent = [null]]]
[2022-06-16 09:28:19.841] DEBUG DefaultContextCache.logStatistics(DefaultContextCache.java:290) - Spring test ApplicationContext cache statistics: [DefaultContextCache@537b32ef size = 1, maxSize = 32, parentContextCount = 0, hitCount = 3, missCount = 1]
[2022-06-16 09:28:19.841] DEBUG JUnitUserDaoTest.addAndGet(JUnitUserDaoTest.java:132) - ========================
[2022-06-16 09:28:19.841] DEBUG JUnitUserDaoTest.addAndGet(JUnitUserDaoTest.java:133) - =1.addAndGet()=
[2022-06-16 09:28:19.841] DEBUG JUnitUserDaoTest.addAndGet(JUnitUserDaoTest.java:134) - ========================
[2022-06-16 09:28:19.842] DEBUG UserDaoImpl.doDelete(UserDaoImpl.java:181) - ============================
[2022-06-16 09:28:19.842] DEBUG UserDaoImpl.doDelete(UserDaoImpl.java:182) - param:UserVO [uId=p03, name=김병완04, passwd=4444, level=BASIC, login=1, recommend=0, email=rlaqod93@naver.com, regDt=날짜_사용안함, toString()=DTO [num=0, totalCnt=0]]
[2022-06-16 09:28:19.842] DEBUG UserDaoImpl.doDelete(UserDaoImpl.java:183) - statement:com.pcwk.ehr.user.doDelete
[2022-06-16 09:28:19.842] DEBUG UserDaoImpl.doDelete(UserDaoImpl.java:184) - ============================
[2022-06-16 09:28:19.857] DEBUG DataSourceUtils.doGetConnection(DataSourceUtils.java:116) - Fetching JDBC Connection from DataSource
[2022-06-16 09:28:20.443] DEBUG UserDaoImpl.doDelete(UserDaoImpl.java:186) - flag = 1
[2022-06-16 09:28:20.444] DEBUG UserDaoImpl.doDelete(UserDaoImpl.java:181) - ============================
[2022-06-16 09:28:20.444] DEBUG UserDaoImpl.doDelete(UserDaoImpl.java:182) - param:UserVO [uId=p030, name=김병완040, passwd=4444, level=SILVER, login=50, recommend=2, email=rlaqod93@naver.com, regDt=날짜_사용안함, toString()=DTO [num=0, totalCnt=0]]
[2022-06-16 09:28:20.444] DEBUG UserDaoImpl.doDelete(UserDaoImpl.java:183) - statement:com.pcwk.ehr.user.doDelete
[2022-06-16 09:28:20.444] DEBUG UserDaoImpl.doDelete(UserDaoImpl.java:184) - ============================
[2022-06-16 09:28:20.444] DEBUG DataSourceUtils.doGetConnection(DataSourceUtils.java:116) - Fetching JDBC Connection from DataSource
[2022-06-16 09:28:20.445] DEBUG UserDaoImpl.doDelete(UserDaoImpl.java:186) - flag = 1
[2022-06-16 09:28:20.445] DEBUG UserDaoImpl.doDelete(UserDaoImpl.java:181) - ============================
[2022-06-16 09:28:20.446] DEBUG UserDaoImpl.doDelete(UserDaoImpl.java:182) - param:UserVO [uId=p0300, name=김병완0400, passwd=4444, level=GOLD, login=100, recommend=31, email=rlaqod93@naver.com, regDt=날짜_사용안함, toString()=DTO [num=0, totalCnt=0]]
[2022-06-16 09:28:20.446] DEBUG UserDaoImpl.doDelete(UserDaoImpl.java:183) - statement:com.pcwk.ehr.user.doDelete
[2022-06-16 09:28:20.446] DEBUG UserDaoImpl.doDelete(UserDaoImpl.java:184) - ============================
[2022-06-16 09:28:20.446] DEBUG DataSourceUtils.doGetConnection(DataSourceUtils.java:116) - Fetching JDBC Connection from DataSource
[2022-06-16 09:28:20.447] DEBUG UserDaoImpl.doDelete(UserDaoImpl.java:186) - flag = 0
[2022-06-16 09:28:20.447] DEBUG UserDaoImpl.getCount(UserDaoImpl.java:103) - ============================
[2022-06-16 09:28:20.447] DEBUG UserDaoImpl.getCount(UserDaoImpl.java:104) - param:UserVO [uId=p03, name=김병완04, passwd=4444, level=BASIC, login=1, recommend=0, email=rlaqod93@naver.com, regDt=날짜_사용안함, toString()=DTO [num=0, totalCnt=0]]
[2022-06-16 09:28:20.447] DEBUG UserDaoImpl.getCount(UserDaoImpl.java:105) - statement: com.pcwk.ehr.user.getCount
[2022-06-16 09:28:20.447] DEBUG UserDaoImpl.getCount(UserDaoImpl.java:106) - ============================
[2022-06-16 09:28:20.448] DEBUG DataSourceUtils.doGetConnection(DataSourceUtils.java:116) - Fetching JDBC Connection from DataSource
[2022-06-16 09:28:20.495] DEBUG UserDaoImpl.getCount(UserDaoImpl.java:109) - ============================
[2022-06-16 09:28:20.495] DEBUG UserDaoImpl.getCount(UserDaoImpl.java:110) - count=0
[2022-06-16 09:28:20.495] DEBUG UserDaoImpl.getCount(UserDaoImpl.java:111) - ============================
[2022-06-16 09:28:20.495] DEBUG UserDaoImpl.doInsert(UserDaoImpl.java:129) - ============================
[2022-06-16 09:28:20.495] DEBUG UserDaoImpl.doInsert(UserDaoImpl.java:130) - param:UserVO [uId=p03, name=김병완04, passwd=4444, level=BASIC, login=1, recommend=0, email=rlaqod93@naver.com, regDt=날짜_사용안함, toString()=DTO [num=0, totalCnt=0]]
[2022-06-16 09:28:20.495] DEBUG UserDaoImpl.doInsert(UserDaoImpl.java:131) - statement:com.pcwk.ehr.user.doInsert
[2022-06-16 09:28:20.495] DEBUG UserDaoImpl.doInsert(UserDaoImpl.java:132) - ============================
[2022-06-16 09:28:20.495] DEBUG DataSourceUtils.doGetConnection(DataSourceUtils.java:116) - Fetching JDBC Connection from DataSource
[2022-06-16 09:28:20.502] DEBUG UserDaoImpl.doInsert(UserDaoImpl.java:135) - flag : 1
[2022-06-16 09:28:20.502] DEBUG UserDaoImpl.getCount(UserDaoImpl.java:103) - ============================
[2022-06-16 09:28:20.502] DEBUG UserDaoImpl.getCount(UserDaoImpl.java:104) - param:UserVO [uId=p03, name=김병완04, passwd=4444, level=BASIC, login=1, recommend=0, email=rlaqod93@naver.com, regDt=날짜_사용안함, toString()=DTO [num=0, totalCnt=0]]
[2022-06-16 09:28:20.502] DEBUG UserDaoImpl.getCount(UserDaoImpl.java:105) - statement: com.pcwk.ehr.user.getCount
[2022-06-16 09:28:20.502] DEBUG UserDaoImpl.getCount(UserDaoImpl.java:106) - ============================
[2022-06-16 09:28:20.503] DEBUG DataSourceUtils.doGetConnection(DataSourceUtils.java:116) - Fetching JDBC Connection from DataSource
[2022-06-16 09:28:20.504] DEBUG UserDaoImpl.getCount(UserDaoImpl.java:109) - ============================
[2022-06-16 09:28:20.504] DEBUG UserDaoImpl.getCount(UserDaoImpl.java:110) - count=1
[2022-06-16 09:28:20.504] DEBUG UserDaoImpl.getCount(UserDaoImpl.java:111) - ============================
[2022-06-16 09:28:20.504] DEBUG UserDaoImpl.doInsert(UserDaoImpl.java:129) - ============================
[2022-06-16 09:28:20.504] DEBUG UserDaoImpl.doInsert(UserDaoImpl.java:130) - param:UserVO [uId=p030, name=김병완040, passwd=4444, level=SILVER, login=50, recommend=2, email=rlaqod93@naver.com, regDt=날짜_사용안함, toString()=DTO [num=0, totalCnt=0]]
[2022-06-16 09:28:20.504] DEBUG UserDaoImpl.doInsert(UserDaoImpl.java:131) - statement:com.pcwk.ehr.user.doInsert
[2022-06-16 09:28:20.504] DEBUG UserDaoImpl.doInsert(UserDaoImpl.java:132) - ============================
[2022-06-16 09:28:20.505] DEBUG DataSourceUtils.doGetConnection(DataSourceUtils.java:116) - Fetching JDBC Connection from DataSource
[2022-06-16 09:28:20.507] DEBUG UserDaoImpl.doInsert(UserDaoImpl.java:135) - flag : 1
[2022-06-16 09:28:20.507] DEBUG UserDaoImpl.getCount(UserDaoImpl.java:103) - ============================
[2022-06-16 09:28:20.507] DEBUG UserDaoImpl.getCount(UserDaoImpl.java:104) - param:UserVO [uId=p03, name=김병완04, passwd=4444, level=BASIC, login=1, recommend=0, email=rlaqod93@naver.com, regDt=날짜_사용안함, toString()=DTO [num=0, totalCnt=0]]
[2022-06-16 09:28:20.507] DEBUG UserDaoImpl.getCount(UserDaoImpl.java:105) - statement: com.pcwk.ehr.user.getCount
[2022-06-16 09:28:20.507] DEBUG UserDaoImpl.getCount(UserDaoImpl.java:106) - ============================
[2022-06-16 09:28:20.507] DEBUG DataSourceUtils.doGetConnection(DataSourceUtils.java:116) - Fetching JDBC Connection from DataSource
[2022-06-16 09:28:20.508] DEBUG UserDaoImpl.getCount(UserDaoImpl.java:109) - ============================
[2022-06-16 09:28:20.509] DEBUG UserDaoImpl.getCount(UserDaoImpl.java:110) - count=2
[2022-06-16 09:28:20.509] DEBUG UserDaoImpl.getCount(UserDaoImpl.java:111) - ============================
[2022-06-16 09:28:20.509] DEBUG UserDaoImpl.doSelectOne(UserDaoImpl.java:164) - ============================
[2022-06-16 09:28:20.509] DEBUG UserDaoImpl.doSelectOne(UserDaoImpl.java:165) - param:UserVO [uId=p03, name=김병완04, passwd=4444, level=BASIC, login=1, recommend=0, email=rlaqod93@naver.com, regDt=날짜_사용안함, toString()=DTO [num=0, totalCnt=0]]
[2022-06-16 09:28:20.509] DEBUG UserDaoImpl.doSelectOne(UserDaoImpl.java:166) - statement:com.pcwk.ehr.user.doSelectOne
[2022-06-16 09:28:20.509] DEBUG UserDaoImpl.doSelectOne(UserDaoImpl.java:167) - ============================
[2022-06-16 09:28:20.509] DEBUG DataSourceUtils.doGetConnection(DataSourceUtils.java:116) - Fetching JDBC Connection from DataSource
[2022-06-16 09:28:20.514] DEBUG UserDaoImpl.doSelectOne(UserDaoImpl.java:170) - ============================
[2022-06-16 09:28:20.514] DEBUG UserDaoImpl.doSelectOne(UserDaoImpl.java:171) - **outVO=UserVO [uId=p03, name=김병완04, passwd=4444, level=BASIC, login=1, recommend=0, email=rlaqod93@naver.com, regDt=2022-06-16 09:28:18, toString()=DTO [num=0, totalCnt=0]]
[2022-06-16 09:28:20.514] DEBUG UserDaoImpl.doSelectOne(UserDaoImpl.java:172) - ============================
[2022-06-16 09:28:20.514] DEBUG UserDaoImpl.doSelectOne(UserDaoImpl.java:164) - ============================
[2022-06-16 09:28:20.514] DEBUG UserDaoImpl.doSelectOne(UserDaoImpl.java:165) - param:UserVO [uId=p030, name=김병완040, passwd=4444, level=SILVER, login=50, recommend=2, email=rlaqod93@naver.com, regDt=날짜_사용안함, toString()=DTO [num=0, totalCnt=0]]
[2022-06-16 09:28:20.514] DEBUG UserDaoImpl.doSelectOne(UserDaoImpl.java:166) - statement:com.pcwk.ehr.user.doSelectOne
[2022-06-16 09:28:20.514] DEBUG UserDaoImpl.doSelectOne(UserDaoImpl.java:167) - ============================
[2022-06-16 09:28:20.514] DEBUG DataSourceUtils.doGetConnection(DataSourceUtils.java:116) - Fetching JDBC Connection from DataSource
[2022-06-16 09:28:20.516] DEBUG UserDaoImpl.doSelectOne(UserDaoImpl.java:170) - ============================
[2022-06-16 09:28:20.516] DEBUG UserDaoImpl.doSelectOne(UserDaoImpl.java:171) - **outVO=UserVO [uId=p030, name=김병완040, passwd=4444, level=SILVER, login=50, recommend=2, email=rlaqod93@naver.com, regDt=2022-06-16 09:28:18, toString()=DTO [num=0, totalCnt=0]]
[2022-06-16 09:28:20.516] DEBUG UserDaoImpl.doSelectOne(UserDaoImpl.java:172) - ============================
[2022-06-16 09:28:20.516] DEBUG UserDaoImpl.doRetrieve(UserDaoImpl.java:193) - ============================
[2022-06-16 09:28:20.516] DEBUG UserDaoImpl.doRetrieve(UserDaoImpl.java:194) - param:UserVO [uId=p03, name=김병완04, passwd=4444, level=BASIC, login=1, recommend=0, email=rlaqod93@naver.com, regDt=날짜_사용안함, toString()=DTO [num=0, totalCnt=0]]
[2022-06-16 09:28:20.517] DEBUG UserDaoImpl.doRetrieve(UserDaoImpl.java:195) - statement:com.pcwk.ehr.user.doRetrieve
[2022-06-16 09:28:20.517] DEBUG UserDaoImpl.doRetrieve(UserDaoImpl.java:196) - ============================
[2022-06-16 09:28:20.517] DEBUG DataSourceUtils.doGetConnection(DataSourceUtils.java:116) - Fetching JDBC Connection from DataSource
[2022-06-16 09:28:20.526] DEBUG UserDaoImpl.doRetrieve(UserDaoImpl.java:200) - UserVO [uId=p03, name=김병완04, passwd=4444, level=BASIC, login=0, recommend=0, email=rlaqod93@naver.com, regDt=09:28:18, toString()=DTO [num=1, totalCnt=12]]
[2022-06-16 09:28:20.527] DEBUG UserDaoImpl.doRetrieve(UserDaoImpl.java:200) - UserVO [uId=p030, name=김병완040, passwd=4444, level=SILVER, login=0, recommend=2, email=rlaqod93@naver.com, regDt=09:28:18, toString()=DTO [num=2, totalCnt=12]]
[2022-06-16 09:28:20.527] DEBUG UserDaoImpl.doRetrieve(UserDaoImpl.java:200) - UserVO [uId=p08, name=김태민08, passwd=3633, level=BASIC, login=0, recommend=0, email=kimtaemin27@gmail.com, regDt=09:25:32, toString()=DTO [num=3, totalCnt=12]]
[2022-06-16 09:28:20.527] DEBUG UserDaoImpl.doRetrieve(UserDaoImpl.java:200) - UserVO [uId=p080, name=김태민080, passwd=3633, level=SILVER, login=0, recommend=2, email=kitmaemin27@gmail.com, regDt=09:25:32, toString()=DTO [num=4, totalCnt=12]]
[2022-06-16 09:28:20.527] DEBUG UserDaoImpl.doRetrieve(UserDaoImpl.java:200) - UserVO [uId=p09, name=김태욱09, passwd=4321, level=BASIC, login=0, recommend=0, email=zzxsx484@gmail.com, regDt=09:24:00, toString()=DTO [num=5, totalCnt=12]]
[2022-06-16 09:28:20.527] DEBUG UserDaoImpl.doRetrieve(UserDaoImpl.java:200) - UserVO [uId=p090, name=김태욱09, passwd=4321, level=SILVER, login=0, recommend=2, email=zzxsx484@gmail.com, regDt=09:24:00, toString()=DTO [num=6, totalCnt=12]]
[2022-06-16 09:28:20.527] DEBUG UserDaoImpl.doRetrieve(UserDaoImpl.java:200) - UserVO [uId=p23, name=이지현23_U, passwd=4321_U, level=SILVER, login=0, recommend=10, email=qmffor91@naver.com_U, regDt=09:12:24, toString()=DTO [num=7, totalCnt=12]]
[2022-06-16 09:28:20.527] DEBUG UserDaoImpl.doRetrieve(UserDaoImpl.java:200) - UserVO [uId=p310, name=이상무310, passwd=4321, level=SILVER, login=0, recommend=2, email=jamesol@naver.com, regDt=09:05:41, toString()=DTO [num=8, totalCnt=12]]
[2022-06-16 09:28:20.527] DEBUG UserDaoImpl.doRetrieve(UserDaoImpl.java:200) - UserVO [uId=p31, name=이상무31, passwd=4321, level=BASIC, login=0, recommend=0, email=jamesol@paran.com, regDt=09:05:41, toString()=DTO [num=9, totalCnt=12]]
[2022-06-16 09:28:20.527] DEBUG UserDaoImpl.doRetrieve(UserDaoImpl.java:200) - UserVO [uId=p150, name=박재홍, passwd=4321, level=SILVER, login=0, recommend=2, email=prk4224@naver.com, regDt=2022-06-15, toString()=DTO [num=10, totalCnt=12]]
[2022-06-16 09:28:20.528] DEBUG DefaultCacheAwareContextLoaderDelegate.loadContext(DefaultCacheAwareContextLoaderDelegate.java:137) - Retrieved ApplicationContext [265321659] from cache with key [[MergedContextConfiguration@5b94b04d testClass = JUnitUserDaoTest, locations = '{file:src/main/webapp/WEB-INF/spring/root-context.xml, file:src/main/webapp/WEB-INF/spring/appServlet/servlet-context.xml}', classes = '{}', contextInitializerClasses = '[]', activeProfiles = '{}', propertySourceLocations = '{}', propertySourceProperties = '{}', contextCustomizers = set[[empty]], contextLoader = 'org.springframework.test.context.support.DelegatingSmartContextLoader', parent = [null]]]
[2022-06-16 09:28:20.528] DEBUG DefaultContextCache.logStatistics(DefaultContextCache.java:290) - Spring test ApplicationContext cache statistics: [DefaultContextCache@537b32ef size = 1, maxSize = 32, parentContextCount = 0, hitCount = 4, missCount = 1]
[2022-06-16 09:28:20.529] DEBUG JUnitUserDaoTest.tearDown(JUnitUserDaoTest.java:198) - ========================
[2022-06-16 09:28:20.529] DEBUG JUnitUserDaoTest.tearDown(JUnitUserDaoTest.java:199) - =9.tearDown()=
[2022-06-16 09:28:20.529] DEBUG JUnitUserDaoTest.tearDown(JUnitUserDaoTest.java:200) - ========================
[2022-06-16 09:28:20.530] DEBUG DefaultCacheAwareContextLoaderDelegate.loadContext(DefaultCacheAwareContextLoaderDelegate.java:137) - Retrieved ApplicationContext [265321659] from cache with key [[MergedContextConfiguration@5b94b04d testClass = JUnitUserDaoTest, locations = '{file:src/main/webapp/WEB-INF/spring/root-context.xml, file:src/main/webapp/WEB-INF/spring/appServlet/servlet-context.xml}', classes = '{}', contextInitializerClasses = '[]', activeProfiles = '{}', propertySourceLocations = '{}', propertySourceProperties = '{}', contextCustomizers = set[[empty]], contextLoader = 'org.springframework.test.context.support.DelegatingSmartContextLoader', parent = [null]]]
[2022-06-16 09:28:20.530] DEBUG DefaultContextCache.logStatistics(DefaultContextCache.java:290) - Spring test ApplicationContext cache statistics: [DefaultContextCache@537b32ef size = 1, maxSize = 32, parentContextCount = 0, hitCount = 5, missCount = 1]
[2022-06-16 09:28:20.530] DEBUG AbstractDirtiesContextTestExecutionListener.beforeOrAfterTestMethod(AbstractDirtiesContextTestExecutionListener.java:108) - After test method: context [DefaultTestContext@385e9564 testClass = JUnitUserDaoTest, testInstance = com.pcwk.ehr.JUnitUserDaoTest@ed7f8b4, testMethod = addAndGet@JUnitUserDaoTest, testException = [null], mergedContextConfiguration = [MergedContextConfiguration@5b94b04d testClass = JUnitUserDaoTest, locations = '{file:src/main/webapp/WEB-INF/spring/root-context.xml, file:src/main/webapp/WEB-INF/spring/appServlet/servlet-context.xml}', classes = '{}', contextInitializerClasses = '[]', activeProfiles = '{}', propertySourceLocations = '{}', propertySourceProperties = '{}', contextCustomizers = set[[empty]], contextLoader = 'org.springframework.test.context.support.DelegatingSmartContextLoader', parent = [null]], attributes = map['org.springframework.test.context.event.ApplicationEventsTestExecutionListener.recordApplicationEvents' -> false]], class annotated with @DirtiesContext [false] with mode [null], method annotated with @DirtiesContext [false] with mode [null].
[2022-06-16 09:28:20.531] DEBUG DefaultCacheAwareContextLoaderDelegate.loadContext(DefaultCacheAwareContextLoaderDelegate.java:137) - Retrieved ApplicationContext [265321659] from cache with key [[MergedContextConfiguration@5b94b04d testClass = JUnitUserDaoTest, locations = '{file:src/main/webapp/WEB-INF/spring/root-context.xml, file:src/main/webapp/WEB-INF/spring/appServlet/servlet-context.xml}', classes = '{}', contextInitializerClasses = '[]', activeProfiles = '{}', propertySourceLocations = '{}', propertySourceProperties = '{}', contextCustomizers = set[[empty]], contextLoader = 'org.springframework.test.context.support.DelegatingSmartContextLoader', parent = [null]]]
[2022-06-16 09:28:20.531] DEBUG DefaultContextCache.logStatistics(DefaultContextCache.java:290) - Spring test ApplicationContext cache statistics: [DefaultContextCache@537b32ef size = 1, maxSize = 32, parentContextCount = 0, hitCount = 6, missCount = 1]
[2022-06-16 09:28:20.531] DEBUG AbstractDirtiesContextTestExecutionListener.beforeOrAfterTestClass(AbstractDirtiesContextTestExecutionListener.java:143) - After test class: context [DefaultTestContext@385e9564 testClass = JUnitUserDaoTest, testInstance = [null], testMethod = [null], testException = [null], mergedContextConfiguration = [MergedContextConfiguration@5b94b04d testClass = JUnitUserDaoTest, locations = '{file:src/main/webapp/WEB-INF/spring/root-context.xml, file:src/main/webapp/WEB-INF/spring/appServlet/servlet-context.xml}', classes = '{}', contextInitializerClasses = '[]', activeProfiles = '{}', propertySourceLocations = '{}', propertySourceProperties = '{}', contextCustomizers = set[[empty]], contextLoader = 'org.springframework.test.context.support.DelegatingSmartContextLoader', parent = [null]], attributes = map['org.springframework.test.context.event.ApplicationEventsTestExecutionListener.recordApplicationEvents' -> false]], class annotated with @DirtiesContext [false] with mode [null].
