[2022-06-08 14:12:52.961] DEBUG JunitUserServiceTest.setUp(JunitUserServiceTest.java:65) - context:org.springframework.context.support.GenericApplicationContext@1dac5ef, started on Wed Jun 08 14:12:49 KST 2022
[2022-06-08 14:12:52.973] DEBUG JunitUserServiceTest.setUp(JunitUserServiceTest.java:66) - userService:com.pcwk.ehr.UserServiceImpl@6dd7b5a3
[2022-06-08 14:12:52.973] DEBUG JunitUserServiceTest.setUp(JunitUserServiceTest.java:67) - dao:com.pcwk.ehr.UserDaoImpl@6f3187b0
[2022-06-08 14:12:52.974] DEBUG JunitUserServiceTest.upgradeLevels(JunitUserServiceTest.java:122) - ====================
[2022-06-08 14:12:52.974] DEBUG JunitUserServiceTest.upgradeLevels(JunitUserServiceTest.java:123) - =1.upgradeLevels()=
[2022-06-08 14:12:52.974] DEBUG JunitUserServiceTest.upgradeLevels(JunitUserServiceTest.java:124) - ====================
[2022-06-08 14:12:52.974] DEBUG UserDaoImpl.doDelete(UserDaoImpl.java:275) - ==============================
[2022-06-08 14:12:52.975] DEBUG UserDaoImpl.doDelete(UserDaoImpl.java:276) - param:UserVO [uId=p31, name=이상무31, passwd=4321, level=BASIC, login=49, recommend=0, email=jamesol@paran.com, regDt=날짜_사용않함, toString()=com.pcwk.ehr.UserVO@5ab14cb9]
[2022-06-08 14:12:52.975] DEBUG UserDaoImpl.doDelete(UserDaoImpl.java:277) - sql:
 DELETE FROM hr_member         
 WHERE u_id = ?                

[2022-06-08 14:12:52.975] DEBUG UserDaoImpl.doDelete(UserDaoImpl.java:278) - ==============================
[2022-06-08 14:12:52.975] DEBUG UserDaoImpl.doDelete(UserDaoImpl.java:282) - Object param:p31
[2022-06-08 14:12:53.127] DEBUG UserDaoImpl.doDelete(UserDaoImpl.java:286) - flag:1
[2022-06-08 14:12:53.127] DEBUG UserDaoImpl.doDelete(UserDaoImpl.java:275) - ==============================
[2022-06-08 14:12:53.127] DEBUG UserDaoImpl.doDelete(UserDaoImpl.java:276) - param:UserVO [uId=p310, name=이상무310, passwd=4321, level=BASIC, login=50, recommend=10, email=jamesol@paran.com, regDt=날짜_사용않함, toString()=com.pcwk.ehr.UserVO@61861a29]
[2022-06-08 14:12:53.127] DEBUG UserDaoImpl.doDelete(UserDaoImpl.java:277) - sql:
 DELETE FROM hr_member         
 WHERE u_id = ?                

[2022-06-08 14:12:53.127] DEBUG UserDaoImpl.doDelete(UserDaoImpl.java:278) - ==============================
[2022-06-08 14:12:53.127] DEBUG UserDaoImpl.doDelete(UserDaoImpl.java:282) - Object param:p310
[2022-06-08 14:12:53.260] DEBUG UserDaoImpl.doDelete(UserDaoImpl.java:286) - flag:0
[2022-06-08 14:12:53.260] DEBUG UserDaoImpl.doDelete(UserDaoImpl.java:275) - ==============================
[2022-06-08 14:12:53.260] DEBUG UserDaoImpl.doDelete(UserDaoImpl.java:276) - param:UserVO [uId=p3100, name=이상무3100, passwd=4321, level=SILVER, login=51, recommend=29, email=jamesol@paran.com, regDt=날짜_사용않함, toString()=com.pcwk.ehr.UserVO@32cb636e]
[2022-06-08 14:12:53.260] DEBUG UserDaoImpl.doDelete(UserDaoImpl.java:277) - sql:
 DELETE FROM hr_member         
 WHERE u_id = ?                

[2022-06-08 14:12:53.261] DEBUG UserDaoImpl.doDelete(UserDaoImpl.java:278) - ==============================
[2022-06-08 14:12:53.261] DEBUG UserDaoImpl.doDelete(UserDaoImpl.java:282) - Object param:p3100
[2022-06-08 14:12:53.387] DEBUG UserDaoImpl.doDelete(UserDaoImpl.java:286) - flag:0
[2022-06-08 14:12:53.388] DEBUG UserDaoImpl.doDelete(UserDaoImpl.java:275) - ==============================
[2022-06-08 14:12:53.389] DEBUG UserDaoImpl.doDelete(UserDaoImpl.java:276) - param:UserVO [uId=p31000, name=이상무31000, passwd=4321, level=SILVER, login=51, recommend=30, email=jamesol@paran.com, regDt=날짜_사용않함, toString()=com.pcwk.ehr.UserVO@6a1d204a]
[2022-06-08 14:12:53.389] DEBUG UserDaoImpl.doDelete(UserDaoImpl.java:277) - sql:
 DELETE FROM hr_member         
 WHERE u_id = ?                

[2022-06-08 14:12:53.389] DEBUG UserDaoImpl.doDelete(UserDaoImpl.java:278) - ==============================
[2022-06-08 14:12:53.389] DEBUG UserDaoImpl.doDelete(UserDaoImpl.java:282) - Object param:p31000
[2022-06-08 14:12:53.556] DEBUG UserDaoImpl.doDelete(UserDaoImpl.java:286) - flag:0
[2022-06-08 14:12:53.556] DEBUG UserDaoImpl.doDelete(UserDaoImpl.java:275) - ==============================
[2022-06-08 14:12:53.556] DEBUG UserDaoImpl.doDelete(UserDaoImpl.java:276) - param:UserVO [uId=p310000, name=이상무310000, passwd=4321, level=GOLD, login=52, recommend=31, email=jamesol@paran.com, regDt=날짜_사용않함, toString()=com.pcwk.ehr.UserVO@6fff253c]
[2022-06-08 14:12:53.556] DEBUG UserDaoImpl.doDelete(UserDaoImpl.java:277) - sql:
 DELETE FROM hr_member         
 WHERE u_id = ?                

[2022-06-08 14:12:53.556] DEBUG UserDaoImpl.doDelete(UserDaoImpl.java:278) - ==============================
[2022-06-08 14:12:53.556] DEBUG UserDaoImpl.doDelete(UserDaoImpl.java:282) - Object param:p310000
[2022-06-08 14:12:53.694] DEBUG UserDaoImpl.doDelete(UserDaoImpl.java:286) - flag:1
[2022-06-08 14:12:53.694] DEBUG UserDaoImpl.doInsert(UserDaoImpl.java:185) - ==============================
[2022-06-08 14:12:53.694] DEBUG UserDaoImpl.doInsert(UserDaoImpl.java:186) - param:UserVO [uId=p31, name=이상무31, passwd=4321, level=BASIC, login=49, recommend=0, email=jamesol@paran.com, regDt=날짜_사용않함, toString()=com.pcwk.ehr.UserVO@5ab14cb9]
[2022-06-08 14:12:53.694] DEBUG UserDaoImpl.doInsert(UserDaoImpl.java:187) - sql:
 INSERT INTO hr_member ( 
         u_id,           
         name,           
         passwd,         
         u_level,        
         login,	        
         recommend,	    
         email,		    
         reg_dt		    
 ) VALUES (              
     ?,                  
     ?,                  
     ?,                  
     ?,                  
     ?,                  
     ?,                  
     ?,                  
     SYSDATE             
 )                       

[2022-06-08 14:12:53.694] DEBUG UserDaoImpl.doInsert(UserDaoImpl.java:188) - ==============================
[2022-06-08 14:12:53.694] DEBUG UserDaoImpl.doInsert(UserDaoImpl.java:193) - Object param:p31
[2022-06-08 14:12:53.695] DEBUG UserDaoImpl.doInsert(UserDaoImpl.java:193) - Object param:이상무31
[2022-06-08 14:12:53.695] DEBUG UserDaoImpl.doInsert(UserDaoImpl.java:193) - Object param:4321
[2022-06-08 14:12:53.695] DEBUG UserDaoImpl.doInsert(UserDaoImpl.java:193) - Object param:1
[2022-06-08 14:12:53.695] DEBUG UserDaoImpl.doInsert(UserDaoImpl.java:193) - Object param:49
[2022-06-08 14:12:53.695] DEBUG UserDaoImpl.doInsert(UserDaoImpl.java:193) - Object param:0
[2022-06-08 14:12:53.695] DEBUG UserDaoImpl.doInsert(UserDaoImpl.java:193) - Object param:jamesol@paran.com
[2022-06-08 14:12:53.861] DEBUG UserDaoImpl.doInsert(UserDaoImpl.java:197) - flag:1
[2022-06-08 14:12:53.861] DEBUG UserDaoImpl.doInsert(UserDaoImpl.java:185) - ==============================
[2022-06-08 14:12:53.861] DEBUG UserDaoImpl.doInsert(UserDaoImpl.java:186) - param:UserVO [uId=p310, name=이상무310, passwd=4321, level=BASIC, login=50, recommend=10, email=jamesol@paran.com, regDt=날짜_사용않함, toString()=com.pcwk.ehr.UserVO@61861a29]
[2022-06-08 14:12:53.862] DEBUG UserDaoImpl.doInsert(UserDaoImpl.java:187) - sql:
 INSERT INTO hr_member ( 
         u_id,           
         name,           
         passwd,         
         u_level,        
         login,	        
         recommend,	    
         email,		    
         reg_dt		    
 ) VALUES (              
     ?,                  
     ?,                  
     ?,                  
     ?,                  
     ?,                  
     ?,                  
     ?,                  
     SYSDATE             
 )                       

[2022-06-08 14:12:53.862] DEBUG UserDaoImpl.doInsert(UserDaoImpl.java:188) - ==============================
[2022-06-08 14:12:53.862] DEBUG UserDaoImpl.doInsert(UserDaoImpl.java:193) - Object param:p310
[2022-06-08 14:12:53.862] DEBUG UserDaoImpl.doInsert(UserDaoImpl.java:193) - Object param:이상무310
[2022-06-08 14:12:53.862] DEBUG UserDaoImpl.doInsert(UserDaoImpl.java:193) - Object param:4321
[2022-06-08 14:12:53.862] DEBUG UserDaoImpl.doInsert(UserDaoImpl.java:193) - Object param:1
[2022-06-08 14:12:53.862] DEBUG UserDaoImpl.doInsert(UserDaoImpl.java:193) - Object param:50
[2022-06-08 14:12:53.862] DEBUG UserDaoImpl.doInsert(UserDaoImpl.java:193) - Object param:10
[2022-06-08 14:12:53.862] DEBUG UserDaoImpl.doInsert(UserDaoImpl.java:193) - Object param:jamesol@paran.com
[2022-06-08 14:12:54.028] DEBUG UserDaoImpl.doInsert(UserDaoImpl.java:197) - flag:1
[2022-06-08 14:12:54.029] DEBUG UserDaoImpl.doInsert(UserDaoImpl.java:185) - ==============================
[2022-06-08 14:12:54.029] DEBUG UserDaoImpl.doInsert(UserDaoImpl.java:186) - param:UserVO [uId=p3100, name=이상무3100, passwd=4321, level=SILVER, login=51, recommend=29, email=jamesol@paran.com, regDt=날짜_사용않함, toString()=com.pcwk.ehr.UserVO@32cb636e]
[2022-06-08 14:12:54.029] DEBUG UserDaoImpl.doInsert(UserDaoImpl.java:187) - sql:
 INSERT INTO hr_member ( 
         u_id,           
         name,           
         passwd,         
         u_level,        
         login,	        
         recommend,	    
         email,		    
         reg_dt		    
 ) VALUES (              
     ?,                  
     ?,                  
     ?,                  
     ?,                  
     ?,                  
     ?,                  
     ?,                  
     SYSDATE             
 )                       

[2022-06-08 14:12:54.029] DEBUG UserDaoImpl.doInsert(UserDaoImpl.java:188) - ==============================
[2022-06-08 14:12:54.029] DEBUG UserDaoImpl.doInsert(UserDaoImpl.java:193) - Object param:p3100
[2022-06-08 14:12:54.029] DEBUG UserDaoImpl.doInsert(UserDaoImpl.java:193) - Object param:이상무3100
[2022-06-08 14:12:54.030] DEBUG UserDaoImpl.doInsert(UserDaoImpl.java:193) - Object param:4321
[2022-06-08 14:12:54.030] DEBUG UserDaoImpl.doInsert(UserDaoImpl.java:193) - Object param:2
[2022-06-08 14:12:54.030] DEBUG UserDaoImpl.doInsert(UserDaoImpl.java:193) - Object param:51
[2022-06-08 14:12:54.030] DEBUG UserDaoImpl.doInsert(UserDaoImpl.java:193) - Object param:29
[2022-06-08 14:12:54.030] DEBUG UserDaoImpl.doInsert(UserDaoImpl.java:193) - Object param:jamesol@paran.com
[2022-06-08 14:12:54.199] DEBUG UserDaoImpl.doInsert(UserDaoImpl.java:197) - flag:1
[2022-06-08 14:12:54.199] DEBUG UserDaoImpl.doInsert(UserDaoImpl.java:185) - ==============================
[2022-06-08 14:12:54.199] DEBUG UserDaoImpl.doInsert(UserDaoImpl.java:186) - param:UserVO [uId=p31000, name=이상무31000, passwd=4321, level=SILVER, login=51, recommend=30, email=jamesol@paran.com, regDt=날짜_사용않함, toString()=com.pcwk.ehr.UserVO@6a1d204a]
[2022-06-08 14:12:54.199] DEBUG UserDaoImpl.doInsert(UserDaoImpl.java:187) - sql:
 INSERT INTO hr_member ( 
         u_id,           
         name,           
         passwd,         
         u_level,        
         login,	        
         recommend,	    
         email,		    
         reg_dt		    
 ) VALUES (              
     ?,                  
     ?,                  
     ?,                  
     ?,                  
     ?,                  
     ?,                  
     ?,                  
     SYSDATE             
 )                       

[2022-06-08 14:12:54.199] DEBUG UserDaoImpl.doInsert(UserDaoImpl.java:188) - ==============================
[2022-06-08 14:12:54.199] DEBUG UserDaoImpl.doInsert(UserDaoImpl.java:193) - Object param:p31000
[2022-06-08 14:12:54.199] DEBUG UserDaoImpl.doInsert(UserDaoImpl.java:193) - Object param:이상무31000
[2022-06-08 14:12:54.199] DEBUG UserDaoImpl.doInsert(UserDaoImpl.java:193) - Object param:4321
[2022-06-08 14:12:54.199] DEBUG UserDaoImpl.doInsert(UserDaoImpl.java:193) - Object param:2
[2022-06-08 14:12:54.200] DEBUG UserDaoImpl.doInsert(UserDaoImpl.java:193) - Object param:51
[2022-06-08 14:12:54.200] DEBUG UserDaoImpl.doInsert(UserDaoImpl.java:193) - Object param:30
[2022-06-08 14:12:54.200] DEBUG UserDaoImpl.doInsert(UserDaoImpl.java:193) - Object param:jamesol@paran.com
[2022-06-08 14:12:54.358] DEBUG UserDaoImpl.doInsert(UserDaoImpl.java:197) - flag:1
[2022-06-08 14:12:54.359] DEBUG UserDaoImpl.doInsert(UserDaoImpl.java:185) - ==============================
[2022-06-08 14:12:54.359] DEBUG UserDaoImpl.doInsert(UserDaoImpl.java:186) - param:UserVO [uId=p310000, name=이상무310000, passwd=4321, level=GOLD, login=52, recommend=31, email=jamesol@paran.com, regDt=날짜_사용않함, toString()=com.pcwk.ehr.UserVO@6fff253c]
[2022-06-08 14:12:54.359] DEBUG UserDaoImpl.doInsert(UserDaoImpl.java:187) - sql:
 INSERT INTO hr_member ( 
         u_id,           
         name,           
         passwd,         
         u_level,        
         login,	        
         recommend,	    
         email,		    
         reg_dt		    
 ) VALUES (              
     ?,                  
     ?,                  
     ?,                  
     ?,                  
     ?,                  
     ?,                  
     ?,                  
     SYSDATE             
 )                       

[2022-06-08 14:12:54.359] DEBUG UserDaoImpl.doInsert(UserDaoImpl.java:188) - ==============================
[2022-06-08 14:12:54.359] DEBUG UserDaoImpl.doInsert(UserDaoImpl.java:193) - Object param:p310000
[2022-06-08 14:12:54.359] DEBUG UserDaoImpl.doInsert(UserDaoImpl.java:193) - Object param:이상무310000
[2022-06-08 14:12:54.359] DEBUG UserDaoImpl.doInsert(UserDaoImpl.java:193) - Object param:4321
[2022-06-08 14:12:54.359] DEBUG UserDaoImpl.doInsert(UserDaoImpl.java:193) - Object param:3
[2022-06-08 14:12:54.360] DEBUG UserDaoImpl.doInsert(UserDaoImpl.java:193) - Object param:52
[2022-06-08 14:12:54.360] DEBUG UserDaoImpl.doInsert(UserDaoImpl.java:193) - Object param:31
[2022-06-08 14:12:54.360] DEBUG UserDaoImpl.doInsert(UserDaoImpl.java:193) - Object param:jamesol@paran.com
[2022-06-08 14:12:54.558] DEBUG UserDaoImpl.doInsert(UserDaoImpl.java:197) - flag:1
[2022-06-08 14:12:54.558] DEBUG UserDaoImpl.getCount(UserDaoImpl.java:134) - ==============================
[2022-06-08 14:12:54.559] DEBUG UserDaoImpl.getCount(UserDaoImpl.java:135) - param:UserVO [uId=p31, name=이상무31, passwd=4321, level=BASIC, login=49, recommend=0, email=jamesol@paran.com, regDt=날짜_사용않함, toString()=com.pcwk.ehr.UserVO@5ab14cb9]
[2022-06-08 14:12:54.559] DEBUG UserDaoImpl.getCount(UserDaoImpl.java:136) - sql:
 SELECT COUNT(*) AS cnt      
 FROM  hr_member             
 WHERE u_id LIKE ?	||'%'   

[2022-06-08 14:12:54.559] DEBUG UserDaoImpl.getCount(UserDaoImpl.java:137) - ==============================
[2022-06-08 14:12:54.559] DEBUG UserDaoImpl.getCount(UserDaoImpl.java:139) - Object param:p31
[2022-06-08 14:12:54.766] DEBUG UserDaoImpl.getCount(UserDaoImpl.java:143) - ==============================
[2022-06-08 14:12:54.767] DEBUG UserDaoImpl.getCount(UserDaoImpl.java:144) - count=5
[2022-06-08 14:12:54.767] DEBUG UserDaoImpl.getCount(UserDaoImpl.java:145) - ==============================
[2022-06-08 14:12:54.767] DEBUG UserDaoImpl.getAll(UserDaoImpl.java:109) - ==============================
[2022-06-08 14:12:54.767] DEBUG UserDaoImpl.getAll(UserDaoImpl.java:110) - param:UserVO [uId=p31, name=이상무31, passwd=4321, level=BASIC, login=49, recommend=0, email=jamesol@paran.com, regDt=날짜_사용않함, toString()=com.pcwk.ehr.UserVO@5ab14cb9]
[2022-06-08 14:12:54.767] DEBUG UserDaoImpl.getAll(UserDaoImpl.java:111) - sql:
 SELECT u_id,        
        name,        
        passwd,      
        u_level,     
        login,	    
        recommend,	
        email,		
        TO_CHAR(reg_dt,'yyyy-mm-dd hh24:mi:ss') AS reg_dt		
 FROM hr_member  
 WHERE u_id LIKE ?	||'%'   
 ORDER BY u_id   

[2022-06-08 14:12:54.767] DEBUG UserDaoImpl.getAll(UserDaoImpl.java:113) - ==============================
[2022-06-08 14:12:54.943] DEBUG UserDaoImpl.getAll(UserDaoImpl.java:119) - vo:UserVO [uId=p31, name=이상무31, passwd=4321, level=BASIC, login=49, recommend=0, email=jamesol@paran.com, regDt=2022-06-08 14:12:53, toString()=com.pcwk.ehr.UserVO@2f7a7219]
[2022-06-08 14:12:54.943] DEBUG UserDaoImpl.getAll(UserDaoImpl.java:119) - vo:UserVO [uId=p310, name=이상무310, passwd=4321, level=BASIC, login=50, recommend=10, email=jamesol@paran.com, regDt=2022-06-08 14:12:54, toString()=com.pcwk.ehr.UserVO@669513d8]
[2022-06-08 14:12:54.944] DEBUG UserDaoImpl.getAll(UserDaoImpl.java:119) - vo:UserVO [uId=p3100, name=이상무3100, passwd=4321, level=SILVER, login=51, recommend=29, email=jamesol@paran.com, regDt=2022-06-08 14:12:54, toString()=com.pcwk.ehr.UserVO@3a1d593e]
[2022-06-08 14:12:54.944] DEBUG UserDaoImpl.getAll(UserDaoImpl.java:119) - vo:UserVO [uId=p31000, name=이상무31000, passwd=4321, level=SILVER, login=51, recommend=30, email=jamesol@paran.com, regDt=2022-06-08 14:12:54, toString()=com.pcwk.ehr.UserVO@4a8a60bc]
[2022-06-08 14:12:54.944] DEBUG UserDaoImpl.getAll(UserDaoImpl.java:119) - vo:UserVO [uId=p310000, name=이상무310000, passwd=4321, level=GOLD, login=52, recommend=31, email=jamesol@paran.com, regDt=2022-06-08 14:12:54, toString()=com.pcwk.ehr.UserVO@361c294e]
[2022-06-08 14:12:54.944] DEBUG UserDaoImpl.doUpdate(UserDaoImpl.java:71) - ==============================
[2022-06-08 14:12:54.944] DEBUG UserDaoImpl.doUpdate(UserDaoImpl.java:72) - param:UserVO [uId=p310, name=이상무310, passwd=4321, level=SILVER, login=50, recommend=10, email=jamesol@paran.com, regDt=2022-06-08 14:12:54, toString()=com.pcwk.ehr.UserVO@669513d8]
[2022-06-08 14:12:54.944] DEBUG UserDaoImpl.doUpdate(UserDaoImpl.java:73) - sql:
 UPDATE hr_member         
 SET name      = ?,       
     passwd    = ?,       
     u_level   = ?,       
     login     = ?,       
     recommend = ?,       
     email     = ?,       
     reg_dt    = SYSDATE  
 WHERE u_id = ?           

[2022-06-08 14:12:54.945] DEBUG UserDaoImpl.doUpdate(UserDaoImpl.java:74) - ==============================
[2022-06-08 14:12:54.945] DEBUG UserDaoImpl.doUpdate(UserDaoImpl.java:81) - Object param:이상무310
[2022-06-08 14:12:54.945] DEBUG UserDaoImpl.doUpdate(UserDaoImpl.java:81) - Object param:4321
[2022-06-08 14:12:54.945] DEBUG UserDaoImpl.doUpdate(UserDaoImpl.java:81) - Object param:2
[2022-06-08 14:12:54.945] DEBUG UserDaoImpl.doUpdate(UserDaoImpl.java:81) - Object param:50
[2022-06-08 14:12:54.945] DEBUG UserDaoImpl.doUpdate(UserDaoImpl.java:81) - Object param:10
[2022-06-08 14:12:54.946] DEBUG UserDaoImpl.doUpdate(UserDaoImpl.java:81) - Object param:jamesol@paran.com
[2022-06-08 14:12:54.946] DEBUG UserDaoImpl.doUpdate(UserDaoImpl.java:81) - Object param:p310
[2022-06-08 14:12:55.122] DEBUG UserDaoImpl.doUpdate(UserDaoImpl.java:85) - flag:1
[2022-06-08 14:12:55.122] DEBUG UserDaoImpl.doUpdate(UserDaoImpl.java:71) - ==============================
[2022-06-08 14:12:55.122] DEBUG UserDaoImpl.doUpdate(UserDaoImpl.java:72) - param:UserVO [uId=p31000, name=이상무31000, passwd=4321, level=GOLD, login=51, recommend=30, email=jamesol@paran.com, regDt=2022-06-08 14:12:54, toString()=com.pcwk.ehr.UserVO@4a8a60bc]
[2022-06-08 14:12:55.122] DEBUG UserDaoImpl.doUpdate(UserDaoImpl.java:73) - sql:
 UPDATE hr_member         
 SET name      = ?,       
     passwd    = ?,       
     u_level   = ?,       
     login     = ?,       
     recommend = ?,       
     email     = ?,       
     reg_dt    = SYSDATE  
 WHERE u_id = ?           

[2022-06-08 14:12:55.122] DEBUG UserDaoImpl.doUpdate(UserDaoImpl.java:74) - ==============================
[2022-06-08 14:12:55.122] DEBUG UserDaoImpl.doUpdate(UserDaoImpl.java:81) - Object param:이상무31000
[2022-06-08 14:12:55.123] DEBUG UserDaoImpl.doUpdate(UserDaoImpl.java:81) - Object param:4321
[2022-06-08 14:12:55.123] DEBUG UserDaoImpl.doUpdate(UserDaoImpl.java:81) - Object param:3
[2022-06-08 14:12:55.123] DEBUG UserDaoImpl.doUpdate(UserDaoImpl.java:81) - Object param:51
[2022-06-08 14:12:55.123] DEBUG UserDaoImpl.doUpdate(UserDaoImpl.java:81) - Object param:30
[2022-06-08 14:12:55.123] DEBUG UserDaoImpl.doUpdate(UserDaoImpl.java:81) - Object param:jamesol@paran.com
[2022-06-08 14:12:55.123] DEBUG UserDaoImpl.doUpdate(UserDaoImpl.java:81) - Object param:p31000
[2022-06-08 14:12:55.310] DEBUG UserDaoImpl.doUpdate(UserDaoImpl.java:85) - flag:1
[2022-06-08 14:12:55.310] DEBUG UserDaoImpl.doSelectOne(UserDaoImpl.java:240) - ==============================
[2022-06-08 14:12:55.310] DEBUG UserDaoImpl.doSelectOne(UserDaoImpl.java:241) - param:UserVO [uId=p31, name=이상무31, passwd=4321, level=BASIC, login=49, recommend=0, email=jamesol@paran.com, regDt=날짜_사용않함, toString()=com.pcwk.ehr.UserVO@5ab14cb9]
[2022-06-08 14:12:55.310] DEBUG UserDaoImpl.doSelectOne(UserDaoImpl.java:242) - sql:
 SELECT u_id,        
        name,        
        passwd,      
        u_level,     
        login,	    
        recommend,	
        email,		
        TO_CHAR(reg_dt,'yyyy-mm-dd hh24:mi:ss') AS reg_dt		
 FROM  hr_member  
 WHERE u_id = ?   

[2022-06-08 14:12:55.310] DEBUG UserDaoImpl.doSelectOne(UserDaoImpl.java:243) - ==============================
[2022-06-08 14:12:55.311] DEBUG UserDaoImpl.doSelectOne(UserDaoImpl.java:246) - Object param:p31
[2022-06-08 14:12:55.517] DEBUG UserDaoImpl.doSelectOne(UserDaoImpl.java:249) - ==============================
[2022-06-08 14:12:55.518] DEBUG UserDaoImpl.doSelectOne(UserDaoImpl.java:250) - outVO=UserVO [uId=p31, name=이상무31, passwd=4321, level=BASIC, login=49, recommend=0, email=jamesol@paran.com, regDt=2022-06-08 14:12:53, toString()=com.pcwk.ehr.UserVO@7876d598]
[2022-06-08 14:12:55.518] DEBUG UserDaoImpl.doSelectOne(UserDaoImpl.java:251) - ==============================
[2022-06-08 14:12:55.518] DEBUG UserDaoImpl.doSelectOne(UserDaoImpl.java:259) - ==============================
[2022-06-08 14:12:55.518] DEBUG UserDaoImpl.doSelectOne(UserDaoImpl.java:260) - outVO=UserVO [uId=p31, name=이상무31, passwd=4321, level=BASIC, login=49, recommend=0, email=jamesol@paran.com, regDt=2022-06-08 14:12:53, toString()=com.pcwk.ehr.UserVO@7876d598]
[2022-06-08 14:12:55.518] DEBUG UserDaoImpl.doSelectOne(UserDaoImpl.java:261) - ==============================
[2022-06-08 14:12:55.518] DEBUG UserDaoImpl.doSelectOne(UserDaoImpl.java:240) - ==============================
[2022-06-08 14:12:55.519] DEBUG UserDaoImpl.doSelectOne(UserDaoImpl.java:241) - param:UserVO [uId=p310, name=이상무310, passwd=4321, level=BASIC, login=50, recommend=10, email=jamesol@paran.com, regDt=날짜_사용않함, toString()=com.pcwk.ehr.UserVO@61861a29]
[2022-06-08 14:12:55.519] DEBUG UserDaoImpl.doSelectOne(UserDaoImpl.java:242) - sql:
 SELECT u_id,        
        name,        
        passwd,      
        u_level,     
        login,	    
        recommend,	
        email,		
        TO_CHAR(reg_dt,'yyyy-mm-dd hh24:mi:ss') AS reg_dt		
 FROM  hr_member  
 WHERE u_id = ?   

[2022-06-08 14:12:55.519] DEBUG UserDaoImpl.doSelectOne(UserDaoImpl.java:243) - ==============================
[2022-06-08 14:12:55.519] DEBUG UserDaoImpl.doSelectOne(UserDaoImpl.java:246) - Object param:p310
[2022-06-08 14:12:55.737] DEBUG UserDaoImpl.doSelectOne(UserDaoImpl.java:249) - ==============================
[2022-06-08 14:12:55.737] DEBUG UserDaoImpl.doSelectOne(UserDaoImpl.java:250) - outVO=UserVO [uId=p310, name=이상무310, passwd=4321, level=SILVER, login=50, recommend=10, email=jamesol@paran.com, regDt=2022-06-08 14:12:55, toString()=com.pcwk.ehr.UserVO@71104a4]
[2022-06-08 14:12:55.737] DEBUG UserDaoImpl.doSelectOne(UserDaoImpl.java:251) - ==============================
[2022-06-08 14:12:55.737] DEBUG UserDaoImpl.doSelectOne(UserDaoImpl.java:259) - ==============================
[2022-06-08 14:12:55.737] DEBUG UserDaoImpl.doSelectOne(UserDaoImpl.java:260) - outVO=UserVO [uId=p310, name=이상무310, passwd=4321, level=SILVER, login=50, recommend=10, email=jamesol@paran.com, regDt=2022-06-08 14:12:55, toString()=com.pcwk.ehr.UserVO@71104a4]
[2022-06-08 14:12:55.737] DEBUG UserDaoImpl.doSelectOne(UserDaoImpl.java:261) - ==============================
[2022-06-08 14:12:55.737] DEBUG JunitUserServiceTest.checkLevel(JunitUserServiceTest.java:158) - SILVER===SILVER
[2022-06-08 14:12:55.738] DEBUG UserDaoImpl.doSelectOne(UserDaoImpl.java:240) - ==============================
[2022-06-08 14:12:55.738] DEBUG UserDaoImpl.doSelectOne(UserDaoImpl.java:241) - param:UserVO [uId=p3100, name=이상무3100, passwd=4321, level=SILVER, login=51, recommend=29, email=jamesol@paran.com, regDt=날짜_사용않함, toString()=com.pcwk.ehr.UserVO@32cb636e]
[2022-06-08 14:12:55.738] DEBUG UserDaoImpl.doSelectOne(UserDaoImpl.java:242) - sql:
 SELECT u_id,        
        name,        
        passwd,      
        u_level,     
        login,	    
        recommend,	
        email,		
        TO_CHAR(reg_dt,'yyyy-mm-dd hh24:mi:ss') AS reg_dt		
 FROM  hr_member  
 WHERE u_id = ?   

[2022-06-08 14:12:55.738] DEBUG UserDaoImpl.doSelectOne(UserDaoImpl.java:243) - ==============================
[2022-06-08 14:12:55.738] DEBUG UserDaoImpl.doSelectOne(UserDaoImpl.java:246) - Object param:p3100
[2022-06-08 14:12:55.985] DEBUG UserDaoImpl.doSelectOne(UserDaoImpl.java:249) - ==============================
[2022-06-08 14:12:55.986] DEBUG UserDaoImpl.doSelectOne(UserDaoImpl.java:250) - outVO=UserVO [uId=p3100, name=이상무3100, passwd=4321, level=SILVER, login=51, recommend=29, email=jamesol@paran.com, regDt=2022-06-08 14:12:54, toString()=com.pcwk.ehr.UserVO@3c9168dc]
[2022-06-08 14:12:55.986] DEBUG UserDaoImpl.doSelectOne(UserDaoImpl.java:251) - ==============================
[2022-06-08 14:12:55.986] DEBUG UserDaoImpl.doSelectOne(UserDaoImpl.java:259) - ==============================
[2022-06-08 14:12:55.986] DEBUG UserDaoImpl.doSelectOne(UserDaoImpl.java:260) - outVO=UserVO [uId=p3100, name=이상무3100, passwd=4321, level=SILVER, login=51, recommend=29, email=jamesol@paran.com, regDt=2022-06-08 14:12:54, toString()=com.pcwk.ehr.UserVO@3c9168dc]
[2022-06-08 14:12:55.986] DEBUG UserDaoImpl.doSelectOne(UserDaoImpl.java:261) - ==============================
[2022-06-08 14:12:55.986] DEBUG UserDaoImpl.doSelectOne(UserDaoImpl.java:240) - ==============================
[2022-06-08 14:12:55.986] DEBUG UserDaoImpl.doSelectOne(UserDaoImpl.java:241) - param:UserVO [uId=p31000, name=이상무31000, passwd=4321, level=SILVER, login=51, recommend=30, email=jamesol@paran.com, regDt=날짜_사용않함, toString()=com.pcwk.ehr.UserVO@6a1d204a]
[2022-06-08 14:12:55.986] DEBUG UserDaoImpl.doSelectOne(UserDaoImpl.java:242) - sql:
 SELECT u_id,        
        name,        
        passwd,      
        u_level,     
        login,	    
        recommend,	
        email,		
        TO_CHAR(reg_dt,'yyyy-mm-dd hh24:mi:ss') AS reg_dt		
 FROM  hr_member  
 WHERE u_id = ?   

[2022-06-08 14:12:55.986] DEBUG UserDaoImpl.doSelectOne(UserDaoImpl.java:243) - ==============================
[2022-06-08 14:12:55.986] DEBUG UserDaoImpl.doSelectOne(UserDaoImpl.java:246) - Object param:p31000
[2022-06-08 14:12:56.208] DEBUG UserDaoImpl.doSelectOne(UserDaoImpl.java:249) - ==============================
[2022-06-08 14:12:56.208] DEBUG UserDaoImpl.doSelectOne(UserDaoImpl.java:250) - outVO=UserVO [uId=p31000, name=이상무31000, passwd=4321, level=GOLD, login=51, recommend=30, email=jamesol@paran.com, regDt=2022-06-08 14:12:55, toString()=com.pcwk.ehr.UserVO@54361a9]
[2022-06-08 14:12:56.208] DEBUG UserDaoImpl.doSelectOne(UserDaoImpl.java:251) - ==============================
[2022-06-08 14:12:56.208] DEBUG UserDaoImpl.doSelectOne(UserDaoImpl.java:259) - ==============================
[2022-06-08 14:12:56.208] DEBUG UserDaoImpl.doSelectOne(UserDaoImpl.java:260) - outVO=UserVO [uId=p31000, name=이상무31000, passwd=4321, level=GOLD, login=51, recommend=30, email=jamesol@paran.com, regDt=2022-06-08 14:12:55, toString()=com.pcwk.ehr.UserVO@54361a9]
[2022-06-08 14:12:56.208] DEBUG UserDaoImpl.doSelectOne(UserDaoImpl.java:261) - ==============================
[2022-06-08 14:12:56.209] DEBUG JunitUserServiceTest.checkLevel(JunitUserServiceTest.java:158) - GOLD===GOLD
[2022-06-08 14:12:56.209] DEBUG UserDaoImpl.doSelectOne(UserDaoImpl.java:240) - ==============================
[2022-06-08 14:12:56.209] DEBUG UserDaoImpl.doSelectOne(UserDaoImpl.java:241) - param:UserVO [uId=p310000, name=이상무310000, passwd=4321, level=GOLD, login=52, recommend=31, email=jamesol@paran.com, regDt=날짜_사용않함, toString()=com.pcwk.ehr.UserVO@6fff253c]
[2022-06-08 14:12:56.209] DEBUG UserDaoImpl.doSelectOne(UserDaoImpl.java:242) - sql:
 SELECT u_id,        
        name,        
        passwd,      
        u_level,     
        login,	    
        recommend,	
        email,		
        TO_CHAR(reg_dt,'yyyy-mm-dd hh24:mi:ss') AS reg_dt		
 FROM  hr_member  
 WHERE u_id = ?   

[2022-06-08 14:12:56.209] DEBUG UserDaoImpl.doSelectOne(UserDaoImpl.java:243) - ==============================
[2022-06-08 14:12:56.209] DEBUG UserDaoImpl.doSelectOne(UserDaoImpl.java:246) - Object param:p310000
[2022-06-08 14:12:56.394] DEBUG UserDaoImpl.doSelectOne(UserDaoImpl.java:249) - ==============================
[2022-06-08 14:12:56.395] DEBUG UserDaoImpl.doSelectOne(UserDaoImpl.java:250) - outVO=UserVO [uId=p310000, name=이상무310000, passwd=4321, level=GOLD, login=52, recommend=31, email=jamesol@paran.com, regDt=2022-06-08 14:12:54, toString()=com.pcwk.ehr.UserVO@37ebc9d8]
[2022-06-08 14:12:56.395] DEBUG UserDaoImpl.doSelectOne(UserDaoImpl.java:251) - ==============================
[2022-06-08 14:12:56.395] DEBUG UserDaoImpl.doSelectOne(UserDaoImpl.java:259) - ==============================
[2022-06-08 14:12:56.395] DEBUG UserDaoImpl.doSelectOne(UserDaoImpl.java:260) - outVO=UserVO [uId=p310000, name=이상무310000, passwd=4321, level=GOLD, login=52, recommend=31, email=jamesol@paran.com, regDt=2022-06-08 14:12:54, toString()=com.pcwk.ehr.UserVO@37ebc9d8]
[2022-06-08 14:12:56.395] DEBUG UserDaoImpl.doSelectOne(UserDaoImpl.java:261) - ==============================
