[2022-06-02 12:17:17.532] INFO  AbstractTestContextBootstrapper.getDefaultTestExecutionListenerClassNames(AbstractTestContextBootstrapper.java:245) - Loaded default TestExecutionListener class names from location [META-INF/spring.factories]: [org.springframework.test.context.web.ServletTestExecutionListener, org.springframework.test.context.support.DirtiesContextBeforeModesTestExecutionListener, org.springframework.test.context.event.ApplicationEventsTestExecutionListener, org.springframework.test.context.support.DependencyInjectionTestExecutionListener, org.springframework.test.context.support.DirtiesContextTestExecutionListener, org.springframework.test.context.transaction.TransactionalTestExecutionListener, org.springframework.test.context.jdbc.SqlScriptsTestExecutionListener, org.springframework.test.context.event.EventPublishingTestExecutionListener]
[2022-06-02 12:17:17.542] INFO  AbstractTestContextBootstrapper.getTestExecutionListeners(AbstractTestContextBootstrapper.java:174) - Using TestExecutionListeners: [org.springframework.test.context.support.DirtiesContextBeforeModesTestExecutionListener@1a677343, org.springframework.test.context.event.ApplicationEventsTestExecutionListener@15de0b3c, org.springframework.test.context.support.DependencyInjectionTestExecutionListener@489115ef, org.springframework.test.context.support.DirtiesContextTestExecutionListener@3857f613, org.springframework.test.context.transaction.TransactionalTestExecutionListener@198b6731, org.springframework.test.context.jdbc.SqlScriptsTestExecutionListener@7c6908d7, org.springframework.test.context.event.EventPublishingTestExecutionListener@3c9754d8]
[2022-06-02 12:17:17.708] DEBUG SonySpeaker.<init>(SonySpeaker.java:11) - 쏘니 스피커 생성자 호출
[2022-06-02 12:17:17.723] DEBUG SamsungTV.<init>(SamsungTV.java:28) - 삼성TV 인자 2개 생성자 호출!
[2022-06-02 12:17:17.723] DEBUG SamsungTV.<init>(SamsungTV.java:29) - price : 2000000
[2022-06-02 12:17:17.724] DEBUG SamsungTV.initMethod(SamsungTV.java:34) - 삼성TV initMethod()
[2022-06-02 12:17:17.752] DEBUG JTvPcwk.setUp(JTvPcwk.java:29) - =================
[2022-06-02 12:17:17.752] DEBUG JTvPcwk.setUp(JTvPcwk.java:30) - =0. setUp()=
[2022-06-02 12:17:17.752] DEBUG JTvPcwk.setUp(JTvPcwk.java:31) - =================
[2022-06-02 12:17:17.755] DEBUG JTvPcwk.setUp(JTvPcwk.java:35) - =context=org.springframework.context.support.GenericApplicationContext@ed7f8b4, started on Thu Jun 02 12:17:17 KST 2022
[2022-06-02 12:17:17.755] DEBUG JTvPcwk.setUp(JTvPcwk.java:36) - =tv01=com.pcwk.ehr.SamsungTV@147e2ae7
[2022-06-02 12:17:17.755] DEBUG JTvPcwk.setUp(JTvPcwk.java:37) - =tv02=com.pcwk.ehr.SamsungTV@147e2ae7
[2022-06-02 12:17:17.755] DEBUG JTvPcwk.tvTest(JTvPcwk.java:53) - =================
[2022-06-02 12:17:17.756] DEBUG JTvPcwk.tvTest(JTvPcwk.java:54) - =tvTest()=
[2022-06-02 12:17:17.756] DEBUG JTvPcwk.tvTest(JTvPcwk.java:55) - =================
[2022-06-02 12:17:17.756] DEBUG SamsungTV.powerOn(SamsungTV.java:45) - 삼성TV 전원을 켠다.
[2022-06-02 12:17:17.756] DEBUG SonySpeaker.volumeUp(SonySpeaker.java:14) - 쏘니 스피커 volumeUp 호출
[2022-06-02 12:17:17.756] DEBUG SonySpeaker.volumeDown(SonySpeaker.java:17) - 쏘니 스피커 volumeDown 호출
[2022-06-02 12:17:17.756] DEBUG SamsungTV.powerOff(SamsungTV.java:50) - 삼성TV 전원을 끈다.
[2022-06-02 12:17:17.757] DEBUG JTvPcwk.tearDown(JTvPcwk.java:46) - =================
[2022-06-02 12:17:17.757] DEBUG JTvPcwk.tearDown(JTvPcwk.java:47) - =9. tearDown()=
[2022-06-02 12:17:17.757] DEBUG JTvPcwk.tearDown(JTvPcwk.java:48) - =================
[2022-06-02 12:17:17.760] DEBUG SamsungTV.destroyMethod(SamsungTV.java:40) - 삼성TV destroyMethod()
[2022-06-02 12:25:24.160] INFO  AbstractTestContextBootstrapper.getDefaultTestExecutionListenerClassNames(AbstractTestContextBootstrapper.java:245) - Loaded default TestExecutionListener class names from location [META-INF/spring.factories]: [org.springframework.test.context.web.ServletTestExecutionListener, org.springframework.test.context.support.DirtiesContextBeforeModesTestExecutionListener, org.springframework.test.context.event.ApplicationEventsTestExecutionListener, org.springframework.test.context.support.DependencyInjectionTestExecutionListener, org.springframework.test.context.support.DirtiesContextTestExecutionListener, org.springframework.test.context.transaction.TransactionalTestExecutionListener, org.springframework.test.context.jdbc.SqlScriptsTestExecutionListener, org.springframework.test.context.event.EventPublishingTestExecutionListener]
[2022-06-02 12:25:24.169] INFO  AbstractTestContextBootstrapper.getTestExecutionListeners(AbstractTestContextBootstrapper.java:174) - Using TestExecutionListeners: [org.springframework.test.context.support.DirtiesContextBeforeModesTestExecutionListener@1a677343, org.springframework.test.context.event.ApplicationEventsTestExecutionListener@15de0b3c, org.springframework.test.context.support.DependencyInjectionTestExecutionListener@489115ef, org.springframework.test.context.support.DirtiesContextTestExecutionListener@3857f613, org.springframework.test.context.transaction.TransactionalTestExecutionListener@198b6731, org.springframework.test.context.jdbc.SqlScriptsTestExecutionListener@7c6908d7, org.springframework.test.context.event.EventPublishingTestExecutionListener@3c9754d8]
[2022-06-02 12:25:24.314] DEBUG SonySpeaker.<init>(SonySpeaker.java:11) - 쏘니 스피커 생성자 호출
[2022-06-02 12:25:24.329] DEBUG SamsungTV.<init>(SamsungTV.java:28) - 삼성TV 인자 2개 생성자 호출!
[2022-06-02 12:25:24.329] DEBUG SamsungTV.<init>(SamsungTV.java:29) - price : 2000000
[2022-06-02 12:25:24.330] DEBUG SamsungTV.initMethod(SamsungTV.java:34) - 삼성TV initMethod()
[2022-06-02 12:25:24.355] DEBUG JTvPcwk.setUp(JTvPcwk.java:29) - =================
[2022-06-02 12:25:24.355] DEBUG JTvPcwk.setUp(JTvPcwk.java:30) - =0. setUp()=
[2022-06-02 12:25:24.355] DEBUG JTvPcwk.setUp(JTvPcwk.java:31) - =================
[2022-06-02 12:25:24.357] DEBUG JTvPcwk.setUp(JTvPcwk.java:35) - =context=org.springframework.context.support.GenericApplicationContext@ed7f8b4, started on Thu Jun 02 12:25:24 KST 2022
[2022-06-02 12:25:24.357] DEBUG JTvPcwk.setUp(JTvPcwk.java:36) - =tv01=com.pcwk.ehr.SamsungTV@15d49048
[2022-06-02 12:25:24.357] DEBUG JTvPcwk.setUp(JTvPcwk.java:37) - =tv02=com.pcwk.ehr.SamsungTV@15d49048
[2022-06-02 12:25:24.358] DEBUG JTvPcwk.tvTest(JTvPcwk.java:53) - =================
[2022-06-02 12:25:24.358] DEBUG JTvPcwk.tvTest(JTvPcwk.java:54) - =tvTest()=
[2022-06-02 12:25:24.358] DEBUG JTvPcwk.tvTest(JTvPcwk.java:55) - =================
[2022-06-02 12:25:24.358] DEBUG SamsungTV.powerOn(SamsungTV.java:45) - 삼성TV 전원을 켠다.
[2022-06-02 12:25:24.358] DEBUG SonySpeaker.volumeUp(SonySpeaker.java:15) - 쏘니 스피커 volumeUp 호출
[2022-06-02 12:25:24.358] DEBUG SonySpeaker.volumeDown(SonySpeaker.java:19) - 쏘니 스피커 volumeDown 호출
[2022-06-02 12:25:24.358] DEBUG SamsungTV.powerOff(SamsungTV.java:50) - 삼성TV 전원을 끈다.
[2022-06-02 12:25:24.360] DEBUG JTvPcwk.tearDown(JTvPcwk.java:46) - =================
[2022-06-02 12:25:24.360] DEBUG JTvPcwk.tearDown(JTvPcwk.java:47) - =9. tearDown()=
[2022-06-02 12:25:24.360] DEBUG JTvPcwk.tearDown(JTvPcwk.java:48) - =================
[2022-06-02 12:25:24.365] DEBUG SamsungTV.destroyMethod(SamsungTV.java:40) - 삼성TV destroyMethod()
[2022-06-02 12:25:41.112] INFO  AbstractTestContextBootstrapper.getDefaultTestExecutionListenerClassNames(AbstractTestContextBootstrapper.java:245) - Loaded default TestExecutionListener class names from location [META-INF/spring.factories]: [org.springframework.test.context.web.ServletTestExecutionListener, org.springframework.test.context.support.DirtiesContextBeforeModesTestExecutionListener, org.springframework.test.context.event.ApplicationEventsTestExecutionListener, org.springframework.test.context.support.DependencyInjectionTestExecutionListener, org.springframework.test.context.support.DirtiesContextTestExecutionListener, org.springframework.test.context.transaction.TransactionalTestExecutionListener, org.springframework.test.context.jdbc.SqlScriptsTestExecutionListener, org.springframework.test.context.event.EventPublishingTestExecutionListener]
[2022-06-02 12:25:41.121] INFO  AbstractTestContextBootstrapper.getTestExecutionListeners(AbstractTestContextBootstrapper.java:174) - Using TestExecutionListeners: [org.springframework.test.context.support.DirtiesContextBeforeModesTestExecutionListener@1a677343, org.springframework.test.context.event.ApplicationEventsTestExecutionListener@15de0b3c, org.springframework.test.context.support.DependencyInjectionTestExecutionListener@489115ef, org.springframework.test.context.support.DirtiesContextTestExecutionListener@3857f613, org.springframework.test.context.transaction.TransactionalTestExecutionListener@198b6731, org.springframework.test.context.jdbc.SqlScriptsTestExecutionListener@7c6908d7, org.springframework.test.context.event.EventPublishingTestExecutionListener@3c9754d8]
[2022-06-02 12:25:41.268] DEBUG SonySpeaker.<init>(SonySpeaker.java:11) - 쏘니 스피커 생성자 호출
[2022-06-02 12:25:41.284] DEBUG SamsungTV.<init>(SamsungTV.java:28) - 삼성TV 인자 2개 생성자 호출!
[2022-06-02 12:25:41.284] DEBUG SamsungTV.<init>(SamsungTV.java:29) - price : 2000000
[2022-06-02 12:25:41.285] DEBUG SamsungTV.initMethod(SamsungTV.java:34) - 삼성TV initMethod()
[2022-06-02 12:25:41.309] DEBUG JTvPcwk.setUp(JTvPcwk.java:29) - =================
[2022-06-02 12:25:41.309] DEBUG JTvPcwk.setUp(JTvPcwk.java:30) - =0. setUp()=
[2022-06-02 12:25:41.309] DEBUG JTvPcwk.setUp(JTvPcwk.java:31) - =================
[2022-06-02 12:25:41.311] DEBUG JTvPcwk.setUp(JTvPcwk.java:35) - =context=org.springframework.context.support.GenericApplicationContext@ed7f8b4, started on Thu Jun 02 12:25:41 KST 2022
[2022-06-02 12:25:41.311] DEBUG JTvPcwk.setUp(JTvPcwk.java:36) - =tv01=com.pcwk.ehr.SamsungTV@15d49048
[2022-06-02 12:25:41.311] DEBUG JTvPcwk.setUp(JTvPcwk.java:37) - =tv02=com.pcwk.ehr.SamsungTV@15d49048
[2022-06-02 12:25:41.311] DEBUG JTvPcwk.tvTest(JTvPcwk.java:53) - =================
[2022-06-02 12:25:41.311] DEBUG JTvPcwk.tvTest(JTvPcwk.java:54) - =tvTest()=
[2022-06-02 12:25:41.312] DEBUG JTvPcwk.tvTest(JTvPcwk.java:55) - =================
[2022-06-02 12:25:41.312] DEBUG SamsungTV.powerOn(SamsungTV.java:45) - 삼성TV 전원을 켠다.
[2022-06-02 12:25:41.312] DEBUG AppleSpeaker.volumeUp(AppleSpeaker.java:17) - Apple Speaker volumeUp() 호출
[2022-06-02 12:25:41.312] DEBUG AppleSpeaker.volumeDown(AppleSpeaker.java:22) - Apple Speaker volumeDown() 호출
[2022-06-02 12:25:41.312] DEBUG SamsungTV.powerOff(SamsungTV.java:50) - 삼성TV 전원을 끈다.
[2022-06-02 12:25:41.313] DEBUG JTvPcwk.tearDown(JTvPcwk.java:46) - =================
[2022-06-02 12:25:41.313] DEBUG JTvPcwk.tearDown(JTvPcwk.java:47) - =9. tearDown()=
[2022-06-02 12:25:41.313] DEBUG JTvPcwk.tearDown(JTvPcwk.java:48) - =================
[2022-06-02 12:25:41.316] DEBUG SamsungTV.destroyMethod(SamsungTV.java:40) - 삼성TV destroyMethod()
