[2022-06-10 10:11:04.933] DEBUG DataSourceUtils.doGetConnection(DataSourceUtils.java:116) - Fetching JDBC Connection from DataSource
[2022-06-10 10:11:04.942] DEBUG SimpleDriverDataSource.getConnectionFromDriver(SimpleDriverDataSource.java:142) - Creating new JDBC Driver Connection to [jdbc:oracle:thin:@192.168.3.101:1521:xe]
[2022-06-10 10:11:04.979] DEBUG UserDaoImpl.doInsert(UserDaoImpl.java:186) - flag : 1
[2022-06-10 10:11:04.979] DEBUG UserDaoImpl.doInsert(UserDaoImpl.java:173) - ============================
[2022-06-10 10:11:04.980] DEBUG UserDaoImpl.doInsert(UserDaoImpl.java:174) - param:UserVO [uId=p030000, name=김병완040000, passwd=4444, level=GOLD, login=52, recommend=31, email=rlaqod93@naver.com, regDt=날짜_사용안함, toString()=com.pcwk.ehr.UserVO@64a8c844]
[2022-06-10 10:11:04.980] DEBUG UserDaoImpl.doInsert(UserDaoImpl.java:175) - sql:
 INSERT INTO hr_member (   
 	        u_id,         
 	        name,         
 	        passwd,       
             u_level,      
             login,        
             recommend,    
             email,        
             reg_dt        
 ) VALUES (                
 	?,                    
 	?,                    
 	?,                    
 	?,                    
 	?,                    
 	?,                    
 	?,                    
 	SYSDATE               
 )                         

[2022-06-10 10:11:04.980] DEBUG UserDaoImpl.doInsert(UserDaoImpl.java:176) - ============================
[2022-06-10 10:11:04.980] DEBUG UserDaoImpl.doInsert(UserDaoImpl.java:182) - Object param : p030000
[2022-06-10 10:11:04.981] DEBUG UserDaoImpl.doInsert(UserDaoImpl.java:182) - Object param : 김병완040000
[2022-06-10 10:11:04.981] DEBUG UserDaoImpl.doInsert(UserDaoImpl.java:182) - Object param : 4444
[2022-06-10 10:11:04.981] DEBUG UserDaoImpl.doInsert(UserDaoImpl.java:182) - Object param : 3
[2022-06-10 10:11:04.981] DEBUG UserDaoImpl.doInsert(UserDaoImpl.java:182) - Object param : 52
[2022-06-10 10:11:04.981] DEBUG UserDaoImpl.doInsert(UserDaoImpl.java:182) - Object param : 31
[2022-06-10 10:11:04.981] DEBUG UserDaoImpl.doInsert(UserDaoImpl.java:182) - Object param : rlaqod93@naver.com
[2022-06-10 10:11:04.981] DEBUG JdbcTemplate.update(JdbcTemplate.java:958) - Executing prepared SQL update
[2022-06-10 10:11:04.981] DEBUG JdbcTemplate.execute(JdbcTemplate.java:643) - Executing prepared SQL statement [ INSERT INTO hr_member (   
 	        u_id,         
 	        name,         
 	        passwd,       
             u_level,      
             login,        
             recommend,    
             email,        
             reg_dt        
 ) VALUES (                
 	?,                    
 	?,                    
 	?,                    
 	?,                    
 	?,                    
 	?,                    
 	?,                    
 	SYSDATE               
 )                         
]
[2022-06-10 10:11:04.982] DEBUG DataSourceUtils.doGetConnection(DataSourceUtils.java:116) - Fetching JDBC Connection from DataSource
[2022-06-10 10:11:04.982] DEBUG SimpleDriverDataSource.getConnectionFromDriver(SimpleDriverDataSource.java:142) - Creating new JDBC Driver Connection to [jdbc:oracle:thin:@192.168.3.101:1521:xe]
[2022-06-10 10:11:05.018] DEBUG UserDaoImpl.doInsert(UserDaoImpl.java:186) - flag : 1
[2022-06-10 10:11:05.018] DEBUG UserDaoImpl.getCount(UserDaoImpl.java:127) - ============================
[2022-06-10 10:11:05.019] DEBUG UserDaoImpl.getCount(UserDaoImpl.java:128) - param:UserVO [uId=p03, name=김병완04, passwd=4444, level=BASIC, login=49, recommend=0, email=rlaqod93@naver.com, regDt=날짜_사용안함, toString()=com.pcwk.ehr.UserVO@35399441]
[2022-06-10 10:11:05.019] DEBUG UserDaoImpl.getCount(UserDaoImpl.java:129) - sql:
SELECT COUNT(*) AS cnt   
FROM hr_member           
WHERE u_id LIKE ? || '%' 

[2022-06-10 10:11:05.019] DEBUG UserDaoImpl.getCount(UserDaoImpl.java:130) - ============================
[2022-06-10 10:11:05.019] DEBUG UserDaoImpl.getCount(UserDaoImpl.java:132) - Object param:p03
[2022-06-10 10:11:05.019] DEBUG JdbcTemplate.query(JdbcTemplate.java:711) - Executing prepared SQL query
[2022-06-10 10:11:05.019] DEBUG JdbcTemplate.execute(JdbcTemplate.java:643) - Executing prepared SQL statement [SELECT COUNT(*) AS cnt   
FROM hr_member           
WHERE u_id LIKE ? || '%' 
]
[2022-06-10 10:11:05.019] DEBUG DataSourceUtils.doGetConnection(DataSourceUtils.java:116) - Fetching JDBC Connection from DataSource
[2022-06-10 10:11:05.019] DEBUG SimpleDriverDataSource.getConnectionFromDriver(SimpleDriverDataSource.java:142) - Creating new JDBC Driver Connection to [jdbc:oracle:thin:@192.168.3.101:1521:xe]
[2022-06-10 10:11:05.056] DEBUG UserDaoImpl.getCount(UserDaoImpl.java:135) - ============================
[2022-06-10 10:11:05.056] DEBUG UserDaoImpl.getCount(UserDaoImpl.java:136) - count=5
[2022-06-10 10:11:05.056] DEBUG UserDaoImpl.getCount(UserDaoImpl.java:137) - ============================
[2022-06-10 10:11:05.057] DEBUG AbstractPlatformTransactionManager.getTransaction(AbstractPlatformTransactionManager.java:370) - Creating new transaction with name [null]: PROPAGATION_REQUIRED,ISOLATION_DEFAULT
[2022-06-10 10:11:05.058] DEBUG SimpleDriverDataSource.getConnectionFromDriver(SimpleDriverDataSource.java:142) - Creating new JDBC Driver Connection to [jdbc:oracle:thin:@192.168.3.101:1521:xe]
[2022-06-10 10:11:05.094] DEBUG DataSourceTransactionManager.doBegin(DataSourceTransactionManager.java:267) - Acquired Connection [oracle.jdbc.driver.T4CConnection@40258c2f] for JDBC transaction
[2022-06-10 10:11:05.095] DEBUG DataSourceTransactionManager.doBegin(DataSourceTransactionManager.java:285) - Switching JDBC Connection [oracle.jdbc.driver.T4CConnection@40258c2f] to manual commit
[2022-06-10 10:11:05.095] DEBUG UserDaoImpl.getAll(UserDaoImpl.java:103) - ===========================
[2022-06-10 10:11:05.096] DEBUG UserDaoImpl.getAll(UserDaoImpl.java:104) - =param : UserVO [uId=p03, name=김병완04, passwd=4444, level=BASIC, login=49, recommend=0, email=rlaqod93@naver.com, regDt=날짜_사용안함, toString()=com.pcwk.ehr.UserVO@35399441]
[2022-06-10 10:11:05.096] DEBUG UserDaoImpl.getAll(UserDaoImpl.java:105) - =sql :
SELECT u_id,      
       name,      
       passwd,    
       u_level,   
       login,     
       recommend, 
       email,     
       TO_CHAR(reg_dt, 'yyyy-mm-dd hh24:mi:ss') AS reg_dt 
FROM hr_member    
WHERE u_id LIKE ? || '%' 
ORDER BY u_id     

[2022-06-10 10:11:05.096] DEBUG UserDaoImpl.getAll(UserDaoImpl.java:106) - ===========================
[2022-06-10 10:11:05.096] DEBUG JdbcTemplate.query(JdbcTemplate.java:711) - Executing prepared SQL query
[2022-06-10 10:11:05.096] DEBUG JdbcTemplate.execute(JdbcTemplate.java:643) - Executing prepared SQL statement [SELECT u_id,      
       name,      
       passwd,    
       u_level,   
       login,     
       recommend, 
       email,     
       TO_CHAR(reg_dt, 'yyyy-mm-dd hh24:mi:ss') AS reg_dt 
FROM hr_member    
WHERE u_id LIKE ? || '%' 
ORDER BY u_id     
]
[2022-06-10 10:11:05.103] DEBUG UserDaoImpl.getAll(UserDaoImpl.java:112) - vo : UserVO [uId=p03, name=김병완04, passwd=4444, level=BASIC, login=49, recommend=0, email=rlaqod93@naver.com, regDt=2022-06-10 10:11:03, toString()=com.pcwk.ehr.UserVO@659eef7]
[2022-06-10 10:11:05.103] DEBUG UserDaoImpl.getAll(UserDaoImpl.java:112) - vo : UserVO [uId=p030, name=김병완040, passwd=4444, level=BASIC, login=50, recommend=10, email=rlaqod93@naver.com, regDt=2022-06-10 10:11:03, toString()=com.pcwk.ehr.UserVO@162be91c]
[2022-06-10 10:11:05.103] DEBUG UserDaoImpl.getAll(UserDaoImpl.java:112) - vo : UserVO [uId=p0300, name=김병완0400, passwd=4444, level=SILVER, login=51, recommend=29, email=rlaqod93@naver.com, regDt=2022-06-10 10:11:03, toString()=com.pcwk.ehr.UserVO@2488b073]
[2022-06-10 10:11:05.103] DEBUG UserDaoImpl.getAll(UserDaoImpl.java:112) - vo : UserVO [uId=p03000, name=김병완04000, passwd=4444, level=SILVER, login=51, recommend=30, email=rlaqod93@naver.com, regDt=2022-06-10 10:11:03, toString()=com.pcwk.ehr.UserVO@1c9f0a20]
[2022-06-10 10:11:05.103] DEBUG UserDaoImpl.getAll(UserDaoImpl.java:112) - vo : UserVO [uId=p030000, name=김병완040000, passwd=4444, level=GOLD, login=52, recommend=31, email=rlaqod93@naver.com, regDt=2022-06-10 10:11:03, toString()=com.pcwk.ehr.UserVO@55787112]
[2022-06-10 10:11:05.104] DEBUG UserDaoImpl.doUpdate(UserDaoImpl.java:71) - ============================
[2022-06-10 10:11:05.104] DEBUG UserDaoImpl.doUpdate(UserDaoImpl.java:72) - param:UserVO [uId=p030, name=김병완040, passwd=4444, level=SILVER, login=50, recommend=10, email=rlaqod93@naver.com, regDt=2022-06-10 10:11:03, toString()=com.pcwk.ehr.UserVO@162be91c]
[2022-06-10 10:11:05.104] DEBUG UserDaoImpl.doUpdate(UserDaoImpl.java:73) - sql:
UPDATE hr_member        
SET name      = ?,      
    passwd    = ?,      
    u_level   = ?,      
    login     = ?,      
    recommend = ?,      
    email     = ?,      
    reg_dt    = SYSDATE 
WHERE u_id    = ?       

[2022-06-10 10:11:05.104] DEBUG UserDaoImpl.doUpdate(UserDaoImpl.java:74) - ============================
[2022-06-10 10:11:05.104] DEBUG UserDaoImpl.doUpdate(UserDaoImpl.java:80) - Object param : 김병완040
[2022-06-10 10:11:05.104] DEBUG UserDaoImpl.doUpdate(UserDaoImpl.java:80) - Object param : 4444
[2022-06-10 10:11:05.104] DEBUG UserDaoImpl.doUpdate(UserDaoImpl.java:80) - Object param : 2
[2022-06-10 10:11:05.104] DEBUG UserDaoImpl.doUpdate(UserDaoImpl.java:80) - Object param : 50
[2022-06-10 10:11:05.104] DEBUG UserDaoImpl.doUpdate(UserDaoImpl.java:80) - Object param : 10
[2022-06-10 10:11:05.104] DEBUG UserDaoImpl.doUpdate(UserDaoImpl.java:80) - Object param : rlaqod93@naver.com
[2022-06-10 10:11:05.105] DEBUG UserDaoImpl.doUpdate(UserDaoImpl.java:80) - Object param : p030
[2022-06-10 10:11:05.105] DEBUG JdbcTemplate.update(JdbcTemplate.java:958) - Executing prepared SQL update
[2022-06-10 10:11:05.105] DEBUG JdbcTemplate.execute(JdbcTemplate.java:643) - Executing prepared SQL statement [UPDATE hr_member        
SET name      = ?,      
    passwd    = ?,      
    u_level   = ?,      
    login     = ?,      
    recommend = ?,      
    email     = ?,      
    reg_dt    = SYSDATE 
WHERE u_id    = ?       
]
[2022-06-10 10:11:05.106] DEBUG UserDaoImpl.doUpdate(UserDaoImpl.java:84) - flag : 1
[2022-06-10 10:11:05.106] DEBUG DummyMailSender.send(DummyMailSender.java:14) - ============================================
[2022-06-10 10:11:05.106] DEBUG DummyMailSender.send(DummyMailSender.java:15) - =개발에서는 메일이 발송되지 않습니다.=
[2022-06-10 10:11:05.106] DEBUG DummyMailSender.send(DummyMailSender.java:16) - ============================================
[2022-06-10 10:11:05.106] DEBUG TestUserService.upgradeLevel(TestUserService.java:34) - ===========================
[2022-06-10 10:11:05.106] DEBUG TestUserService.upgradeLevel(TestUserService.java:35) - =upgradeLevel=
[2022-06-10 10:11:05.106] DEBUG TestUserService.upgradeLevel(TestUserService.java:36) - ===========================
[2022-06-10 10:11:05.106] DEBUG TestUserServiceException.<init>(TestUserServiceException.java:15) - ===============================
[2022-06-10 10:11:05.107] DEBUG TestUserServiceException.<init>(TestUserServiceException.java:16) - =TestUserServiceException=TestUserServiceException : p03000
[2022-06-10 10:11:05.107] DEBUG TestUserServiceException.<init>(TestUserServiceException.java:17) - ===============================
[2022-06-10 10:11:05.107] DEBUG UserServiceImpl.upgradeLevels(UserServiceImpl.java:84) - ================
[2022-06-10 10:11:05.107] DEBUG UserServiceImpl.upgradeLevels(UserServiceImpl.java:85) - =rollback******=
[2022-06-10 10:11:05.107] DEBUG UserServiceImpl.upgradeLevels(UserServiceImpl.java:86) - ================
[2022-06-10 10:11:05.107] DEBUG AbstractPlatformTransactionManager.processRollback(AbstractPlatformTransactionManager.java:833) - Initiating transaction rollback
[2022-06-10 10:11:05.107] DEBUG DataSourceTransactionManager.doRollback(DataSourceTransactionManager.java:345) - Rolling back JDBC transaction on Connection [oracle.jdbc.driver.T4CConnection@40258c2f]
[2022-06-10 10:11:05.109] DEBUG DataSourceTransactionManager.doCleanupAfterCompletion(DataSourceTransactionManager.java:389) - Releasing JDBC Connection [oracle.jdbc.driver.T4CConnection@40258c2f] after transaction
[2022-06-10 10:11:05.110] DEBUG JUnitUserServiceTest.allOrNothing(JUnitUserServiceTest.java:128) - ===========================
[2022-06-10 10:11:05.110] DEBUG JUnitUserServiceTest.allOrNothing(JUnitUserServiceTest.java:129) - =allOrNothing Exception=TestUserServiceException : p03000
[2022-06-10 10:11:05.110] DEBUG JUnitUserServiceTest.allOrNothing(JUnitUserServiceTest.java:130) - ===========================
[2022-06-10 10:11:05.110] DEBUG UserDaoImpl.doSelectOne(UserDaoImpl.java:227) - ============================
[2022-06-10 10:11:05.110] DEBUG UserDaoImpl.doSelectOne(UserDaoImpl.java:228) - param:UserVO [uId=p030, name=김병완040, passwd=4444, level=BASIC, login=50, recommend=10, email=rlaqod93@naver.com, regDt=날짜_사용안함, toString()=com.pcwk.ehr.UserVO@52d239ba]
[2022-06-10 10:11:05.110] DEBUG UserDaoImpl.doSelectOne(UserDaoImpl.java:229) - sql:
SELECT u_id,     
       name,     
       passwd,    
       u_level,   
       login,     
       recommend, 
       email,     
       TO_CHAR(reg_dt, 'yyyy-mm-dd hh24:mi:ss') AS reg_dt 
FROM   hr_member 
WHERE  u_id = ?  

[2022-06-10 10:11:05.110] DEBUG UserDaoImpl.doSelectOne(UserDaoImpl.java:230) - ============================
[2022-06-10 10:11:05.110] DEBUG UserDaoImpl.doSelectOne(UserDaoImpl.java:233) - Object param:p030
[2022-06-10 10:11:05.110] DEBUG JdbcTemplate.query(JdbcTemplate.java:711) - Executing prepared SQL query
[2022-06-10 10:11:05.110] DEBUG JdbcTemplate.execute(JdbcTemplate.java:643) - Executing prepared SQL statement [SELECT u_id,     
       name,     
       passwd,    
       u_level,   
       login,     
       recommend, 
       email,     
       TO_CHAR(reg_dt, 'yyyy-mm-dd hh24:mi:ss') AS reg_dt 
FROM   hr_member 
WHERE  u_id = ?  
]
[2022-06-10 10:11:05.110] DEBUG DataSourceUtils.doGetConnection(DataSourceUtils.java:116) - Fetching JDBC Connection from DataSource
[2022-06-10 10:11:05.110] DEBUG SimpleDriverDataSource.getConnectionFromDriver(SimpleDriverDataSource.java:142) - Creating new JDBC Driver Connection to [jdbc:oracle:thin:@192.168.3.101:1521:xe]
[2022-06-10 10:11:05.156] DEBUG UserDaoImpl.doSelectOne(UserDaoImpl.java:242) - ============================
[2022-06-10 10:11:05.157] DEBUG UserDaoImpl.doSelectOne(UserDaoImpl.java:243) - outVO=UserVO [uId=p030, name=김병완040, passwd=4444, level=BASIC, login=50, recommend=10, email=rlaqod93@naver.com, regDt=2022-06-10 10:11:03, toString()=com.pcwk.ehr.UserVO@31e3250d]
[2022-06-10 10:11:05.157] DEBUG UserDaoImpl.doSelectOne(UserDaoImpl.java:244) - ============================
[2022-06-10 10:11:05.159] DEBUG DefaultCacheAwareContextLoaderDelegate.loadContext(DefaultCacheAwareContextLoaderDelegate.java:137) - Retrieved ApplicationContext [391877669] from cache with key [[MergedContextConfiguration@79d8407f testClass = JUnitUserServiceTest, locations = '{classpath:/applicationContext.xml}', classes = '{}', contextInitializerClasses = '[]', activeProfiles = '{}', propertySourceLocations = '{}', propertySourceProperties = '{}', contextCustomizers = set[[empty]], contextLoader = 'org.springframework.test.context.support.DelegatingSmartContextLoader', parent = [null]]]
[2022-06-10 10:11:05.159] DEBUG DefaultContextCache.logStatistics(DefaultContextCache.java:290) - Spring test ApplicationContext cache statistics: [DefaultContextCache@5d99c6b5 size = 1, maxSize = 32, parentContextCount = 0, hitCount = 4, missCount = 1]
[2022-06-10 10:11:05.161] DEBUG DefaultCacheAwareContextLoaderDelegate.loadContext(DefaultCacheAwareContextLoaderDelegate.java:137) - Retrieved ApplicationContext [391877669] from cache with key [[MergedContextConfiguration@79d8407f testClass = JUnitUserServiceTest, locations = '{classpath:/applicationContext.xml}', classes = '{}', contextInitializerClasses = '[]', activeProfiles = '{}', propertySourceLocations = '{}', propertySourceProperties = '{}', contextCustomizers = set[[empty]], contextLoader = 'org.springframework.test.context.support.DelegatingSmartContextLoader', parent = [null]]]
[2022-06-10 10:11:05.161] DEBUG DefaultContextCache.logStatistics(DefaultContextCache.java:290) - Spring test ApplicationContext cache statistics: [DefaultContextCache@5d99c6b5 size = 1, maxSize = 32, parentContextCount = 0, hitCount = 5, missCount = 1]
[2022-06-10 10:11:05.162] DEBUG AbstractDirtiesContextTestExecutionListener.beforeOrAfterTestMethod(AbstractDirtiesContextTestExecutionListener.java:108) - After test method: context [DefaultTestContext@3c3d9b6b testClass = JUnitUserServiceTest, testInstance = com.pcwk.ehr.JUnitUserServiceTest@7ee8290b, testMethod = allOrNothing@JUnitUserServiceTest, testException = [null], mergedContextConfiguration = [MergedContextConfiguration@79d8407f testClass = JUnitUserServiceTest, locations = '{classpath:/applicationContext.xml}', classes = '{}', contextInitializerClasses = '[]', activeProfiles = '{}', propertySourceLocations = '{}', propertySourceProperties = '{}', contextCustomizers = set[[empty]], contextLoader = 'org.springframework.test.context.support.DelegatingSmartContextLoader', parent = [null]], attributes = map['org.springframework.test.context.event.ApplicationEventsTestExecutionListener.recordApplicationEvents' -> false]], class annotated with @DirtiesContext [false] with mode [null], method annotated with @DirtiesContext [false] with mode [null].
[2022-06-10 10:11:05.163] DEBUG DefaultCacheAwareContextLoaderDelegate.loadContext(DefaultCacheAwareContextLoaderDelegate.java:137) - Retrieved ApplicationContext [391877669] from cache with key [[MergedContextConfiguration@79d8407f testClass = JUnitUserServiceTest, locations = '{classpath:/applicationContext.xml}', classes = '{}', contextInitializerClasses = '[]', activeProfiles = '{}', propertySourceLocations = '{}', propertySourceProperties = '{}', contextCustomizers = set[[empty]], contextLoader = 'org.springframework.test.context.support.DelegatingSmartContextLoader', parent = [null]]]
[2022-06-10 10:11:05.163] DEBUG DefaultContextCache.logStatistics(DefaultContextCache.java:290) - Spring test ApplicationContext cache statistics: [DefaultContextCache@5d99c6b5 size = 1, maxSize = 32, parentContextCount = 0, hitCount = 6, missCount = 1]
[2022-06-10 10:11:05.163] DEBUG AbstractDirtiesContextTestExecutionListener.beforeOrAfterTestClass(AbstractDirtiesContextTestExecutionListener.java:143) - After test class: context [DefaultTestContext@3c3d9b6b testClass = JUnitUserServiceTest, testInstance = [null], testMethod = [null], testException = [null], mergedContextConfiguration = [MergedContextConfiguration@79d8407f testClass = JUnitUserServiceTest, locations = '{classpath:/applicationContext.xml}', classes = '{}', contextInitializerClasses = '[]', activeProfiles = '{}', propertySourceLocations = '{}', propertySourceProperties = '{}', contextCustomizers = set[[empty]], contextLoader = 'org.springframework.test.context.support.DelegatingSmartContextLoader', parent = [null]], attributes = map['org.springframework.test.context.event.ApplicationEventsTestExecutionListener.recordApplicationEvents' -> false]], class annotated with @DirtiesContext [false] with mode [null].
[2022-06-10 10:11:05.164] DEBUG AbstractApplicationContext.doClose(AbstractApplicationContext.java:1049) - Closing org.springframework.context.support.GenericApplicationContext@175b9425, started on Fri Jun 10 10:11:03 KST 2022
