[2022-05-30 11:02:14.549] DEBUG UserDaoTest.<init>(UserDaoTest.java:27) - ==================================
[2022-05-30 11:02:14.554] DEBUG UserDaoTest.<init>(UserDaoTest.java:28) - =context=org.springframework.context.support.GenericXmlApplicationContext@2ed0fbae, started on Mon May 30 11:02:14 KST 2022
[2022-05-30 11:02:14.554] DEBUG UserDaoTest.<init>(UserDaoTest.java:29) - =dao=com.pcwk.ehr.UserDao@482bce4f
[2022-05-30 11:02:14.554] DEBUG UserDaoTest.<init>(UserDaoTest.java:30) - ==================================
[2022-05-30 11:02:14.951] DEBUG UserDao.add(UserDao.java:119) - ============================
[2022-05-30 11:02:14.951] DEBUG UserDao.add(UserDao.java:120) - param:UserVO [uId=p03, name=김동호, passwd=1130]
[2022-05-30 11:02:14.951] DEBUG UserDao.add(UserDao.java:121) - sql:
 INSERT INTO hr_member (    
 	    u_id,              
 	    name,              
 	    passwd             
 ) VALUES (                 
 	?,                     
 	?,                     
 	?                      
 )                          

[2022-05-30 11:02:14.952] DEBUG UserDao.add(UserDao.java:122) - ============================
[2022-05-30 11:02:15.009] DEBUG UserDao.add(UserDao.java:132) - flag:1
[2022-05-30 11:02:15.010] DEBUG UserDaoTest.add(UserDaoTest.java:53) - ==================
[2022-05-30 11:02:15.010] DEBUG UserDaoTest.add(UserDaoTest.java:54) - =성공=
[2022-05-30 11:02:15.010] DEBUG UserDaoTest.add(UserDaoTest.java:55) - ==================
[2022-05-30 11:02:15.067] DEBUG UserDao.get(UserDao.java:55) - ============================
[2022-05-30 11:02:15.067] DEBUG UserDao.get(UserDao.java:56) - param:UserVO [uId=p03, name=김동호, passwd=1130]
[2022-05-30 11:02:15.067] DEBUG UserDao.get(UserDao.java:57) - sql:
SELECT u_id,     
       name,     
       passwd    
FROM   hr_member 
WHERE  u_id = ?  

[2022-05-30 11:02:15.067] DEBUG UserDao.get(UserDao.java:58) - ============================
[2022-05-30 11:02:15.103] DEBUG UserDao.get(UserDao.java:72) - ============================
[2022-05-30 11:02:15.103] DEBUG UserDao.get(UserDao.java:73) - outVO=UserVO [uId=p03, name=김동호, passwd=1130]
[2022-05-30 11:02:15.103] DEBUG UserDao.get(UserDao.java:74) - ============================
[2022-05-30 11:02:15.105] DEBUG UserDaoTest.get(UserDaoTest.java:39) - ==================
[2022-05-30 11:02:15.105] DEBUG UserDaoTest.get(UserDaoTest.java:40) - =성공=
[2022-05-30 11:02:15.105] DEBUG UserDaoTest.get(UserDaoTest.java:41) - ==================
[2022-05-30 11:06:54.621] DEBUG JTest01.test(JTest01.java:15) - ============================
[2022-05-30 11:06:54.623] DEBUG JTest01.test(JTest01.java:16) - =test()=
[2022-05-30 11:06:54.623] DEBUG JTest01.test(JTest01.java:17) - ============================
[2022-05-30 11:25:50.506] DEBUG JTest01.test(JTest01.java:15) - ============================
[2022-05-30 11:25:50.508] DEBUG JTest01.test(JTest01.java:16) - =test()=
[2022-05-30 11:25:50.508] DEBUG JTest01.test(JTest01.java:17) - ============================
[2022-05-30 11:25:58.532] DEBUG JTest01.test02(JTest01.java:22) - ============================
[2022-05-30 11:25:58.533] DEBUG JTest01.test02(JTest01.java:23) - =test02()=
[2022-05-30 11:25:58.533] DEBUG JTest01.test02(JTest01.java:24) - ============================
[2022-05-30 11:25:58.533] DEBUG JTest01.test(JTest01.java:15) - ============================
[2022-05-30 11:25:58.533] DEBUG JTest01.test(JTest01.java:16) - =test()=
[2022-05-30 11:25:58.533] DEBUG JTest01.test(JTest01.java:17) - ============================
[2022-05-30 11:28:29.002] DEBUG JTest01.test02(JTest01.java:26) - ============================
[2022-05-30 11:28:29.004] DEBUG JTest01.test02(JTest01.java:27) - =test02()=
[2022-05-30 11:28:29.004] DEBUG JTest01.test02(JTest01.java:28) - ============================
[2022-05-30 11:28:29.005] DEBUG JTest01.test03(JTest01.java:33) - ============================
[2022-05-30 11:28:29.005] DEBUG JTest01.test03(JTest01.java:34) - =test03()=
[2022-05-30 11:28:29.005] DEBUG JTest01.test03(JTest01.java:35) - ============================
[2022-05-30 11:28:29.005] DEBUG JTest01.test(JTest01.java:15) - ============================
[2022-05-30 11:28:29.005] DEBUG JTest01.test(JTest01.java:16) - =test()=
[2022-05-30 11:28:29.006] DEBUG JTest01.test(JTest01.java:17) - ============================
[2022-05-30 11:36:00.596] DEBUG JUnitLifeCycle02.setUp(JUnitLifeCycle02.java:17) - ========================
[2022-05-30 11:36:00.598] DEBUG JUnitLifeCycle02.setUp(JUnitLifeCycle02.java:18) - =0.setUp()=
[2022-05-30 11:36:00.598] DEBUG JUnitLifeCycle02.setUp(JUnitLifeCycle02.java:19) - ========================
[2022-05-30 11:36:00.598] DEBUG JUnitLifeCycle02.test(JUnitLifeCycle02.java:31) - ========================
[2022-05-30 11:36:00.598] DEBUG JUnitLifeCycle02.test(JUnitLifeCycle02.java:32) - =1.test()=
[2022-05-30 11:36:00.598] DEBUG JUnitLifeCycle02.test(JUnitLifeCycle02.java:33) - ========================
[2022-05-30 11:36:00.598] DEBUG JUnitLifeCycle02.tearDown(JUnitLifeCycle02.java:24) - ========================
[2022-05-30 11:36:00.598] DEBUG JUnitLifeCycle02.tearDown(JUnitLifeCycle02.java:25) - =9.tearDown()=
[2022-05-30 11:36:00.599] DEBUG JUnitLifeCycle02.tearDown(JUnitLifeCycle02.java:26) - ========================
[2022-05-30 11:36:55.906] DEBUG JUnitLifeCycle02.setUp(JUnitLifeCycle02.java:17) - ========================
[2022-05-30 11:36:55.908] DEBUG JUnitLifeCycle02.setUp(JUnitLifeCycle02.java:18) - =0.setUp()=
[2022-05-30 11:36:55.908] DEBUG JUnitLifeCycle02.setUp(JUnitLifeCycle02.java:19) - ========================
[2022-05-30 11:36:55.908] DEBUG JUnitLifeCycle02.test02(JUnitLifeCycle02.java:38) - ========================
[2022-05-30 11:36:55.908] DEBUG JUnitLifeCycle02.test02(JUnitLifeCycle02.java:39) - =2.test02()=
[2022-05-30 11:36:55.908] DEBUG JUnitLifeCycle02.test02(JUnitLifeCycle02.java:40) - ========================
[2022-05-30 11:36:55.909] DEBUG JUnitLifeCycle02.tearDown(JUnitLifeCycle02.java:24) - ========================
[2022-05-30 11:36:55.909] DEBUG JUnitLifeCycle02.tearDown(JUnitLifeCycle02.java:25) - =9.tearDown()=
[2022-05-30 11:36:55.909] DEBUG JUnitLifeCycle02.tearDown(JUnitLifeCycle02.java:26) - ========================
[2022-05-30 11:36:55.910] DEBUG JUnitLifeCycle02.setUp(JUnitLifeCycle02.java:17) - ========================
[2022-05-30 11:36:55.910] DEBUG JUnitLifeCycle02.setUp(JUnitLifeCycle02.java:18) - =0.setUp()=
[2022-05-30 11:36:55.910] DEBUG JUnitLifeCycle02.setUp(JUnitLifeCycle02.java:19) - ========================
[2022-05-30 11:36:55.910] DEBUG JUnitLifeCycle02.test(JUnitLifeCycle02.java:31) - ========================
[2022-05-30 11:36:55.910] DEBUG JUnitLifeCycle02.test(JUnitLifeCycle02.java:32) - =1.test()=
[2022-05-30 11:36:55.910] DEBUG JUnitLifeCycle02.test(JUnitLifeCycle02.java:33) - ========================
[2022-05-30 11:36:55.910] DEBUG JUnitLifeCycle02.tearDown(JUnitLifeCycle02.java:24) - ========================
[2022-05-30 11:36:55.910] DEBUG JUnitLifeCycle02.tearDown(JUnitLifeCycle02.java:25) - =9.tearDown()=
[2022-05-30 11:36:55.911] DEBUG JUnitLifeCycle02.tearDown(JUnitLifeCycle02.java:26) - ========================
[2022-05-30 12:01:50.732] DEBUG JunitUserDao.setUp(JunitUserDao.java:27) - userVO : UserVO [uId=p03, name=김동호, passwd=0530]
[2022-05-30 12:01:50.736] DEBUG JunitUserDao.setUp(JunitUserDao.java:28) - context : org.springframework.context.support.GenericXmlApplicationContext@5be6e01c, started on Mon May 30 12:01:50 KST 2022
[2022-05-30 12:03:42.662] DEBUG JunitUserDao.setUp(JunitUserDao.java:27) - userVO : UserVO [uId=p03, name=김동호, passwd=0530]
[2022-05-30 12:03:42.665] DEBUG JunitUserDao.setUp(JunitUserDao.java:28) - context : org.springframework.context.support.GenericXmlApplicationContext@5be6e01c, started on Mon May 30 12:03:42 KST 2022
[2022-05-30 12:03:42.665] DEBUG JunitUserDao.test(JunitUserDao.java:37) - test()
[2022-05-30 12:04:01.391] DEBUG JunitUserDao.setUp(JunitUserDao.java:27) - userVO : UserVO [uId=p03, name=김동호, passwd=0530]
[2022-05-30 12:04:01.395] DEBUG JunitUserDao.setUp(JunitUserDao.java:28) - context : org.springframework.context.support.GenericXmlApplicationContext@5be6e01c, started on Mon May 30 12:04:01 KST 2022
[2022-05-30 12:04:01.395] DEBUG JunitUserDao.test(JunitUserDao.java:37) - test()
[2022-05-30 12:05:31.257] DEBUG JunitUserDao.setUp(JunitUserDao.java:27) - userVO : UserVO [uId=p03, name=김동호, passwd=0530]
[2022-05-30 12:05:31.260] DEBUG JunitUserDao.setUp(JunitUserDao.java:28) - context : org.springframework.context.support.GenericXmlApplicationContext@5be6e01c, started on Mon May 30 12:05:31 KST 2022
[2022-05-30 12:05:31.260] DEBUG JunitUserDao.test(JunitUserDao.java:40) - test()
[2022-05-30 12:05:31.261] DEBUG JunitUserDao.tearDown(JunitUserDao.java:33) - ==============================
[2022-05-30 12:05:31.261] DEBUG JunitUserDao.tearDown(JunitUserDao.java:34) - =tearDown()=
[2022-05-30 12:05:31.261] DEBUG JunitUserDao.tearDown(JunitUserDao.java:35) - ==============================
[2022-05-30 12:05:56.770] DEBUG JunitUserDao.setUp(JunitUserDao.java:24) - ==============================
[2022-05-30 12:05:56.772] DEBUG JunitUserDao.setUp(JunitUserDao.java:25) - =0.setUp()=
[2022-05-30 12:05:56.772] DEBUG JunitUserDao.setUp(JunitUserDao.java:26) - ==============================
[2022-05-30 12:05:56.968] DEBUG JunitUserDao.setUp(JunitUserDao.java:30) - userVO : UserVO [uId=p03, name=김동호, passwd=0530]
[2022-05-30 12:05:56.970] DEBUG JunitUserDao.setUp(JunitUserDao.java:31) - context : org.springframework.context.support.GenericXmlApplicationContext@3c419631, started on Mon May 30 12:05:56 KST 2022
[2022-05-30 12:05:56.970] DEBUG JunitUserDao.test(JunitUserDao.java:43) - test()
[2022-05-30 12:05:56.970] DEBUG JunitUserDao.tearDown(JunitUserDao.java:36) - ==============================
[2022-05-30 12:05:56.970] DEBUG JunitUserDao.tearDown(JunitUserDao.java:37) - =9.tearDown()=
[2022-05-30 12:05:56.970] DEBUG JunitUserDao.tearDown(JunitUserDao.java:38) - ==============================
[2022-05-30 12:07:33.757] DEBUG JunitUserDao.setUp(JunitUserDao.java:24) - ==============================
[2022-05-30 12:07:33.759] DEBUG JunitUserDao.setUp(JunitUserDao.java:25) - =0.setUp()=
[2022-05-30 12:07:33.759] DEBUG JunitUserDao.setUp(JunitUserDao.java:26) - ==============================
[2022-05-30 12:07:33.948] DEBUG JunitUserDao.setUp(JunitUserDao.java:30) - userVO : UserVO [uId=p03, name=김동호, passwd=0530]
[2022-05-30 12:07:33.949] DEBUG JunitUserDao.setUp(JunitUserDao.java:31) - context : org.springframework.context.support.GenericXmlApplicationContext@3c419631, started on Mon May 30 12:07:33 KST 2022
[2022-05-30 12:07:33.950] DEBUG JunitUserDao.addAndGet(JunitUserDao.java:43) - ==============================
[2022-05-30 12:07:33.950] DEBUG JunitUserDao.addAndGet(JunitUserDao.java:44) - =2.addAndGet()=
[2022-05-30 12:07:33.950] DEBUG JunitUserDao.addAndGet(JunitUserDao.java:45) - ==============================
[2022-05-30 12:07:33.950] DEBUG JunitUserDao.tearDown(JunitUserDao.java:36) - ==============================
[2022-05-30 12:07:33.950] DEBUG JunitUserDao.tearDown(JunitUserDao.java:37) - =9.tearDown()=
[2022-05-30 12:07:33.950] DEBUG JunitUserDao.tearDown(JunitUserDao.java:38) - ==============================
[2022-05-30 12:07:33.951] DEBUG JunitUserDao.setUp(JunitUserDao.java:24) - ==============================
[2022-05-30 12:07:33.951] DEBUG JunitUserDao.setUp(JunitUserDao.java:25) - =0.setUp()=
[2022-05-30 12:07:33.952] DEBUG JunitUserDao.setUp(JunitUserDao.java:26) - ==============================
[2022-05-30 12:07:33.966] DEBUG JunitUserDao.setUp(JunitUserDao.java:30) - userVO : UserVO [uId=p03, name=김동호, passwd=0530]
[2022-05-30 12:07:33.967] DEBUG JunitUserDao.setUp(JunitUserDao.java:31) - context : org.springframework.context.support.GenericXmlApplicationContext@32502377, started on Mon May 30 12:07:33 KST 2022
[2022-05-30 12:07:33.967] DEBUG JunitUserDao.test(JunitUserDao.java:50) - 1. test()
[2022-05-30 12:07:33.967] DEBUG JunitUserDao.tearDown(JunitUserDao.java:36) - ==============================
[2022-05-30 12:07:33.967] DEBUG JunitUserDao.tearDown(JunitUserDao.java:37) - =9.tearDown()=
[2022-05-30 12:07:33.967] DEBUG JunitUserDao.tearDown(JunitUserDao.java:38) - ==============================
[2022-05-30 12:11:38.006] DEBUG JunitUserDao.setUp(JunitUserDao.java:27) - ==============================
[2022-05-30 12:11:38.007] DEBUG JunitUserDao.setUp(JunitUserDao.java:28) - =0.setUp()=
[2022-05-30 12:11:38.008] DEBUG JunitUserDao.setUp(JunitUserDao.java:29) - ==============================
[2022-05-30 12:11:38.199] DEBUG JunitUserDao.setUp(JunitUserDao.java:33) - userVO : UserVO [uId=p03, name=김동호, passwd=0530]
[2022-05-30 12:11:38.201] DEBUG JunitUserDao.setUp(JunitUserDao.java:34) - context : org.springframework.context.support.GenericXmlApplicationContext@3c419631, started on Mon May 30 12:11:38 KST 2022
[2022-05-30 12:11:38.201] DEBUG JunitUserDao.addAndGet(JunitUserDao.java:46) - ==============================
[2022-05-30 12:11:38.201] DEBUG JunitUserDao.addAndGet(JunitUserDao.java:47) - =2.addAndGet()=
[2022-05-30 12:11:38.201] DEBUG JunitUserDao.addAndGet(JunitUserDao.java:48) - ==============================
[2022-05-30 12:11:38.201] DEBUG JunitUserDao.tearDown(JunitUserDao.java:39) - ==============================
[2022-05-30 12:11:38.201] DEBUG JunitUserDao.tearDown(JunitUserDao.java:40) - =9.tearDown()=
[2022-05-30 12:11:38.202] DEBUG JunitUserDao.tearDown(JunitUserDao.java:41) - ==============================
[2022-05-30 12:11:38.205] DEBUG JunitUserDao.setUp(JunitUserDao.java:27) - ==============================
[2022-05-30 12:11:38.205] DEBUG JunitUserDao.setUp(JunitUserDao.java:28) - =0.setUp()=
[2022-05-30 12:11:38.205] DEBUG JunitUserDao.setUp(JunitUserDao.java:29) - ==============================
[2022-05-30 12:11:38.219] DEBUG JunitUserDao.setUp(JunitUserDao.java:33) - userVO : UserVO [uId=p03, name=김동호, passwd=0530]
[2022-05-30 12:11:38.219] DEBUG JunitUserDao.setUp(JunitUserDao.java:34) - context : org.springframework.context.support.GenericXmlApplicationContext@3cebbb30, started on Mon May 30 12:11:38 KST 2022
[2022-05-30 12:11:38.219] DEBUG JunitUserDao.test(JunitUserDao.java:64) - 1. test()
[2022-05-30 12:11:38.219] DEBUG JunitUserDao.tearDown(JunitUserDao.java:39) - ==============================
[2022-05-30 12:11:38.220] DEBUG JunitUserDao.tearDown(JunitUserDao.java:40) - =9.tearDown()=
[2022-05-30 12:11:38.220] DEBUG JunitUserDao.tearDown(JunitUserDao.java:41) - ==============================
[2022-05-30 12:14:31.764] DEBUG JunitUserDao.setUp(JunitUserDao.java:27) - ==============================
[2022-05-30 12:14:31.766] DEBUG JunitUserDao.setUp(JunitUserDao.java:28) - =0.setUp()=
[2022-05-30 12:14:31.766] DEBUG JunitUserDao.setUp(JunitUserDao.java:29) - ==============================
[2022-05-30 12:14:31.954] DEBUG JunitUserDao.setUp(JunitUserDao.java:35) - userVO : UserVO [uId=p03, name=김동호, passwd=0530]
[2022-05-30 12:14:31.955] DEBUG JunitUserDao.setUp(JunitUserDao.java:36) - context : org.springframework.context.support.GenericXmlApplicationContext@3c419631, started on Mon May 30 12:14:31 KST 2022
[2022-05-30 12:14:31.956] DEBUG JunitUserDao.setUp(JunitUserDao.java:37) - dao : null
[2022-05-30 12:14:31.956] DEBUG JunitUserDao.tearDown(JunitUserDao.java:45) - ==============================
[2022-05-30 12:14:31.956] DEBUG JunitUserDao.tearDown(JunitUserDao.java:46) - =9.tearDown()=
[2022-05-30 12:14:31.956] DEBUG JunitUserDao.tearDown(JunitUserDao.java:47) - ==============================
[2022-05-30 12:14:31.959] DEBUG JunitUserDao.setUp(JunitUserDao.java:27) - ==============================
[2022-05-30 12:14:31.959] DEBUG JunitUserDao.setUp(JunitUserDao.java:28) - =0.setUp()=
[2022-05-30 12:14:31.959] DEBUG JunitUserDao.setUp(JunitUserDao.java:29) - ==============================
[2022-05-30 12:14:31.974] DEBUG JunitUserDao.setUp(JunitUserDao.java:35) - userVO : UserVO [uId=p03, name=김동호, passwd=0530]
[2022-05-30 12:14:31.974] DEBUG JunitUserDao.setUp(JunitUserDao.java:36) - context : org.springframework.context.support.GenericXmlApplicationContext@3cebbb30, started on Mon May 30 12:14:31 KST 2022
[2022-05-30 12:14:31.974] DEBUG JunitUserDao.setUp(JunitUserDao.java:37) - dao : null
[2022-05-30 12:14:31.974] DEBUG JunitUserDao.tearDown(JunitUserDao.java:45) - ==============================
[2022-05-30 12:14:31.974] DEBUG JunitUserDao.tearDown(JunitUserDao.java:46) - =9.tearDown()=
[2022-05-30 12:14:31.975] DEBUG JunitUserDao.tearDown(JunitUserDao.java:47) - ==============================
[2022-05-30 12:14:47.715] DEBUG JunitUserDao.setUp(JunitUserDao.java:27) - ==============================
[2022-05-30 12:14:47.717] DEBUG JunitUserDao.setUp(JunitUserDao.java:28) - =0.setUp()=
[2022-05-30 12:14:47.717] DEBUG JunitUserDao.setUp(JunitUserDao.java:29) - ==============================
[2022-05-30 12:14:47.904] DEBUG JunitUserDao.setUp(JunitUserDao.java:35) - userVO : UserVO [uId=p03, name=김동호, passwd=0530]
[2022-05-30 12:14:47.906] DEBUG JunitUserDao.setUp(JunitUserDao.java:36) - context : org.springframework.context.support.GenericXmlApplicationContext@3c419631, started on Mon May 30 12:14:47 KST 2022
[2022-05-30 12:14:47.906] DEBUG JunitUserDao.setUp(JunitUserDao.java:37) - dao : com.pcwk.ehr.UserDao@53ce1329
[2022-05-30 12:14:47.906] DEBUG JunitUserDao.addAndGet(JunitUserDao.java:52) - ==============================
[2022-05-30 12:14:47.906] DEBUG JunitUserDao.addAndGet(JunitUserDao.java:53) - =2.addAndGet()=
[2022-05-30 12:14:47.906] DEBUG JunitUserDao.addAndGet(JunitUserDao.java:54) - ==============================
[2022-05-30 12:14:48.303] DEBUG UserDao.add(UserDao.java:119) - ============================
[2022-05-30 12:14:48.303] DEBUG UserDao.add(UserDao.java:120) - param:UserVO [uId=p03, name=김동호, passwd=0530]
[2022-05-30 12:14:48.303] DEBUG UserDao.add(UserDao.java:121) - sql:
 INSERT INTO hr_member (    
 	    u_id,              
 	    name,              
 	    passwd             
 ) VALUES (                 
 	?,                     
 	?,                     
 	?                      
 )                          

[2022-05-30 12:14:48.304] DEBUG UserDao.add(UserDao.java:122) - ============================
[2022-05-30 12:14:48.364] DEBUG UserDao.add(UserDao.java:132) - flag:1
[2022-05-30 12:14:48.367] DEBUG JunitUserDao.tearDown(JunitUserDao.java:45) - ==============================
[2022-05-30 12:14:48.368] DEBUG JunitUserDao.tearDown(JunitUserDao.java:46) - =9.tearDown()=
[2022-05-30 12:14:48.368] DEBUG JunitUserDao.tearDown(JunitUserDao.java:47) - ==============================
[2022-05-30 12:14:48.371] DEBUG JunitUserDao.setUp(JunitUserDao.java:27) - ==============================
[2022-05-30 12:14:48.371] DEBUG JunitUserDao.setUp(JunitUserDao.java:28) - =0.setUp()=
[2022-05-30 12:14:48.371] DEBUG JunitUserDao.setUp(JunitUserDao.java:29) - ==============================
[2022-05-30 12:14:48.385] DEBUG JunitUserDao.setUp(JunitUserDao.java:35) - userVO : UserVO [uId=p03, name=김동호, passwd=0530]
[2022-05-30 12:14:48.385] DEBUG JunitUserDao.setUp(JunitUserDao.java:36) - context : org.springframework.context.support.GenericXmlApplicationContext@66ac5762, started on Mon May 30 12:14:48 KST 2022
[2022-05-30 12:14:48.385] DEBUG JunitUserDao.setUp(JunitUserDao.java:37) - dao : com.pcwk.ehr.UserDao@1a760689
[2022-05-30 12:14:48.385] DEBUG JunitUserDao.test(JunitUserDao.java:70) - 1. test()
[2022-05-30 12:14:48.385] DEBUG JunitUserDao.tearDown(JunitUserDao.java:45) - ==============================
[2022-05-30 12:14:48.385] DEBUG JunitUserDao.tearDown(JunitUserDao.java:46) - =9.tearDown()=
[2022-05-30 12:14:48.385] DEBUG JunitUserDao.tearDown(JunitUserDao.java:47) - ==============================
[2022-05-30 12:15:55.639] DEBUG JunitUserDao.setUp(JunitUserDao.java:27) - ==============================
[2022-05-30 12:15:55.643] DEBUG JunitUserDao.setUp(JunitUserDao.java:28) - =0.setUp()=
[2022-05-30 12:15:55.643] DEBUG JunitUserDao.setUp(JunitUserDao.java:29) - ==============================
[2022-05-30 12:15:55.838] DEBUG JunitUserDao.setUp(JunitUserDao.java:35) - userVO : UserVO [uId=p03, name=김동호, passwd=0530]
[2022-05-30 12:15:55.840] DEBUG JunitUserDao.setUp(JunitUserDao.java:36) - context : org.springframework.context.support.GenericXmlApplicationContext@3c419631, started on Mon May 30 12:15:55 KST 2022
[2022-05-30 12:15:55.840] DEBUG JunitUserDao.setUp(JunitUserDao.java:37) - dao : com.pcwk.ehr.UserDao@53ce1329
[2022-05-30 12:15:55.840] DEBUG JunitUserDao.addAndGet(JunitUserDao.java:52) - ==============================
[2022-05-30 12:15:55.840] DEBUG JunitUserDao.addAndGet(JunitUserDao.java:53) - =2.addAndGet()=
[2022-05-30 12:15:55.840] DEBUG JunitUserDao.addAndGet(JunitUserDao.java:54) - ==============================
[2022-05-30 12:15:56.302] DEBUG UserDao.add(UserDao.java:119) - ============================
[2022-05-30 12:15:56.302] DEBUG UserDao.add(UserDao.java:120) - param:UserVO [uId=p03, name=김동호, passwd=0530]
[2022-05-30 12:15:56.302] DEBUG UserDao.add(UserDao.java:121) - sql:
 INSERT INTO hr_member (    
 	    u_id,              
 	    name,              
 	    passwd             
 ) VALUES (                 
 	?,                     
 	?,                     
 	?                      
 )                          

[2022-05-30 12:15:56.302] DEBUG UserDao.add(UserDao.java:122) - ============================
[2022-05-30 12:15:56.363] DEBUG UserDao.add(UserDao.java:132) - flag:1
[2022-05-30 12:15:56.368] DEBUG JunitUserDao.tearDown(JunitUserDao.java:45) - ==============================
[2022-05-30 12:15:56.368] DEBUG JunitUserDao.tearDown(JunitUserDao.java:46) - =9.tearDown()=
[2022-05-30 12:15:56.368] DEBUG JunitUserDao.tearDown(JunitUserDao.java:47) - ==============================
[2022-05-30 12:15:56.369] DEBUG JunitUserDao.setUp(JunitUserDao.java:27) - ==============================
[2022-05-30 12:15:56.369] DEBUG JunitUserDao.setUp(JunitUserDao.java:28) - =0.setUp()=
[2022-05-30 12:15:56.370] DEBUG JunitUserDao.setUp(JunitUserDao.java:29) - ==============================
[2022-05-30 12:15:56.385] DEBUG JunitUserDao.setUp(JunitUserDao.java:35) - userVO : UserVO [uId=p03, name=김동호, passwd=0530]
[2022-05-30 12:15:56.385] DEBUG JunitUserDao.setUp(JunitUserDao.java:36) - context : org.springframework.context.support.GenericXmlApplicationContext@53dbe163, started on Mon May 30 12:15:56 KST 2022
[2022-05-30 12:15:56.385] DEBUG JunitUserDao.setUp(JunitUserDao.java:37) - dao : com.pcwk.ehr.UserDao@22d7b4f8
[2022-05-30 12:15:56.385] DEBUG JunitUserDao.test(JunitUserDao.java:70) - 1. test()
[2022-05-30 12:15:56.386] DEBUG JunitUserDao.tearDown(JunitUserDao.java:45) - ==============================
[2022-05-30 12:15:56.386] DEBUG JunitUserDao.tearDown(JunitUserDao.java:46) - =9.tearDown()=
[2022-05-30 12:15:56.386] DEBUG JunitUserDao.tearDown(JunitUserDao.java:47) - ==============================
[2022-05-30 12:16:43.116] DEBUG JunitUserDao.setUp(JunitUserDao.java:27) - ==============================
[2022-05-30 12:16:43.118] DEBUG JunitUserDao.setUp(JunitUserDao.java:28) - =0.setUp()=
[2022-05-30 12:16:43.118] DEBUG JunitUserDao.setUp(JunitUserDao.java:29) - ==============================
[2022-05-30 12:16:43.308] DEBUG JunitUserDao.setUp(JunitUserDao.java:35) - userVO : UserVO [uId=p03, name=김동호, passwd=0530]
[2022-05-30 12:16:43.310] DEBUG JunitUserDao.setUp(JunitUserDao.java:36) - context : org.springframework.context.support.GenericXmlApplicationContext@3c419631, started on Mon May 30 12:16:43 KST 2022
[2022-05-30 12:16:43.310] DEBUG JunitUserDao.setUp(JunitUserDao.java:37) - dao : com.pcwk.ehr.UserDao@53ce1329
[2022-05-30 12:16:43.310] DEBUG JunitUserDao.addAndGet(JunitUserDao.java:52) - ==============================
[2022-05-30 12:16:43.310] DEBUG JunitUserDao.addAndGet(JunitUserDao.java:53) - =2.addAndGet()=
[2022-05-30 12:16:43.310] DEBUG JunitUserDao.addAndGet(JunitUserDao.java:54) - ==============================
[2022-05-30 12:16:43.695] DEBUG UserDao.add(UserDao.java:119) - ============================
[2022-05-30 12:16:43.695] DEBUG UserDao.add(UserDao.java:120) - param:UserVO [uId=p03, name=김동호, passwd=0530]
[2022-05-30 12:16:43.695] DEBUG UserDao.add(UserDao.java:121) - sql:
 INSERT INTO hr_member (    
 	    u_id,              
 	    name,              
 	    passwd             
 ) VALUES (                 
 	?,                     
 	?,                     
 	?                      
 )                          

[2022-05-30 12:16:43.696] DEBUG UserDao.add(UserDao.java:122) - ============================
[2022-05-30 12:16:43.759] DEBUG JunitUserDao.tearDown(JunitUserDao.java:45) - ==============================
[2022-05-30 12:16:43.759] DEBUG JunitUserDao.tearDown(JunitUserDao.java:46) - =9.tearDown()=
[2022-05-30 12:16:43.759] DEBUG JunitUserDao.tearDown(JunitUserDao.java:47) - ==============================
[2022-05-30 12:16:43.760] DEBUG JunitUserDao.setUp(JunitUserDao.java:27) - ==============================
[2022-05-30 12:16:43.761] DEBUG JunitUserDao.setUp(JunitUserDao.java:28) - =0.setUp()=
[2022-05-30 12:16:43.761] DEBUG JunitUserDao.setUp(JunitUserDao.java:29) - ==============================
[2022-05-30 12:16:43.778] DEBUG JunitUserDao.setUp(JunitUserDao.java:35) - userVO : UserVO [uId=p03, name=김동호, passwd=0530]
[2022-05-30 12:16:43.778] DEBUG JunitUserDao.setUp(JunitUserDao.java:36) - context : org.springframework.context.support.GenericXmlApplicationContext@16414e40, started on Mon May 30 12:16:43 KST 2022
[2022-05-30 12:16:43.778] DEBUG JunitUserDao.setUp(JunitUserDao.java:37) - dao : com.pcwk.ehr.UserDao@31bcf236
[2022-05-30 12:16:43.778] DEBUG JunitUserDao.test(JunitUserDao.java:70) - 1. test()
[2022-05-30 12:16:43.778] DEBUG JunitUserDao.tearDown(JunitUserDao.java:45) - ==============================
[2022-05-30 12:16:43.778] DEBUG JunitUserDao.tearDown(JunitUserDao.java:46) - =9.tearDown()=
[2022-05-30 12:16:43.778] DEBUG JunitUserDao.tearDown(JunitUserDao.java:47) - ==============================
[2022-05-30 12:26:02.759] DEBUG JunitUserDao.setUp(JunitUserDao.java:27) - ==============================
[2022-05-30 12:26:02.761] DEBUG JunitUserDao.setUp(JunitUserDao.java:28) - =0.setUp()=
[2022-05-30 12:26:02.761] DEBUG JunitUserDao.setUp(JunitUserDao.java:29) - ==============================
[2022-05-30 12:26:02.959] DEBUG JunitUserDao.setUp(JunitUserDao.java:35) - userVO : UserVO [uId=p03, name=김동호, passwd=0530]
[2022-05-30 12:26:02.961] DEBUG JunitUserDao.setUp(JunitUserDao.java:36) - context : org.springframework.context.support.GenericXmlApplicationContext@3c419631, started on Mon May 30 12:26:02 KST 2022
[2022-05-30 12:26:02.961] DEBUG JunitUserDao.setUp(JunitUserDao.java:37) - dao : com.pcwk.ehr.UserDao@53ce1329
[2022-05-30 12:26:02.961] DEBUG JunitUserDao.addAndGet(JunitUserDao.java:52) - ==============================
[2022-05-30 12:26:02.961] DEBUG JunitUserDao.addAndGet(JunitUserDao.java:53) - =2.addAndGet()=
[2022-05-30 12:26:02.961] DEBUG JunitUserDao.addAndGet(JunitUserDao.java:54) - ==============================
[2022-05-30 12:26:03.411] DEBUG UserDao.deleteAll(UserDao.java:44) - ============================
[2022-05-30 12:26:03.411] DEBUG UserDao.deleteAll(UserDao.java:45) - sql:
DELETE FROM hr_member 

[2022-05-30 12:26:03.411] DEBUG UserDao.deleteAll(UserDao.java:46) - ============================
[2022-05-30 12:26:03.479] DEBUG UserDao.deleteAll(UserDao.java:53) - flag:1
[2022-05-30 12:26:03.548] DEBUG UserDao.add(UserDao.java:150) - ============================
[2022-05-30 12:26:03.548] DEBUG UserDao.add(UserDao.java:151) - param:UserVO [uId=p03, name=김동호, passwd=0530]
[2022-05-30 12:26:03.548] DEBUG UserDao.add(UserDao.java:152) - sql:
 INSERT INTO hr_member (    
 	    u_id,              
 	    name,              
 	    passwd             
 ) VALUES (                 
 	?,                     
 	?,                     
 	?                      
 )                          

[2022-05-30 12:26:03.549] DEBUG UserDao.add(UserDao.java:153) - ============================
[2022-05-30 12:26:03.552] DEBUG UserDao.add(UserDao.java:163) - flag:1
[2022-05-30 12:26:03.557] DEBUG JunitUserDao.tearDown(JunitUserDao.java:45) - ==============================
[2022-05-30 12:26:03.558] DEBUG JunitUserDao.tearDown(JunitUserDao.java:46) - =9.tearDown()=
[2022-05-30 12:26:03.558] DEBUG JunitUserDao.tearDown(JunitUserDao.java:47) - ==============================
[2022-05-30 12:26:03.559] DEBUG JunitUserDao.setUp(JunitUserDao.java:27) - ==============================
[2022-05-30 12:26:03.559] DEBUG JunitUserDao.setUp(JunitUserDao.java:28) - =0.setUp()=
[2022-05-30 12:26:03.559] DEBUG JunitUserDao.setUp(JunitUserDao.java:29) - ==============================
[2022-05-30 12:26:03.575] DEBUG JunitUserDao.setUp(JunitUserDao.java:35) - userVO : UserVO [uId=p03, name=김동호, passwd=0530]
[2022-05-30 12:26:03.576] DEBUG JunitUserDao.setUp(JunitUserDao.java:36) - context : org.springframework.context.support.GenericXmlApplicationContext@34a875b3, started on Mon May 30 12:26:03 KST 2022
[2022-05-30 12:26:03.576] DEBUG JunitUserDao.setUp(JunitUserDao.java:37) - dao : com.pcwk.ehr.UserDao@38831718
[2022-05-30 12:26:03.577] DEBUG JunitUserDao.test(JunitUserDao.java:71) - 1. test()
[2022-05-30 12:26:03.577] DEBUG JunitUserDao.tearDown(JunitUserDao.java:45) - ==============================
[2022-05-30 12:26:03.577] DEBUG JunitUserDao.tearDown(JunitUserDao.java:46) - =9.tearDown()=
[2022-05-30 12:26:03.577] DEBUG JunitUserDao.tearDown(JunitUserDao.java:47) - ==============================
[2022-05-30 12:28:09.432] DEBUG JunitUserDao.setUp(JunitUserDao.java:27) - ==============================
[2022-05-30 12:28:09.434] DEBUG JunitUserDao.setUp(JunitUserDao.java:28) - =0.setUp()=
[2022-05-30 12:28:09.434] DEBUG JunitUserDao.setUp(JunitUserDao.java:29) - ==============================
[2022-05-30 12:28:09.626] DEBUG JunitUserDao.setUp(JunitUserDao.java:35) - userVO : UserVO [uId=p03, name=김동호, passwd=0530]
[2022-05-30 12:28:09.627] DEBUG JunitUserDao.setUp(JunitUserDao.java:36) - context : org.springframework.context.support.GenericXmlApplicationContext@3c419631, started on Mon May 30 12:28:09 KST 2022
[2022-05-30 12:28:09.628] DEBUG JunitUserDao.setUp(JunitUserDao.java:37) - dao : com.pcwk.ehr.UserDao@53ce1329
[2022-05-30 12:28:09.628] DEBUG JunitUserDao.addAndGet(JunitUserDao.java:52) - ==============================
[2022-05-30 12:28:09.628] DEBUG JunitUserDao.addAndGet(JunitUserDao.java:53) - =2.addAndGet()=
[2022-05-30 12:28:09.628] DEBUG JunitUserDao.addAndGet(JunitUserDao.java:54) - ==============================
[2022-05-30 12:28:10.007] DEBUG UserDao.deleteAll(UserDao.java:44) - ============================
[2022-05-30 12:28:10.007] DEBUG UserDao.deleteAll(UserDao.java:45) - sql:
DELETE FROM hr_member 

[2022-05-30 12:28:10.007] DEBUG UserDao.deleteAll(UserDao.java:46) - ============================
[2022-05-30 12:28:10.067] DEBUG UserDao.deleteAll(UserDao.java:53) - flag:1
[2022-05-30 12:28:10.128] DEBUG UserDao.add(UserDao.java:150) - ============================
[2022-05-30 12:28:10.128] DEBUG UserDao.add(UserDao.java:151) - param:UserVO [uId=p03, name=김동호, passwd=0530]
[2022-05-30 12:28:10.128] DEBUG UserDao.add(UserDao.java:152) - sql:
 INSERT INTO hr_member (    
 	    u_id,              
 	    name,              
 	    passwd             
 ) VALUES (                 
 	?,                     
 	?,                     
 	?                      
 )                          

[2022-05-30 12:28:10.128] DEBUG UserDao.add(UserDao.java:153) - ============================
[2022-05-30 12:28:10.131] DEBUG UserDao.add(UserDao.java:163) - flag:1
[2022-05-30 12:28:10.133] DEBUG JunitUserDao.tearDown(JunitUserDao.java:45) - ==============================
[2022-05-30 12:28:10.133] DEBUG JunitUserDao.tearDown(JunitUserDao.java:46) - =9.tearDown()=
[2022-05-30 12:28:10.134] DEBUG JunitUserDao.tearDown(JunitUserDao.java:47) - ==============================
[2022-05-30 12:28:10.134] DEBUG JunitUserDao.setUp(JunitUserDao.java:27) - ==============================
[2022-05-30 12:28:10.135] DEBUG JunitUserDao.setUp(JunitUserDao.java:28) - =0.setUp()=
[2022-05-30 12:28:10.135] DEBUG JunitUserDao.setUp(JunitUserDao.java:29) - ==============================
[2022-05-30 12:28:10.149] DEBUG JunitUserDao.setUp(JunitUserDao.java:35) - userVO : UserVO [uId=p03, name=김동호, passwd=0530]
[2022-05-30 12:28:10.150] DEBUG JunitUserDao.setUp(JunitUserDao.java:36) - context : org.springframework.context.support.GenericXmlApplicationContext@34a875b3, started on Mon May 30 12:28:10 KST 2022
[2022-05-30 12:28:10.150] DEBUG JunitUserDao.setUp(JunitUserDao.java:37) - dao : com.pcwk.ehr.UserDao@38831718
[2022-05-30 12:28:10.150] DEBUG JunitUserDao.test(JunitUserDao.java:71) - 1. test()
[2022-05-30 12:28:10.150] DEBUG JunitUserDao.tearDown(JunitUserDao.java:45) - ==============================
[2022-05-30 12:28:10.150] DEBUG JunitUserDao.tearDown(JunitUserDao.java:46) - =9.tearDown()=
[2022-05-30 12:28:10.150] DEBUG JunitUserDao.tearDown(JunitUserDao.java:47) - ==============================
[2022-05-30 12:33:02.659] DEBUG JunitUserDao.setUp(JunitUserDao.java:27) - ==============================
[2022-05-30 12:33:02.661] DEBUG JunitUserDao.setUp(JunitUserDao.java:28) - =0.setUp()=
[2022-05-30 12:33:02.661] DEBUG JunitUserDao.setUp(JunitUserDao.java:29) - ==============================
[2022-05-30 12:33:02.852] DEBUG JunitUserDao.setUp(JunitUserDao.java:35) - userVO : UserVO [uId=p03, name=김동호, passwd=0530]
[2022-05-30 12:33:02.854] DEBUG JunitUserDao.setUp(JunitUserDao.java:36) - context : org.springframework.context.support.GenericXmlApplicationContext@3c419631, started on Mon May 30 12:33:02 KST 2022
[2022-05-30 12:33:02.854] DEBUG JunitUserDao.setUp(JunitUserDao.java:37) - dao : com.pcwk.ehr.UserDao@53ce1329
[2022-05-30 12:33:02.854] DEBUG JunitUserDao.addAndGet(JunitUserDao.java:52) - ==============================
[2022-05-30 12:33:02.854] DEBUG JunitUserDao.addAndGet(JunitUserDao.java:53) - =2.addAndGet()=
[2022-05-30 12:33:02.854] DEBUG JunitUserDao.addAndGet(JunitUserDao.java:54) - ==============================
[2022-05-30 12:33:03.266] DEBUG UserDao.deleteAll(UserDao.java:44) - ============================
[2022-05-30 12:33:03.266] DEBUG UserDao.deleteAll(UserDao.java:45) - sql:
DELETE FROM hr_member 

[2022-05-30 12:33:03.266] DEBUG UserDao.deleteAll(UserDao.java:46) - ============================
[2022-05-30 12:33:03.325] DEBUG UserDao.deleteAll(UserDao.java:53) - flag:0
[2022-05-30 12:33:03.378] DEBUG UserDao.add(UserDao.java:150) - ============================
[2022-05-30 12:33:03.379] DEBUG UserDao.add(UserDao.java:151) - param:UserVO [uId=p03, name=김동호, passwd=0530]
[2022-05-30 12:33:03.379] DEBUG UserDao.add(UserDao.java:152) - sql:
 INSERT INTO hr_member (    
 	    u_id,              
 	    name,              
 	    passwd             
 ) VALUES (                 
 	?,                     
 	?,                     
 	?                      
 )                          

[2022-05-30 12:33:03.379] DEBUG UserDao.add(UserDao.java:153) - ============================
[2022-05-30 12:33:03.384] DEBUG UserDao.add(UserDao.java:163) - flag:1
[2022-05-30 12:33:03.430] DEBUG UserDao.get(UserDao.java:86) - ============================
[2022-05-30 12:33:03.430] DEBUG UserDao.get(UserDao.java:87) - param:UserVO [uId=p03, name=김동호, passwd=0530]
[2022-05-30 12:33:03.430] DEBUG UserDao.get(UserDao.java:88) - sql:
SELECT u_id,     
       name,     
       passwd    
FROM   hr_member 
WHERE  u_id = ?  

[2022-05-30 12:33:03.431] DEBUG UserDao.get(UserDao.java:89) - ============================
[2022-05-30 12:33:03.467] DEBUG UserDao.get(UserDao.java:103) - ============================
[2022-05-30 12:33:03.467] DEBUG UserDao.get(UserDao.java:104) - outVO=UserVO [uId=p03, name=김동호, passwd=0530]
[2022-05-30 12:33:03.467] DEBUG UserDao.get(UserDao.java:105) - ============================
[2022-05-30 12:33:03.468] DEBUG JunitUserDao.tearDown(JunitUserDao.java:45) - ==============================
[2022-05-30 12:33:03.468] DEBUG JunitUserDao.tearDown(JunitUserDao.java:46) - =9.tearDown()=
[2022-05-30 12:33:03.468] DEBUG JunitUserDao.tearDown(JunitUserDao.java:47) - ==============================
[2022-05-30 12:33:03.469] DEBUG JunitUserDao.setUp(JunitUserDao.java:27) - ==============================
[2022-05-30 12:33:03.469] DEBUG JunitUserDao.setUp(JunitUserDao.java:28) - =0.setUp()=
[2022-05-30 12:33:03.469] DEBUG JunitUserDao.setUp(JunitUserDao.java:29) - ==============================
[2022-05-30 12:33:03.484] DEBUG JunitUserDao.setUp(JunitUserDao.java:35) - userVO : UserVO [uId=p03, name=김동호, passwd=0530]
[2022-05-30 12:33:03.484] DEBUG JunitUserDao.setUp(JunitUserDao.java:36) - context : org.springframework.context.support.GenericXmlApplicationContext@5cdd09b1, started on Mon May 30 12:33:03 KST 2022
[2022-05-30 12:33:03.484] DEBUG JunitUserDao.setUp(JunitUserDao.java:37) - dao : com.pcwk.ehr.UserDao@ec2cc4
[2022-05-30 12:33:03.484] DEBUG JunitUserDao.test(JunitUserDao.java:81) - 1. test()
[2022-05-30 12:33:03.484] DEBUG JunitUserDao.tearDown(JunitUserDao.java:45) - ==============================
[2022-05-30 12:33:03.485] DEBUG JunitUserDao.tearDown(JunitUserDao.java:46) - =9.tearDown()=
[2022-05-30 12:33:03.485] DEBUG JunitUserDao.tearDown(JunitUserDao.java:47) - ==============================
[2022-05-30 14:07:49.087] DEBUG JunitUserDao.setUp(JunitUserDao.java:26) - ==============================
[2022-05-30 14:07:49.089] DEBUG JunitUserDao.setUp(JunitUserDao.java:27) - =0.setUp()=
[2022-05-30 14:07:49.089] DEBUG JunitUserDao.setUp(JunitUserDao.java:28) - ==============================
[2022-05-30 14:07:49.276] DEBUG JunitUserDao.setUp(JunitUserDao.java:34) - userVO : UserVO [uId=p03, name=김동호, passwd=0530]
[2022-05-30 14:07:49.278] DEBUG JunitUserDao.setUp(JunitUserDao.java:35) - context : org.springframework.context.support.GenericXmlApplicationContext@470f1802, started on Mon May 30 14:07:49 KST 2022
[2022-05-30 14:07:49.278] DEBUG JunitUserDao.setUp(JunitUserDao.java:36) - dao : com.pcwk.ehr.UserDao@31fa1761
[2022-05-30 14:07:49.279] DEBUG JunitUserDao.addAndGet(JunitUserDao.java:52) - ==============================
[2022-05-30 14:07:49.280] DEBUG JunitUserDao.addAndGet(JunitUserDao.java:53) - =2.addAndGet()=
[2022-05-30 14:07:49.280] DEBUG JunitUserDao.addAndGet(JunitUserDao.java:54) - ==============================
[2022-05-30 14:07:49.665] DEBUG UserDao.deleteAll(UserDao.java:44) - ============================
[2022-05-30 14:07:49.666] DEBUG UserDao.deleteAll(UserDao.java:45) - sql:
DELETE FROM hr_member 

[2022-05-30 14:07:49.666] DEBUG UserDao.deleteAll(UserDao.java:46) - ============================
[2022-05-30 14:07:49.724] DEBUG UserDao.deleteAll(UserDao.java:53) - flag:1
[2022-05-30 14:07:49.778] DEBUG UserDao.add(UserDao.java:150) - ============================
[2022-05-30 14:07:49.778] DEBUG UserDao.add(UserDao.java:151) - param:UserVO [uId=p03, name=김동호, passwd=0530]
[2022-05-30 14:07:49.778] DEBUG UserDao.add(UserDao.java:152) - sql:
 INSERT INTO hr_member (    
 	    u_id,              
 	    name,              
 	    passwd             
 ) VALUES (                 
 	?,                     
 	?,                     
 	?                      
 )                          

[2022-05-30 14:07:49.778] DEBUG UserDao.add(UserDao.java:153) - ============================
[2022-05-30 14:07:49.781] DEBUG UserDao.add(UserDao.java:163) - flag:1
[2022-05-30 14:07:49.853] DEBUG UserDao.get(UserDao.java:86) - ============================
[2022-05-30 14:07:49.854] DEBUG UserDao.get(UserDao.java:87) - param:UserVO [uId=p03, name=김동호, passwd=0530]
[2022-05-30 14:07:49.854] DEBUG UserDao.get(UserDao.java:88) - sql:
SELECT u_id,     
       name,     
       passwd    
FROM   hr_member 
WHERE  u_id = ?  

[2022-05-30 14:07:49.855] DEBUG UserDao.get(UserDao.java:89) - ============================
[2022-05-30 14:07:49.898] DEBUG UserDao.get(UserDao.java:103) - ============================
[2022-05-30 14:07:49.898] DEBUG UserDao.get(UserDao.java:104) - outVO=UserVO [uId=p03, name=김동호, passwd=0530]
[2022-05-30 14:07:49.898] DEBUG UserDao.get(UserDao.java:105) - ============================
[2022-05-30 14:07:49.899] DEBUG JunitUserDao.tearDown(JunitUserDao.java:44) - ==============================
[2022-05-30 14:07:49.899] DEBUG JunitUserDao.tearDown(JunitUserDao.java:45) - =9.tearDown()=
[2022-05-30 14:07:49.899] DEBUG JunitUserDao.tearDown(JunitUserDao.java:46) - ==============================
[2022-05-30 14:07:57.697] DEBUG JunitUserDao.setUp(JunitUserDao.java:26) - ==============================
[2022-05-30 14:07:57.699] DEBUG JunitUserDao.setUp(JunitUserDao.java:27) - =0.setUp()=
[2022-05-30 14:07:57.699] DEBUG JunitUserDao.setUp(JunitUserDao.java:28) - ==============================
[2022-05-30 14:07:57.909] DEBUG JunitUserDao.setUp(JunitUserDao.java:34) - userVO : UserVO [uId=p03, name=김동호, passwd=0530]
[2022-05-30 14:07:57.911] DEBUG JunitUserDao.setUp(JunitUserDao.java:35) - context : org.springframework.context.support.GenericXmlApplicationContext@470f1802, started on Mon May 30 14:07:57 KST 2022
[2022-05-30 14:07:57.911] DEBUG JunitUserDao.setUp(JunitUserDao.java:36) - dao : com.pcwk.ehr.UserDao@31fa1761
[2022-05-30 14:07:57.912] DEBUG JunitUserDao.addAndGet(JunitUserDao.java:52) - ==============================
[2022-05-30 14:07:57.912] DEBUG JunitUserDao.addAndGet(JunitUserDao.java:53) - =2.addAndGet()=
[2022-05-30 14:07:57.912] DEBUG JunitUserDao.addAndGet(JunitUserDao.java:54) - ==============================
[2022-05-30 14:07:58.319] DEBUG UserDao.deleteAll(UserDao.java:44) - ============================
[2022-05-30 14:07:58.319] DEBUG UserDao.deleteAll(UserDao.java:45) - sql:
DELETE FROM hr_member 

[2022-05-30 14:07:58.319] DEBUG UserDao.deleteAll(UserDao.java:46) - ============================
[2022-05-30 14:07:58.376] DEBUG UserDao.deleteAll(UserDao.java:53) - flag:1
[2022-05-30 14:07:58.417] DEBUG JunitUserDao.tearDown(JunitUserDao.java:44) - ==============================
[2022-05-30 14:07:58.417] DEBUG JunitUserDao.tearDown(JunitUserDao.java:45) - =9.tearDown()=
[2022-05-30 14:07:58.417] DEBUG JunitUserDao.tearDown(JunitUserDao.java:46) - ==============================
[2022-05-30 14:08:05.102] DEBUG JunitUserDao.setUp(JunitUserDao.java:26) - ==============================
[2022-05-30 14:08:05.104] DEBUG JunitUserDao.setUp(JunitUserDao.java:27) - =0.setUp()=
[2022-05-30 14:08:05.104] DEBUG JunitUserDao.setUp(JunitUserDao.java:28) - ==============================
[2022-05-30 14:08:05.306] DEBUG JunitUserDao.setUp(JunitUserDao.java:34) - userVO : UserVO [uId=p03, name=김동호, passwd=0530]
[2022-05-30 14:08:05.308] DEBUG JunitUserDao.setUp(JunitUserDao.java:35) - context : org.springframework.context.support.GenericXmlApplicationContext@470f1802, started on Mon May 30 14:08:05 KST 2022
[2022-05-30 14:08:05.308] DEBUG JunitUserDao.setUp(JunitUserDao.java:36) - dao : com.pcwk.ehr.UserDao@31fa1761
[2022-05-30 14:08:05.310] DEBUG JunitUserDao.addAndGet(JunitUserDao.java:52) - ==============================
[2022-05-30 14:08:05.310] DEBUG JunitUserDao.addAndGet(JunitUserDao.java:53) - =2.addAndGet()=
[2022-05-30 14:08:05.310] DEBUG JunitUserDao.addAndGet(JunitUserDao.java:54) - ==============================
[2022-05-30 14:08:05.735] DEBUG UserDao.deleteAll(UserDao.java:44) - ============================
[2022-05-30 14:08:05.735] DEBUG UserDao.deleteAll(UserDao.java:45) - sql:
DELETE FROM hr_member 

[2022-05-30 14:08:05.735] DEBUG UserDao.deleteAll(UserDao.java:46) - ============================
[2022-05-30 14:08:05.794] DEBUG UserDao.deleteAll(UserDao.java:53) - flag:0
[2022-05-30 14:08:05.872] DEBUG UserDao.add(UserDao.java:150) - ============================
[2022-05-30 14:08:05.872] DEBUG UserDao.add(UserDao.java:151) - param:UserVO [uId=p03, name=김동호, passwd=0530]
[2022-05-30 14:08:05.872] DEBUG UserDao.add(UserDao.java:152) - sql:
 INSERT INTO hr_member (    
 	    u_id,              
 	    name,              
 	    passwd             
 ) VALUES (                 
 	?,                     
 	?,                     
 	?                      
 )                          

[2022-05-30 14:08:05.872] DEBUG UserDao.add(UserDao.java:153) - ============================
[2022-05-30 14:08:05.875] DEBUG UserDao.add(UserDao.java:163) - flag:1
[2022-05-30 14:08:05.964] DEBUG UserDao.get(UserDao.java:86) - ============================
[2022-05-30 14:08:05.964] DEBUG UserDao.get(UserDao.java:87) - param:UserVO [uId=p03, name=김동호, passwd=0530]
[2022-05-30 14:08:05.965] DEBUG UserDao.get(UserDao.java:88) - sql:
SELECT u_id,     
       name,     
       passwd    
FROM   hr_member 
WHERE  u_id = ?  

[2022-05-30 14:08:05.965] DEBUG UserDao.get(UserDao.java:89) - ============================
[2022-05-30 14:08:06.017] DEBUG UserDao.get(UserDao.java:103) - ============================
[2022-05-30 14:08:06.017] DEBUG UserDao.get(UserDao.java:104) - outVO=UserVO [uId=p03, name=김동호, passwd=0530]
[2022-05-30 14:08:06.017] DEBUG UserDao.get(UserDao.java:105) - ============================
[2022-05-30 14:08:06.019] DEBUG JunitUserDao.tearDown(JunitUserDao.java:44) - ==============================
[2022-05-30 14:08:06.019] DEBUG JunitUserDao.tearDown(JunitUserDao.java:45) - =9.tearDown()=
[2022-05-30 14:08:06.019] DEBUG JunitUserDao.tearDown(JunitUserDao.java:46) - ==============================
[2022-05-30 14:08:10.363] DEBUG JunitUserDao.setUp(JunitUserDao.java:26) - ==============================
[2022-05-30 14:08:10.365] DEBUG JunitUserDao.setUp(JunitUserDao.java:27) - =0.setUp()=
[2022-05-30 14:08:10.365] DEBUG JunitUserDao.setUp(JunitUserDao.java:28) - ==============================
[2022-05-30 14:08:10.571] DEBUG JunitUserDao.setUp(JunitUserDao.java:34) - userVO : UserVO [uId=p03, name=김동호, passwd=0530]
[2022-05-30 14:08:10.573] DEBUG JunitUserDao.setUp(JunitUserDao.java:35) - context : org.springframework.context.support.GenericXmlApplicationContext@470f1802, started on Mon May 30 14:08:10 KST 2022
[2022-05-30 14:08:10.573] DEBUG JunitUserDao.setUp(JunitUserDao.java:36) - dao : com.pcwk.ehr.UserDao@31fa1761
[2022-05-30 14:08:10.574] DEBUG JunitUserDao.addAndGet(JunitUserDao.java:52) - ==============================
[2022-05-30 14:08:10.574] DEBUG JunitUserDao.addAndGet(JunitUserDao.java:53) - =2.addAndGet()=
[2022-05-30 14:08:10.574] DEBUG JunitUserDao.addAndGet(JunitUserDao.java:54) - ==============================
[2022-05-30 14:08:10.965] DEBUG UserDao.deleteAll(UserDao.java:44) - ============================
[2022-05-30 14:08:10.965] DEBUG UserDao.deleteAll(UserDao.java:45) - sql:
DELETE FROM hr_member 

[2022-05-30 14:08:10.965] DEBUG UserDao.deleteAll(UserDao.java:46) - ============================
[2022-05-30 14:08:11.030] DEBUG UserDao.deleteAll(UserDao.java:53) - flag:1
[2022-05-30 14:08:11.081] DEBUG JunitUserDao.tearDown(JunitUserDao.java:44) - ==============================
[2022-05-30 14:08:11.082] DEBUG JunitUserDao.tearDown(JunitUserDao.java:45) - =9.tearDown()=
[2022-05-30 14:08:11.082] DEBUG JunitUserDao.tearDown(JunitUserDao.java:46) - ==============================
[2022-05-30 14:08:34.266] DEBUG JunitUserDao.setUp(JunitUserDao.java:26) - ==============================
[2022-05-30 14:08:34.268] DEBUG JunitUserDao.setUp(JunitUserDao.java:27) - =0.setUp()=
[2022-05-30 14:08:34.268] DEBUG JunitUserDao.setUp(JunitUserDao.java:28) - ==============================
[2022-05-30 14:08:34.470] DEBUG JunitUserDao.setUp(JunitUserDao.java:34) - userVO : UserVO [uId=p03, name=김동호, passwd=0530]
[2022-05-30 14:08:34.472] DEBUG JunitUserDao.setUp(JunitUserDao.java:35) - context : org.springframework.context.support.GenericXmlApplicationContext@470f1802, started on Mon May 30 14:08:34 KST 2022
[2022-05-30 14:08:34.472] DEBUG JunitUserDao.setUp(JunitUserDao.java:36) - dao : com.pcwk.ehr.UserDao@31fa1761
[2022-05-30 14:08:34.473] DEBUG JunitUserDao.addAndGet(JunitUserDao.java:52) - ==============================
[2022-05-30 14:08:34.473] DEBUG JunitUserDao.addAndGet(JunitUserDao.java:53) - =2.addAndGet()=
[2022-05-30 14:08:34.473] DEBUG JunitUserDao.addAndGet(JunitUserDao.java:54) - ==============================
[2022-05-30 14:08:34.918] DEBUG UserDao.deleteAll(UserDao.java:44) - ============================
[2022-05-30 14:08:34.919] DEBUG UserDao.deleteAll(UserDao.java:45) - sql:
DELETE FROM hr_member 

[2022-05-30 14:08:34.919] DEBUG UserDao.deleteAll(UserDao.java:46) - ============================
[2022-05-30 14:08:34.983] DEBUG UserDao.deleteAll(UserDao.java:53) - flag:1
[2022-05-30 14:08:35.064] DEBUG UserDao.add(UserDao.java:150) - ============================
[2022-05-30 14:08:35.064] DEBUG UserDao.add(UserDao.java:151) - param:UserVO [uId=p03, name=김동호, passwd=0530]
[2022-05-30 14:08:35.065] DEBUG UserDao.add(UserDao.java:152) - sql:
 INSERT INTO hr_member (    
 	    u_id,              
 	    name,              
 	    passwd             
 ) VALUES (                 
 	?,                     
 	?,                     
 	?                      
 )                          

[2022-05-30 14:08:35.065] DEBUG UserDao.add(UserDao.java:153) - ============================
[2022-05-30 14:08:35.068] DEBUG UserDao.add(UserDao.java:163) - flag:1
[2022-05-30 14:08:35.131] DEBUG UserDao.get(UserDao.java:86) - ============================
[2022-05-30 14:08:35.131] DEBUG UserDao.get(UserDao.java:87) - param:UserVO [uId=p03, name=김동호, passwd=0530]
[2022-05-30 14:08:35.131] DEBUG UserDao.get(UserDao.java:88) - sql:
SELECT u_id,     
       name,     
       passwd    
FROM   hr_member 
WHERE  u_id = ?  

[2022-05-30 14:08:35.131] DEBUG UserDao.get(UserDao.java:89) - ============================
[2022-05-30 14:08:35.169] DEBUG UserDao.get(UserDao.java:103) - ============================
[2022-05-30 14:08:35.170] DEBUG UserDao.get(UserDao.java:104) - outVO=UserVO [uId=p03, name=김동호, passwd=0530]
[2022-05-30 14:08:35.170] DEBUG UserDao.get(UserDao.java:105) - ============================
[2022-05-30 14:08:35.172] DEBUG JunitUserDao.tearDown(JunitUserDao.java:44) - ==============================
[2022-05-30 14:08:35.172] DEBUG JunitUserDao.tearDown(JunitUserDao.java:45) - =9.tearDown()=
[2022-05-30 14:08:35.172] DEBUG JunitUserDao.tearDown(JunitUserDao.java:46) - ==============================
[2022-05-30 14:30:34.151] DEBUG JunitUserDao.setUp(JunitUserDao.java:26) - ==============================
[2022-05-30 14:30:34.154] DEBUG JunitUserDao.setUp(JunitUserDao.java:27) - =0.setUp()=
[2022-05-30 14:30:34.154] DEBUG JunitUserDao.setUp(JunitUserDao.java:28) - ==============================
[2022-05-30 14:30:34.547] DEBUG JunitUserDao.setUp(JunitUserDao.java:34) - userVO : UserVO [uId=p03, name=김동호, passwd=0530]
[2022-05-30 14:30:34.550] DEBUG JunitUserDao.setUp(JunitUserDao.java:35) - context : org.springframework.context.support.GenericXmlApplicationContext@79517588, started on Mon May 30 14:30:34 KST 2022
[2022-05-30 14:30:34.550] DEBUG JunitUserDao.setUp(JunitUserDao.java:36) - dao : com.pcwk.ehr.UserDao@8ab78bc
[2022-05-30 14:30:34.551] DEBUG JunitUserDao.addAndGet(JunitUserDao.java:53) - ==============================
[2022-05-30 14:30:34.551] DEBUG JunitUserDao.addAndGet(JunitUserDao.java:54) - =2.addAndGet()=
[2022-05-30 14:30:34.551] DEBUG JunitUserDao.addAndGet(JunitUserDao.java:55) - ==============================
[2022-05-30 14:30:35.144] DEBUG UserDao.deleteAll(UserDao.java:84) - ============================
[2022-05-30 14:30:35.144] DEBUG UserDao.deleteAll(UserDao.java:85) - sql:
DELETE FROM hr_member 

[2022-05-30 14:30:35.144] DEBUG UserDao.deleteAll(UserDao.java:86) - ============================
[2022-05-30 14:30:35.247] DEBUG UserDao.deleteAll(UserDao.java:93) - flag:1
[2022-05-30 14:30:35.341] DEBUG UserDao.add(UserDao.java:190) - ============================
[2022-05-30 14:30:35.341] DEBUG UserDao.add(UserDao.java:191) - param:UserVO [uId=p03, name=김동호, passwd=0530]
[2022-05-30 14:30:35.341] DEBUG UserDao.add(UserDao.java:192) - sql:
 INSERT INTO hr_member (    
 	    u_id,              
 	    name,              
 	    passwd             
 ) VALUES (                 
 	?,                     
 	?,                     
 	?                      
 )                          

[2022-05-30 14:30:35.342] DEBUG UserDao.add(UserDao.java:193) - ============================
[2022-05-30 14:30:35.345] DEBUG UserDao.add(UserDao.java:203) - flag:1
[2022-05-30 14:30:35.433] DEBUG UserDao.getCount(UserDao.java:40) - ============================
[2022-05-30 14:30:35.433] DEBUG UserDao.getCount(UserDao.java:41) - param:UserVO [uId=p03, name=김동호, passwd=0530]
[2022-05-30 14:30:35.433] DEBUG UserDao.getCount(UserDao.java:42) - sql:
SELECT COUNT(*) AS cnt   
FROM hr_member           
WHERE u_id LIKE ? || '%' 

[2022-05-30 14:30:35.433] DEBUG UserDao.getCount(UserDao.java:43) - ============================
[2022-05-30 14:30:35.494] DEBUG UserDao.getCount(UserDao.java:54) - ============================
[2022-05-30 14:30:35.494] DEBUG UserDao.getCount(UserDao.java:55) - count=1
[2022-05-30 14:30:35.494] DEBUG UserDao.getCount(UserDao.java:56) - ============================
[2022-05-30 14:30:36.559] DEBUG JunitUserDao.tearDown(JunitUserDao.java:44) - ==============================
[2022-05-30 14:30:36.559] DEBUG JunitUserDao.tearDown(JunitUserDao.java:45) - =9.tearDown()=
[2022-05-30 14:30:36.560] DEBUG JunitUserDao.tearDown(JunitUserDao.java:46) - ==============================
[2022-05-30 14:31:17.780] DEBUG JunitUserDao.setUp(JunitUserDao.java:26) - ==============================
[2022-05-30 14:31:17.783] DEBUG JunitUserDao.setUp(JunitUserDao.java:27) - =0.setUp()=
[2022-05-30 14:31:17.783] DEBUG JunitUserDao.setUp(JunitUserDao.java:28) - ==============================
[2022-05-30 14:31:18.060] DEBUG JunitUserDao.setUp(JunitUserDao.java:34) - userVO : UserVO [uId=p03, name=김동호, passwd=0530]
[2022-05-30 14:31:18.062] DEBUG JunitUserDao.setUp(JunitUserDao.java:35) - context : org.springframework.context.support.GenericXmlApplicationContext@79517588, started on Mon May 30 14:31:17 KST 2022
[2022-05-30 14:31:18.062] DEBUG JunitUserDao.setUp(JunitUserDao.java:36) - dao : com.pcwk.ehr.UserDao@8ab78bc
[2022-05-30 14:31:18.063] DEBUG JunitUserDao.addAndGet(JunitUserDao.java:53) - ==============================
[2022-05-30 14:31:18.064] DEBUG JunitUserDao.addAndGet(JunitUserDao.java:54) - =2.addAndGet()=
[2022-05-30 14:31:18.064] DEBUG JunitUserDao.addAndGet(JunitUserDao.java:55) - ==============================
[2022-05-30 14:31:18.608] DEBUG UserDao.deleteAll(UserDao.java:84) - ============================
[2022-05-30 14:31:18.608] DEBUG UserDao.deleteAll(UserDao.java:85) - sql:
DELETE FROM hr_member 

[2022-05-30 14:31:18.608] DEBUG UserDao.deleteAll(UserDao.java:86) - ============================
[2022-05-30 14:31:18.711] DEBUG UserDao.deleteAll(UserDao.java:93) - flag:1
[2022-05-30 14:31:18.773] DEBUG UserDao.add(UserDao.java:190) - ============================
[2022-05-30 14:31:18.773] DEBUG UserDao.add(UserDao.java:191) - param:UserVO [uId=p03, name=김동호, passwd=0530]
[2022-05-30 14:31:18.773] DEBUG UserDao.add(UserDao.java:192) - sql:
 INSERT INTO hr_member (    
 	    u_id,              
 	    name,              
 	    passwd             
 ) VALUES (                 
 	?,                     
 	?,                     
 	?                      
 )                          

[2022-05-30 14:31:18.773] DEBUG UserDao.add(UserDao.java:193) - ============================
[2022-05-30 14:31:18.777] DEBUG UserDao.add(UserDao.java:203) - flag:1
[2022-05-30 14:31:18.819] DEBUG UserDao.getCount(UserDao.java:40) - ============================
[2022-05-30 14:31:18.819] DEBUG UserDao.getCount(UserDao.java:41) - param:UserVO [uId=p03, name=김동호, passwd=0530]
[2022-05-30 14:31:18.820] DEBUG UserDao.getCount(UserDao.java:42) - sql:
SELECT COUNT(*) AS cnt   
FROM hr_member           
WHERE u_id LIKE ? || '%' 

[2022-05-30 14:31:18.820] DEBUG UserDao.getCount(UserDao.java:43) - ============================
[2022-05-30 14:31:18.882] DEBUG UserDao.getCount(UserDao.java:54) - ============================
[2022-05-30 14:31:18.882] DEBUG UserDao.getCount(UserDao.java:55) - count=1
[2022-05-30 14:31:18.883] DEBUG UserDao.getCount(UserDao.java:56) - ============================
[2022-05-30 14:31:28.071] DEBUG JunitUserDao.tearDown(JunitUserDao.java:44) - ==============================
[2022-05-30 14:31:28.071] DEBUG JunitUserDao.tearDown(JunitUserDao.java:45) - =9.tearDown()=
[2022-05-30 14:31:28.072] DEBUG JunitUserDao.tearDown(JunitUserDao.java:46) - ==============================
[2022-05-30 14:33:55.845] DEBUG JunitUserDao.setUp(JunitUserDao.java:27) - ==============================
[2022-05-30 14:33:55.846] DEBUG JunitUserDao.setUp(JunitUserDao.java:28) - =0.setUp()=
[2022-05-30 14:33:55.846] DEBUG JunitUserDao.setUp(JunitUserDao.java:29) - ==============================
[2022-05-30 14:33:56.040] DEBUG JunitUserDao.setUp(JunitUserDao.java:35) - userVO : UserVO [uId=p03, name=김동호, passwd=0530]
[2022-05-30 14:33:56.042] DEBUG JunitUserDao.setUp(JunitUserDao.java:36) - context : org.springframework.context.support.GenericXmlApplicationContext@3c130745, started on Mon May 30 14:33:55 KST 2022
[2022-05-30 14:33:56.042] DEBUG JunitUserDao.setUp(JunitUserDao.java:37) - dao : com.pcwk.ehr.UserDao@3e11f9e9
[2022-05-30 14:33:56.043] DEBUG JunitUserDao.test(JunitUserDao.java:86) - ==============================
[2022-05-30 14:33:56.043] DEBUG JunitUserDao.test(JunitUserDao.java:87) - =1.test()=
[2022-05-30 14:33:56.043] DEBUG JunitUserDao.test(JunitUserDao.java:88) - ==============================
[2022-05-30 14:33:56.043] DEBUG JunitUserDao.tearDown(JunitUserDao.java:45) - ==============================
[2022-05-30 14:33:56.043] DEBUG JunitUserDao.tearDown(JunitUserDao.java:46) - =9.tearDown()=
[2022-05-30 14:33:56.043] DEBUG JunitUserDao.tearDown(JunitUserDao.java:47) - ==============================
[2022-05-30 14:35:39.656] DEBUG JunitUserDao.setUp(JunitUserDao.java:27) - ==============================
[2022-05-30 14:35:39.657] DEBUG JunitUserDao.setUp(JunitUserDao.java:28) - =0.setUp()=
[2022-05-30 14:35:39.658] DEBUG JunitUserDao.setUp(JunitUserDao.java:29) - ==============================
[2022-05-30 14:35:39.852] DEBUG JunitUserDao.setUp(JunitUserDao.java:35) - userVO : UserVO [uId=p03, name=김동호, passwd=0530]
[2022-05-30 14:35:39.853] DEBUG JunitUserDao.setUp(JunitUserDao.java:36) - context : org.springframework.context.support.GenericXmlApplicationContext@470f1802, started on Mon May 30 14:35:39 KST 2022
[2022-05-30 14:35:39.854] DEBUG JunitUserDao.setUp(JunitUserDao.java:37) - dao : com.pcwk.ehr.UserDao@31fa1761
[2022-05-30 14:35:39.854] DEBUG JunitUserDao.addAndGet(JunitUserDao.java:56) - ==============================
[2022-05-30 14:35:39.855] DEBUG JunitUserDao.addAndGet(JunitUserDao.java:57) - =2.addAndGet()=
[2022-05-30 14:35:39.855] DEBUG JunitUserDao.addAndGet(JunitUserDao.java:58) - ==============================
[2022-05-30 14:35:40.274] DEBUG UserDao.deleteAll(UserDao.java:84) - ============================
[2022-05-30 14:35:40.274] DEBUG UserDao.deleteAll(UserDao.java:85) - sql:
DELETE FROM hr_member 

[2022-05-30 14:35:40.274] DEBUG UserDao.deleteAll(UserDao.java:86) - ============================
[2022-05-30 14:35:40.334] DEBUG UserDao.deleteAll(UserDao.java:93) - flag:1
[2022-05-30 14:35:40.391] DEBUG UserDao.add(UserDao.java:190) - ============================
[2022-05-30 14:35:40.392] DEBUG UserDao.add(UserDao.java:191) - param:UserVO [uId=p03, name=김동호, passwd=0530]
[2022-05-30 14:35:40.392] DEBUG UserDao.add(UserDao.java:192) - sql:
 INSERT INTO hr_member (    
 	    u_id,              
 	    name,              
 	    passwd             
 ) VALUES (                 
 	?,                     
 	?,                     
 	?                      
 )                          

[2022-05-30 14:35:40.392] DEBUG UserDao.add(UserDao.java:193) - ============================
[2022-05-30 14:35:40.394] DEBUG UserDao.add(UserDao.java:203) - flag:1
[2022-05-30 14:35:40.436] DEBUG UserDao.getCount(UserDao.java:40) - ============================
[2022-05-30 14:35:40.436] DEBUG UserDao.getCount(UserDao.java:41) - param:UserVO [uId=p03, name=김동호, passwd=0530]
[2022-05-30 14:35:40.436] DEBUG UserDao.getCount(UserDao.java:42) - sql:
SELECT COUNT(*) AS cnt   
FROM hr_member           
WHERE u_id LIKE ? || '%' 

[2022-05-30 14:35:40.436] DEBUG UserDao.getCount(UserDao.java:43) - ============================
[2022-05-30 14:35:40.469] DEBUG UserDao.getCount(UserDao.java:54) - ============================
[2022-05-30 14:35:40.469] DEBUG UserDao.getCount(UserDao.java:55) - count=1
[2022-05-30 14:35:40.469] DEBUG UserDao.getCount(UserDao.java:56) - ============================
[2022-05-30 14:35:40.530] DEBUG UserDao.get(UserDao.java:126) - ============================
[2022-05-30 14:35:40.531] DEBUG UserDao.get(UserDao.java:127) - param:UserVO [uId=p03, name=김동호, passwd=0530]
[2022-05-30 14:35:40.531] DEBUG UserDao.get(UserDao.java:128) - sql:
SELECT u_id,     
       name,     
       passwd    
FROM   hr_member 
WHERE  u_id = ?  

[2022-05-30 14:35:40.531] DEBUG UserDao.get(UserDao.java:129) - ============================
[2022-05-30 14:35:40.540] DEBUG UserDao.get(UserDao.java:143) - ============================
[2022-05-30 14:35:40.540] DEBUG UserDao.get(UserDao.java:144) - outVO=UserVO [uId=p03, name=김동호, passwd=0530]
[2022-05-30 14:35:40.541] DEBUG UserDao.get(UserDao.java:145) - ============================
[2022-05-30 14:35:40.542] DEBUG JunitUserDao.tearDown(JunitUserDao.java:45) - ==============================
[2022-05-30 14:35:40.542] DEBUG JunitUserDao.tearDown(JunitUserDao.java:46) - =9.tearDown()=
[2022-05-30 14:35:40.542] DEBUG JunitUserDao.tearDown(JunitUserDao.java:47) - ==============================
[2022-05-30 14:35:40.543] DEBUG JunitUserDao.setUp(JunitUserDao.java:27) - ==============================
[2022-05-30 14:35:40.543] DEBUG JunitUserDao.setUp(JunitUserDao.java:28) - =0.setUp()=
[2022-05-30 14:35:40.543] DEBUG JunitUserDao.setUp(JunitUserDao.java:29) - ==============================
[2022-05-30 14:35:40.558] DEBUG JunitUserDao.setUp(JunitUserDao.java:35) - userVO : UserVO [uId=p03, name=김동호, passwd=0530]
[2022-05-30 14:35:40.558] DEBUG JunitUserDao.setUp(JunitUserDao.java:36) - context : org.springframework.context.support.GenericXmlApplicationContext@437da279, started on Mon May 30 14:35:40 KST 2022
[2022-05-30 14:35:40.558] DEBUG JunitUserDao.setUp(JunitUserDao.java:37) - dao : com.pcwk.ehr.UserDao@1151e434
[2022-05-30 14:35:40.558] DEBUG JunitUserDao.test(JunitUserDao.java:86) - ==============================
[2022-05-30 14:35:40.558] DEBUG JunitUserDao.test(JunitUserDao.java:87) - =1.test()=
[2022-05-30 14:35:40.558] DEBUG JunitUserDao.test(JunitUserDao.java:88) - ==============================
[2022-05-30 14:35:40.558] DEBUG JunitUserDao.tearDown(JunitUserDao.java:45) - ==============================
[2022-05-30 14:35:40.559] DEBUG JunitUserDao.tearDown(JunitUserDao.java:46) - =9.tearDown()=
[2022-05-30 14:35:40.559] DEBUG JunitUserDao.tearDown(JunitUserDao.java:47) - ==============================
[2022-05-30 14:37:49.598] DEBUG JunitUserDao.setUp(JunitUserDao.java:28) - ==============================
[2022-05-30 14:37:49.600] DEBUG JunitUserDao.setUp(JunitUserDao.java:29) - =0.setUp()=
[2022-05-30 14:37:49.600] DEBUG JunitUserDao.setUp(JunitUserDao.java:30) - ==============================
[2022-05-30 14:37:49.788] DEBUG JunitUserDao.setUp(JunitUserDao.java:37) - userVO : UserVO [uId=p03, name=김동호, passwd=0530]
[2022-05-30 14:37:49.790] DEBUG JunitUserDao.setUp(JunitUserDao.java:38) - context : org.springframework.context.support.GenericXmlApplicationContext@470f1802, started on Mon May 30 14:37:49 KST 2022
[2022-05-30 14:37:49.790] DEBUG JunitUserDao.setUp(JunitUserDao.java:39) - dao : com.pcwk.ehr.UserDao@31fa1761
[2022-05-30 14:37:49.791] DEBUG JunitUserDao.addAndGet(JunitUserDao.java:58) - ==============================
[2022-05-30 14:37:49.791] DEBUG JunitUserDao.addAndGet(JunitUserDao.java:59) - =2.addAndGet()=
[2022-05-30 14:37:49.791] DEBUG JunitUserDao.addAndGet(JunitUserDao.java:60) - ==============================
[2022-05-30 14:37:50.194] DEBUG UserDao.deleteAll(UserDao.java:84) - ============================
[2022-05-30 14:37:50.194] DEBUG UserDao.deleteAll(UserDao.java:85) - sql:
DELETE FROM hr_member 

[2022-05-30 14:37:50.194] DEBUG UserDao.deleteAll(UserDao.java:86) - ============================
[2022-05-30 14:37:50.252] DEBUG UserDao.deleteAll(UserDao.java:93) - flag:1
[2022-05-30 14:37:50.314] DEBUG UserDao.add(UserDao.java:190) - ============================
[2022-05-30 14:37:50.314] DEBUG UserDao.add(UserDao.java:191) - param:UserVO [uId=p03, name=김동호, passwd=0530]
[2022-05-30 14:37:50.314] DEBUG UserDao.add(UserDao.java:192) - sql:
 INSERT INTO hr_member (    
 	    u_id,              
 	    name,              
 	    passwd             
 ) VALUES (                 
 	?,                     
 	?,                     
 	?                      
 )                          

[2022-05-30 14:37:50.314] DEBUG UserDao.add(UserDao.java:193) - ============================
[2022-05-30 14:37:50.317] DEBUG UserDao.add(UserDao.java:203) - flag:1
[2022-05-30 14:37:50.378] DEBUG UserDao.getCount(UserDao.java:40) - ============================
[2022-05-30 14:37:50.378] DEBUG UserDao.getCount(UserDao.java:41) - param:UserVO [uId=p03, name=김동호, passwd=0530]
[2022-05-30 14:37:50.378] DEBUG UserDao.getCount(UserDao.java:42) - sql:
SELECT COUNT(*) AS cnt   
FROM hr_member           
WHERE u_id LIKE ? || '%' 

[2022-05-30 14:37:50.378] DEBUG UserDao.getCount(UserDao.java:43) - ============================
[2022-05-30 14:37:50.410] DEBUG UserDao.getCount(UserDao.java:54) - ============================
[2022-05-30 14:37:50.410] DEBUG UserDao.getCount(UserDao.java:55) - count=1
[2022-05-30 14:37:50.410] DEBUG UserDao.getCount(UserDao.java:56) - ============================
[2022-05-30 14:37:50.459] DEBUG UserDao.add(UserDao.java:190) - ============================
[2022-05-30 14:37:50.459] DEBUG UserDao.add(UserDao.java:191) - param:UserVO [uId=p030, name=김동호, passwd=0530]
[2022-05-30 14:37:50.459] DEBUG UserDao.add(UserDao.java:192) - sql:
 INSERT INTO hr_member (    
 	    u_id,              
 	    name,              
 	    passwd             
 ) VALUES (                 
 	?,                     
 	?,                     
 	?                      
 )                          

[2022-05-30 14:37:50.459] DEBUG UserDao.add(UserDao.java:193) - ============================
[2022-05-30 14:37:50.461] DEBUG UserDao.add(UserDao.java:203) - flag:1
[2022-05-30 14:37:50.511] DEBUG UserDao.getCount(UserDao.java:40) - ============================
[2022-05-30 14:37:50.511] DEBUG UserDao.getCount(UserDao.java:41) - param:UserVO [uId=p03, name=김동호, passwd=0530]
[2022-05-30 14:37:50.511] DEBUG UserDao.getCount(UserDao.java:42) - sql:
SELECT COUNT(*) AS cnt   
FROM hr_member           
WHERE u_id LIKE ? || '%' 

[2022-05-30 14:37:50.511] DEBUG UserDao.getCount(UserDao.java:43) - ============================
[2022-05-30 14:37:50.512] DEBUG UserDao.getCount(UserDao.java:54) - ============================
[2022-05-30 14:37:50.512] DEBUG UserDao.getCount(UserDao.java:55) - count=2
[2022-05-30 14:37:50.512] DEBUG UserDao.getCount(UserDao.java:56) - ============================
[2022-05-30 14:37:50.553] DEBUG UserDao.get(UserDao.java:126) - ============================
[2022-05-30 14:37:50.553] DEBUG UserDao.get(UserDao.java:127) - param:UserVO [uId=p03, name=김동호, passwd=0530]
[2022-05-30 14:37:50.554] DEBUG UserDao.get(UserDao.java:128) - sql:
SELECT u_id,     
       name,     
       passwd    
FROM   hr_member 
WHERE  u_id = ?  

[2022-05-30 14:37:50.554] DEBUG UserDao.get(UserDao.java:129) - ============================
[2022-05-30 14:37:50.561] DEBUG UserDao.get(UserDao.java:143) - ============================
[2022-05-30 14:37:50.561] DEBUG UserDao.get(UserDao.java:144) - outVO=UserVO [uId=p03, name=김동호, passwd=0530]
[2022-05-30 14:37:50.561] DEBUG UserDao.get(UserDao.java:145) - ============================
[2022-05-30 14:37:50.562] DEBUG JunitUserDao.tearDown(JunitUserDao.java:47) - ==============================
[2022-05-30 14:37:50.562] DEBUG JunitUserDao.tearDown(JunitUserDao.java:48) - =9.tearDown()=
[2022-05-30 14:37:50.562] DEBUG JunitUserDao.tearDown(JunitUserDao.java:49) - ==============================
[2022-05-30 14:37:50.563] DEBUG JunitUserDao.setUp(JunitUserDao.java:28) - ==============================
[2022-05-30 14:37:50.563] DEBUG JunitUserDao.setUp(JunitUserDao.java:29) - =0.setUp()=
[2022-05-30 14:37:50.563] DEBUG JunitUserDao.setUp(JunitUserDao.java:30) - ==============================
[2022-05-30 14:37:50.577] DEBUG JunitUserDao.setUp(JunitUserDao.java:37) - userVO : UserVO [uId=p03, name=김동호, passwd=0530]
[2022-05-30 14:37:50.577] DEBUG JunitUserDao.setUp(JunitUserDao.java:38) - context : org.springframework.context.support.GenericXmlApplicationContext@437da279, started on Mon May 30 14:37:50 KST 2022
[2022-05-30 14:37:50.578] DEBUG JunitUserDao.setUp(JunitUserDao.java:39) - dao : com.pcwk.ehr.UserDao@1151e434
[2022-05-30 14:37:50.578] DEBUG JunitUserDao.test(JunitUserDao.java:93) - ==============================
[2022-05-30 14:37:50.578] DEBUG JunitUserDao.test(JunitUserDao.java:94) - =1.test()=
[2022-05-30 14:37:50.578] DEBUG JunitUserDao.test(JunitUserDao.java:95) - ==============================
[2022-05-30 14:37:50.578] DEBUG JunitUserDao.tearDown(JunitUserDao.java:47) - ==============================
[2022-05-30 14:37:50.578] DEBUG JunitUserDao.tearDown(JunitUserDao.java:48) - =9.tearDown()=
[2022-05-30 14:37:50.578] DEBUG JunitUserDao.tearDown(JunitUserDao.java:49) - ==============================
[2022-05-30 14:38:30.532] DEBUG JunitUserDao.setUp(JunitUserDao.java:28) - ==============================
[2022-05-30 14:38:30.534] DEBUG JunitUserDao.setUp(JunitUserDao.java:29) - =0.setUp()=
[2022-05-30 14:38:30.534] DEBUG JunitUserDao.setUp(JunitUserDao.java:30) - ==============================
[2022-05-30 14:38:30.731] DEBUG JunitUserDao.setUp(JunitUserDao.java:37) - userVO : UserVO [uId=p03, name=김동호, passwd=0530]
[2022-05-30 14:38:30.733] DEBUG JunitUserDao.setUp(JunitUserDao.java:38) - context : org.springframework.context.support.GenericXmlApplicationContext@470f1802, started on Mon May 30 14:38:30 KST 2022
[2022-05-30 14:38:30.733] DEBUG JunitUserDao.setUp(JunitUserDao.java:39) - dao : com.pcwk.ehr.UserDao@31fa1761
[2022-05-30 14:38:30.734] DEBUG JunitUserDao.addAndGet(JunitUserDao.java:58) - ==============================
[2022-05-30 14:38:30.734] DEBUG JunitUserDao.addAndGet(JunitUserDao.java:59) - =2.addAndGet()=
[2022-05-30 14:38:30.734] DEBUG JunitUserDao.addAndGet(JunitUserDao.java:60) - ==============================
[2022-05-30 14:38:31.119] DEBUG UserDao.deleteAll(UserDao.java:84) - ============================
[2022-05-30 14:38:31.119] DEBUG UserDao.deleteAll(UserDao.java:85) - sql:
DELETE FROM hr_member 

[2022-05-30 14:38:31.119] DEBUG UserDao.deleteAll(UserDao.java:86) - ============================
[2022-05-30 14:38:31.177] DEBUG UserDao.deleteAll(UserDao.java:93) - flag:2
[2022-05-30 14:38:31.220] DEBUG UserDao.add(UserDao.java:190) - ============================
[2022-05-30 14:38:31.221] DEBUG UserDao.add(UserDao.java:191) - param:UserVO [uId=p03, name=김동호, passwd=0530]
[2022-05-30 14:38:31.221] DEBUG UserDao.add(UserDao.java:192) - sql:
 INSERT INTO hr_member (    
 	    u_id,              
 	    name,              
 	    passwd             
 ) VALUES (                 
 	?,                     
 	?,                     
 	?                      
 )                          

[2022-05-30 14:38:31.221] DEBUG UserDao.add(UserDao.java:193) - ============================
[2022-05-30 14:38:31.223] DEBUG UserDao.add(UserDao.java:203) - flag:1
[2022-05-30 14:38:31.265] DEBUG UserDao.getCount(UserDao.java:40) - ============================
[2022-05-30 14:38:31.265] DEBUG UserDao.getCount(UserDao.java:41) - param:UserVO [uId=p03, name=김동호, passwd=0530]
[2022-05-30 14:38:31.265] DEBUG UserDao.getCount(UserDao.java:42) - sql:
SELECT COUNT(*) AS cnt   
FROM hr_member           
WHERE u_id LIKE ? || '%' 

[2022-05-30 14:38:31.265] DEBUG UserDao.getCount(UserDao.java:43) - ============================
[2022-05-30 14:38:31.298] DEBUG UserDao.getCount(UserDao.java:54) - ============================
[2022-05-30 14:38:31.298] DEBUG UserDao.getCount(UserDao.java:55) - count=1
[2022-05-30 14:38:31.299] DEBUG UserDao.getCount(UserDao.java:56) - ============================
[2022-05-30 14:38:31.347] DEBUG UserDao.add(UserDao.java:190) - ============================
[2022-05-30 14:38:31.347] DEBUG UserDao.add(UserDao.java:191) - param:UserVO [uId=p030, name=김동호, passwd=0530]
[2022-05-30 14:38:31.347] DEBUG UserDao.add(UserDao.java:192) - sql:
 INSERT INTO hr_member (    
 	    u_id,              
 	    name,              
 	    passwd             
 ) VALUES (                 
 	?,                     
 	?,                     
 	?                      
 )                          

[2022-05-30 14:38:31.347] DEBUG UserDao.add(UserDao.java:193) - ============================
[2022-05-30 14:38:31.349] DEBUG UserDao.add(UserDao.java:203) - flag:1
[2022-05-30 14:38:31.390] DEBUG UserDao.getCount(UserDao.java:40) - ============================
[2022-05-30 14:38:31.390] DEBUG UserDao.getCount(UserDao.java:41) - param:UserVO [uId=p03, name=김동호, passwd=0530]
[2022-05-30 14:38:31.390] DEBUG UserDao.getCount(UserDao.java:42) - sql:
SELECT COUNT(*) AS cnt   
FROM hr_member           
WHERE u_id LIKE ? || '%' 

[2022-05-30 14:38:31.390] DEBUG UserDao.getCount(UserDao.java:43) - ============================
[2022-05-30 14:38:31.392] DEBUG UserDao.getCount(UserDao.java:54) - ============================
[2022-05-30 14:38:31.392] DEBUG UserDao.getCount(UserDao.java:55) - count=2
[2022-05-30 14:38:31.392] DEBUG UserDao.getCount(UserDao.java:56) - ============================
[2022-05-30 14:38:31.436] DEBUG UserDao.get(UserDao.java:126) - ============================
[2022-05-30 14:38:31.436] DEBUG UserDao.get(UserDao.java:127) - param:UserVO [uId=p03, name=김동호, passwd=0530]
[2022-05-30 14:38:31.436] DEBUG UserDao.get(UserDao.java:128) - sql:
SELECT u_id,     
       name,     
       passwd    
FROM   hr_member 
WHERE  u_id = ?  

[2022-05-30 14:38:31.436] DEBUG UserDao.get(UserDao.java:129) - ============================
[2022-05-30 14:38:31.443] DEBUG UserDao.get(UserDao.java:143) - ============================
[2022-05-30 14:38:31.443] DEBUG UserDao.get(UserDao.java:144) - outVO=UserVO [uId=p03, name=김동호, passwd=0530]
[2022-05-30 14:38:31.443] DEBUG UserDao.get(UserDao.java:145) - ============================
[2022-05-30 14:38:31.444] DEBUG JunitUserDao.tearDown(JunitUserDao.java:47) - ==============================
[2022-05-30 14:38:31.444] DEBUG JunitUserDao.tearDown(JunitUserDao.java:48) - =9.tearDown()=
[2022-05-30 14:38:31.445] DEBUG JunitUserDao.tearDown(JunitUserDao.java:49) - ==============================
[2022-05-30 14:38:31.445] DEBUG JunitUserDao.setUp(JunitUserDao.java:28) - ==============================
[2022-05-30 14:38:31.445] DEBUG JunitUserDao.setUp(JunitUserDao.java:29) - =0.setUp()=
[2022-05-30 14:38:31.446] DEBUG JunitUserDao.setUp(JunitUserDao.java:30) - ==============================
[2022-05-30 14:38:31.461] DEBUG JunitUserDao.setUp(JunitUserDao.java:37) - userVO : UserVO [uId=p03, name=김동호, passwd=0530]
[2022-05-30 14:38:31.461] DEBUG JunitUserDao.setUp(JunitUserDao.java:38) - context : org.springframework.context.support.GenericXmlApplicationContext@437da279, started on Mon May 30 14:38:31 KST 2022
[2022-05-30 14:38:31.461] DEBUG JunitUserDao.setUp(JunitUserDao.java:39) - dao : com.pcwk.ehr.UserDao@1151e434
[2022-05-30 14:38:31.461] DEBUG JunitUserDao.test(JunitUserDao.java:93) - ==============================
[2022-05-30 14:38:31.461] DEBUG JunitUserDao.test(JunitUserDao.java:94) - =1.test()=
[2022-05-30 14:38:31.462] DEBUG JunitUserDao.test(JunitUserDao.java:95) - ==============================
[2022-05-30 14:38:31.462] DEBUG JunitUserDao.tearDown(JunitUserDao.java:47) - ==============================
[2022-05-30 14:38:31.462] DEBUG JunitUserDao.tearDown(JunitUserDao.java:48) - =9.tearDown()=
[2022-05-30 14:38:31.462] DEBUG JunitUserDao.tearDown(JunitUserDao.java:49) - ==============================
[2022-05-30 14:39:09.791] DEBUG JunitUserDao.setUp(JunitUserDao.java:28) - ==============================
[2022-05-30 14:39:09.793] DEBUG JunitUserDao.setUp(JunitUserDao.java:29) - =0.setUp()=
[2022-05-30 14:39:09.793] DEBUG JunitUserDao.setUp(JunitUserDao.java:30) - ==============================
[2022-05-30 14:39:09.981] DEBUG JunitUserDao.setUp(JunitUserDao.java:37) - userVO : UserVO [uId=p03, name=김동호, passwd=0530]
[2022-05-30 14:39:09.983] DEBUG JunitUserDao.setUp(JunitUserDao.java:38) - context : org.springframework.context.support.GenericXmlApplicationContext@470f1802, started on Mon May 30 14:39:09 KST 2022
[2022-05-30 14:39:09.983] DEBUG JunitUserDao.setUp(JunitUserDao.java:39) - dao : com.pcwk.ehr.UserDao@31fa1761
[2022-05-30 14:39:09.984] DEBUG JunitUserDao.addAndGet(JunitUserDao.java:58) - ==============================
[2022-05-30 14:39:09.984] DEBUG JunitUserDao.addAndGet(JunitUserDao.java:59) - =2.addAndGet()=
[2022-05-30 14:39:09.984] DEBUG JunitUserDao.addAndGet(JunitUserDao.java:60) - ==============================
[2022-05-30 14:39:10.384] DEBUG UserDao.deleteAll(UserDao.java:84) - ============================
[2022-05-30 14:39:10.384] DEBUG UserDao.deleteAll(UserDao.java:85) - sql:
DELETE FROM hr_member 

[2022-05-30 14:39:10.384] DEBUG UserDao.deleteAll(UserDao.java:86) - ============================
[2022-05-30 14:39:10.442] DEBUG UserDao.deleteAll(UserDao.java:93) - flag:1
[2022-05-30 14:39:10.505] DEBUG UserDao.getCount(UserDao.java:40) - ============================
[2022-05-30 14:39:10.505] DEBUG UserDao.getCount(UserDao.java:41) - param:UserVO [uId=p03, name=김동호, passwd=0530]
[2022-05-30 14:39:10.505] DEBUG UserDao.getCount(UserDao.java:42) - sql:
SELECT COUNT(*) AS cnt   
FROM hr_member           
WHERE u_id LIKE ? || '%' 

[2022-05-30 14:39:10.505] DEBUG UserDao.getCount(UserDao.java:43) - ============================
[2022-05-30 14:39:10.540] DEBUG UserDao.getCount(UserDao.java:54) - ============================
[2022-05-30 14:39:10.540] DEBUG UserDao.getCount(UserDao.java:55) - count=0
[2022-05-30 14:39:10.540] DEBUG UserDao.getCount(UserDao.java:56) - ============================
[2022-05-30 14:39:10.612] DEBUG UserDao.add(UserDao.java:190) - ============================
[2022-05-30 14:39:10.612] DEBUG UserDao.add(UserDao.java:191) - param:UserVO [uId=p03, name=김동호, passwd=0530]
[2022-05-30 14:39:10.612] DEBUG UserDao.add(UserDao.java:192) - sql:
 INSERT INTO hr_member (    
 	    u_id,              
 	    name,              
 	    passwd             
 ) VALUES (                 
 	?,                     
 	?,                     
 	?                      
 )                          

[2022-05-30 14:39:10.613] DEBUG UserDao.add(UserDao.java:193) - ============================
[2022-05-30 14:39:10.615] DEBUG UserDao.add(UserDao.java:203) - flag:1
[2022-05-30 14:39:10.679] DEBUG UserDao.getCount(UserDao.java:40) - ============================
[2022-05-30 14:39:10.679] DEBUG UserDao.getCount(UserDao.java:41) - param:UserVO [uId=p03, name=김동호, passwd=0530]
[2022-05-30 14:39:10.679] DEBUG UserDao.getCount(UserDao.java:42) - sql:
SELECT COUNT(*) AS cnt   
FROM hr_member           
WHERE u_id LIKE ? || '%' 

[2022-05-30 14:39:10.679] DEBUG UserDao.getCount(UserDao.java:43) - ============================
[2022-05-30 14:39:10.680] DEBUG UserDao.getCount(UserDao.java:54) - ============================
[2022-05-30 14:39:10.681] DEBUG UserDao.getCount(UserDao.java:55) - count=1
[2022-05-30 14:39:10.681] DEBUG UserDao.getCount(UserDao.java:56) - ============================
[2022-05-30 14:39:10.725] DEBUG UserDao.add(UserDao.java:190) - ============================
[2022-05-30 14:39:10.725] DEBUG UserDao.add(UserDao.java:191) - param:UserVO [uId=p030, name=김동호, passwd=0530]
[2022-05-30 14:39:10.725] DEBUG UserDao.add(UserDao.java:192) - sql:
 INSERT INTO hr_member (    
 	    u_id,              
 	    name,              
 	    passwd             
 ) VALUES (                 
 	?,                     
 	?,                     
 	?                      
 )                          

[2022-05-30 14:39:10.725] DEBUG UserDao.add(UserDao.java:193) - ============================
[2022-05-30 14:39:10.726] DEBUG UserDao.add(UserDao.java:203) - flag:1
[2022-05-30 14:39:10.772] DEBUG UserDao.getCount(UserDao.java:40) - ============================
[2022-05-30 14:39:10.772] DEBUG UserDao.getCount(UserDao.java:41) - param:UserVO [uId=p03, name=김동호, passwd=0530]
[2022-05-30 14:39:10.772] DEBUG UserDao.getCount(UserDao.java:42) - sql:
SELECT COUNT(*) AS cnt   
FROM hr_member           
WHERE u_id LIKE ? || '%' 

[2022-05-30 14:39:10.772] DEBUG UserDao.getCount(UserDao.java:43) - ============================
[2022-05-30 14:39:10.774] DEBUG UserDao.getCount(UserDao.java:54) - ============================
[2022-05-30 14:39:10.774] DEBUG UserDao.getCount(UserDao.java:55) - count=2
[2022-05-30 14:39:10.774] DEBUG UserDao.getCount(UserDao.java:56) - ============================
[2022-05-30 14:39:10.816] DEBUG UserDao.get(UserDao.java:126) - ============================
[2022-05-30 14:39:10.816] DEBUG UserDao.get(UserDao.java:127) - param:UserVO [uId=p03, name=김동호, passwd=0530]
[2022-05-30 14:39:10.816] DEBUG UserDao.get(UserDao.java:128) - sql:
SELECT u_id,     
       name,     
       passwd    
FROM   hr_member 
WHERE  u_id = ?  

[2022-05-30 14:39:10.816] DEBUG UserDao.get(UserDao.java:129) - ============================
[2022-05-30 14:39:10.824] DEBUG UserDao.get(UserDao.java:143) - ============================
[2022-05-30 14:39:10.824] DEBUG UserDao.get(UserDao.java:144) - outVO=UserVO [uId=p03, name=김동호, passwd=0530]
[2022-05-30 14:39:10.824] DEBUG UserDao.get(UserDao.java:145) - ============================
[2022-05-30 14:39:10.826] DEBUG JunitUserDao.tearDown(JunitUserDao.java:47) - ==============================
[2022-05-30 14:39:10.826] DEBUG JunitUserDao.tearDown(JunitUserDao.java:48) - =9.tearDown()=
[2022-05-30 14:39:10.826] DEBUG JunitUserDao.tearDown(JunitUserDao.java:49) - ==============================
[2022-05-30 14:39:10.827] DEBUG JunitUserDao.setUp(JunitUserDao.java:28) - ==============================
[2022-05-30 14:39:10.827] DEBUG JunitUserDao.setUp(JunitUserDao.java:29) - =0.setUp()=
[2022-05-30 14:39:10.827] DEBUG JunitUserDao.setUp(JunitUserDao.java:30) - ==============================
[2022-05-30 14:39:10.842] DEBUG JunitUserDao.setUp(JunitUserDao.java:37) - userVO : UserVO [uId=p03, name=김동호, passwd=0530]
[2022-05-30 14:39:10.842] DEBUG JunitUserDao.setUp(JunitUserDao.java:38) - context : org.springframework.context.support.GenericXmlApplicationContext@437da279, started on Mon May 30 14:39:10 KST 2022
[2022-05-30 14:39:10.842] DEBUG JunitUserDao.setUp(JunitUserDao.java:39) - dao : com.pcwk.ehr.UserDao@1151e434
[2022-05-30 14:39:10.842] DEBUG JunitUserDao.test(JunitUserDao.java:94) - ==============================
[2022-05-30 14:39:10.842] DEBUG JunitUserDao.test(JunitUserDao.java:95) - =1.test()=
[2022-05-30 14:39:10.843] DEBUG JunitUserDao.test(JunitUserDao.java:96) - ==============================
[2022-05-30 14:39:10.843] DEBUG JunitUserDao.tearDown(JunitUserDao.java:47) - ==============================
[2022-05-30 14:39:10.843] DEBUG JunitUserDao.tearDown(JunitUserDao.java:48) - =9.tearDown()=
[2022-05-30 14:39:10.843] DEBUG JunitUserDao.tearDown(JunitUserDao.java:49) - ==============================
[2022-05-30 15:02:33.409] DEBUG JunitUserDao02.setUp(JunitUserDao02.java:28) - ==============================
[2022-05-30 15:02:33.411] DEBUG JunitUserDao02.setUp(JunitUserDao02.java:29) - =0.setUp()=
[2022-05-30 15:02:33.411] DEBUG JunitUserDao02.setUp(JunitUserDao02.java:30) - ==============================
[2022-05-30 15:02:33.607] DEBUG JunitUserDao02.setUp(JunitUserDao02.java:37) - userVO : UserVO [uId=p03, name=김동호, passwd=0530]
[2022-05-30 15:02:33.609] DEBUG JunitUserDao02.setUp(JunitUserDao02.java:38) - context : org.springframework.context.support.GenericXmlApplicationContext@470f1802, started on Mon May 30 15:02:33 KST 2022
[2022-05-30 15:02:33.609] DEBUG JunitUserDao02.setUp(JunitUserDao02.java:39) - dao : com.pcwk.ehr.UserDao@31fa1761
[2022-05-30 15:02:33.610] DEBUG JunitUserDao02.addAndGet(JunitUserDao02.java:63) - ==============================
[2022-05-30 15:02:33.610] DEBUG JunitUserDao02.addAndGet(JunitUserDao02.java:64) - =2.addAndGet()=
[2022-05-30 15:02:33.610] DEBUG JunitUserDao02.addAndGet(JunitUserDao02.java:65) - ==============================
[2022-05-30 15:02:33.994] DEBUG UserDao.deleteAll(UserDao.java:84) - ============================
[2022-05-30 15:02:33.996] DEBUG UserDao.deleteAll(UserDao.java:85) - sql:
DELETE FROM hr_member 

[2022-05-30 15:02:33.996] DEBUG UserDao.deleteAll(UserDao.java:86) - ============================
[2022-05-30 15:02:34.055] DEBUG UserDao.deleteAll(UserDao.java:93) - flag:2
[2022-05-30 15:02:34.119] DEBUG UserDao.getCount(UserDao.java:40) - ============================
[2022-05-30 15:02:34.120] DEBUG UserDao.getCount(UserDao.java:41) - param:UserVO [uId=p03, name=김동호, passwd=0530]
[2022-05-30 15:02:34.120] DEBUG UserDao.getCount(UserDao.java:42) - sql:
SELECT COUNT(*) AS cnt   
FROM hr_member           
WHERE u_id LIKE ? || '%' 

[2022-05-30 15:02:34.120] DEBUG UserDao.getCount(UserDao.java:43) - ============================
[2022-05-30 15:02:34.157] DEBUG UserDao.getCount(UserDao.java:54) - ============================
[2022-05-30 15:02:34.157] DEBUG UserDao.getCount(UserDao.java:55) - count=0
[2022-05-30 15:02:34.157] DEBUG UserDao.getCount(UserDao.java:56) - ============================
[2022-05-30 15:02:34.227] DEBUG UserDao.add(UserDao.java:196) - ============================
[2022-05-30 15:02:34.227] DEBUG UserDao.add(UserDao.java:197) - param:UserVO [uId=p03, name=김동호, passwd=0530]
[2022-05-30 15:02:34.228] DEBUG UserDao.add(UserDao.java:198) - sql:
 INSERT INTO hr_member (    
 	    u_id,              
 	    name,              
 	    passwd             
 ) VALUES (                 
 	?,                     
 	?,                     
 	?                      
 )                          

[2022-05-30 15:02:34.228] DEBUG UserDao.add(UserDao.java:199) - ============================
[2022-05-30 15:02:34.230] DEBUG UserDao.add(UserDao.java:209) - flag:1
[2022-05-30 15:02:34.303] DEBUG UserDao.getCount(UserDao.java:40) - ============================
[2022-05-30 15:02:34.303] DEBUG UserDao.getCount(UserDao.java:41) - param:UserVO [uId=p03, name=김동호, passwd=0530]
[2022-05-30 15:02:34.303] DEBUG UserDao.getCount(UserDao.java:42) - sql:
SELECT COUNT(*) AS cnt   
FROM hr_member           
WHERE u_id LIKE ? || '%' 

[2022-05-30 15:02:34.303] DEBUG UserDao.getCount(UserDao.java:43) - ============================
[2022-05-30 15:02:34.304] DEBUG UserDao.getCount(UserDao.java:54) - ============================
[2022-05-30 15:02:34.304] DEBUG UserDao.getCount(UserDao.java:55) - count=0
[2022-05-30 15:02:34.305] DEBUG UserDao.getCount(UserDao.java:56) - ============================
[2022-05-30 15:02:34.308] DEBUG JunitUserDao02.tearDown(JunitUserDao02.java:47) - ==============================
[2022-05-30 15:02:34.308] DEBUG JunitUserDao02.tearDown(JunitUserDao02.java:48) - =9.tearDown()=
[2022-05-30 15:02:34.308] DEBUG JunitUserDao02.tearDown(JunitUserDao02.java:49) - ==============================
[2022-05-30 15:02:34.311] DEBUG JunitUserDao02.setUp(JunitUserDao02.java:28) - ==============================
[2022-05-30 15:02:34.311] DEBUG JunitUserDao02.setUp(JunitUserDao02.java:29) - =0.setUp()=
[2022-05-30 15:02:34.311] DEBUG JunitUserDao02.setUp(JunitUserDao02.java:30) - ==============================
[2022-05-30 15:02:34.326] DEBUG JunitUserDao02.setUp(JunitUserDao02.java:37) - userVO : UserVO [uId=p03, name=김동호, passwd=0530]
[2022-05-30 15:02:34.326] DEBUG JunitUserDao02.setUp(JunitUserDao02.java:38) - context : org.springframework.context.support.GenericXmlApplicationContext@82de64a, started on Mon May 30 15:02:34 KST 2022
[2022-05-30 15:02:34.326] DEBUG JunitUserDao02.setUp(JunitUserDao02.java:39) - dao : com.pcwk.ehr.UserDao@4efac082
[2022-05-30 15:02:34.326] DEBUG JunitUserDao02.test(JunitUserDao02.java:101) - ==============================
[2022-05-30 15:02:34.326] DEBUG JunitUserDao02.test(JunitUserDao02.java:102) - =1.test()=
[2022-05-30 15:02:34.327] DEBUG JunitUserDao02.test(JunitUserDao02.java:103) - ==============================
[2022-05-30 15:02:34.327] DEBUG JunitUserDao02.tearDown(JunitUserDao02.java:47) - ==============================
[2022-05-30 15:02:34.327] DEBUG JunitUserDao02.tearDown(JunitUserDao02.java:48) - =9.tearDown()=
[2022-05-30 15:02:34.327] DEBUG JunitUserDao02.tearDown(JunitUserDao02.java:49) - ==============================
[2022-05-30 15:03:59.185] DEBUG JunitUserDao02.setUp(JunitUserDao02.java:28) - ==============================
[2022-05-30 15:03:59.187] DEBUG JunitUserDao02.setUp(JunitUserDao02.java:29) - =0.setUp()=
[2022-05-30 15:03:59.187] DEBUG JunitUserDao02.setUp(JunitUserDao02.java:30) - ==============================
[2022-05-30 15:03:59.375] DEBUG JunitUserDao02.setUp(JunitUserDao02.java:37) - userVO : UserVO [uId=p03, name=김동호, passwd=0530]
[2022-05-30 15:03:59.377] DEBUG JunitUserDao02.setUp(JunitUserDao02.java:38) - context : org.springframework.context.support.GenericXmlApplicationContext@3c419631, started on Mon May 30 15:03:59 KST 2022
[2022-05-30 15:03:59.377] DEBUG JunitUserDao02.setUp(JunitUserDao02.java:39) - dao : com.pcwk.ehr.UserDao@53ce1329
[2022-05-30 15:03:59.377] DEBUG JunitUserDao02.addAndGet(JunitUserDao02.java:64) - ==============================
[2022-05-30 15:03:59.377] DEBUG JunitUserDao02.addAndGet(JunitUserDao02.java:65) - =2.addAndGet()=
[2022-05-30 15:03:59.377] DEBUG JunitUserDao02.addAndGet(JunitUserDao02.java:66) - ==============================
[2022-05-30 15:03:59.768] DEBUG UserDao.deleteAll(UserDao.java:84) - ============================
[2022-05-30 15:03:59.768] DEBUG UserDao.deleteAll(UserDao.java:85) - sql:
DELETE FROM hr_member 

[2022-05-30 15:03:59.768] DEBUG UserDao.deleteAll(UserDao.java:86) - ============================
[2022-05-30 15:03:59.826] DEBUG UserDao.deleteAll(UserDao.java:93) - flag:3
[2022-05-30 15:03:59.884] DEBUG UserDao.getCount(UserDao.java:40) - ============================
[2022-05-30 15:03:59.884] DEBUG UserDao.getCount(UserDao.java:41) - param:UserVO [uId=p03, name=김동호, passwd=0530]
[2022-05-30 15:03:59.885] DEBUG UserDao.getCount(UserDao.java:42) - sql:
SELECT COUNT(*) AS cnt   
FROM hr_member           
WHERE u_id LIKE ? || '%' 

[2022-05-30 15:03:59.885] DEBUG UserDao.getCount(UserDao.java:43) - ============================
[2022-05-30 15:03:59.921] DEBUG UserDao.getCount(UserDao.java:54) - ============================
[2022-05-30 15:03:59.921] DEBUG UserDao.getCount(UserDao.java:55) - count=0
[2022-05-30 15:03:59.921] DEBUG UserDao.getCount(UserDao.java:56) - ============================
[2022-05-30 15:03:59.990] DEBUG UserDao.add(UserDao.java:196) - ============================
[2022-05-30 15:03:59.990] DEBUG UserDao.add(UserDao.java:197) - param:UserVO [uId=p03, name=김동호, passwd=0530]
[2022-05-30 15:03:59.990] DEBUG UserDao.add(UserDao.java:198) - sql:
 INSERT INTO hr_member (    
 	    u_id,              
 	    name,              
 	    passwd             
 ) VALUES (                 
 	?,                     
 	?,                     
 	?                      
 )                          

[2022-05-30 15:03:59.991] DEBUG UserDao.add(UserDao.java:199) - ============================
[2022-05-30 15:03:59.993] DEBUG UserDao.add(UserDao.java:209) - flag:1
[2022-05-30 15:04:00.067] DEBUG UserDao.getCount(UserDao.java:40) - ============================
[2022-05-30 15:04:00.067] DEBUG UserDao.getCount(UserDao.java:41) - param:UserVO [uId=p03, name=김동호, passwd=0530]
[2022-05-30 15:04:00.067] DEBUG UserDao.getCount(UserDao.java:42) - sql:
SELECT COUNT(*) AS cnt   
FROM hr_member           
WHERE u_id LIKE ? || '%' 

[2022-05-30 15:04:00.067] DEBUG UserDao.getCount(UserDao.java:43) - ============================
[2022-05-30 15:04:00.069] DEBUG UserDao.getCount(UserDao.java:54) - ============================
[2022-05-30 15:04:00.069] DEBUG UserDao.getCount(UserDao.java:55) - count=1
[2022-05-30 15:04:00.069] DEBUG UserDao.getCount(UserDao.java:56) - ============================
[2022-05-30 15:04:00.111] DEBUG UserDao.add(UserDao.java:196) - ============================
[2022-05-30 15:04:00.111] DEBUG UserDao.add(UserDao.java:197) - param:UserVO [uId=p030, name=김동호, passwd=0530]
[2022-05-30 15:04:00.111] DEBUG UserDao.add(UserDao.java:198) - sql:
 INSERT INTO hr_member (    
 	    u_id,              
 	    name,              
 	    passwd             
 ) VALUES (                 
 	?,                     
 	?,                     
 	?                      
 )                          

[2022-05-30 15:04:00.111] DEBUG UserDao.add(UserDao.java:199) - ============================
[2022-05-30 15:04:00.112] DEBUG UserDao.add(UserDao.java:209) - flag:1
[2022-05-30 15:04:00.182] DEBUG UserDao.getCount(UserDao.java:40) - ============================
[2022-05-30 15:04:00.183] DEBUG UserDao.getCount(UserDao.java:41) - param:UserVO [uId=p03, name=김동호, passwd=0530]
[2022-05-30 15:04:00.183] DEBUG UserDao.getCount(UserDao.java:42) - sql:
SELECT COUNT(*) AS cnt   
FROM hr_member           
WHERE u_id LIKE ? || '%' 

[2022-05-30 15:04:00.183] DEBUG UserDao.getCount(UserDao.java:43) - ============================
[2022-05-30 15:04:00.184] DEBUG UserDao.getCount(UserDao.java:54) - ============================
[2022-05-30 15:04:00.185] DEBUG UserDao.getCount(UserDao.java:55) - count=2
[2022-05-30 15:04:00.185] DEBUG UserDao.getCount(UserDao.java:56) - ============================
[2022-05-30 15:04:00.226] DEBUG UserDao.get(UserDao.java:126) - ============================
[2022-05-30 15:04:00.227] DEBUG UserDao.get(UserDao.java:127) - param:UserVO [uId=p03999, name=김동호, passwd=0530]
[2022-05-30 15:04:00.227] DEBUG UserDao.get(UserDao.java:128) - sql:
SELECT u_id,     
       name,     
       passwd    
FROM   hr_member 
WHERE  u_id = ?  

[2022-05-30 15:04:00.227] DEBUG UserDao.get(UserDao.java:129) - ============================
[2022-05-30 15:04:00.233] DEBUG JunitUserDao02.tearDown(JunitUserDao02.java:47) - ==============================
[2022-05-30 15:04:00.233] DEBUG JunitUserDao02.tearDown(JunitUserDao02.java:48) - =9.tearDown()=
[2022-05-30 15:04:00.233] DEBUG JunitUserDao02.tearDown(JunitUserDao02.java:49) - ==============================
[2022-05-30 15:04:00.234] DEBUG JunitUserDao02.setUp(JunitUserDao02.java:28) - ==============================
[2022-05-30 15:04:00.234] DEBUG JunitUserDao02.setUp(JunitUserDao02.java:29) - =0.setUp()=
[2022-05-30 15:04:00.234] DEBUG JunitUserDao02.setUp(JunitUserDao02.java:30) - ==============================
[2022-05-30 15:04:00.249] DEBUG JunitUserDao02.setUp(JunitUserDao02.java:37) - userVO : UserVO [uId=p03, name=김동호, passwd=0530]
[2022-05-30 15:04:00.249] DEBUG JunitUserDao02.setUp(JunitUserDao02.java:38) - context : org.springframework.context.support.GenericXmlApplicationContext@5cbe877d, started on Mon May 30 15:04:00 KST 2022
[2022-05-30 15:04:00.249] DEBUG JunitUserDao02.setUp(JunitUserDao02.java:39) - dao : com.pcwk.ehr.UserDao@52d645b1
[2022-05-30 15:04:00.249] DEBUG JunitUserDao02.test(JunitUserDao02.java:102) - ==============================
[2022-05-30 15:04:00.249] DEBUG JunitUserDao02.test(JunitUserDao02.java:103) - =1.test()=
[2022-05-30 15:04:00.249] DEBUG JunitUserDao02.test(JunitUserDao02.java:104) - ==============================
[2022-05-30 15:04:00.250] DEBUG JunitUserDao02.tearDown(JunitUserDao02.java:47) - ==============================
[2022-05-30 15:04:00.250] DEBUG JunitUserDao02.tearDown(JunitUserDao02.java:48) - =9.tearDown()=
[2022-05-30 15:04:00.250] DEBUG JunitUserDao02.tearDown(JunitUserDao02.java:49) - ==============================
