[2022-06-08 11:10:35.395] DEBUG UserDaoImpl.doInsert(UserDaoImpl.java:182) - Object param : 1
[2022-06-08 11:10:35.399] DEBUG UserDaoImpl.doInsert(UserDaoImpl.java:182) - Object param : 49
[2022-06-08 11:10:35.400] DEBUG UserDaoImpl.doInsert(UserDaoImpl.java:182) - Object param : 0
[2022-06-08 11:10:35.400] DEBUG UserDaoImpl.doInsert(UserDaoImpl.java:182) - Object param : tubus1130@gmail.com
[2022-06-08 11:10:35.469] DEBUG UserDaoImpl.doInsert(UserDaoImpl.java:186) - flag : 1
[2022-06-08 11:10:35.469] DEBUG UserDaoImpl.getCount(UserDaoImpl.java:127) - ============================
[2022-06-08 11:10:35.470] DEBUG UserDaoImpl.getCount(UserDaoImpl.java:128) - param:UserVO [uId=p03, name=김동호03, passwd=1130, level=BASIC, login=49, recommend=0, email=tubus1130@gmail.com, regDt=날짜_사용안함, toString()=com.pcwk.ehr.UserVO@39b43d60]
[2022-06-08 11:10:35.470] DEBUG UserDaoImpl.getCount(UserDaoImpl.java:129) - sql:
SELECT COUNT(*) AS cnt   
FROM hr_member           
WHERE u_id LIKE ? || '%' 

[2022-06-08 11:10:35.470] DEBUG UserDaoImpl.getCount(UserDaoImpl.java:130) - ============================
[2022-06-08 11:10:35.470] DEBUG UserDaoImpl.getCount(UserDaoImpl.java:132) - Object param:p03
[2022-06-08 11:10:35.564] DEBUG UserDaoImpl.getCount(UserDaoImpl.java:135) - ============================
[2022-06-08 11:10:35.564] DEBUG UserDaoImpl.getCount(UserDaoImpl.java:136) - count=1
[2022-06-08 11:10:35.564] DEBUG UserDaoImpl.getCount(UserDaoImpl.java:137) - ============================
[2022-06-08 11:10:35.564] DEBUG UserDaoImpl.doSelectOne(UserDaoImpl.java:227) - ============================
[2022-06-08 11:10:35.564] DEBUG UserDaoImpl.doSelectOne(UserDaoImpl.java:228) - param:UserVO [uId=p03, name=김동호03, passwd=1130, level=BASIC, login=49, recommend=0, email=tubus1130@gmail.com, regDt=날짜_사용안함, toString()=com.pcwk.ehr.UserVO@39b43d60]
[2022-06-08 11:10:35.565] DEBUG UserDaoImpl.doSelectOne(UserDaoImpl.java:229) - sql:
SELECT u_id,     
       name,     
       passwd,    
       u_level,   
       login,     
       recommend, 
       email,     
       TO_CHAR(reg_dt, 'yyyy-mm-dd hh24:mi:ss') AS reg_dt 
FROM   hr_member 
WHERE  u_id = ?  

[2022-06-08 11:10:35.565] DEBUG UserDaoImpl.doSelectOne(UserDaoImpl.java:230) - ============================
[2022-06-08 11:10:35.565] DEBUG UserDaoImpl.doSelectOne(UserDaoImpl.java:233) - Object param:p03
[2022-06-08 11:10:35.694] DEBUG UserDaoImpl.doSelectOne(UserDaoImpl.java:242) - ============================
[2022-06-08 11:10:35.694] DEBUG UserDaoImpl.doSelectOne(UserDaoImpl.java:243) - outVO=UserVO [uId=p03, name=김동호03, passwd=1130, level=BASIC, login=49, recommend=0, email=tubus1130@gmail.com, regDt=2022-06-08 11:10:35, toString()=com.pcwk.ehr.UserVO@27a5328c]
[2022-06-08 11:10:35.694] DEBUG UserDaoImpl.doSelectOne(UserDaoImpl.java:244) - ============================
[2022-06-08 11:13:12.096] INFO  AbstractTestContextBootstrapper.getDefaultTestExecutionListenerClassNames(AbstractTestContextBootstrapper.java:245) - Loaded default TestExecutionListener class names from location [META-INF/spring.factories]: [org.springframework.test.context.web.ServletTestExecutionListener, org.springframework.test.context.support.DirtiesContextBeforeModesTestExecutionListener, org.springframework.test.context.event.ApplicationEventsTestExecutionListener, org.springframework.test.context.support.DependencyInjectionTestExecutionListener, org.springframework.test.context.support.DirtiesContextTestExecutionListener, org.springframework.test.context.transaction.TransactionalTestExecutionListener, org.springframework.test.context.jdbc.SqlScriptsTestExecutionListener, org.springframework.test.context.event.EventPublishingTestExecutionListener]
[2022-06-08 11:13:12.105] INFO  AbstractTestContextBootstrapper.getTestExecutionListeners(AbstractTestContextBootstrapper.java:174) - Using TestExecutionListeners: [org.springframework.test.context.support.DirtiesContextBeforeModesTestExecutionListener@79079097, org.springframework.test.context.event.ApplicationEventsTestExecutionListener@4d1c00d0, org.springframework.test.context.support.DependencyInjectionTestExecutionListener@4b2bac3f, org.springframework.test.context.support.DirtiesContextTestExecutionListener@4e08711f, org.springframework.test.context.transaction.TransactionalTestExecutionListener@bcec361, org.springframework.test.context.jdbc.SqlScriptsTestExecutionListener@26794848, org.springframework.test.context.event.EventPublishingTestExecutionListener@302552ec]
[2022-06-08 11:13:12.351] DEBUG JUnitUserServiceTest.setUp(JUnitUserServiceTest.java:43) - ========================
[2022-06-08 11:13:12.351] DEBUG JUnitUserServiceTest.setUp(JUnitUserServiceTest.java:44) - =0.setUp()=
[2022-06-08 11:13:12.351] DEBUG JUnitUserServiceTest.setUp(JUnitUserServiceTest.java:45) - ========================
[2022-06-08 11:13:12.353] DEBUG JUnitUserServiceTest.setUp(JUnitUserServiceTest.java:58) - context : org.springframework.context.support.GenericApplicationContext@5c90e579, started on Wed Jun 08 11:13:12 KST 2022
[2022-06-08 11:13:12.353] DEBUG JUnitUserServiceTest.setUp(JUnitUserServiceTest.java:59) - userService : com.pcwk.ehr.UserServiceImpl@6f3187b0
[2022-06-08 11:13:12.353] DEBUG JUnitUserServiceTest.setUp(JUnitUserServiceTest.java:60) - dao : com.pcwk.ehr.UserDaoImpl@2663e964
[2022-06-08 11:13:12.354] DEBUG JUnitUserServiceTest.add(JUnitUserServiceTest.java:73) - ========================
[2022-06-08 11:13:12.354] DEBUG JUnitUserServiceTest.add(JUnitUserServiceTest.java:74) - =2. add()=
[2022-06-08 11:13:12.354] DEBUG JUnitUserServiceTest.add(JUnitUserServiceTest.java:75) - ========================
[2022-06-08 11:13:12.354] DEBUG UserDaoImpl.doDelete(UserDaoImpl.java:255) - ============================
[2022-06-08 11:13:12.354] DEBUG UserDaoImpl.doDelete(UserDaoImpl.java:256) - param:UserVO [uId=p03, name=김동호03, passwd=1130, level=BASIC, login=49, recommend=0, email=tubus1130@gmail.com, regDt=날짜_사용안함, toString()=com.pcwk.ehr.UserVO@39b43d60]
[2022-06-08 11:13:12.354] DEBUG UserDaoImpl.doDelete(UserDaoImpl.java:257) - sql:
DELETE FROM hr_member 
WHERE u_id = ? 

[2022-06-08 11:13:12.354] DEBUG UserDaoImpl.doDelete(UserDaoImpl.java:258) - ============================
[2022-06-08 11:13:12.354] DEBUG UserDaoImpl.doDelete(UserDaoImpl.java:261) - Object param : p03
[2022-06-08 11:13:12.796] DEBUG UserDaoImpl.doDelete(UserDaoImpl.java:264) - flag = 1
[2022-06-08 11:13:12.796] DEBUG UserDaoImpl.doDelete(UserDaoImpl.java:255) - ============================
[2022-06-08 11:13:12.796] DEBUG UserDaoImpl.doDelete(UserDaoImpl.java:256) - param:UserVO [uId=p030, name=김동호030, passwd=1130, level=BASIC, login=50, recommend=10, email=tubus1130@gmail.com, regDt=날짜_사용안함, toString()=com.pcwk.ehr.UserVO@7c209437]
[2022-06-08 11:13:12.796] DEBUG UserDaoImpl.doDelete(UserDaoImpl.java:257) - sql:
DELETE FROM hr_member 
WHERE u_id = ? 

[2022-06-08 11:13:12.796] DEBUG UserDaoImpl.doDelete(UserDaoImpl.java:258) - ============================
[2022-06-08 11:13:12.797] DEBUG UserDaoImpl.doDelete(UserDaoImpl.java:261) - Object param : p030
[2022-06-08 11:13:12.854] DEBUG UserDaoImpl.doDelete(UserDaoImpl.java:264) - flag = 0
[2022-06-08 11:13:12.854] DEBUG UserDaoImpl.doDelete(UserDaoImpl.java:255) - ============================
[2022-06-08 11:13:12.854] DEBUG UserDaoImpl.doDelete(UserDaoImpl.java:256) - param:UserVO [uId=p0300, name=김동호0300, passwd=1130, level=SILVER, login=51, recommend=29, email=tubus1130@gmail.com, regDt=날짜_사용안함, toString()=com.pcwk.ehr.UserVO@f667fe]
[2022-06-08 11:13:12.854] DEBUG UserDaoImpl.doDelete(UserDaoImpl.java:257) - sql:
DELETE FROM hr_member 
WHERE u_id = ? 

[2022-06-08 11:13:12.854] DEBUG UserDaoImpl.doDelete(UserDaoImpl.java:258) - ============================
[2022-06-08 11:13:12.854] DEBUG UserDaoImpl.doDelete(UserDaoImpl.java:261) - Object param : p0300
[2022-06-08 11:13:12.914] DEBUG UserDaoImpl.doDelete(UserDaoImpl.java:264) - flag = 0
[2022-06-08 11:13:12.914] DEBUG UserDaoImpl.doDelete(UserDaoImpl.java:255) - ============================
[2022-06-08 11:13:12.914] DEBUG UserDaoImpl.doDelete(UserDaoImpl.java:256) - param:UserVO [uId=p03000, name=김동호03000, passwd=1130, level=SILVER, login=51, recommend=30, email=tubus1130@gmail.com, regDt=날짜_사용안함, toString()=com.pcwk.ehr.UserVO@25e2a451]
[2022-06-08 11:13:12.914] DEBUG UserDaoImpl.doDelete(UserDaoImpl.java:257) - sql:
DELETE FROM hr_member 
WHERE u_id = ? 

[2022-06-08 11:13:12.914] DEBUG UserDaoImpl.doDelete(UserDaoImpl.java:258) - ============================
[2022-06-08 11:13:12.914] DEBUG UserDaoImpl.doDelete(UserDaoImpl.java:261) - Object param : p03000
[2022-06-08 11:13:12.986] DEBUG UserDaoImpl.doDelete(UserDaoImpl.java:264) - flag = 0
[2022-06-08 11:13:12.987] DEBUG UserDaoImpl.doDelete(UserDaoImpl.java:255) - ============================
[2022-06-08 11:13:12.987] DEBUG UserDaoImpl.doDelete(UserDaoImpl.java:256) - param:UserVO [uId=p030000, name=김동호030000, passwd=1130, level=GOLD, login=52, recommend=31, email=tubus1130@gmail.com, regDt=날짜_사용안함, toString()=com.pcwk.ehr.UserVO@328cf0e1]
[2022-06-08 11:13:12.987] DEBUG UserDaoImpl.doDelete(UserDaoImpl.java:257) - sql:
DELETE FROM hr_member 
WHERE u_id = ? 

[2022-06-08 11:13:12.987] DEBUG UserDaoImpl.doDelete(UserDaoImpl.java:258) - ============================
[2022-06-08 11:13:12.988] DEBUG UserDaoImpl.doDelete(UserDaoImpl.java:261) - Object param : p030000
[2022-06-08 11:13:13.030] DEBUG UserDaoImpl.doDelete(UserDaoImpl.java:264) - flag = 0
[2022-06-08 11:13:13.030] DEBUG UserDaoImpl.doInsert(UserDaoImpl.java:173) - ============================
[2022-06-08 11:13:13.030] DEBUG UserDaoImpl.doInsert(UserDaoImpl.java:174) - param:UserVO [uId=p03, name=김동호03, passwd=1130, level=BASIC, login=49, recommend=0, email=tubus1130@gmail.com, regDt=날짜_사용안함, toString()=com.pcwk.ehr.UserVO@39b43d60]
[2022-06-08 11:13:13.030] DEBUG UserDaoImpl.doInsert(UserDaoImpl.java:175) - sql:
 INSERT INTO hr_member (   
 	        u_id,         
 	        name,         
 	        passwd,       
             u_level,      
             login,        
             recommend,    
             email,        
             reg_dt        
 ) VALUES (                
 	?,                    
 	?,                    
 	?,                    
 	?,                    
 	?,                    
 	?,                    
 	?,                    
 	SYSDATE               
 )                         

[2022-06-08 11:13:13.030] DEBUG UserDaoImpl.doInsert(UserDaoImpl.java:176) - ============================
[2022-06-08 11:13:13.030] DEBUG UserDaoImpl.doInsert(UserDaoImpl.java:182) - Object param : p03
[2022-06-08 11:13:13.030] DEBUG UserDaoImpl.doInsert(UserDaoImpl.java:182) - Object param : 김동호03
[2022-06-08 11:13:13.030] DEBUG UserDaoImpl.doInsert(UserDaoImpl.java:182) - Object param : 1130
[2022-06-08 11:13:13.030] DEBUG UserDaoImpl.doInsert(UserDaoImpl.java:182) - Object param : 1
[2022-06-08 11:13:13.031] DEBUG UserDaoImpl.doInsert(UserDaoImpl.java:182) - Object param : 49
[2022-06-08 11:13:13.031] DEBUG UserDaoImpl.doInsert(UserDaoImpl.java:182) - Object param : 0
[2022-06-08 11:13:13.031] DEBUG UserDaoImpl.doInsert(UserDaoImpl.java:182) - Object param : tubus1130@gmail.com
[2022-06-08 11:13:13.088] DEBUG UserDaoImpl.doInsert(UserDaoImpl.java:186) - flag : 1
[2022-06-08 11:13:13.088] DEBUG UserDaoImpl.getCount(UserDaoImpl.java:127) - ============================
[2022-06-08 11:13:13.088] DEBUG UserDaoImpl.getCount(UserDaoImpl.java:128) - param:UserVO [uId=p03, name=김동호03, passwd=1130, level=BASIC, login=49, recommend=0, email=tubus1130@gmail.com, regDt=날짜_사용안함, toString()=com.pcwk.ehr.UserVO@39b43d60]
[2022-06-08 11:13:13.088] DEBUG UserDaoImpl.getCount(UserDaoImpl.java:129) - sql:
SELECT COUNT(*) AS cnt   
FROM hr_member           
WHERE u_id LIKE ? || '%' 

[2022-06-08 11:13:13.088] DEBUG UserDaoImpl.getCount(UserDaoImpl.java:130) - ============================
[2022-06-08 11:13:13.088] DEBUG UserDaoImpl.getCount(UserDaoImpl.java:132) - Object param:p03
[2022-06-08 11:13:13.188] DEBUG UserDaoImpl.getCount(UserDaoImpl.java:135) - ============================
[2022-06-08 11:13:13.188] DEBUG UserDaoImpl.getCount(UserDaoImpl.java:136) - count=1
[2022-06-08 11:13:13.188] DEBUG UserDaoImpl.getCount(UserDaoImpl.java:137) - ============================
[2022-06-08 11:13:13.188] DEBUG UserDaoImpl.doInsert(UserDaoImpl.java:173) - ============================
[2022-06-08 11:13:13.188] DEBUG UserDaoImpl.doInsert(UserDaoImpl.java:174) - param:UserVO [uId=p030000, name=김동호030000, passwd=1130, level=GOLD, login=52, recommend=31, email=tubus1130@gmail.com, regDt=날짜_사용안함, toString()=com.pcwk.ehr.UserVO@328cf0e1]
[2022-06-08 11:13:13.188] DEBUG UserDaoImpl.doInsert(UserDaoImpl.java:175) - sql:
 INSERT INTO hr_member (   
 	        u_id,         
 	        name,         
 	        passwd,       
             u_level,      
             login,        
             recommend,    
             email,        
             reg_dt        
 ) VALUES (                
 	?,                    
 	?,                    
 	?,                    
 	?,                    
 	?,                    
 	?,                    
 	?,                    
 	SYSDATE               
 )                         

[2022-06-08 11:13:13.188] DEBUG UserDaoImpl.doInsert(UserDaoImpl.java:176) - ============================
[2022-06-08 11:13:13.188] DEBUG UserDaoImpl.doInsert(UserDaoImpl.java:182) - Object param : p030000
[2022-06-08 11:13:13.188] DEBUG UserDaoImpl.doInsert(UserDaoImpl.java:182) - Object param : 김동호030000
[2022-06-08 11:13:13.188] DEBUG UserDaoImpl.doInsert(UserDaoImpl.java:182) - Object param : 1130
[2022-06-08 11:13:13.189] DEBUG UserDaoImpl.doInsert(UserDaoImpl.java:182) - Object param : 3
[2022-06-08 11:13:13.189] DEBUG UserDaoImpl.doInsert(UserDaoImpl.java:182) - Object param : 52
[2022-06-08 11:13:13.189] DEBUG UserDaoImpl.doInsert(UserDaoImpl.java:182) - Object param : 31
[2022-06-08 11:13:13.189] DEBUG UserDaoImpl.doInsert(UserDaoImpl.java:182) - Object param : tubus1130@gmail.com
[2022-06-08 11:13:13.240] DEBUG UserDaoImpl.doInsert(UserDaoImpl.java:186) - flag : 1
[2022-06-08 11:13:13.240] DEBUG UserDaoImpl.getCount(UserDaoImpl.java:127) - ============================
[2022-06-08 11:13:13.240] DEBUG UserDaoImpl.getCount(UserDaoImpl.java:128) - param:UserVO [uId=p03, name=김동호03, passwd=1130, level=BASIC, login=49, recommend=0, email=tubus1130@gmail.com, regDt=날짜_사용안함, toString()=com.pcwk.ehr.UserVO@39b43d60]
[2022-06-08 11:13:13.240] DEBUG UserDaoImpl.getCount(UserDaoImpl.java:129) - sql:
SELECT COUNT(*) AS cnt   
FROM hr_member           
WHERE u_id LIKE ? || '%' 

[2022-06-08 11:13:13.241] DEBUG UserDaoImpl.getCount(UserDaoImpl.java:130) - ============================
[2022-06-08 11:13:13.241] DEBUG UserDaoImpl.getCount(UserDaoImpl.java:132) - Object param:p03
[2022-06-08 11:13:13.285] DEBUG UserDaoImpl.getCount(UserDaoImpl.java:135) - ============================
[2022-06-08 11:13:13.285] DEBUG UserDaoImpl.getCount(UserDaoImpl.java:136) - count=2
[2022-06-08 11:13:13.285] DEBUG UserDaoImpl.getCount(UserDaoImpl.java:137) - ============================
[2022-06-08 11:13:13.285] DEBUG UserDaoImpl.doSelectOne(UserDaoImpl.java:227) - ============================
[2022-06-08 11:13:13.285] DEBUG UserDaoImpl.doSelectOne(UserDaoImpl.java:228) - param:UserVO [uId=p03, name=김동호03, passwd=1130, level=BASIC, login=49, recommend=0, email=tubus1130@gmail.com, regDt=날짜_사용안함, toString()=com.pcwk.ehr.UserVO@39b43d60]
[2022-06-08 11:13:13.285] DEBUG UserDaoImpl.doSelectOne(UserDaoImpl.java:229) - sql:
SELECT u_id,     
       name,     
       passwd,    
       u_level,   
       login,     
       recommend, 
       email,     
       TO_CHAR(reg_dt, 'yyyy-mm-dd hh24:mi:ss') AS reg_dt 
FROM   hr_member 
WHERE  u_id = ?  

[2022-06-08 11:13:13.286] DEBUG UserDaoImpl.doSelectOne(UserDaoImpl.java:230) - ============================
[2022-06-08 11:13:13.286] DEBUG UserDaoImpl.doSelectOne(UserDaoImpl.java:233) - Object param:p03
[2022-06-08 11:13:13.341] DEBUG UserDaoImpl.doSelectOne(UserDaoImpl.java:242) - ============================
[2022-06-08 11:13:13.341] DEBUG UserDaoImpl.doSelectOne(UserDaoImpl.java:243) - outVO=UserVO [uId=p03, name=김동호03, passwd=1130, level=BASIC, login=49, recommend=0, email=tubus1130@gmail.com, regDt=2022-06-08 11:13:12, toString()=com.pcwk.ehr.UserVO@5f59185e]
[2022-06-08 11:13:13.341] DEBUG UserDaoImpl.doSelectOne(UserDaoImpl.java:244) - ============================
[2022-06-08 11:14:40.667] INFO  AbstractTestContextBootstrapper.getDefaultTestExecutionListenerClassNames(AbstractTestContextBootstrapper.java:245) - Loaded default TestExecutionListener class names from location [META-INF/spring.factories]: [org.springframework.test.context.web.ServletTestExecutionListener, org.springframework.test.context.support.DirtiesContextBeforeModesTestExecutionListener, org.springframework.test.context.event.ApplicationEventsTestExecutionListener, org.springframework.test.context.support.DependencyInjectionTestExecutionListener, org.springframework.test.context.support.DirtiesContextTestExecutionListener, org.springframework.test.context.transaction.TransactionalTestExecutionListener, org.springframework.test.context.jdbc.SqlScriptsTestExecutionListener, org.springframework.test.context.event.EventPublishingTestExecutionListener]
[2022-06-08 11:14:40.680] INFO  AbstractTestContextBootstrapper.getTestExecutionListeners(AbstractTestContextBootstrapper.java:174) - Using TestExecutionListeners: [org.springframework.test.context.support.DirtiesContextBeforeModesTestExecutionListener@79079097, org.springframework.test.context.event.ApplicationEventsTestExecutionListener@4d1c00d0, org.springframework.test.context.support.DependencyInjectionTestExecutionListener@4b2bac3f, org.springframework.test.context.support.DirtiesContextTestExecutionListener@4e08711f, org.springframework.test.context.transaction.TransactionalTestExecutionListener@bcec361, org.springframework.test.context.jdbc.SqlScriptsTestExecutionListener@26794848, org.springframework.test.context.event.EventPublishingTestExecutionListener@302552ec]
[2022-06-08 11:14:40.950] DEBUG JUnitUserServiceTest.setUp(JUnitUserServiceTest.java:43) - ========================
[2022-06-08 11:14:40.951] DEBUG JUnitUserServiceTest.setUp(JUnitUserServiceTest.java:44) - =0.setUp()=
[2022-06-08 11:14:40.951] DEBUG JUnitUserServiceTest.setUp(JUnitUserServiceTest.java:45) - ========================
[2022-06-08 11:14:40.954] DEBUG JUnitUserServiceTest.setUp(JUnitUserServiceTest.java:58) - context : org.springframework.context.support.GenericApplicationContext@5c90e579, started on Wed Jun 08 11:14:40 KST 2022
[2022-06-08 11:14:40.955] DEBUG JUnitUserServiceTest.setUp(JUnitUserServiceTest.java:59) - userService : com.pcwk.ehr.UserServiceImpl@6f3187b0
[2022-06-08 11:14:40.955] DEBUG JUnitUserServiceTest.setUp(JUnitUserServiceTest.java:60) - dao : com.pcwk.ehr.UserDaoImpl@2663e964
[2022-06-08 11:14:40.956] DEBUG JUnitUserServiceTest.add(JUnitUserServiceTest.java:73) - ========================
[2022-06-08 11:14:40.956] DEBUG JUnitUserServiceTest.add(JUnitUserServiceTest.java:74) - =2. add()=
[2022-06-08 11:14:40.956] DEBUG JUnitUserServiceTest.add(JUnitUserServiceTest.java:75) - ========================
[2022-06-08 11:14:40.956] DEBUG UserDaoImpl.doDelete(UserDaoImpl.java:255) - ============================
[2022-06-08 11:14:40.956] DEBUG UserDaoImpl.doDelete(UserDaoImpl.java:256) - param:UserVO [uId=p03, name=김동호03, passwd=1130, level=BASIC, login=49, recommend=0, email=tubus1130@gmail.com, regDt=날짜_사용안함, toString()=com.pcwk.ehr.UserVO@39b43d60]
[2022-06-08 11:14:40.956] DEBUG UserDaoImpl.doDelete(UserDaoImpl.java:257) - sql:
DELETE FROM hr_member 
WHERE u_id = ? 

[2022-06-08 11:14:40.956] DEBUG UserDaoImpl.doDelete(UserDaoImpl.java:258) - ============================
[2022-06-08 11:14:40.956] DEBUG UserDaoImpl.doDelete(UserDaoImpl.java:261) - Object param : p03
[2022-06-08 11:14:41.431] DEBUG UserDaoImpl.doDelete(UserDaoImpl.java:264) - flag = 1
[2022-06-08 11:14:41.431] DEBUG UserDaoImpl.doDelete(UserDaoImpl.java:255) - ============================
[2022-06-08 11:14:41.431] DEBUG UserDaoImpl.doDelete(UserDaoImpl.java:256) - param:UserVO [uId=p030, name=김동호030, passwd=1130, level=BASIC, login=50, recommend=10, email=tubus1130@gmail.com, regDt=날짜_사용안함, toString()=com.pcwk.ehr.UserVO@7c209437]
[2022-06-08 11:14:41.431] DEBUG UserDaoImpl.doDelete(UserDaoImpl.java:257) - sql:
DELETE FROM hr_member 
WHERE u_id = ? 

[2022-06-08 11:14:41.431] DEBUG UserDaoImpl.doDelete(UserDaoImpl.java:258) - ============================
[2022-06-08 11:14:41.431] DEBUG UserDaoImpl.doDelete(UserDaoImpl.java:261) - Object param : p030
[2022-06-08 11:14:41.500] DEBUG UserDaoImpl.doDelete(UserDaoImpl.java:264) - flag = 0
[2022-06-08 11:14:41.500] DEBUG UserDaoImpl.doDelete(UserDaoImpl.java:255) - ============================
[2022-06-08 11:14:41.500] DEBUG UserDaoImpl.doDelete(UserDaoImpl.java:256) - param:UserVO [uId=p0300, name=김동호0300, passwd=1130, level=SILVER, login=51, recommend=29, email=tubus1130@gmail.com, regDt=날짜_사용안함, toString()=com.pcwk.ehr.UserVO@f667fe]
[2022-06-08 11:14:41.500] DEBUG UserDaoImpl.doDelete(UserDaoImpl.java:257) - sql:
DELETE FROM hr_member 
WHERE u_id = ? 

[2022-06-08 11:14:41.500] DEBUG UserDaoImpl.doDelete(UserDaoImpl.java:258) - ============================
[2022-06-08 11:14:41.500] DEBUG UserDaoImpl.doDelete(UserDaoImpl.java:261) - Object param : p0300
[2022-06-08 11:14:41.572] DEBUG UserDaoImpl.doDelete(UserDaoImpl.java:264) - flag = 0
[2022-06-08 11:14:41.572] DEBUG UserDaoImpl.doDelete(UserDaoImpl.java:255) - ============================
[2022-06-08 11:14:41.572] DEBUG UserDaoImpl.doDelete(UserDaoImpl.java:256) - param:UserVO [uId=p03000, name=김동호03000, passwd=1130, level=SILVER, login=51, recommend=30, email=tubus1130@gmail.com, regDt=날짜_사용안함, toString()=com.pcwk.ehr.UserVO@25e2a451]
[2022-06-08 11:14:41.572] DEBUG UserDaoImpl.doDelete(UserDaoImpl.java:257) - sql:
DELETE FROM hr_member 
WHERE u_id = ? 

[2022-06-08 11:14:41.572] DEBUG UserDaoImpl.doDelete(UserDaoImpl.java:258) - ============================
[2022-06-08 11:14:41.572] DEBUG UserDaoImpl.doDelete(UserDaoImpl.java:261) - Object param : p03000
[2022-06-08 11:14:41.642] DEBUG UserDaoImpl.doDelete(UserDaoImpl.java:264) - flag = 0
[2022-06-08 11:14:41.642] DEBUG UserDaoImpl.doDelete(UserDaoImpl.java:255) - ============================
[2022-06-08 11:14:41.642] DEBUG UserDaoImpl.doDelete(UserDaoImpl.java:256) - param:UserVO [uId=p030000, name=김동호030000, passwd=1130, level=GOLD, login=52, recommend=31, email=tubus1130@gmail.com, regDt=날짜_사용안함, toString()=com.pcwk.ehr.UserVO@328cf0e1]
[2022-06-08 11:14:41.643] DEBUG UserDaoImpl.doDelete(UserDaoImpl.java:257) - sql:
DELETE FROM hr_member 
WHERE u_id = ? 

[2022-06-08 11:14:41.643] DEBUG UserDaoImpl.doDelete(UserDaoImpl.java:258) - ============================
[2022-06-08 11:14:41.643] DEBUG UserDaoImpl.doDelete(UserDaoImpl.java:261) - Object param : p030000
[2022-06-08 11:14:41.739] DEBUG UserDaoImpl.doDelete(UserDaoImpl.java:264) - flag = 1
[2022-06-08 11:14:41.739] DEBUG UserDaoImpl.doInsert(UserDaoImpl.java:173) - ============================
[2022-06-08 11:14:41.740] DEBUG UserDaoImpl.doInsert(UserDaoImpl.java:174) - param:UserVO [uId=p03, name=김동호03, passwd=1130, level=BASIC, login=49, recommend=0, email=tubus1130@gmail.com, regDt=날짜_사용안함, toString()=com.pcwk.ehr.UserVO@39b43d60]
[2022-06-08 11:14:41.740] DEBUG UserDaoImpl.doInsert(UserDaoImpl.java:175) - sql:
 INSERT INTO hr_member (   
 	        u_id,         
 	        name,         
 	        passwd,       
             u_level,      
             login,        
             recommend,    
             email,        
             reg_dt        
 ) VALUES (                
 	?,                    
 	?,                    
 	?,                    
 	?,                    
 	?,                    
 	?,                    
 	?,                    
 	SYSDATE               
 )                         

[2022-06-08 11:14:41.740] DEBUG UserDaoImpl.doInsert(UserDaoImpl.java:176) - ============================
[2022-06-08 11:14:41.740] DEBUG UserDaoImpl.doInsert(UserDaoImpl.java:182) - Object param : p03
[2022-06-08 11:14:41.740] DEBUG UserDaoImpl.doInsert(UserDaoImpl.java:182) - Object param : 김동호03
[2022-06-08 11:14:41.740] DEBUG UserDaoImpl.doInsert(UserDaoImpl.java:182) - Object param : 1130
[2022-06-08 11:14:41.740] DEBUG UserDaoImpl.doInsert(UserDaoImpl.java:182) - Object param : 1
[2022-06-08 11:14:41.740] DEBUG UserDaoImpl.doInsert(UserDaoImpl.java:182) - Object param : 49
[2022-06-08 11:14:41.741] DEBUG UserDaoImpl.doInsert(UserDaoImpl.java:182) - Object param : 0
[2022-06-08 11:14:41.741] DEBUG UserDaoImpl.doInsert(UserDaoImpl.java:182) - Object param : tubus1130@gmail.com
[2022-06-08 11:14:41.795] DEBUG UserDaoImpl.doInsert(UserDaoImpl.java:186) - flag : 1
[2022-06-08 11:14:41.796] DEBUG UserDaoImpl.getCount(UserDaoImpl.java:127) - ============================
[2022-06-08 11:14:41.796] DEBUG UserDaoImpl.getCount(UserDaoImpl.java:128) - param:UserVO [uId=p03, name=김동호03, passwd=1130, level=BASIC, login=49, recommend=0, email=tubus1130@gmail.com, regDt=날짜_사용안함, toString()=com.pcwk.ehr.UserVO@39b43d60]
[2022-06-08 11:14:41.796] DEBUG UserDaoImpl.getCount(UserDaoImpl.java:129) - sql:
SELECT COUNT(*) AS cnt   
FROM hr_member           
WHERE u_id LIKE ? || '%' 

[2022-06-08 11:14:41.796] DEBUG UserDaoImpl.getCount(UserDaoImpl.java:130) - ============================
[2022-06-08 11:14:41.796] DEBUG UserDaoImpl.getCount(UserDaoImpl.java:132) - Object param:p03
[2022-06-08 11:14:41.920] DEBUG UserDaoImpl.getCount(UserDaoImpl.java:135) - ============================
[2022-06-08 11:14:41.920] DEBUG UserDaoImpl.getCount(UserDaoImpl.java:136) - count=1
[2022-06-08 11:14:41.920] DEBUG UserDaoImpl.getCount(UserDaoImpl.java:137) - ============================
[2022-06-08 11:14:41.920] DEBUG UserDaoImpl.doInsert(UserDaoImpl.java:173) - ============================
[2022-06-08 11:14:41.920] DEBUG UserDaoImpl.doInsert(UserDaoImpl.java:174) - param:UserVO [uId=p030000, name=김동호030000, passwd=1130, level=GOLD, login=52, recommend=31, email=tubus1130@gmail.com, regDt=날짜_사용안함, toString()=com.pcwk.ehr.UserVO@328cf0e1]
[2022-06-08 11:14:41.920] DEBUG UserDaoImpl.doInsert(UserDaoImpl.java:175) - sql:
 INSERT INTO hr_member (   
 	        u_id,         
 	        name,         
 	        passwd,       
             u_level,      
             login,        
             recommend,    
             email,        
             reg_dt        
 ) VALUES (                
 	?,                    
 	?,                    
 	?,                    
 	?,                    
 	?,                    
 	?,                    
 	?,                    
 	SYSDATE               
 )                         

[2022-06-08 11:14:41.921] DEBUG UserDaoImpl.doInsert(UserDaoImpl.java:176) - ============================
[2022-06-08 11:14:41.921] DEBUG UserDaoImpl.doInsert(UserDaoImpl.java:182) - Object param : p030000
[2022-06-08 11:14:41.921] DEBUG UserDaoImpl.doInsert(UserDaoImpl.java:182) - Object param : 김동호030000
[2022-06-08 11:14:41.921] DEBUG UserDaoImpl.doInsert(UserDaoImpl.java:182) - Object param : 1130
[2022-06-08 11:14:41.921] DEBUG UserDaoImpl.doInsert(UserDaoImpl.java:182) - Object param : 3
[2022-06-08 11:14:41.921] DEBUG UserDaoImpl.doInsert(UserDaoImpl.java:182) - Object param : 52
[2022-06-08 11:14:41.921] DEBUG UserDaoImpl.doInsert(UserDaoImpl.java:182) - Object param : 31
[2022-06-08 11:14:41.921] DEBUG UserDaoImpl.doInsert(UserDaoImpl.java:182) - Object param : tubus1130@gmail.com
[2022-06-08 11:14:41.979] DEBUG UserDaoImpl.doInsert(UserDaoImpl.java:186) - flag : 1
[2022-06-08 11:14:41.979] DEBUG UserDaoImpl.getCount(UserDaoImpl.java:127) - ============================
[2022-06-08 11:14:41.979] DEBUG UserDaoImpl.getCount(UserDaoImpl.java:128) - param:UserVO [uId=p03, name=김동호03, passwd=1130, level=BASIC, login=49, recommend=0, email=tubus1130@gmail.com, regDt=날짜_사용안함, toString()=com.pcwk.ehr.UserVO@39b43d60]
[2022-06-08 11:14:41.979] DEBUG UserDaoImpl.getCount(UserDaoImpl.java:129) - sql:
SELECT COUNT(*) AS cnt   
FROM hr_member           
WHERE u_id LIKE ? || '%' 

[2022-06-08 11:14:41.979] DEBUG UserDaoImpl.getCount(UserDaoImpl.java:130) - ============================
[2022-06-08 11:14:41.979] DEBUG UserDaoImpl.getCount(UserDaoImpl.java:132) - Object param:p03
[2022-06-08 11:14:42.029] DEBUG UserDaoImpl.getCount(UserDaoImpl.java:135) - ============================
[2022-06-08 11:14:42.030] DEBUG UserDaoImpl.getCount(UserDaoImpl.java:136) - count=2
[2022-06-08 11:14:42.030] DEBUG UserDaoImpl.getCount(UserDaoImpl.java:137) - ============================
[2022-06-08 11:14:42.030] DEBUG UserDaoImpl.doSelectOne(UserDaoImpl.java:227) - ============================
[2022-06-08 11:14:42.030] DEBUG UserDaoImpl.doSelectOne(UserDaoImpl.java:228) - param:UserVO [uId=p03, name=김동호03, passwd=1130, level=BASIC, login=49, recommend=0, email=tubus1130@gmail.com, regDt=날짜_사용안함, toString()=com.pcwk.ehr.UserVO@39b43d60]
[2022-06-08 11:14:42.030] DEBUG UserDaoImpl.doSelectOne(UserDaoImpl.java:229) - sql:
SELECT u_id,     
       name,     
       passwd,    
       u_level,   
       login,     
       recommend, 
       email,     
       TO_CHAR(reg_dt, 'yyyy-mm-dd hh24:mi:ss') AS reg_dt 
FROM   hr_member 
WHERE  u_id = ?  

[2022-06-08 11:14:42.030] DEBUG UserDaoImpl.doSelectOne(UserDaoImpl.java:230) - ============================
[2022-06-08 11:14:42.030] DEBUG UserDaoImpl.doSelectOne(UserDaoImpl.java:233) - Object param:p03
[2022-06-08 11:14:42.095] DEBUG UserDaoImpl.doSelectOne(UserDaoImpl.java:242) - ============================
[2022-06-08 11:14:42.095] DEBUG UserDaoImpl.doSelectOne(UserDaoImpl.java:243) - outVO=UserVO [uId=p03, name=김동호03, passwd=1130, level=BASIC, login=49, recommend=0, email=tubus1130@gmail.com, regDt=2022-06-08 11:14:41, toString()=com.pcwk.ehr.UserVO@5f59185e]
[2022-06-08 11:14:42.095] DEBUG UserDaoImpl.doSelectOne(UserDaoImpl.java:244) - ============================
[2022-06-08 11:14:42.095] DEBUG UserDaoImpl.doSelectOne(UserDaoImpl.java:227) - ============================
[2022-06-08 11:14:42.095] DEBUG UserDaoImpl.doSelectOne(UserDaoImpl.java:228) - param:UserVO [uId=p030000, name=김동호030000, passwd=1130, level=GOLD, login=52, recommend=31, email=tubus1130@gmail.com, regDt=날짜_사용안함, toString()=com.pcwk.ehr.UserVO@328cf0e1]
[2022-06-08 11:14:42.096] DEBUG UserDaoImpl.doSelectOne(UserDaoImpl.java:229) - sql:
SELECT u_id,     
       name,     
       passwd,    
       u_level,   
       login,     
       recommend, 
       email,     
       TO_CHAR(reg_dt, 'yyyy-mm-dd hh24:mi:ss') AS reg_dt 
FROM   hr_member 
WHERE  u_id = ?  

[2022-06-08 11:14:42.096] DEBUG UserDaoImpl.doSelectOne(UserDaoImpl.java:230) - ============================
[2022-06-08 11:14:42.096] DEBUG UserDaoImpl.doSelectOne(UserDaoImpl.java:233) - Object param:p030000
[2022-06-08 11:14:42.149] DEBUG UserDaoImpl.doSelectOne(UserDaoImpl.java:242) - ============================
[2022-06-08 11:14:42.149] DEBUG UserDaoImpl.doSelectOne(UserDaoImpl.java:243) - outVO=UserVO [uId=p030000, name=김동호030000, passwd=1130, level=GOLD, login=52, recommend=31, email=tubus1130@gmail.com, regDt=2022-06-08 11:14:41, toString()=com.pcwk.ehr.UserVO@51e4ccb3]
[2022-06-08 11:14:42.149] DEBUG UserDaoImpl.doSelectOne(UserDaoImpl.java:244) - ============================
[2022-06-08 11:14:56.135] INFO  AbstractTestContextBootstrapper.getDefaultTestExecutionListenerClassNames(AbstractTestContextBootstrapper.java:245) - Loaded default TestExecutionListener class names from location [META-INF/spring.factories]: [org.springframework.test.context.web.ServletTestExecutionListener, org.springframework.test.context.support.DirtiesContextBeforeModesTestExecutionListener, org.springframework.test.context.event.ApplicationEventsTestExecutionListener, org.springframework.test.context.support.DependencyInjectionTestExecutionListener, org.springframework.test.context.support.DirtiesContextTestExecutionListener, org.springframework.test.context.transaction.TransactionalTestExecutionListener, org.springframework.test.context.jdbc.SqlScriptsTestExecutionListener, org.springframework.test.context.event.EventPublishingTestExecutionListener]
[2022-06-08 11:14:56.144] INFO  AbstractTestContextBootstrapper.getTestExecutionListeners(AbstractTestContextBootstrapper.java:174) - Using TestExecutionListeners: [org.springframework.test.context.support.DirtiesContextBeforeModesTestExecutionListener@79079097, org.springframework.test.context.event.ApplicationEventsTestExecutionListener@4d1c00d0, org.springframework.test.context.support.DependencyInjectionTestExecutionListener@4b2bac3f, org.springframework.test.context.support.DirtiesContextTestExecutionListener@4e08711f, org.springframework.test.context.transaction.TransactionalTestExecutionListener@bcec361, org.springframework.test.context.jdbc.SqlScriptsTestExecutionListener@26794848, org.springframework.test.context.event.EventPublishingTestExecutionListener@302552ec]
[2022-06-08 11:14:56.375] DEBUG JUnitUserServiceTest.setUp(JUnitUserServiceTest.java:43) - ========================
[2022-06-08 11:14:56.375] DEBUG JUnitUserServiceTest.setUp(JUnitUserServiceTest.java:44) - =0.setUp()=
[2022-06-08 11:14:56.375] DEBUG JUnitUserServiceTest.setUp(JUnitUserServiceTest.java:45) - ========================
[2022-06-08 11:14:56.377] DEBUG JUnitUserServiceTest.setUp(JUnitUserServiceTest.java:58) - context : org.springframework.context.support.GenericApplicationContext@5c90e579, started on Wed Jun 08 11:14:56 KST 2022
[2022-06-08 11:14:56.377] DEBUG JUnitUserServiceTest.setUp(JUnitUserServiceTest.java:59) - userService : com.pcwk.ehr.UserServiceImpl@6f3187b0
[2022-06-08 11:14:56.377] DEBUG JUnitUserServiceTest.setUp(JUnitUserServiceTest.java:60) - dao : com.pcwk.ehr.UserDaoImpl@2663e964
[2022-06-08 11:14:56.378] DEBUG JUnitUserServiceTest.add(JUnitUserServiceTest.java:73) - ========================
[2022-06-08 11:14:56.378] DEBUG JUnitUserServiceTest.add(JUnitUserServiceTest.java:74) - =2. add()=
[2022-06-08 11:14:56.378] DEBUG JUnitUserServiceTest.add(JUnitUserServiceTest.java:75) - ========================
[2022-06-08 11:14:56.378] DEBUG UserDaoImpl.doDelete(UserDaoImpl.java:255) - ============================
[2022-06-08 11:14:56.378] DEBUG UserDaoImpl.doDelete(UserDaoImpl.java:256) - param:UserVO [uId=p03, name=김동호03, passwd=1130, level=BASIC, login=49, recommend=0, email=tubus1130@gmail.com, regDt=날짜_사용안함, toString()=com.pcwk.ehr.UserVO@39b43d60]
[2022-06-08 11:14:56.378] DEBUG UserDaoImpl.doDelete(UserDaoImpl.java:257) - sql:
DELETE FROM hr_member 
WHERE u_id = ? 

[2022-06-08 11:14:56.378] DEBUG UserDaoImpl.doDelete(UserDaoImpl.java:258) - ============================
[2022-06-08 11:14:56.379] DEBUG UserDaoImpl.doDelete(UserDaoImpl.java:261) - Object param : p03
[2022-06-08 11:14:56.838] DEBUG UserDaoImpl.doDelete(UserDaoImpl.java:264) - flag = 1
[2022-06-08 11:14:56.839] DEBUG UserDaoImpl.doDelete(UserDaoImpl.java:255) - ============================
[2022-06-08 11:14:56.839] DEBUG UserDaoImpl.doDelete(UserDaoImpl.java:256) - param:UserVO [uId=p030, name=김동호030, passwd=1130, level=BASIC, login=50, recommend=10, email=tubus1130@gmail.com, regDt=날짜_사용안함, toString()=com.pcwk.ehr.UserVO@7c209437]
[2022-06-08 11:14:56.839] DEBUG UserDaoImpl.doDelete(UserDaoImpl.java:257) - sql:
DELETE FROM hr_member 
WHERE u_id = ? 

[2022-06-08 11:14:56.839] DEBUG UserDaoImpl.doDelete(UserDaoImpl.java:258) - ============================
[2022-06-08 11:14:56.840] DEBUG UserDaoImpl.doDelete(UserDaoImpl.java:261) - Object param : p030
[2022-06-08 11:14:56.904] DEBUG UserDaoImpl.doDelete(UserDaoImpl.java:264) - flag = 0
[2022-06-08 11:14:56.904] DEBUG UserDaoImpl.doDelete(UserDaoImpl.java:255) - ============================
[2022-06-08 11:14:56.904] DEBUG UserDaoImpl.doDelete(UserDaoImpl.java:256) - param:UserVO [uId=p0300, name=김동호0300, passwd=1130, level=SILVER, login=51, recommend=29, email=tubus1130@gmail.com, regDt=날짜_사용안함, toString()=com.pcwk.ehr.UserVO@f667fe]
[2022-06-08 11:14:56.905] DEBUG UserDaoImpl.doDelete(UserDaoImpl.java:257) - sql:
DELETE FROM hr_member 
WHERE u_id = ? 

[2022-06-08 11:14:56.905] DEBUG UserDaoImpl.doDelete(UserDaoImpl.java:258) - ============================
[2022-06-08 11:14:56.905] DEBUG UserDaoImpl.doDelete(UserDaoImpl.java:261) - Object param : p0300
[2022-06-08 11:14:56.950] DEBUG UserDaoImpl.doDelete(UserDaoImpl.java:264) - flag = 0
[2022-06-08 11:14:56.950] DEBUG UserDaoImpl.doDelete(UserDaoImpl.java:255) - ============================
[2022-06-08 11:14:56.950] DEBUG UserDaoImpl.doDelete(UserDaoImpl.java:256) - param:UserVO [uId=p03000, name=김동호03000, passwd=1130, level=SILVER, login=51, recommend=30, email=tubus1130@gmail.com, regDt=날짜_사용안함, toString()=com.pcwk.ehr.UserVO@25e2a451]
[2022-06-08 11:14:56.950] DEBUG UserDaoImpl.doDelete(UserDaoImpl.java:257) - sql:
DELETE FROM hr_member 
WHERE u_id = ? 

[2022-06-08 11:14:56.950] DEBUG UserDaoImpl.doDelete(UserDaoImpl.java:258) - ============================
[2022-06-08 11:14:56.950] DEBUG UserDaoImpl.doDelete(UserDaoImpl.java:261) - Object param : p03000
[2022-06-08 11:14:56.998] DEBUG UserDaoImpl.doDelete(UserDaoImpl.java:264) - flag = 0
[2022-06-08 11:14:56.998] DEBUG UserDaoImpl.doDelete(UserDaoImpl.java:255) - ============================
[2022-06-08 11:14:56.998] DEBUG UserDaoImpl.doDelete(UserDaoImpl.java:256) - param:UserVO [uId=p030000, name=김동호030000, passwd=1130, level=GOLD, login=52, recommend=31, email=tubus1130@gmail.com, regDt=날짜_사용안함, toString()=com.pcwk.ehr.UserVO@328cf0e1]
[2022-06-08 11:14:56.998] DEBUG UserDaoImpl.doDelete(UserDaoImpl.java:257) - sql:
DELETE FROM hr_member 
WHERE u_id = ? 

[2022-06-08 11:14:56.998] DEBUG UserDaoImpl.doDelete(UserDaoImpl.java:258) - ============================
[2022-06-08 11:14:56.998] DEBUG UserDaoImpl.doDelete(UserDaoImpl.java:261) - Object param : p030000
[2022-06-08 11:14:57.042] DEBUG UserDaoImpl.doDelete(UserDaoImpl.java:264) - flag = 1
[2022-06-08 11:14:57.042] DEBUG UserDaoImpl.doInsert(UserDaoImpl.java:173) - ============================
[2022-06-08 11:14:57.042] DEBUG UserDaoImpl.doInsert(UserDaoImpl.java:174) - param:UserVO [uId=p03, name=김동호03, passwd=1130, level=BASIC, login=49, recommend=0, email=tubus1130@gmail.com, regDt=날짜_사용안함, toString()=com.pcwk.ehr.UserVO@39b43d60]
[2022-06-08 11:14:57.042] DEBUG UserDaoImpl.doInsert(UserDaoImpl.java:175) - sql:
 INSERT INTO hr_member (   
 	        u_id,         
 	        name,         
 	        passwd,       
             u_level,      
             login,        
             recommend,    
             email,        
             reg_dt        
 ) VALUES (                
 	?,                    
 	?,                    
 	?,                    
 	?,                    
 	?,                    
 	?,                    
 	?,                    
 	SYSDATE               
 )                         

[2022-06-08 11:14:57.042] DEBUG UserDaoImpl.doInsert(UserDaoImpl.java:176) - ============================
[2022-06-08 11:14:57.042] DEBUG UserDaoImpl.doInsert(UserDaoImpl.java:182) - Object param : p03
[2022-06-08 11:14:57.042] DEBUG UserDaoImpl.doInsert(UserDaoImpl.java:182) - Object param : 김동호03
[2022-06-08 11:14:57.043] DEBUG UserDaoImpl.doInsert(UserDaoImpl.java:182) - Object param : 1130
[2022-06-08 11:14:57.043] DEBUG UserDaoImpl.doInsert(UserDaoImpl.java:182) - Object param : 1
[2022-06-08 11:14:57.043] DEBUG UserDaoImpl.doInsert(UserDaoImpl.java:182) - Object param : 49
[2022-06-08 11:14:57.043] DEBUG UserDaoImpl.doInsert(UserDaoImpl.java:182) - Object param : 0
[2022-06-08 11:14:57.043] DEBUG UserDaoImpl.doInsert(UserDaoImpl.java:182) - Object param : tubus1130@gmail.com
[2022-06-08 11:14:57.106] DEBUG UserDaoImpl.doInsert(UserDaoImpl.java:186) - flag : 1
[2022-06-08 11:14:57.106] DEBUG UserDaoImpl.getCount(UserDaoImpl.java:127) - ============================
[2022-06-08 11:14:57.107] DEBUG UserDaoImpl.getCount(UserDaoImpl.java:128) - param:UserVO [uId=p03, name=김동호03, passwd=1130, level=BASIC, login=49, recommend=0, email=tubus1130@gmail.com, regDt=날짜_사용안함, toString()=com.pcwk.ehr.UserVO@39b43d60]
[2022-06-08 11:14:57.107] DEBUG UserDaoImpl.getCount(UserDaoImpl.java:129) - sql:
SELECT COUNT(*) AS cnt   
FROM hr_member           
WHERE u_id LIKE ? || '%' 

[2022-06-08 11:14:57.107] DEBUG UserDaoImpl.getCount(UserDaoImpl.java:130) - ============================
[2022-06-08 11:14:57.107] DEBUG UserDaoImpl.getCount(UserDaoImpl.java:132) - Object param:p03
[2022-06-08 11:14:57.198] DEBUG UserDaoImpl.getCount(UserDaoImpl.java:135) - ============================
[2022-06-08 11:14:57.198] DEBUG UserDaoImpl.getCount(UserDaoImpl.java:136) - count=1
[2022-06-08 11:14:57.198] DEBUG UserDaoImpl.getCount(UserDaoImpl.java:137) - ============================
[2022-06-08 11:14:57.198] DEBUG UserDaoImpl.doInsert(UserDaoImpl.java:173) - ============================
[2022-06-08 11:14:57.199] DEBUG UserDaoImpl.doInsert(UserDaoImpl.java:174) - param:UserVO [uId=p030000, name=김동호030000, passwd=1130, level=GOLD, login=52, recommend=31, email=tubus1130@gmail.com, regDt=날짜_사용안함, toString()=com.pcwk.ehr.UserVO@328cf0e1]
[2022-06-08 11:14:57.199] DEBUG UserDaoImpl.doInsert(UserDaoImpl.java:175) - sql:
 INSERT INTO hr_member (   
 	        u_id,         
 	        name,         
 	        passwd,       
             u_level,      
             login,        
             recommend,    
             email,        
             reg_dt        
 ) VALUES (                
 	?,                    
 	?,                    
 	?,                    
 	?,                    
 	?,                    
 	?,                    
 	?,                    
 	SYSDATE               
 )                         

[2022-06-08 11:14:57.199] DEBUG UserDaoImpl.doInsert(UserDaoImpl.java:176) - ============================
[2022-06-08 11:14:57.199] DEBUG UserDaoImpl.doInsert(UserDaoImpl.java:182) - Object param : p030000
[2022-06-08 11:14:57.199] DEBUG UserDaoImpl.doInsert(UserDaoImpl.java:182) - Object param : 김동호030000
[2022-06-08 11:14:57.199] DEBUG UserDaoImpl.doInsert(UserDaoImpl.java:182) - Object param : 1130
[2022-06-08 11:14:57.199] DEBUG UserDaoImpl.doInsert(UserDaoImpl.java:182) - Object param : 3
[2022-06-08 11:14:57.199] DEBUG UserDaoImpl.doInsert(UserDaoImpl.java:182) - Object param : 52
[2022-06-08 11:14:57.199] DEBUG UserDaoImpl.doInsert(UserDaoImpl.java:182) - Object param : 31
[2022-06-08 11:14:57.199] DEBUG UserDaoImpl.doInsert(UserDaoImpl.java:182) - Object param : tubus1130@gmail.com
[2022-06-08 11:14:57.279] DEBUG UserDaoImpl.doInsert(UserDaoImpl.java:186) - flag : 1
[2022-06-08 11:14:57.279] DEBUG UserDaoImpl.getCount(UserDaoImpl.java:127) - ============================
[2022-06-08 11:14:57.279] DEBUG UserDaoImpl.getCount(UserDaoImpl.java:128) - param:UserVO [uId=p03, name=김동호03, passwd=1130, level=BASIC, login=49, recommend=0, email=tubus1130@gmail.com, regDt=날짜_사용안함, toString()=com.pcwk.ehr.UserVO@39b43d60]
[2022-06-08 11:14:57.279] DEBUG UserDaoImpl.getCount(UserDaoImpl.java:129) - sql:
SELECT COUNT(*) AS cnt   
FROM hr_member           
WHERE u_id LIKE ? || '%' 

[2022-06-08 11:14:57.279] DEBUG UserDaoImpl.getCount(UserDaoImpl.java:130) - ============================
[2022-06-08 11:14:57.279] DEBUG UserDaoImpl.getCount(UserDaoImpl.java:132) - Object param:p03
[2022-06-08 11:14:57.327] DEBUG UserDaoImpl.getCount(UserDaoImpl.java:135) - ============================
[2022-06-08 11:14:57.327] DEBUG UserDaoImpl.getCount(UserDaoImpl.java:136) - count=2
[2022-06-08 11:14:57.327] DEBUG UserDaoImpl.getCount(UserDaoImpl.java:137) - ============================
[2022-06-08 11:14:57.327] DEBUG UserDaoImpl.doSelectOne(UserDaoImpl.java:227) - ============================
[2022-06-08 11:14:57.328] DEBUG UserDaoImpl.doSelectOne(UserDaoImpl.java:228) - param:UserVO [uId=p03, name=김동호03, passwd=1130, level=BASIC, login=49, recommend=0, email=tubus1130@gmail.com, regDt=날짜_사용안함, toString()=com.pcwk.ehr.UserVO@39b43d60]
[2022-06-08 11:14:57.328] DEBUG UserDaoImpl.doSelectOne(UserDaoImpl.java:229) - sql:
SELECT u_id,     
       name,     
       passwd,    
       u_level,   
       login,     
       recommend, 
       email,     
       TO_CHAR(reg_dt, 'yyyy-mm-dd hh24:mi:ss') AS reg_dt 
FROM   hr_member 
WHERE  u_id = ?  

[2022-06-08 11:14:57.328] DEBUG UserDaoImpl.doSelectOne(UserDaoImpl.java:230) - ============================
[2022-06-08 11:14:57.328] DEBUG UserDaoImpl.doSelectOne(UserDaoImpl.java:233) - Object param:p03
[2022-06-08 11:14:57.389] DEBUG UserDaoImpl.doSelectOne(UserDaoImpl.java:242) - ============================
[2022-06-08 11:14:57.389] DEBUG UserDaoImpl.doSelectOne(UserDaoImpl.java:243) - outVO=UserVO [uId=p03, name=김동호03, passwd=1130, level=BASIC, login=49, recommend=0, email=tubus1130@gmail.com, regDt=2022-06-08 11:14:56, toString()=com.pcwk.ehr.UserVO@5f59185e]
[2022-06-08 11:14:57.389] DEBUG UserDaoImpl.doSelectOne(UserDaoImpl.java:244) - ============================
[2022-06-08 11:14:57.389] DEBUG UserDaoImpl.doSelectOne(UserDaoImpl.java:227) - ============================
[2022-06-08 11:14:57.389] DEBUG UserDaoImpl.doSelectOne(UserDaoImpl.java:228) - param:UserVO [uId=p030000, name=김동호030000, passwd=1130, level=GOLD, login=52, recommend=31, email=tubus1130@gmail.com, regDt=날짜_사용안함, toString()=com.pcwk.ehr.UserVO@328cf0e1]
[2022-06-08 11:14:57.389] DEBUG UserDaoImpl.doSelectOne(UserDaoImpl.java:229) - sql:
SELECT u_id,     
       name,     
       passwd,    
       u_level,   
       login,     
       recommend, 
       email,     
       TO_CHAR(reg_dt, 'yyyy-mm-dd hh24:mi:ss') AS reg_dt 
FROM   hr_member 
WHERE  u_id = ?  

[2022-06-08 11:14:57.389] DEBUG UserDaoImpl.doSelectOne(UserDaoImpl.java:230) - ============================
[2022-06-08 11:14:57.389] DEBUG UserDaoImpl.doSelectOne(UserDaoImpl.java:233) - Object param:p030000
[2022-06-08 11:14:57.446] DEBUG UserDaoImpl.doSelectOne(UserDaoImpl.java:242) - ============================
[2022-06-08 11:14:57.446] DEBUG UserDaoImpl.doSelectOne(UserDaoImpl.java:243) - outVO=UserVO [uId=p030000, name=김동호030000, passwd=1130, level=GOLD, login=52, recommend=31, email=tubus1130@gmail.com, regDt=2022-06-08 11:14:56, toString()=com.pcwk.ehr.UserVO@51e4ccb3]
[2022-06-08 11:14:57.446] DEBUG UserDaoImpl.doSelectOne(UserDaoImpl.java:244) - ============================
[2022-06-08 11:15:02.972] INFO  AbstractTestContextBootstrapper.getDefaultTestExecutionListenerClassNames(AbstractTestContextBootstrapper.java:245) - Loaded default TestExecutionListener class names from location [META-INF/spring.factories]: [org.springframework.test.context.web.ServletTestExecutionListener, org.springframework.test.context.support.DirtiesContextBeforeModesTestExecutionListener, org.springframework.test.context.event.ApplicationEventsTestExecutionListener, org.springframework.test.context.support.DependencyInjectionTestExecutionListener, org.springframework.test.context.support.DirtiesContextTestExecutionListener, org.springframework.test.context.transaction.TransactionalTestExecutionListener, org.springframework.test.context.jdbc.SqlScriptsTestExecutionListener, org.springframework.test.context.event.EventPublishingTestExecutionListener]
[2022-06-08 11:15:02.982] INFO  AbstractTestContextBootstrapper.getTestExecutionListeners(AbstractTestContextBootstrapper.java:174) - Using TestExecutionListeners: [org.springframework.test.context.support.DirtiesContextBeforeModesTestExecutionListener@79079097, org.springframework.test.context.event.ApplicationEventsTestExecutionListener@4d1c00d0, org.springframework.test.context.support.DependencyInjectionTestExecutionListener@4b2bac3f, org.springframework.test.context.support.DirtiesContextTestExecutionListener@4e08711f, org.springframework.test.context.transaction.TransactionalTestExecutionListener@bcec361, org.springframework.test.context.jdbc.SqlScriptsTestExecutionListener@26794848, org.springframework.test.context.event.EventPublishingTestExecutionListener@302552ec]
[2022-06-08 11:15:03.207] DEBUG JUnitUserServiceTest.setUp(JUnitUserServiceTest.java:43) - ========================
[2022-06-08 11:15:03.207] DEBUG JUnitUserServiceTest.setUp(JUnitUserServiceTest.java:44) - =0.setUp()=
[2022-06-08 11:15:03.208] DEBUG JUnitUserServiceTest.setUp(JUnitUserServiceTest.java:45) - ========================
[2022-06-08 11:15:03.210] DEBUG JUnitUserServiceTest.setUp(JUnitUserServiceTest.java:58) - context : org.springframework.context.support.GenericApplicationContext@5c90e579, started on Wed Jun 08 11:15:03 KST 2022
[2022-06-08 11:15:03.210] DEBUG JUnitUserServiceTest.setUp(JUnitUserServiceTest.java:59) - userService : com.pcwk.ehr.UserServiceImpl@6f3187b0
[2022-06-08 11:15:03.210] DEBUG JUnitUserServiceTest.setUp(JUnitUserServiceTest.java:60) - dao : com.pcwk.ehr.UserDaoImpl@2663e964
[2022-06-08 11:15:03.210] DEBUG JUnitUserServiceTest.add(JUnitUserServiceTest.java:73) - ========================
[2022-06-08 11:15:03.211] DEBUG JUnitUserServiceTest.add(JUnitUserServiceTest.java:74) - =2. add()=
[2022-06-08 11:15:03.211] DEBUG JUnitUserServiceTest.add(JUnitUserServiceTest.java:75) - ========================
[2022-06-08 11:15:03.211] DEBUG UserDaoImpl.doDelete(UserDaoImpl.java:255) - ============================
[2022-06-08 11:15:03.211] DEBUG UserDaoImpl.doDelete(UserDaoImpl.java:256) - param:UserVO [uId=p03, name=김동호03, passwd=1130, level=BASIC, login=49, recommend=0, email=tubus1130@gmail.com, regDt=날짜_사용안함, toString()=com.pcwk.ehr.UserVO@39b43d60]
[2022-06-08 11:15:03.211] DEBUG UserDaoImpl.doDelete(UserDaoImpl.java:257) - sql:
DELETE FROM hr_member 
WHERE u_id = ? 

[2022-06-08 11:15:03.211] DEBUG UserDaoImpl.doDelete(UserDaoImpl.java:258) - ============================
[2022-06-08 11:15:03.211] DEBUG UserDaoImpl.doDelete(UserDaoImpl.java:261) - Object param : p03
[2022-06-08 11:15:03.666] DEBUG UserDaoImpl.doDelete(UserDaoImpl.java:264) - flag = 1
[2022-06-08 11:15:03.666] DEBUG UserDaoImpl.doDelete(UserDaoImpl.java:255) - ============================
[2022-06-08 11:15:03.666] DEBUG UserDaoImpl.doDelete(UserDaoImpl.java:256) - param:UserVO [uId=p030, name=김동호030, passwd=1130, level=BASIC, login=50, recommend=10, email=tubus1130@gmail.com, regDt=날짜_사용안함, toString()=com.pcwk.ehr.UserVO@7c209437]
[2022-06-08 11:15:03.666] DEBUG UserDaoImpl.doDelete(UserDaoImpl.java:257) - sql:
DELETE FROM hr_member 
WHERE u_id = ? 

[2022-06-08 11:15:03.666] DEBUG UserDaoImpl.doDelete(UserDaoImpl.java:258) - ============================
[2022-06-08 11:15:03.667] DEBUG UserDaoImpl.doDelete(UserDaoImpl.java:261) - Object param : p030
[2022-06-08 11:15:03.712] DEBUG UserDaoImpl.doDelete(UserDaoImpl.java:264) - flag = 0
[2022-06-08 11:15:03.712] DEBUG UserDaoImpl.doDelete(UserDaoImpl.java:255) - ============================
[2022-06-08 11:15:03.712] DEBUG UserDaoImpl.doDelete(UserDaoImpl.java:256) - param:UserVO [uId=p0300, name=김동호0300, passwd=1130, level=SILVER, login=51, recommend=29, email=tubus1130@gmail.com, regDt=날짜_사용안함, toString()=com.pcwk.ehr.UserVO@f667fe]
[2022-06-08 11:15:03.712] DEBUG UserDaoImpl.doDelete(UserDaoImpl.java:257) - sql:
DELETE FROM hr_member 
WHERE u_id = ? 

[2022-06-08 11:15:03.712] DEBUG UserDaoImpl.doDelete(UserDaoImpl.java:258) - ============================
[2022-06-08 11:15:03.712] DEBUG UserDaoImpl.doDelete(UserDaoImpl.java:261) - Object param : p0300
[2022-06-08 11:15:03.756] DEBUG UserDaoImpl.doDelete(UserDaoImpl.java:264) - flag = 0
[2022-06-08 11:15:03.756] DEBUG UserDaoImpl.doDelete(UserDaoImpl.java:255) - ============================
[2022-06-08 11:15:03.756] DEBUG UserDaoImpl.doDelete(UserDaoImpl.java:256) - param:UserVO [uId=p03000, name=김동호03000, passwd=1130, level=SILVER, login=51, recommend=30, email=tubus1130@gmail.com, regDt=날짜_사용안함, toString()=com.pcwk.ehr.UserVO@25e2a451]
[2022-06-08 11:15:03.756] DEBUG UserDaoImpl.doDelete(UserDaoImpl.java:257) - sql:
DELETE FROM hr_member 
WHERE u_id = ? 

[2022-06-08 11:15:03.756] DEBUG UserDaoImpl.doDelete(UserDaoImpl.java:258) - ============================
[2022-06-08 11:15:03.756] DEBUG UserDaoImpl.doDelete(UserDaoImpl.java:261) - Object param : p03000
[2022-06-08 11:15:03.800] DEBUG UserDaoImpl.doDelete(UserDaoImpl.java:264) - flag = 0
[2022-06-08 11:15:03.800] DEBUG UserDaoImpl.doDelete(UserDaoImpl.java:255) - ============================
[2022-06-08 11:15:03.800] DEBUG UserDaoImpl.doDelete(UserDaoImpl.java:256) - param:UserVO [uId=p030000, name=김동호030000, passwd=1130, level=GOLD, login=52, recommend=31, email=tubus1130@gmail.com, regDt=날짜_사용안함, toString()=com.pcwk.ehr.UserVO@328cf0e1]
[2022-06-08 11:15:03.800] DEBUG UserDaoImpl.doDelete(UserDaoImpl.java:257) - sql:
DELETE FROM hr_member 
WHERE u_id = ? 

[2022-06-08 11:15:03.800] DEBUG UserDaoImpl.doDelete(UserDaoImpl.java:258) - ============================
[2022-06-08 11:15:03.800] DEBUG UserDaoImpl.doDelete(UserDaoImpl.java:261) - Object param : p030000
[2022-06-08 11:15:03.843] DEBUG UserDaoImpl.doDelete(UserDaoImpl.java:264) - flag = 1
[2022-06-08 11:15:03.843] DEBUG UserDaoImpl.doInsert(UserDaoImpl.java:173) - ============================
[2022-06-08 11:15:03.843] DEBUG UserDaoImpl.doInsert(UserDaoImpl.java:174) - param:UserVO [uId=p03, name=김동호03, passwd=1130, level=BASIC, login=49, recommend=0, email=tubus1130@gmail.com, regDt=날짜_사용안함, toString()=com.pcwk.ehr.UserVO@39b43d60]
[2022-06-08 11:15:03.843] DEBUG UserDaoImpl.doInsert(UserDaoImpl.java:175) - sql:
 INSERT INTO hr_member (   
 	        u_id,         
 	        name,         
 	        passwd,       
             u_level,      
             login,        
             recommend,    
             email,        
             reg_dt        
 ) VALUES (                
 	?,                    
 	?,                    
 	?,                    
 	?,                    
 	?,                    
 	?,                    
 	?,                    
 	SYSDATE               
 )                         

[2022-06-08 11:15:03.843] DEBUG UserDaoImpl.doInsert(UserDaoImpl.java:176) - ============================
[2022-06-08 11:15:03.843] DEBUG UserDaoImpl.doInsert(UserDaoImpl.java:182) - Object param : p03
[2022-06-08 11:15:03.843] DEBUG UserDaoImpl.doInsert(UserDaoImpl.java:182) - Object param : 김동호03
[2022-06-08 11:15:03.844] DEBUG UserDaoImpl.doInsert(UserDaoImpl.java:182) - Object param : 1130
[2022-06-08 11:15:03.844] DEBUG UserDaoImpl.doInsert(UserDaoImpl.java:182) - Object param : 1
[2022-06-08 11:15:03.844] DEBUG UserDaoImpl.doInsert(UserDaoImpl.java:182) - Object param : 49
[2022-06-08 11:15:03.844] DEBUG UserDaoImpl.doInsert(UserDaoImpl.java:182) - Object param : 0
[2022-06-08 11:15:03.844] DEBUG UserDaoImpl.doInsert(UserDaoImpl.java:182) - Object param : tubus1130@gmail.com
[2022-06-08 11:15:03.887] DEBUG UserDaoImpl.doInsert(UserDaoImpl.java:186) - flag : 1
[2022-06-08 11:15:03.887] DEBUG UserDaoImpl.getCount(UserDaoImpl.java:127) - ============================
[2022-06-08 11:15:03.888] DEBUG UserDaoImpl.getCount(UserDaoImpl.java:128) - param:UserVO [uId=p03, name=김동호03, passwd=1130, level=BASIC, login=49, recommend=0, email=tubus1130@gmail.com, regDt=날짜_사용안함, toString()=com.pcwk.ehr.UserVO@39b43d60]
[2022-06-08 11:15:03.888] DEBUG UserDaoImpl.getCount(UserDaoImpl.java:129) - sql:
SELECT COUNT(*) AS cnt   
FROM hr_member           
WHERE u_id LIKE ? || '%' 

[2022-06-08 11:15:03.888] DEBUG UserDaoImpl.getCount(UserDaoImpl.java:130) - ============================
[2022-06-08 11:15:03.888] DEBUG UserDaoImpl.getCount(UserDaoImpl.java:132) - Object param:p03
[2022-06-08 11:15:03.979] DEBUG UserDaoImpl.getCount(UserDaoImpl.java:135) - ============================
[2022-06-08 11:15:03.979] DEBUG UserDaoImpl.getCount(UserDaoImpl.java:136) - count=1
[2022-06-08 11:15:03.979] DEBUG UserDaoImpl.getCount(UserDaoImpl.java:137) - ============================
[2022-06-08 11:15:03.979] DEBUG UserDaoImpl.doInsert(UserDaoImpl.java:173) - ============================
[2022-06-08 11:15:03.980] DEBUG UserDaoImpl.doInsert(UserDaoImpl.java:174) - param:UserVO [uId=p030000, name=김동호030000, passwd=1130, level=GOLD, login=52, recommend=31, email=tubus1130@gmail.com, regDt=날짜_사용안함, toString()=com.pcwk.ehr.UserVO@328cf0e1]
[2022-06-08 11:15:03.980] DEBUG UserDaoImpl.doInsert(UserDaoImpl.java:175) - sql:
 INSERT INTO hr_member (   
 	        u_id,         
 	        name,         
 	        passwd,       
             u_level,      
             login,        
             recommend,    
             email,        
             reg_dt        
 ) VALUES (                
 	?,                    
 	?,                    
 	?,                    
 	?,                    
 	?,                    
 	?,                    
 	?,                    
 	SYSDATE               
 )                         

[2022-06-08 11:15:03.980] DEBUG UserDaoImpl.doInsert(UserDaoImpl.java:176) - ============================
[2022-06-08 11:15:03.980] DEBUG UserDaoImpl.doInsert(UserDaoImpl.java:182) - Object param : p030000
[2022-06-08 11:15:03.980] DEBUG UserDaoImpl.doInsert(UserDaoImpl.java:182) - Object param : 김동호030000
[2022-06-08 11:15:03.980] DEBUG UserDaoImpl.doInsert(UserDaoImpl.java:182) - Object param : 1130
[2022-06-08 11:15:03.980] DEBUG UserDaoImpl.doInsert(UserDaoImpl.java:182) - Object param : 3
[2022-06-08 11:15:03.980] DEBUG UserDaoImpl.doInsert(UserDaoImpl.java:182) - Object param : 52
[2022-06-08 11:15:03.980] DEBUG UserDaoImpl.doInsert(UserDaoImpl.java:182) - Object param : 31
[2022-06-08 11:15:03.980] DEBUG UserDaoImpl.doInsert(UserDaoImpl.java:182) - Object param : tubus1130@gmail.com
[2022-06-08 11:15:04.024] DEBUG UserDaoImpl.doInsert(UserDaoImpl.java:186) - flag : 1
[2022-06-08 11:15:04.024] DEBUG UserDaoImpl.getCount(UserDaoImpl.java:127) - ============================
[2022-06-08 11:15:04.025] DEBUG UserDaoImpl.getCount(UserDaoImpl.java:128) - param:UserVO [uId=p03, name=김동호03, passwd=1130, level=BASIC, login=49, recommend=0, email=tubus1130@gmail.com, regDt=날짜_사용안함, toString()=com.pcwk.ehr.UserVO@39b43d60]
[2022-06-08 11:15:04.025] DEBUG UserDaoImpl.getCount(UserDaoImpl.java:129) - sql:
SELECT COUNT(*) AS cnt   
FROM hr_member           
WHERE u_id LIKE ? || '%' 

[2022-06-08 11:15:04.025] DEBUG UserDaoImpl.getCount(UserDaoImpl.java:130) - ============================
[2022-06-08 11:15:04.025] DEBUG UserDaoImpl.getCount(UserDaoImpl.java:132) - Object param:p03
[2022-06-08 11:15:04.067] DEBUG UserDaoImpl.getCount(UserDaoImpl.java:135) - ============================
[2022-06-08 11:15:04.067] DEBUG UserDaoImpl.getCount(UserDaoImpl.java:136) - count=2
[2022-06-08 11:15:04.067] DEBUG UserDaoImpl.getCount(UserDaoImpl.java:137) - ============================
[2022-06-08 11:15:04.067] DEBUG UserDaoImpl.doSelectOne(UserDaoImpl.java:227) - ============================
[2022-06-08 11:15:04.067] DEBUG UserDaoImpl.doSelectOne(UserDaoImpl.java:228) - param:UserVO [uId=p03, name=김동호03, passwd=1130, level=BASIC, login=49, recommend=0, email=tubus1130@gmail.com, regDt=날짜_사용안함, toString()=com.pcwk.ehr.UserVO@39b43d60]
[2022-06-08 11:15:04.068] DEBUG UserDaoImpl.doSelectOne(UserDaoImpl.java:229) - sql:
SELECT u_id,     
       name,     
       passwd,    
       u_level,   
       login,     
       recommend, 
       email,     
       TO_CHAR(reg_dt, 'yyyy-mm-dd hh24:mi:ss') AS reg_dt 
FROM   hr_member 
WHERE  u_id = ?  

[2022-06-08 11:15:04.068] DEBUG UserDaoImpl.doSelectOne(UserDaoImpl.java:230) - ============================
[2022-06-08 11:15:04.068] DEBUG UserDaoImpl.doSelectOne(UserDaoImpl.java:233) - Object param:p03
[2022-06-08 11:15:04.115] DEBUG UserDaoImpl.doSelectOne(UserDaoImpl.java:242) - ============================
[2022-06-08 11:15:04.116] DEBUG UserDaoImpl.doSelectOne(UserDaoImpl.java:243) - outVO=UserVO [uId=p03, name=김동호03, passwd=1130, level=BASIC, login=49, recommend=0, email=tubus1130@gmail.com, regDt=2022-06-08 11:15:03, toString()=com.pcwk.ehr.UserVO@5f59185e]
[2022-06-08 11:15:04.116] DEBUG UserDaoImpl.doSelectOne(UserDaoImpl.java:244) - ============================
[2022-06-08 11:15:04.116] DEBUG UserDaoImpl.doSelectOne(UserDaoImpl.java:227) - ============================
[2022-06-08 11:15:04.116] DEBUG UserDaoImpl.doSelectOne(UserDaoImpl.java:228) - param:UserVO [uId=p030000, name=김동호030000, passwd=1130, level=GOLD, login=52, recommend=31, email=tubus1130@gmail.com, regDt=날짜_사용안함, toString()=com.pcwk.ehr.UserVO@328cf0e1]
[2022-06-08 11:15:04.116] DEBUG UserDaoImpl.doSelectOne(UserDaoImpl.java:229) - sql:
SELECT u_id,     
       name,     
       passwd,    
       u_level,   
       login,     
       recommend, 
       email,     
       TO_CHAR(reg_dt, 'yyyy-mm-dd hh24:mi:ss') AS reg_dt 
FROM   hr_member 
WHERE  u_id = ?  

[2022-06-08 11:15:04.116] DEBUG UserDaoImpl.doSelectOne(UserDaoImpl.java:230) - ============================
[2022-06-08 11:15:04.116] DEBUG UserDaoImpl.doSelectOne(UserDaoImpl.java:233) - Object param:p030000
[2022-06-08 11:15:04.160] DEBUG UserDaoImpl.doSelectOne(UserDaoImpl.java:242) - ============================
[2022-06-08 11:15:04.160] DEBUG UserDaoImpl.doSelectOne(UserDaoImpl.java:243) - outVO=UserVO [uId=p030000, name=김동호030000, passwd=1130, level=GOLD, login=52, recommend=31, email=tubus1130@gmail.com, regDt=2022-06-08 11:15:03, toString()=com.pcwk.ehr.UserVO@51e4ccb3]
[2022-06-08 11:15:04.160] DEBUG UserDaoImpl.doSelectOne(UserDaoImpl.java:244) - ============================
