[2022-06-02 10:29:57.526] INFO  AbstractTestContextBootstrapper.getDefaultTestExecutionListenerClassNames(AbstractTestContextBootstrapper.java:245) - Loaded default TestExecutionListener class names from location [META-INF/spring.factories]: [org.springframework.test.context.web.ServletTestExecutionListener, org.springframework.test.context.support.DirtiesContextBeforeModesTestExecutionListener, org.springframework.test.context.event.ApplicationEventsTestExecutionListener, org.springframework.test.context.support.DependencyInjectionTestExecutionListener, org.springframework.test.context.support.DirtiesContextTestExecutionListener, org.springframework.test.context.transaction.TransactionalTestExecutionListener, org.springframework.test.context.jdbc.SqlScriptsTestExecutionListener, org.springframework.test.context.event.EventPublishingTestExecutionListener]
[2022-06-02 10:29:57.537] INFO  AbstractTestContextBootstrapper.getTestExecutionListeners(AbstractTestContextBootstrapper.java:174) - Using TestExecutionListeners: [org.springframework.test.context.support.DirtiesContextBeforeModesTestExecutionListener@1a677343, org.springframework.test.context.event.ApplicationEventsTestExecutionListener@15de0b3c, org.springframework.test.context.support.DependencyInjectionTestExecutionListener@489115ef, org.springframework.test.context.support.DirtiesContextTestExecutionListener@3857f613, org.springframework.test.context.transaction.TransactionalTestExecutionListener@198b6731, org.springframework.test.context.jdbc.SqlScriptsTestExecutionListener@7c6908d7, org.springframework.test.context.event.EventPublishingTestExecutionListener@3c9754d8]
[2022-06-02 10:29:57.737] DEBUG JTvPcwk.setUp(JTvPcwk.java:28) - ======================
[2022-06-02 10:29:57.738] DEBUG JTvPcwk.setUp(JTvPcwk.java:29) - =0.setUp()=
[2022-06-02 10:29:57.738] DEBUG JTvPcwk.setUp(JTvPcwk.java:30) - ======================
[2022-06-02 10:29:57.738] DEBUG JTvPcwk.tvTest(JTvPcwk.java:44) - ======================
[2022-06-02 10:29:57.738] DEBUG JTvPcwk.tvTest(JTvPcwk.java:45) - =tvTest()=
[2022-06-02 10:29:57.739] DEBUG JTvPcwk.tvTest(JTvPcwk.java:46) - ======================
[2022-06-02 10:29:57.740] DEBUG JTvPcwk.tearDown(JTvPcwk.java:37) - ======================
[2022-06-02 10:29:57.740] DEBUG JTvPcwk.tearDown(JTvPcwk.java:38) - =9.tearDown()=
[2022-06-02 10:29:57.740] DEBUG JTvPcwk.tearDown(JTvPcwk.java:39) - ======================
[2022-06-02 10:32:07.293] INFO  AbstractTestContextBootstrapper.getDefaultTestExecutionListenerClassNames(AbstractTestContextBootstrapper.java:245) - Loaded default TestExecutionListener class names from location [META-INF/spring.factories]: [org.springframework.test.context.web.ServletTestExecutionListener, org.springframework.test.context.support.DirtiesContextBeforeModesTestExecutionListener, org.springframework.test.context.event.ApplicationEventsTestExecutionListener, org.springframework.test.context.support.DependencyInjectionTestExecutionListener, org.springframework.test.context.support.DirtiesContextTestExecutionListener, org.springframework.test.context.transaction.TransactionalTestExecutionListener, org.springframework.test.context.jdbc.SqlScriptsTestExecutionListener, org.springframework.test.context.event.EventPublishingTestExecutionListener]
[2022-06-02 10:32:07.303] INFO  AbstractTestContextBootstrapper.getTestExecutionListeners(AbstractTestContextBootstrapper.java:174) - Using TestExecutionListeners: [org.springframework.test.context.support.DirtiesContextBeforeModesTestExecutionListener@1a677343, org.springframework.test.context.event.ApplicationEventsTestExecutionListener@15de0b3c, org.springframework.test.context.support.DependencyInjectionTestExecutionListener@489115ef, org.springframework.test.context.support.DirtiesContextTestExecutionListener@3857f613, org.springframework.test.context.transaction.TransactionalTestExecutionListener@198b6731, org.springframework.test.context.jdbc.SqlScriptsTestExecutionListener@7c6908d7, org.springframework.test.context.event.EventPublishingTestExecutionListener@3c9754d8]
[2022-06-02 10:32:07.472] DEBUG JTvPcwk.setUp(JTvPcwk.java:28) - ======================
[2022-06-02 10:32:07.472] DEBUG JTvPcwk.setUp(JTvPcwk.java:29) - =0.setUp()=
[2022-06-02 10:32:07.472] DEBUG JTvPcwk.setUp(JTvPcwk.java:30) - ======================
[2022-06-02 10:32:07.473] DEBUG JTvPcwk.tvTest(JTvPcwk.java:46) - ======================
[2022-06-02 10:32:07.473] DEBUG JTvPcwk.tvTest(JTvPcwk.java:47) - =tvTest()=
[2022-06-02 10:32:07.473] DEBUG JTvPcwk.tvTest(JTvPcwk.java:48) - ======================
[2022-06-02 10:32:07.474] DEBUG JTvPcwk.tearDown(JTvPcwk.java:39) - ======================
[2022-06-02 10:32:07.474] DEBUG JTvPcwk.tearDown(JTvPcwk.java:40) - =9.tearDown()=
[2022-06-02 10:32:07.474] DEBUG JTvPcwk.tearDown(JTvPcwk.java:41) - ======================
[2022-06-02 10:32:43.036] INFO  AbstractTestContextBootstrapper.getDefaultTestExecutionListenerClassNames(AbstractTestContextBootstrapper.java:245) - Loaded default TestExecutionListener class names from location [META-INF/spring.factories]: [org.springframework.test.context.web.ServletTestExecutionListener, org.springframework.test.context.support.DirtiesContextBeforeModesTestExecutionListener, org.springframework.test.context.event.ApplicationEventsTestExecutionListener, org.springframework.test.context.support.DependencyInjectionTestExecutionListener, org.springframework.test.context.support.DirtiesContextTestExecutionListener, org.springframework.test.context.transaction.TransactionalTestExecutionListener, org.springframework.test.context.jdbc.SqlScriptsTestExecutionListener, org.springframework.test.context.event.EventPublishingTestExecutionListener]
[2022-06-02 10:32:43.046] INFO  AbstractTestContextBootstrapper.getTestExecutionListeners(AbstractTestContextBootstrapper.java:174) - Using TestExecutionListeners: [org.springframework.test.context.support.DirtiesContextBeforeModesTestExecutionListener@1a677343, org.springframework.test.context.event.ApplicationEventsTestExecutionListener@15de0b3c, org.springframework.test.context.support.DependencyInjectionTestExecutionListener@489115ef, org.springframework.test.context.support.DirtiesContextTestExecutionListener@3857f613, org.springframework.test.context.transaction.TransactionalTestExecutionListener@198b6731, org.springframework.test.context.jdbc.SqlScriptsTestExecutionListener@7c6908d7, org.springframework.test.context.event.EventPublishingTestExecutionListener@3c9754d8]
[2022-06-02 10:32:43.212] DEBUG JTvPcwk.setUp(JTvPcwk.java:28) - ======================
[2022-06-02 10:32:43.212] DEBUG JTvPcwk.setUp(JTvPcwk.java:29) - =0.setUp()=
[2022-06-02 10:32:43.212] DEBUG JTvPcwk.setUp(JTvPcwk.java:30) - ======================
[2022-06-02 10:32:43.214] DEBUG JTvPcwk.setUp(JTvPcwk.java:33) - =context=org.springframework.context.support.GenericApplicationContext@ed7f8b4, started on Thu Jun 02 10:32:43 KST 2022
[2022-06-02 10:32:43.214] DEBUG JTvPcwk.setUp(JTvPcwk.java:34) - =tv01=com.pcwk.ehr.SamsungTV@34bde49d
[2022-06-02 10:32:43.215] DEBUG JTvPcwk.tvTest(JTvPcwk.java:48) - ======================
[2022-06-02 10:32:43.215] DEBUG JTvPcwk.tvTest(JTvPcwk.java:49) - =tvTest()=
[2022-06-02 10:32:43.215] DEBUG JTvPcwk.tvTest(JTvPcwk.java:50) - ======================
[2022-06-02 10:32:43.216] DEBUG JTvPcwk.tearDown(JTvPcwk.java:41) - ======================
[2022-06-02 10:32:43.216] DEBUG JTvPcwk.tearDown(JTvPcwk.java:42) - =9.tearDown()=
[2022-06-02 10:32:43.216] DEBUG JTvPcwk.tearDown(JTvPcwk.java:43) - ======================
[2022-06-02 10:33:52.676] INFO  AbstractTestContextBootstrapper.getDefaultTestExecutionListenerClassNames(AbstractTestContextBootstrapper.java:245) - Loaded default TestExecutionListener class names from location [META-INF/spring.factories]: [org.springframework.test.context.web.ServletTestExecutionListener, org.springframework.test.context.support.DirtiesContextBeforeModesTestExecutionListener, org.springframework.test.context.event.ApplicationEventsTestExecutionListener, org.springframework.test.context.support.DependencyInjectionTestExecutionListener, org.springframework.test.context.support.DirtiesContextTestExecutionListener, org.springframework.test.context.transaction.TransactionalTestExecutionListener, org.springframework.test.context.jdbc.SqlScriptsTestExecutionListener, org.springframework.test.context.event.EventPublishingTestExecutionListener]
[2022-06-02 10:33:52.686] INFO  AbstractTestContextBootstrapper.getTestExecutionListeners(AbstractTestContextBootstrapper.java:174) - Using TestExecutionListeners: [org.springframework.test.context.support.DirtiesContextBeforeModesTestExecutionListener@1a677343, org.springframework.test.context.event.ApplicationEventsTestExecutionListener@15de0b3c, org.springframework.test.context.support.DependencyInjectionTestExecutionListener@489115ef, org.springframework.test.context.support.DirtiesContextTestExecutionListener@3857f613, org.springframework.test.context.transaction.TransactionalTestExecutionListener@198b6731, org.springframework.test.context.jdbc.SqlScriptsTestExecutionListener@7c6908d7, org.springframework.test.context.event.EventPublishingTestExecutionListener@3c9754d8]
[2022-06-02 10:33:52.853] DEBUG JTvPcwk.setUp(JTvPcwk.java:28) - ======================
[2022-06-02 10:33:52.853] DEBUG JTvPcwk.setUp(JTvPcwk.java:29) - =0.setUp()=
[2022-06-02 10:33:52.853] DEBUG JTvPcwk.setUp(JTvPcwk.java:30) - ======================
[2022-06-02 10:33:52.855] DEBUG JTvPcwk.setUp(JTvPcwk.java:33) - =context=org.springframework.context.support.GenericApplicationContext@ed7f8b4, started on Thu Jun 02 10:33:52 KST 2022
[2022-06-02 10:33:52.855] DEBUG JTvPcwk.setUp(JTvPcwk.java:34) - =tv01=com.pcwk.ehr.SamsungTV@34bde49d
[2022-06-02 10:33:52.856] DEBUG JTvPcwk.tvTest(JTvPcwk.java:48) - ======================
[2022-06-02 10:33:52.856] DEBUG JTvPcwk.tvTest(JTvPcwk.java:49) - =tvTest()=
[2022-06-02 10:33:52.856] DEBUG JTvPcwk.tvTest(JTvPcwk.java:50) - ======================
[2022-06-02 10:33:52.856] DEBUG SamsungTV.powerOn(SamsungTV.java:13) - 삼성전원을 켠다.
[2022-06-02 10:33:52.858] DEBUG JTvPcwk.tearDown(JTvPcwk.java:41) - ======================
[2022-06-02 10:33:52.858] DEBUG JTvPcwk.tearDown(JTvPcwk.java:42) - =9.tearDown()=
[2022-06-02 10:33:52.858] DEBUG JTvPcwk.tearDown(JTvPcwk.java:43) - ======================
[2022-06-02 10:34:31.558] INFO  AbstractTestContextBootstrapper.getDefaultTestExecutionListenerClassNames(AbstractTestContextBootstrapper.java:245) - Loaded default TestExecutionListener class names from location [META-INF/spring.factories]: [org.springframework.test.context.web.ServletTestExecutionListener, org.springframework.test.context.support.DirtiesContextBeforeModesTestExecutionListener, org.springframework.test.context.event.ApplicationEventsTestExecutionListener, org.springframework.test.context.support.DependencyInjectionTestExecutionListener, org.springframework.test.context.support.DirtiesContextTestExecutionListener, org.springframework.test.context.transaction.TransactionalTestExecutionListener, org.springframework.test.context.jdbc.SqlScriptsTestExecutionListener, org.springframework.test.context.event.EventPublishingTestExecutionListener]
[2022-06-02 10:34:31.567] INFO  AbstractTestContextBootstrapper.getTestExecutionListeners(AbstractTestContextBootstrapper.java:174) - Using TestExecutionListeners: [org.springframework.test.context.support.DirtiesContextBeforeModesTestExecutionListener@1a677343, org.springframework.test.context.event.ApplicationEventsTestExecutionListener@15de0b3c, org.springframework.test.context.support.DependencyInjectionTestExecutionListener@489115ef, org.springframework.test.context.support.DirtiesContextTestExecutionListener@3857f613, org.springframework.test.context.transaction.TransactionalTestExecutionListener@198b6731, org.springframework.test.context.jdbc.SqlScriptsTestExecutionListener@7c6908d7, org.springframework.test.context.event.EventPublishingTestExecutionListener@3c9754d8]
[2022-06-02 10:34:31.734] DEBUG JTvPcwk.setUp(JTvPcwk.java:28) - ======================
[2022-06-02 10:34:31.734] DEBUG JTvPcwk.setUp(JTvPcwk.java:29) - =0.setUp()=
[2022-06-02 10:34:31.735] DEBUG JTvPcwk.setUp(JTvPcwk.java:30) - ======================
[2022-06-02 10:34:31.737] DEBUG JTvPcwk.setUp(JTvPcwk.java:33) - =context=org.springframework.context.support.GenericApplicationContext@ed7f8b4, started on Thu Jun 02 10:34:31 KST 2022
[2022-06-02 10:34:31.737] DEBUG JTvPcwk.setUp(JTvPcwk.java:34) - =tv01=com.pcwk.ehr.SamsungTV@34bde49d
[2022-06-02 10:34:31.738] DEBUG JTvPcwk.tvTest(JTvPcwk.java:48) - ======================
[2022-06-02 10:34:31.738] DEBUG JTvPcwk.tvTest(JTvPcwk.java:49) - =tvTest()=
[2022-06-02 10:34:31.738] DEBUG JTvPcwk.tvTest(JTvPcwk.java:50) - ======================
[2022-06-02 10:34:31.739] DEBUG SamsungTV.powerOn(SamsungTV.java:13) - 삼성전원을 켠다.
[2022-06-02 10:34:31.739] DEBUG SamsungTV.volumeUp(SamsungTV.java:23) - 삼성볼륨을 높인다.
[2022-06-02 10:34:31.739] DEBUG SamsungTV.volumeDown(SamsungTV.java:28) - 삼성볼륨을 내린다.
[2022-06-02 10:34:31.739] DEBUG SamsungTV.powerOff(SamsungTV.java:18) - 삼성전원을 끊다.
[2022-06-02 10:34:31.740] DEBUG JTvPcwk.tearDown(JTvPcwk.java:41) - ======================
[2022-06-02 10:34:31.740] DEBUG JTvPcwk.tearDown(JTvPcwk.java:42) - =9.tearDown()=
[2022-06-02 10:34:31.740] DEBUG JTvPcwk.tearDown(JTvPcwk.java:43) - ======================
[2022-06-02 10:37:17.450] INFO  AbstractTestContextBootstrapper.getDefaultTestExecutionListenerClassNames(AbstractTestContextBootstrapper.java:245) - Loaded default TestExecutionListener class names from location [META-INF/spring.factories]: [org.springframework.test.context.web.ServletTestExecutionListener, org.springframework.test.context.support.DirtiesContextBeforeModesTestExecutionListener, org.springframework.test.context.event.ApplicationEventsTestExecutionListener, org.springframework.test.context.support.DependencyInjectionTestExecutionListener, org.springframework.test.context.support.DirtiesContextTestExecutionListener, org.springframework.test.context.transaction.TransactionalTestExecutionListener, org.springframework.test.context.jdbc.SqlScriptsTestExecutionListener, org.springframework.test.context.event.EventPublishingTestExecutionListener]
[2022-06-02 10:37:17.460] INFO  AbstractTestContextBootstrapper.getTestExecutionListeners(AbstractTestContextBootstrapper.java:174) - Using TestExecutionListeners: [org.springframework.test.context.support.DirtiesContextBeforeModesTestExecutionListener@1a677343, org.springframework.test.context.event.ApplicationEventsTestExecutionListener@15de0b3c, org.springframework.test.context.support.DependencyInjectionTestExecutionListener@489115ef, org.springframework.test.context.support.DirtiesContextTestExecutionListener@3857f613, org.springframework.test.context.transaction.TransactionalTestExecutionListener@198b6731, org.springframework.test.context.jdbc.SqlScriptsTestExecutionListener@7c6908d7, org.springframework.test.context.event.EventPublishingTestExecutionListener@3c9754d8]
[2022-06-02 10:37:17.616] DEBUG SamsungTV.initMethod(SamsungTV.java:11) - 삼성 TVinitMethod()
[2022-06-02 10:37:17.637] DEBUG JTvPcwk.setUp(JTvPcwk.java:28) - ======================
[2022-06-02 10:37:17.637] DEBUG JTvPcwk.setUp(JTvPcwk.java:29) - =0.setUp()=
[2022-06-02 10:37:17.637] DEBUG JTvPcwk.setUp(JTvPcwk.java:30) - ======================
[2022-06-02 10:37:17.639] DEBUG JTvPcwk.setUp(JTvPcwk.java:33) - =context=org.springframework.context.support.GenericApplicationContext@ed7f8b4, started on Thu Jun 02 10:37:17 KST 2022
[2022-06-02 10:37:17.639] DEBUG JTvPcwk.setUp(JTvPcwk.java:34) - =tv01=com.pcwk.ehr.SamsungTV@821330f
[2022-06-02 10:37:17.640] DEBUG JTvPcwk.tvTest(JTvPcwk.java:48) - ======================
[2022-06-02 10:37:17.640] DEBUG JTvPcwk.tvTest(JTvPcwk.java:49) - =tvTest()=
[2022-06-02 10:37:17.640] DEBUG JTvPcwk.tvTest(JTvPcwk.java:50) - ======================
[2022-06-02 10:37:17.641] DEBUG SamsungTV.powerOn(SamsungTV.java:16) - 삼성 TV전원을 켠다.
[2022-06-02 10:37:17.641] DEBUG SamsungTV.volumeUp(SamsungTV.java:26) - 삼성 TV볼륨을 높인다.
[2022-06-02 10:37:17.641] DEBUG SamsungTV.volumeDown(SamsungTV.java:31) - 삼성 TV볼륨을 내린다.
[2022-06-02 10:37:17.641] DEBUG SamsungTV.powerOff(SamsungTV.java:21) - 삼성 TV전원을 끊다.
[2022-06-02 10:37:17.644] DEBUG JTvPcwk.tearDown(JTvPcwk.java:41) - ======================
[2022-06-02 10:37:17.644] DEBUG JTvPcwk.tearDown(JTvPcwk.java:42) - =9.tearDown()=
[2022-06-02 10:37:17.644] DEBUG JTvPcwk.tearDown(JTvPcwk.java:43) - ======================
[2022-06-02 10:37:50.441] INFO  AbstractTestContextBootstrapper.getDefaultTestExecutionListenerClassNames(AbstractTestContextBootstrapper.java:245) - Loaded default TestExecutionListener class names from location [META-INF/spring.factories]: [org.springframework.test.context.web.ServletTestExecutionListener, org.springframework.test.context.support.DirtiesContextBeforeModesTestExecutionListener, org.springframework.test.context.event.ApplicationEventsTestExecutionListener, org.springframework.test.context.support.DependencyInjectionTestExecutionListener, org.springframework.test.context.support.DirtiesContextTestExecutionListener, org.springframework.test.context.transaction.TransactionalTestExecutionListener, org.springframework.test.context.jdbc.SqlScriptsTestExecutionListener, org.springframework.test.context.event.EventPublishingTestExecutionListener]
[2022-06-02 10:37:50.451] INFO  AbstractTestContextBootstrapper.getTestExecutionListeners(AbstractTestContextBootstrapper.java:174) - Using TestExecutionListeners: [org.springframework.test.context.support.DirtiesContextBeforeModesTestExecutionListener@1a677343, org.springframework.test.context.event.ApplicationEventsTestExecutionListener@15de0b3c, org.springframework.test.context.support.DependencyInjectionTestExecutionListener@489115ef, org.springframework.test.context.support.DirtiesContextTestExecutionListener@3857f613, org.springframework.test.context.transaction.TransactionalTestExecutionListener@198b6731, org.springframework.test.context.jdbc.SqlScriptsTestExecutionListener@7c6908d7, org.springframework.test.context.event.EventPublishingTestExecutionListener@3c9754d8]
[2022-06-02 10:37:50.606] DEBUG SamsungTV.initMethod(SamsungTV.java:11) - 삼성 TV initMethod()
[2022-06-02 10:37:50.627] DEBUG JTvPcwk.setUp(JTvPcwk.java:28) - ======================
[2022-06-02 10:37:50.627] DEBUG JTvPcwk.setUp(JTvPcwk.java:29) - =0.setUp()=
[2022-06-02 10:37:50.627] DEBUG JTvPcwk.setUp(JTvPcwk.java:30) - ======================
[2022-06-02 10:37:50.629] DEBUG JTvPcwk.setUp(JTvPcwk.java:33) - =context=org.springframework.context.support.GenericApplicationContext@ed7f8b4, started on Thu Jun 02 10:37:50 KST 2022
[2022-06-02 10:37:50.629] DEBUG JTvPcwk.setUp(JTvPcwk.java:34) - =tv01=com.pcwk.ehr.SamsungTV@821330f
[2022-06-02 10:37:50.629] DEBUG JTvPcwk.tvTest(JTvPcwk.java:48) - ======================
[2022-06-02 10:37:50.630] DEBUG JTvPcwk.tvTest(JTvPcwk.java:49) - =tvTest()=
[2022-06-02 10:37:50.630] DEBUG JTvPcwk.tvTest(JTvPcwk.java:50) - ======================
[2022-06-02 10:37:50.630] DEBUG SamsungTV.powerOn(SamsungTV.java:16) - 삼성 TV전원을 켠다.
[2022-06-02 10:37:50.630] DEBUG SamsungTV.volumeUp(SamsungTV.java:26) - 삼성 TV볼륨을 높인다.
[2022-06-02 10:37:50.630] DEBUG SamsungTV.volumeDown(SamsungTV.java:31) - 삼성 TV볼륨을 내린다.
[2022-06-02 10:37:50.630] DEBUG SamsungTV.powerOff(SamsungTV.java:21) - 삼성 TV전원을 끊다.
[2022-06-02 10:37:50.631] DEBUG JTvPcwk.tearDown(JTvPcwk.java:41) - ======================
[2022-06-02 10:37:50.631] DEBUG JTvPcwk.tearDown(JTvPcwk.java:42) - =9.tearDown()=
[2022-06-02 10:37:50.631] DEBUG JTvPcwk.tearDown(JTvPcwk.java:43) - ======================
[2022-06-02 10:40:26.778] INFO  AbstractTestContextBootstrapper.getDefaultTestExecutionListenerClassNames(AbstractTestContextBootstrapper.java:245) - Loaded default TestExecutionListener class names from location [META-INF/spring.factories]: [org.springframework.test.context.web.ServletTestExecutionListener, org.springframework.test.context.support.DirtiesContextBeforeModesTestExecutionListener, org.springframework.test.context.event.ApplicationEventsTestExecutionListener, org.springframework.test.context.support.DependencyInjectionTestExecutionListener, org.springframework.test.context.support.DirtiesContextTestExecutionListener, org.springframework.test.context.transaction.TransactionalTestExecutionListener, org.springframework.test.context.jdbc.SqlScriptsTestExecutionListener, org.springframework.test.context.event.EventPublishingTestExecutionListener]
[2022-06-02 10:40:26.787] INFO  AbstractTestContextBootstrapper.getTestExecutionListeners(AbstractTestContextBootstrapper.java:174) - Using TestExecutionListeners: [org.springframework.test.context.support.DirtiesContextBeforeModesTestExecutionListener@1a677343, org.springframework.test.context.event.ApplicationEventsTestExecutionListener@15de0b3c, org.springframework.test.context.support.DependencyInjectionTestExecutionListener@489115ef, org.springframework.test.context.support.DirtiesContextTestExecutionListener@3857f613, org.springframework.test.context.transaction.TransactionalTestExecutionListener@198b6731, org.springframework.test.context.jdbc.SqlScriptsTestExecutionListener@7c6908d7, org.springframework.test.context.event.EventPublishingTestExecutionListener@3c9754d8]
[2022-06-02 10:40:26.933] DEBUG SamsungTV.<init>(SamsungTV.java:11) - 삼성 TV default 생성자 SamsungTV()
[2022-06-02 10:40:26.936] DEBUG SamsungTV.initMethod(SamsungTV.java:15) - 삼성 TV initMethod()
[2022-06-02 10:40:26.957] DEBUG JTvPcwk.setUp(JTvPcwk.java:28) - ======================
[2022-06-02 10:40:26.958] DEBUG JTvPcwk.setUp(JTvPcwk.java:29) - =0.setUp()=
[2022-06-02 10:40:26.958] DEBUG JTvPcwk.setUp(JTvPcwk.java:30) - ======================
[2022-06-02 10:40:26.961] DEBUG JTvPcwk.setUp(JTvPcwk.java:33) - =context=org.springframework.context.support.GenericApplicationContext@ed7f8b4, started on Thu Jun 02 10:40:26 KST 2022
[2022-06-02 10:40:26.961] DEBUG JTvPcwk.setUp(JTvPcwk.java:34) - =tv01=com.pcwk.ehr.SamsungTV@821330f
[2022-06-02 10:40:26.961] DEBUG JTvPcwk.tvTest(JTvPcwk.java:48) - ======================
[2022-06-02 10:40:26.962] DEBUG JTvPcwk.tvTest(JTvPcwk.java:49) - =tvTest()=
[2022-06-02 10:40:26.962] DEBUG JTvPcwk.tvTest(JTvPcwk.java:50) - ======================
[2022-06-02 10:40:26.962] DEBUG SamsungTV.powerOn(SamsungTV.java:20) - 삼성 TV전원을 켠다.
[2022-06-02 10:40:26.962] DEBUG SamsungTV.volumeUp(SamsungTV.java:30) - 삼성 TV볼륨을 높인다.
[2022-06-02 10:40:26.962] DEBUG SamsungTV.volumeDown(SamsungTV.java:35) - 삼성 TV볼륨을 내린다.
[2022-06-02 10:40:26.962] DEBUG SamsungTV.powerOff(SamsungTV.java:25) - 삼성 TV전원을 끊다.
[2022-06-02 10:40:26.963] DEBUG JTvPcwk.tearDown(JTvPcwk.java:41) - ======================
[2022-06-02 10:40:26.963] DEBUG JTvPcwk.tearDown(JTvPcwk.java:42) - =9.tearDown()=
[2022-06-02 10:40:26.963] DEBUG JTvPcwk.tearDown(JTvPcwk.java:43) - ======================
[2022-06-02 10:42:04.733] INFO  AbstractTestContextBootstrapper.getDefaultTestExecutionListenerClassNames(AbstractTestContextBootstrapper.java:245) - Loaded default TestExecutionListener class names from location [META-INF/spring.factories]: [org.springframework.test.context.web.ServletTestExecutionListener, org.springframework.test.context.support.DirtiesContextBeforeModesTestExecutionListener, org.springframework.test.context.event.ApplicationEventsTestExecutionListener, org.springframework.test.context.support.DependencyInjectionTestExecutionListener, org.springframework.test.context.support.DirtiesContextTestExecutionListener, org.springframework.test.context.transaction.TransactionalTestExecutionListener, org.springframework.test.context.jdbc.SqlScriptsTestExecutionListener, org.springframework.test.context.event.EventPublishingTestExecutionListener]
[2022-06-02 10:42:04.743] INFO  AbstractTestContextBootstrapper.getTestExecutionListeners(AbstractTestContextBootstrapper.java:174) - Using TestExecutionListeners: [org.springframework.test.context.support.DirtiesContextBeforeModesTestExecutionListener@1a677343, org.springframework.test.context.event.ApplicationEventsTestExecutionListener@15de0b3c, org.springframework.test.context.support.DependencyInjectionTestExecutionListener@489115ef, org.springframework.test.context.support.DirtiesContextTestExecutionListener@3857f613, org.springframework.test.context.transaction.TransactionalTestExecutionListener@198b6731, org.springframework.test.context.jdbc.SqlScriptsTestExecutionListener@7c6908d7, org.springframework.test.context.event.EventPublishingTestExecutionListener@3c9754d8]
[2022-06-02 10:42:04.887] DEBUG SamsungTV.<init>(SamsungTV.java:11) - 삼성 TV default 생성자 SamsungTV()
[2022-06-02 10:42:04.890] DEBUG SamsungTV.initMethod(SamsungTV.java:15) - 삼성 TV initMethod()
[2022-06-02 10:42:04.913] DEBUG JTvPcwk.setUp(JTvPcwk.java:28) - ======================
[2022-06-02 10:42:04.913] DEBUG JTvPcwk.setUp(JTvPcwk.java:29) - =0.setUp()=
[2022-06-02 10:42:04.913] DEBUG JTvPcwk.setUp(JTvPcwk.java:30) - ======================
[2022-06-02 10:42:04.915] DEBUG JTvPcwk.setUp(JTvPcwk.java:33) - =context=org.springframework.context.support.GenericApplicationContext@ed7f8b4, started on Thu Jun 02 10:42:04 KST 2022
[2022-06-02 10:42:04.915] DEBUG JTvPcwk.setUp(JTvPcwk.java:34) - =tv01=com.pcwk.ehr.SamsungTV@821330f
[2022-06-02 10:42:04.916] DEBUG JTvPcwk.tvTest(JTvPcwk.java:48) - ======================
[2022-06-02 10:42:04.916] DEBUG JTvPcwk.tvTest(JTvPcwk.java:49) - =tvTest()=
[2022-06-02 10:42:04.916] DEBUG JTvPcwk.tvTest(JTvPcwk.java:50) - ======================
[2022-06-02 10:42:04.916] DEBUG SamsungTV.powerOn(SamsungTV.java:24) - 삼성 TV전원을 켠다.
[2022-06-02 10:42:04.916] DEBUG SamsungTV.volumeUp(SamsungTV.java:34) - 삼성 TV볼륨을 높인다.
[2022-06-02 10:42:04.917] DEBUG SamsungTV.volumeDown(SamsungTV.java:39) - 삼성 TV볼륨을 내린다.
[2022-06-02 10:42:04.917] DEBUG SamsungTV.powerOff(SamsungTV.java:29) - 삼성 TV전원을 끊다.
[2022-06-02 10:42:04.918] DEBUG JTvPcwk.tearDown(JTvPcwk.java:41) - ======================
[2022-06-02 10:42:04.918] DEBUG JTvPcwk.tearDown(JTvPcwk.java:42) - =9.tearDown()=
[2022-06-02 10:42:04.918] DEBUG JTvPcwk.tearDown(JTvPcwk.java:43) - ======================
[2022-06-02 10:42:04.929] DEBUG SamsungTV.destroyMethod(SamsungTV.java:19) - 삼성 TV destroyMethod()
[2022-06-02 10:50:35.084] INFO  AbstractTestContextBootstrapper.getDefaultTestExecutionListenerClassNames(AbstractTestContextBootstrapper.java:245) - Loaded default TestExecutionListener class names from location [META-INF/spring.factories]: [org.springframework.test.context.web.ServletTestExecutionListener, org.springframework.test.context.support.DirtiesContextBeforeModesTestExecutionListener, org.springframework.test.context.event.ApplicationEventsTestExecutionListener, org.springframework.test.context.support.DependencyInjectionTestExecutionListener, org.springframework.test.context.support.DirtiesContextTestExecutionListener, org.springframework.test.context.transaction.TransactionalTestExecutionListener, org.springframework.test.context.jdbc.SqlScriptsTestExecutionListener, org.springframework.test.context.event.EventPublishingTestExecutionListener]
[2022-06-02 10:50:35.093] INFO  AbstractTestContextBootstrapper.getTestExecutionListeners(AbstractTestContextBootstrapper.java:174) - Using TestExecutionListeners: [org.springframework.test.context.support.DirtiesContextBeforeModesTestExecutionListener@1a677343, org.springframework.test.context.event.ApplicationEventsTestExecutionListener@15de0b3c, org.springframework.test.context.support.DependencyInjectionTestExecutionListener@489115ef, org.springframework.test.context.support.DirtiesContextTestExecutionListener@3857f613, org.springframework.test.context.transaction.TransactionalTestExecutionListener@198b6731, org.springframework.test.context.jdbc.SqlScriptsTestExecutionListener@7c6908d7, org.springframework.test.context.event.EventPublishingTestExecutionListener@3c9754d8]
[2022-06-02 10:50:35.288] DEBUG JTvPcwk.setUp(JTvPcwk.java:28) - ======================
[2022-06-02 10:50:35.288] DEBUG JTvPcwk.setUp(JTvPcwk.java:29) - =0.setUp()=
[2022-06-02 10:50:35.288] DEBUG JTvPcwk.setUp(JTvPcwk.java:30) - ======================
[2022-06-02 10:50:35.289] DEBUG SamsungTV.<init>(SamsungTV.java:11) - 삼성 TV default 생성자 SamsungTV()
[2022-06-02 10:50:35.290] DEBUG SamsungTV.initMethod(SamsungTV.java:16) - 삼성 TV initMethod()
[2022-06-02 10:50:35.292] DEBUG JTvPcwk.setUp(JTvPcwk.java:33) - =context=org.springframework.context.support.GenericApplicationContext@ed7f8b4, started on Thu Jun 02 10:50:35 KST 2022
[2022-06-02 10:50:35.292] DEBUG JTvPcwk.setUp(JTvPcwk.java:34) - =tv01=com.pcwk.ehr.SamsungTV@821330f
[2022-06-02 10:50:35.293] DEBUG JTvPcwk.tvTest(JTvPcwk.java:48) - ======================
[2022-06-02 10:50:35.294] DEBUG JTvPcwk.tvTest(JTvPcwk.java:49) - =tvTest()=
[2022-06-02 10:50:35.294] DEBUG JTvPcwk.tvTest(JTvPcwk.java:50) - ======================
[2022-06-02 10:50:35.294] DEBUG SamsungTV.powerOn(SamsungTV.java:26) - 삼성 TV전원을 켠다.
[2022-06-02 10:50:35.294] DEBUG SamsungTV.volumeUp(SamsungTV.java:36) - 삼성 TV볼륨을 높인다.
[2022-06-02 10:50:35.294] DEBUG SamsungTV.volumeDown(SamsungTV.java:41) - 삼성 TV볼륨을 내린다.
[2022-06-02 10:50:35.294] DEBUG SamsungTV.powerOff(SamsungTV.java:31) - 삼성 TV전원을 끊다.
[2022-06-02 10:50:35.296] DEBUG JTvPcwk.tearDown(JTvPcwk.java:41) - ======================
[2022-06-02 10:50:35.296] DEBUG JTvPcwk.tearDown(JTvPcwk.java:42) - =9.tearDown()=
[2022-06-02 10:50:35.296] DEBUG JTvPcwk.tearDown(JTvPcwk.java:43) - ======================
[2022-06-02 10:50:35.305] DEBUG SamsungTV.destroyMethod(SamsungTV.java:21) - 삼성 TV destroyMethod()
[2022-06-02 11:01:53.513] INFO  AbstractTestContextBootstrapper.getDefaultTestExecutionListenerClassNames(AbstractTestContextBootstrapper.java:245) - Loaded default TestExecutionListener class names from location [META-INF/spring.factories]: [org.springframework.test.context.web.ServletTestExecutionListener, org.springframework.test.context.support.DirtiesContextBeforeModesTestExecutionListener, org.springframework.test.context.event.ApplicationEventsTestExecutionListener, org.springframework.test.context.support.DependencyInjectionTestExecutionListener, org.springframework.test.context.support.DirtiesContextTestExecutionListener, org.springframework.test.context.transaction.TransactionalTestExecutionListener, org.springframework.test.context.jdbc.SqlScriptsTestExecutionListener, org.springframework.test.context.event.EventPublishingTestExecutionListener]
[2022-06-02 11:01:53.524] INFO  AbstractTestContextBootstrapper.getTestExecutionListeners(AbstractTestContextBootstrapper.java:174) - Using TestExecutionListeners: [org.springframework.test.context.support.DirtiesContextBeforeModesTestExecutionListener@1a677343, org.springframework.test.context.event.ApplicationEventsTestExecutionListener@15de0b3c, org.springframework.test.context.support.DependencyInjectionTestExecutionListener@489115ef, org.springframework.test.context.support.DirtiesContextTestExecutionListener@3857f613, org.springframework.test.context.transaction.TransactionalTestExecutionListener@198b6731, org.springframework.test.context.jdbc.SqlScriptsTestExecutionListener@7c6908d7, org.springframework.test.context.event.EventPublishingTestExecutionListener@3c9754d8]
[2022-06-02 11:01:53.741] DEBUG JTvPcwk.setUp(JTvPcwk.java:28) - ======================
[2022-06-02 11:01:53.741] DEBUG JTvPcwk.setUp(JTvPcwk.java:29) - =0.setUp()=
[2022-06-02 11:01:53.741] DEBUG JTvPcwk.setUp(JTvPcwk.java:30) - ======================
[2022-06-02 11:01:53.742] DEBUG SamsungTV.<init>(SamsungTV.java:11) - 삼성 TV default 생성자 SamsungTV()
[2022-06-02 11:01:53.742] DEBUG SamsungTV.initMethod(SamsungTV.java:16) - 삼성 TV initMethod()
[2022-06-02 11:01:53.745] DEBUG JTvPcwk.setUp(JTvPcwk.java:33) - =context=org.springframework.context.support.GenericApplicationContext@ed7f8b4, started on Thu Jun 02 11:01:53 KST 2022
[2022-06-02 11:01:53.745] DEBUG JTvPcwk.setUp(JTvPcwk.java:34) - =tv01=com.pcwk.ehr.SamsungTV@821330f
[2022-06-02 11:01:53.747] DEBUG JTvPcwk.tvTest(JTvPcwk.java:48) - ======================
[2022-06-02 11:01:53.747] DEBUG JTvPcwk.tvTest(JTvPcwk.java:49) - =tvTest()=
[2022-06-02 11:01:53.747] DEBUG JTvPcwk.tvTest(JTvPcwk.java:50) - ======================
[2022-06-02 11:01:53.747] DEBUG SamsungTV.powerOn(SamsungTV.java:26) - 삼성 TV전원을 켠다.
[2022-06-02 11:01:53.748] DEBUG SamsungTV.volumeUp(SamsungTV.java:36) - 삼성 TV볼륨을 높인다.
[2022-06-02 11:01:53.748] DEBUG SamsungTV.volumeDown(SamsungTV.java:41) - 삼성 TV볼륨을 내린다.
[2022-06-02 11:01:53.748] DEBUG SamsungTV.powerOff(SamsungTV.java:31) - 삼성 TV전원을 끊다.
[2022-06-02 11:01:53.749] DEBUG JTvPcwk.tearDown(JTvPcwk.java:41) - ======================
[2022-06-02 11:01:53.749] DEBUG JTvPcwk.tearDown(JTvPcwk.java:42) - =9.tearDown()=
[2022-06-02 11:01:53.749] DEBUG JTvPcwk.tearDown(JTvPcwk.java:43) - ======================
[2022-06-02 11:01:53.759] DEBUG SamsungTV.destroyMethod(SamsungTV.java:21) - 삼성 TV destroyMethod()
[2022-06-02 11:03:23.130] INFO  AbstractTestContextBootstrapper.getDefaultTestExecutionListenerClassNames(AbstractTestContextBootstrapper.java:245) - Loaded default TestExecutionListener class names from location [META-INF/spring.factories]: [org.springframework.test.context.web.ServletTestExecutionListener, org.springframework.test.context.support.DirtiesContextBeforeModesTestExecutionListener, org.springframework.test.context.event.ApplicationEventsTestExecutionListener, org.springframework.test.context.support.DependencyInjectionTestExecutionListener, org.springframework.test.context.support.DirtiesContextTestExecutionListener, org.springframework.test.context.transaction.TransactionalTestExecutionListener, org.springframework.test.context.jdbc.SqlScriptsTestExecutionListener, org.springframework.test.context.event.EventPublishingTestExecutionListener]
[2022-06-02 11:03:23.140] INFO  AbstractTestContextBootstrapper.getTestExecutionListeners(AbstractTestContextBootstrapper.java:174) - Using TestExecutionListeners: [org.springframework.test.context.support.DirtiesContextBeforeModesTestExecutionListener@1a677343, org.springframework.test.context.event.ApplicationEventsTestExecutionListener@15de0b3c, org.springframework.test.context.support.DependencyInjectionTestExecutionListener@489115ef, org.springframework.test.context.support.DirtiesContextTestExecutionListener@3857f613, org.springframework.test.context.transaction.TransactionalTestExecutionListener@198b6731, org.springframework.test.context.jdbc.SqlScriptsTestExecutionListener@7c6908d7, org.springframework.test.context.event.EventPublishingTestExecutionListener@3c9754d8]
[2022-06-02 11:03:23.313] DEBUG JTvPcwk.setUp(JTvPcwk.java:28) - ======================
[2022-06-02 11:03:23.313] DEBUG JTvPcwk.setUp(JTvPcwk.java:29) - =0.setUp()=
[2022-06-02 11:03:23.313] DEBUG JTvPcwk.setUp(JTvPcwk.java:30) - ======================
[2022-06-02 11:03:23.314] DEBUG SamsungTV.<init>(SamsungTV.java:11) - 삼성 TV default 생성자 SamsungTV()
[2022-06-02 11:03:23.314] DEBUG SamsungTV.initMethod(SamsungTV.java:16) - 삼성 TV initMethod()
[2022-06-02 11:03:23.315] DEBUG JTvPcwk.tearDown(JTvPcwk.java:45) - ======================
[2022-06-02 11:03:23.315] DEBUG JTvPcwk.tearDown(JTvPcwk.java:46) - =9.tearDown()=
[2022-06-02 11:03:23.315] DEBUG JTvPcwk.tearDown(JTvPcwk.java:47) - ======================
[2022-06-02 11:03:23.330] DEBUG SamsungTV.destroyMethod(SamsungTV.java:21) - 삼성 TV destroyMethod()
[2022-06-02 11:03:56.085] INFO  AbstractTestContextBootstrapper.getDefaultTestExecutionListenerClassNames(AbstractTestContextBootstrapper.java:245) - Loaded default TestExecutionListener class names from location [META-INF/spring.factories]: [org.springframework.test.context.web.ServletTestExecutionListener, org.springframework.test.context.support.DirtiesContextBeforeModesTestExecutionListener, org.springframework.test.context.event.ApplicationEventsTestExecutionListener, org.springframework.test.context.support.DependencyInjectionTestExecutionListener, org.springframework.test.context.support.DirtiesContextTestExecutionListener, org.springframework.test.context.transaction.TransactionalTestExecutionListener, org.springframework.test.context.jdbc.SqlScriptsTestExecutionListener, org.springframework.test.context.event.EventPublishingTestExecutionListener]
[2022-06-02 11:03:56.095] INFO  AbstractTestContextBootstrapper.getTestExecutionListeners(AbstractTestContextBootstrapper.java:174) - Using TestExecutionListeners: [org.springframework.test.context.support.DirtiesContextBeforeModesTestExecutionListener@1a677343, org.springframework.test.context.event.ApplicationEventsTestExecutionListener@15de0b3c, org.springframework.test.context.support.DependencyInjectionTestExecutionListener@489115ef, org.springframework.test.context.support.DirtiesContextTestExecutionListener@3857f613, org.springframework.test.context.transaction.TransactionalTestExecutionListener@198b6731, org.springframework.test.context.jdbc.SqlScriptsTestExecutionListener@7c6908d7, org.springframework.test.context.event.EventPublishingTestExecutionListener@3c9754d8]
[2022-06-02 11:03:56.331] DEBUG JTvPcwk.setUp(JTvPcwk.java:28) - ======================
[2022-06-02 11:03:56.332] DEBUG JTvPcwk.setUp(JTvPcwk.java:29) - =0.setUp()=
[2022-06-02 11:03:56.332] DEBUG JTvPcwk.setUp(JTvPcwk.java:30) - ======================
[2022-06-02 11:03:56.334] DEBUG SamsungTV.<init>(SamsungTV.java:11) - 삼성 TV default 생성자 SamsungTV()
[2022-06-02 11:03:56.336] DEBUG SamsungTV.initMethod(SamsungTV.java:16) - 삼성 TV initMethod()
[2022-06-02 11:03:56.338] DEBUG JTvPcwk.tearDown(JTvPcwk.java:45) - ======================
[2022-06-02 11:03:56.338] DEBUG JTvPcwk.tearDown(JTvPcwk.java:46) - =9.tearDown()=
[2022-06-02 11:03:56.338] DEBUG JTvPcwk.tearDown(JTvPcwk.java:47) - ======================
[2022-06-02 11:03:56.356] DEBUG SamsungTV.destroyMethod(SamsungTV.java:21) - 삼성 TV destroyMethod()
[2022-06-02 11:04:17.500] INFO  AbstractTestContextBootstrapper.getDefaultTestExecutionListenerClassNames(AbstractTestContextBootstrapper.java:245) - Loaded default TestExecutionListener class names from location [META-INF/spring.factories]: [org.springframework.test.context.web.ServletTestExecutionListener, org.springframework.test.context.support.DirtiesContextBeforeModesTestExecutionListener, org.springframework.test.context.event.ApplicationEventsTestExecutionListener, org.springframework.test.context.support.DependencyInjectionTestExecutionListener, org.springframework.test.context.support.DirtiesContextTestExecutionListener, org.springframework.test.context.transaction.TransactionalTestExecutionListener, org.springframework.test.context.jdbc.SqlScriptsTestExecutionListener, org.springframework.test.context.event.EventPublishingTestExecutionListener]
[2022-06-02 11:04:17.509] INFO  AbstractTestContextBootstrapper.getTestExecutionListeners(AbstractTestContextBootstrapper.java:174) - Using TestExecutionListeners: [org.springframework.test.context.support.DirtiesContextBeforeModesTestExecutionListener@1a677343, org.springframework.test.context.event.ApplicationEventsTestExecutionListener@15de0b3c, org.springframework.test.context.support.DependencyInjectionTestExecutionListener@489115ef, org.springframework.test.context.support.DirtiesContextTestExecutionListener@3857f613, org.springframework.test.context.transaction.TransactionalTestExecutionListener@198b6731, org.springframework.test.context.jdbc.SqlScriptsTestExecutionListener@7c6908d7, org.springframework.test.context.event.EventPublishingTestExecutionListener@3c9754d8]
[2022-06-02 11:04:17.679] DEBUG JTvPcwk.setUp(JTvPcwk.java:28) - ======================
[2022-06-02 11:04:17.679] DEBUG JTvPcwk.setUp(JTvPcwk.java:29) - =0.setUp()=
[2022-06-02 11:04:17.679] DEBUG JTvPcwk.setUp(JTvPcwk.java:30) - ======================
[2022-06-02 11:04:17.680] DEBUG SamsungTV.<init>(SamsungTV.java:11) - 삼성 TV default 생성자 SamsungTV()
[2022-06-02 11:04:17.681] DEBUG SamsungTV.initMethod(SamsungTV.java:16) - 삼성 TV initMethod()
[2022-06-02 11:04:17.681] DEBUG JTvPcwk.tearDown(JTvPcwk.java:45) - ======================
[2022-06-02 11:04:17.681] DEBUG JTvPcwk.tearDown(JTvPcwk.java:46) - =9.tearDown()=
[2022-06-02 11:04:17.681] DEBUG JTvPcwk.tearDown(JTvPcwk.java:47) - ======================
[2022-06-02 11:04:17.695] DEBUG SamsungTV.destroyMethod(SamsungTV.java:21) - 삼성 TV destroyMethod()
[2022-06-02 11:04:33.397] INFO  AbstractTestContextBootstrapper.getDefaultTestExecutionListenerClassNames(AbstractTestContextBootstrapper.java:245) - Loaded default TestExecutionListener class names from location [META-INF/spring.factories]: [org.springframework.test.context.web.ServletTestExecutionListener, org.springframework.test.context.support.DirtiesContextBeforeModesTestExecutionListener, org.springframework.test.context.event.ApplicationEventsTestExecutionListener, org.springframework.test.context.support.DependencyInjectionTestExecutionListener, org.springframework.test.context.support.DirtiesContextTestExecutionListener, org.springframework.test.context.transaction.TransactionalTestExecutionListener, org.springframework.test.context.jdbc.SqlScriptsTestExecutionListener, org.springframework.test.context.event.EventPublishingTestExecutionListener]
[2022-06-02 11:04:33.407] INFO  AbstractTestContextBootstrapper.getTestExecutionListeners(AbstractTestContextBootstrapper.java:174) - Using TestExecutionListeners: [org.springframework.test.context.support.DirtiesContextBeforeModesTestExecutionListener@1a677343, org.springframework.test.context.event.ApplicationEventsTestExecutionListener@15de0b3c, org.springframework.test.context.support.DependencyInjectionTestExecutionListener@489115ef, org.springframework.test.context.support.DirtiesContextTestExecutionListener@3857f613, org.springframework.test.context.transaction.TransactionalTestExecutionListener@198b6731, org.springframework.test.context.jdbc.SqlScriptsTestExecutionListener@7c6908d7, org.springframework.test.context.event.EventPublishingTestExecutionListener@3c9754d8]
[2022-06-02 11:04:33.585] DEBUG JTvPcwk.setUp(JTvPcwk.java:28) - ======================
[2022-06-02 11:04:33.585] DEBUG JTvPcwk.setUp(JTvPcwk.java:29) - =0.setUp()=
[2022-06-02 11:04:33.585] DEBUG JTvPcwk.setUp(JTvPcwk.java:30) - ======================
[2022-06-02 11:04:33.586] DEBUG SamsungTV.<init>(SamsungTV.java:11) - 삼성 TV default 생성자 SamsungTV()
[2022-06-02 11:04:33.586] DEBUG SamsungTV.initMethod(SamsungTV.java:16) - 삼성 TV initMethod()
[2022-06-02 11:04:33.586] DEBUG JTvPcwk.tearDown(JTvPcwk.java:45) - ======================
[2022-06-02 11:04:33.587] DEBUG JTvPcwk.tearDown(JTvPcwk.java:46) - =9.tearDown()=
[2022-06-02 11:04:33.587] DEBUG JTvPcwk.tearDown(JTvPcwk.java:47) - ======================
[2022-06-02 11:04:45.168] INFO  AbstractTestContextBootstrapper.getDefaultTestExecutionListenerClassNames(AbstractTestContextBootstrapper.java:245) - Loaded default TestExecutionListener class names from location [META-INF/spring.factories]: [org.springframework.test.context.web.ServletTestExecutionListener, org.springframework.test.context.support.DirtiesContextBeforeModesTestExecutionListener, org.springframework.test.context.event.ApplicationEventsTestExecutionListener, org.springframework.test.context.support.DependencyInjectionTestExecutionListener, org.springframework.test.context.support.DirtiesContextTestExecutionListener, org.springframework.test.context.transaction.TransactionalTestExecutionListener, org.springframework.test.context.jdbc.SqlScriptsTestExecutionListener, org.springframework.test.context.event.EventPublishingTestExecutionListener]
[2022-06-02 11:04:45.177] INFO  AbstractTestContextBootstrapper.getTestExecutionListeners(AbstractTestContextBootstrapper.java:174) - Using TestExecutionListeners: [org.springframework.test.context.support.DirtiesContextBeforeModesTestExecutionListener@1a677343, org.springframework.test.context.event.ApplicationEventsTestExecutionListener@15de0b3c, org.springframework.test.context.support.DependencyInjectionTestExecutionListener@489115ef, org.springframework.test.context.support.DirtiesContextTestExecutionListener@3857f613, org.springframework.test.context.transaction.TransactionalTestExecutionListener@198b6731, org.springframework.test.context.jdbc.SqlScriptsTestExecutionListener@7c6908d7, org.springframework.test.context.event.EventPublishingTestExecutionListener@3c9754d8]
[2022-06-02 11:04:45.403] DEBUG JTvPcwk.setUp(JTvPcwk.java:28) - ======================
[2022-06-02 11:04:45.404] DEBUG JTvPcwk.setUp(JTvPcwk.java:29) - =0.setUp()=
[2022-06-02 11:04:45.404] DEBUG JTvPcwk.setUp(JTvPcwk.java:30) - ======================
[2022-06-02 11:04:45.404] DEBUG SamsungTV.<init>(SamsungTV.java:11) - 삼성 TV default 생성자 SamsungTV()
[2022-06-02 11:04:45.405] DEBUG SamsungTV.initMethod(SamsungTV.java:16) - 삼성 TV initMethod()
[2022-06-02 11:04:45.405] DEBUG JTvPcwk.tearDown(JTvPcwk.java:45) - ======================
[2022-06-02 11:04:45.405] DEBUG JTvPcwk.tearDown(JTvPcwk.java:46) - =9.tearDown()=
[2022-06-02 11:04:45.406] DEBUG JTvPcwk.tearDown(JTvPcwk.java:47) - ======================
[2022-06-02 11:05:08.884] INFO  AbstractTestContextBootstrapper.getDefaultTestExecutionListenerClassNames(AbstractTestContextBootstrapper.java:245) - Loaded default TestExecutionListener class names from location [META-INF/spring.factories]: [org.springframework.test.context.web.ServletTestExecutionListener, org.springframework.test.context.support.DirtiesContextBeforeModesTestExecutionListener, org.springframework.test.context.event.ApplicationEventsTestExecutionListener, org.springframework.test.context.support.DependencyInjectionTestExecutionListener, org.springframework.test.context.support.DirtiesContextTestExecutionListener, org.springframework.test.context.transaction.TransactionalTestExecutionListener, org.springframework.test.context.jdbc.SqlScriptsTestExecutionListener, org.springframework.test.context.event.EventPublishingTestExecutionListener]
[2022-06-02 11:05:08.895] INFO  AbstractTestContextBootstrapper.getTestExecutionListeners(AbstractTestContextBootstrapper.java:174) - Using TestExecutionListeners: [org.springframework.test.context.support.DirtiesContextBeforeModesTestExecutionListener@1a677343, org.springframework.test.context.event.ApplicationEventsTestExecutionListener@15de0b3c, org.springframework.test.context.support.DependencyInjectionTestExecutionListener@489115ef, org.springframework.test.context.support.DirtiesContextTestExecutionListener@3857f613, org.springframework.test.context.transaction.TransactionalTestExecutionListener@198b6731, org.springframework.test.context.jdbc.SqlScriptsTestExecutionListener@7c6908d7, org.springframework.test.context.event.EventPublishingTestExecutionListener@3c9754d8]
[2022-06-02 11:05:09.144] DEBUG JTvPcwk.setUp(JTvPcwk.java:28) - ======================
[2022-06-02 11:05:09.145] DEBUG JTvPcwk.setUp(JTvPcwk.java:29) - =0.setUp()=
[2022-06-02 11:05:09.145] DEBUG JTvPcwk.setUp(JTvPcwk.java:30) - ======================
[2022-06-02 11:05:09.147] DEBUG SamsungTV.<init>(SamsungTV.java:11) - 삼성 TV default 생성자 SamsungTV()
[2022-06-02 11:05:09.148] DEBUG SamsungTV.initMethod(SamsungTV.java:16) - 삼성 TV initMethod()
[2022-06-02 11:05:09.148] DEBUG JTvPcwk.tearDown(JTvPcwk.java:45) - ======================
[2022-06-02 11:05:09.148] DEBUG JTvPcwk.tearDown(JTvPcwk.java:46) - =9.tearDown()=
[2022-06-02 11:05:09.148] DEBUG JTvPcwk.tearDown(JTvPcwk.java:47) - ======================
[2022-06-02 11:05:09.162] DEBUG SamsungTV.destroyMethod(SamsungTV.java:21) - 삼성 TV destroyMethod()
[2022-06-02 11:05:12.296] INFO  AbstractTestContextBootstrapper.getDefaultTestExecutionListenerClassNames(AbstractTestContextBootstrapper.java:245) - Loaded default TestExecutionListener class names from location [META-INF/spring.factories]: [org.springframework.test.context.web.ServletTestExecutionListener, org.springframework.test.context.support.DirtiesContextBeforeModesTestExecutionListener, org.springframework.test.context.event.ApplicationEventsTestExecutionListener, org.springframework.test.context.support.DependencyInjectionTestExecutionListener, org.springframework.test.context.support.DirtiesContextTestExecutionListener, org.springframework.test.context.transaction.TransactionalTestExecutionListener, org.springframework.test.context.jdbc.SqlScriptsTestExecutionListener, org.springframework.test.context.event.EventPublishingTestExecutionListener]
[2022-06-02 11:05:12.307] INFO  AbstractTestContextBootstrapper.getTestExecutionListeners(AbstractTestContextBootstrapper.java:174) - Using TestExecutionListeners: [org.springframework.test.context.support.DirtiesContextBeforeModesTestExecutionListener@1a677343, org.springframework.test.context.event.ApplicationEventsTestExecutionListener@15de0b3c, org.springframework.test.context.support.DependencyInjectionTestExecutionListener@489115ef, org.springframework.test.context.support.DirtiesContextTestExecutionListener@3857f613, org.springframework.test.context.transaction.TransactionalTestExecutionListener@198b6731, org.springframework.test.context.jdbc.SqlScriptsTestExecutionListener@7c6908d7, org.springframework.test.context.event.EventPublishingTestExecutionListener@3c9754d8]
[2022-06-02 11:05:12.536] DEBUG JTvPcwk.setUp(JTvPcwk.java:28) - ======================
[2022-06-02 11:05:12.537] DEBUG JTvPcwk.setUp(JTvPcwk.java:29) - =0.setUp()=
[2022-06-02 11:05:12.537] DEBUG JTvPcwk.setUp(JTvPcwk.java:30) - ======================
[2022-06-02 11:05:12.538] DEBUG SamsungTV.<init>(SamsungTV.java:11) - 삼성 TV default 생성자 SamsungTV()
[2022-06-02 11:05:12.538] DEBUG SamsungTV.initMethod(SamsungTV.java:16) - 삼성 TV initMethod()
[2022-06-02 11:05:12.539] DEBUG JTvPcwk.tearDown(JTvPcwk.java:45) - ======================
[2022-06-02 11:05:12.539] DEBUG JTvPcwk.tearDown(JTvPcwk.java:46) - =9.tearDown()=
[2022-06-02 11:05:12.539] DEBUG JTvPcwk.tearDown(JTvPcwk.java:47) - ======================
[2022-06-02 11:05:12.555] DEBUG SamsungTV.destroyMethod(SamsungTV.java:21) - 삼성 TV destroyMethod()
[2022-06-02 11:07:37.369] INFO  AbstractTestContextBootstrapper.getDefaultTestExecutionListenerClassNames(AbstractTestContextBootstrapper.java:245) - Loaded default TestExecutionListener class names from location [META-INF/spring.factories]: [org.springframework.test.context.web.ServletTestExecutionListener, org.springframework.test.context.support.DirtiesContextBeforeModesTestExecutionListener, org.springframework.test.context.event.ApplicationEventsTestExecutionListener, org.springframework.test.context.support.DependencyInjectionTestExecutionListener, org.springframework.test.context.support.DirtiesContextTestExecutionListener, org.springframework.test.context.transaction.TransactionalTestExecutionListener, org.springframework.test.context.jdbc.SqlScriptsTestExecutionListener, org.springframework.test.context.event.EventPublishingTestExecutionListener]
[2022-06-02 11:07:37.379] INFO  AbstractTestContextBootstrapper.getTestExecutionListeners(AbstractTestContextBootstrapper.java:174) - Using TestExecutionListeners: [org.springframework.test.context.support.DirtiesContextBeforeModesTestExecutionListener@1a677343, org.springframework.test.context.event.ApplicationEventsTestExecutionListener@15de0b3c, org.springframework.test.context.support.DependencyInjectionTestExecutionListener@489115ef, org.springframework.test.context.support.DirtiesContextTestExecutionListener@3857f613, org.springframework.test.context.transaction.TransactionalTestExecutionListener@198b6731, org.springframework.test.context.jdbc.SqlScriptsTestExecutionListener@7c6908d7, org.springframework.test.context.event.EventPublishingTestExecutionListener@3c9754d8]
[2022-06-02 11:07:37.545] DEBUG JTvPcwk.setUp(JTvPcwk.java:28) - ======================
[2022-06-02 11:07:37.545] DEBUG JTvPcwk.setUp(JTvPcwk.java:29) - =0.setUp()=
[2022-06-02 11:07:37.545] DEBUG JTvPcwk.setUp(JTvPcwk.java:30) - ======================
[2022-06-02 11:07:37.546] DEBUG SamsungTV.<init>(SamsungTV.java:11) - 삼성 TV default 생성자 SamsungTV()
[2022-06-02 11:07:37.546] DEBUG SamsungTV.initMethod(SamsungTV.java:16) - 삼성 TV initMethod()
[2022-06-02 11:07:37.547] DEBUG JTvPcwk.tearDown(JTvPcwk.java:45) - ======================
[2022-06-02 11:07:37.547] DEBUG JTvPcwk.tearDown(JTvPcwk.java:46) - =9.tearDown()=
[2022-06-02 11:07:37.547] DEBUG JTvPcwk.tearDown(JTvPcwk.java:47) - ======================
[2022-06-02 11:07:37.560] DEBUG SamsungTV.destroyMethod(SamsungTV.java:21) - 삼성 TV destroyMethod()
[2022-06-02 11:07:49.807] INFO  AbstractTestContextBootstrapper.getDefaultTestExecutionListenerClassNames(AbstractTestContextBootstrapper.java:245) - Loaded default TestExecutionListener class names from location [META-INF/spring.factories]: [org.springframework.test.context.web.ServletTestExecutionListener, org.springframework.test.context.support.DirtiesContextBeforeModesTestExecutionListener, org.springframework.test.context.event.ApplicationEventsTestExecutionListener, org.springframework.test.context.support.DependencyInjectionTestExecutionListener, org.springframework.test.context.support.DirtiesContextTestExecutionListener, org.springframework.test.context.transaction.TransactionalTestExecutionListener, org.springframework.test.context.jdbc.SqlScriptsTestExecutionListener, org.springframework.test.context.event.EventPublishingTestExecutionListener]
[2022-06-02 11:07:49.816] INFO  AbstractTestContextBootstrapper.getTestExecutionListeners(AbstractTestContextBootstrapper.java:174) - Using TestExecutionListeners: [org.springframework.test.context.support.DirtiesContextBeforeModesTestExecutionListener@1a677343, org.springframework.test.context.event.ApplicationEventsTestExecutionListener@15de0b3c, org.springframework.test.context.support.DependencyInjectionTestExecutionListener@489115ef, org.springframework.test.context.support.DirtiesContextTestExecutionListener@3857f613, org.springframework.test.context.transaction.TransactionalTestExecutionListener@198b6731, org.springframework.test.context.jdbc.SqlScriptsTestExecutionListener@7c6908d7, org.springframework.test.context.event.EventPublishingTestExecutionListener@3c9754d8]
[2022-06-02 11:07:49.988] DEBUG JTvPcwk.setUp(JTvPcwk.java:28) - ======================
[2022-06-02 11:07:49.988] DEBUG JTvPcwk.setUp(JTvPcwk.java:29) - =0.setUp()=
[2022-06-02 11:07:49.988] DEBUG JTvPcwk.setUp(JTvPcwk.java:30) - ======================
[2022-06-02 11:07:49.989] DEBUG SamsungTV.<init>(SamsungTV.java:11) - 삼성 TV default 생성자 SamsungTV()
[2022-06-02 11:07:49.990] DEBUG SamsungTV.initMethod(SamsungTV.java:16) - 삼성 TV initMethod()
[2022-06-02 11:07:49.990] DEBUG JTvPcwk.tearDown(JTvPcwk.java:45) - ======================
[2022-06-02 11:07:49.990] DEBUG JTvPcwk.tearDown(JTvPcwk.java:46) - =9.tearDown()=
[2022-06-02 11:07:49.990] DEBUG JTvPcwk.tearDown(JTvPcwk.java:47) - ======================
[2022-06-02 11:09:35.003] INFO  AbstractTestContextBootstrapper.getDefaultTestExecutionListenerClassNames(AbstractTestContextBootstrapper.java:245) - Loaded default TestExecutionListener class names from location [META-INF/spring.factories]: [org.springframework.test.context.web.ServletTestExecutionListener, org.springframework.test.context.support.DirtiesContextBeforeModesTestExecutionListener, org.springframework.test.context.event.ApplicationEventsTestExecutionListener, org.springframework.test.context.support.DependencyInjectionTestExecutionListener, org.springframework.test.context.support.DirtiesContextTestExecutionListener, org.springframework.test.context.transaction.TransactionalTestExecutionListener, org.springframework.test.context.jdbc.SqlScriptsTestExecutionListener, org.springframework.test.context.event.EventPublishingTestExecutionListener]
[2022-06-02 11:09:35.013] INFO  AbstractTestContextBootstrapper.getTestExecutionListeners(AbstractTestContextBootstrapper.java:174) - Using TestExecutionListeners: [org.springframework.test.context.support.DirtiesContextBeforeModesTestExecutionListener@1a677343, org.springframework.test.context.event.ApplicationEventsTestExecutionListener@15de0b3c, org.springframework.test.context.support.DependencyInjectionTestExecutionListener@489115ef, org.springframework.test.context.support.DirtiesContextTestExecutionListener@3857f613, org.springframework.test.context.transaction.TransactionalTestExecutionListener@198b6731, org.springframework.test.context.jdbc.SqlScriptsTestExecutionListener@7c6908d7, org.springframework.test.context.event.EventPublishingTestExecutionListener@3c9754d8]
[2022-06-02 11:09:35.201] DEBUG JTvPcwk.setUp(JTvPcwk.java:29) - =================
[2022-06-02 11:09:35.201] DEBUG JTvPcwk.setUp(JTvPcwk.java:30) - =0. setUp()=
[2022-06-02 11:09:35.201] DEBUG JTvPcwk.setUp(JTvPcwk.java:31) - =================
[2022-06-02 11:09:35.202] DEBUG SamsungTV.<init>(SamsungTV.java:11) - 삼성 TV default 생성자 SamsungTV()
[2022-06-02 11:09:35.203] DEBUG SamsungTV.initMethod(SamsungTV.java:16) - 삼성 TV initMethod()
[2022-06-02 11:09:35.203] DEBUG SamsungTV.<init>(SamsungTV.java:11) - 삼성 TV default 생성자 SamsungTV()
[2022-06-02 11:09:35.203] DEBUG SamsungTV.initMethod(SamsungTV.java:16) - 삼성 TV initMethod()
[2022-06-02 11:09:35.205] DEBUG JTvPcwk.setUp(JTvPcwk.java:35) - =context=org.springframework.context.support.GenericApplicationContext@ed7f8b4, started on Thu Jun 02 11:09:35 KST 2022
[2022-06-02 11:09:35.205] DEBUG JTvPcwk.setUp(JTvPcwk.java:36) - =tv01=com.pcwk.ehr.SamsungTV@821330f
[2022-06-02 11:09:35.205] DEBUG JTvPcwk.setUp(JTvPcwk.java:37) - =tv02=com.pcwk.ehr.SamsungTV@6f43c82
[2022-06-02 11:09:35.206] DEBUG JTvPcwk.tearDown(JTvPcwk.java:46) - =================
[2022-06-02 11:09:35.206] DEBUG JTvPcwk.tearDown(JTvPcwk.java:47) - =9. tearDown()=
[2022-06-02 11:09:35.206] DEBUG JTvPcwk.tearDown(JTvPcwk.java:48) - =================
[2022-06-02 11:09:46.745] INFO  AbstractTestContextBootstrapper.getDefaultTestExecutionListenerClassNames(AbstractTestContextBootstrapper.java:245) - Loaded default TestExecutionListener class names from location [META-INF/spring.factories]: [org.springframework.test.context.web.ServletTestExecutionListener, org.springframework.test.context.support.DirtiesContextBeforeModesTestExecutionListener, org.springframework.test.context.event.ApplicationEventsTestExecutionListener, org.springframework.test.context.support.DependencyInjectionTestExecutionListener, org.springframework.test.context.support.DirtiesContextTestExecutionListener, org.springframework.test.context.transaction.TransactionalTestExecutionListener, org.springframework.test.context.jdbc.SqlScriptsTestExecutionListener, org.springframework.test.context.event.EventPublishingTestExecutionListener]
[2022-06-02 11:09:46.754] INFO  AbstractTestContextBootstrapper.getTestExecutionListeners(AbstractTestContextBootstrapper.java:174) - Using TestExecutionListeners: [org.springframework.test.context.support.DirtiesContextBeforeModesTestExecutionListener@1a677343, org.springframework.test.context.event.ApplicationEventsTestExecutionListener@15de0b3c, org.springframework.test.context.support.DependencyInjectionTestExecutionListener@489115ef, org.springframework.test.context.support.DirtiesContextTestExecutionListener@3857f613, org.springframework.test.context.transaction.TransactionalTestExecutionListener@198b6731, org.springframework.test.context.jdbc.SqlScriptsTestExecutionListener@7c6908d7, org.springframework.test.context.event.EventPublishingTestExecutionListener@3c9754d8]
[2022-06-02 11:09:46.952] DEBUG JTvPcwk.setUp(JTvPcwk.java:29) - =================
[2022-06-02 11:09:46.953] DEBUG JTvPcwk.setUp(JTvPcwk.java:30) - =0. setUp()=
[2022-06-02 11:09:46.953] DEBUG JTvPcwk.setUp(JTvPcwk.java:31) - =================
[2022-06-02 11:09:46.954] DEBUG SamsungTV.<init>(SamsungTV.java:11) - 삼성 TV default 생성자 SamsungTV()
[2022-06-02 11:09:46.954] DEBUG SamsungTV.initMethod(SamsungTV.java:16) - 삼성 TV initMethod()
[2022-06-02 11:09:46.956] DEBUG JTvPcwk.setUp(JTvPcwk.java:35) - =context=org.springframework.context.support.GenericApplicationContext@ed7f8b4, started on Thu Jun 02 11:09:46 KST 2022
[2022-06-02 11:09:46.957] DEBUG JTvPcwk.setUp(JTvPcwk.java:36) - =tv01=com.pcwk.ehr.SamsungTV@821330f
[2022-06-02 11:09:46.957] DEBUG JTvPcwk.setUp(JTvPcwk.java:37) - =tv02=com.pcwk.ehr.SamsungTV@821330f
[2022-06-02 11:09:46.957] DEBUG JTvPcwk.tvTest(JTvPcwk.java:53) - =================
[2022-06-02 11:09:46.958] DEBUG JTvPcwk.tvTest(JTvPcwk.java:54) - =tvTest()=
[2022-06-02 11:09:46.958] DEBUG JTvPcwk.tvTest(JTvPcwk.java:55) - =================
[2022-06-02 11:09:46.958] DEBUG SamsungTV.powerOn(SamsungTV.java:26) - 삼성 TV전원을 켠다.
[2022-06-02 11:09:46.958] DEBUG SamsungTV.volumeUp(SamsungTV.java:36) - 삼성 TV볼륨을 높인다.
[2022-06-02 11:09:46.958] DEBUG SamsungTV.volumeDown(SamsungTV.java:41) - 삼성 TV볼륨을 내린다.
[2022-06-02 11:09:46.958] DEBUG SamsungTV.powerOff(SamsungTV.java:31) - 삼성 TV전원을 끊다.
[2022-06-02 11:09:46.960] DEBUG JTvPcwk.tearDown(JTvPcwk.java:46) - =================
[2022-06-02 11:09:46.960] DEBUG JTvPcwk.tearDown(JTvPcwk.java:47) - =9. tearDown()=
[2022-06-02 11:09:46.960] DEBUG JTvPcwk.tearDown(JTvPcwk.java:48) - =================
[2022-06-02 11:09:46.970] DEBUG SamsungTV.destroyMethod(SamsungTV.java:21) - 삼성 TV destroyMethod()
[2022-06-02 11:12:33.451] INFO  AbstractTestContextBootstrapper.getDefaultTestExecutionListenerClassNames(AbstractTestContextBootstrapper.java:245) - Loaded default TestExecutionListener class names from location [META-INF/spring.factories]: [org.springframework.test.context.web.ServletTestExecutionListener, org.springframework.test.context.support.DirtiesContextBeforeModesTestExecutionListener, org.springframework.test.context.event.ApplicationEventsTestExecutionListener, org.springframework.test.context.support.DependencyInjectionTestExecutionListener, org.springframework.test.context.support.DirtiesContextTestExecutionListener, org.springframework.test.context.transaction.TransactionalTestExecutionListener, org.springframework.test.context.jdbc.SqlScriptsTestExecutionListener, org.springframework.test.context.event.EventPublishingTestExecutionListener]
[2022-06-02 11:12:33.462] INFO  AbstractTestContextBootstrapper.getTestExecutionListeners(AbstractTestContextBootstrapper.java:174) - Using TestExecutionListeners: [org.springframework.test.context.support.DirtiesContextBeforeModesTestExecutionListener@1a677343, org.springframework.test.context.event.ApplicationEventsTestExecutionListener@15de0b3c, org.springframework.test.context.support.DependencyInjectionTestExecutionListener@489115ef, org.springframework.test.context.support.DirtiesContextTestExecutionListener@3857f613, org.springframework.test.context.transaction.TransactionalTestExecutionListener@198b6731, org.springframework.test.context.jdbc.SqlScriptsTestExecutionListener@7c6908d7, org.springframework.test.context.event.EventPublishingTestExecutionListener@3c9754d8]
[2022-06-02 11:12:33.692] DEBUG JTvPcwk.setUp(JTvPcwk.java:29) - =================
[2022-06-02 11:12:33.692] DEBUG JTvPcwk.setUp(JTvPcwk.java:30) - =0. setUp()=
[2022-06-02 11:12:33.693] DEBUG JTvPcwk.setUp(JTvPcwk.java:31) - =================
[2022-06-02 11:12:33.694] DEBUG SamsungTV.<init>(SamsungTV.java:11) - 삼성 TV default 생성자 SamsungTV()
[2022-06-02 11:12:33.695] DEBUG SamsungTV.initMethod(SamsungTV.java:16) - 삼성 TV initMethod()
[2022-06-02 11:12:33.699] DEBUG JTvPcwk.setUp(JTvPcwk.java:35) - =context=org.springframework.context.support.GenericApplicationContext@ed7f8b4, started on Thu Jun 02 11:12:33 KST 2022
[2022-06-02 11:12:33.699] DEBUG JTvPcwk.setUp(JTvPcwk.java:36) - =tv01=com.pcwk.ehr.SamsungTV@821330f
[2022-06-02 11:12:33.699] DEBUG JTvPcwk.setUp(JTvPcwk.java:37) - =tv02=com.pcwk.ehr.SamsungTV@821330f
[2022-06-02 11:12:33.700] DEBUG JTvPcwk.tvTest(JTvPcwk.java:53) - =================
[2022-06-02 11:12:33.700] DEBUG JTvPcwk.tvTest(JTvPcwk.java:54) - =tvTest()=
[2022-06-02 11:12:33.701] DEBUG JTvPcwk.tvTest(JTvPcwk.java:55) - =================
[2022-06-02 11:12:33.701] DEBUG SamsungTV.powerOn(SamsungTV.java:26) - 삼성 TV전원을 켠다.
[2022-06-02 11:12:33.701] DEBUG SamsungTV.volumeUp(SamsungTV.java:36) - 삼성 TV볼륨을 높인다.
[2022-06-02 11:12:33.701] DEBUG SamsungTV.volumeDown(SamsungTV.java:41) - 삼성 TV볼륨을 내린다.
[2022-06-02 11:12:33.701] DEBUG SamsungTV.powerOff(SamsungTV.java:31) - 삼성 TV전원을 끊다.
[2022-06-02 11:12:33.702] DEBUG JTvPcwk.tearDown(JTvPcwk.java:46) - =================
[2022-06-02 11:12:33.702] DEBUG JTvPcwk.tearDown(JTvPcwk.java:47) - =9. tearDown()=
[2022-06-02 11:12:33.703] DEBUG JTvPcwk.tearDown(JTvPcwk.java:48) - =================
[2022-06-02 11:12:33.717] DEBUG SamsungTV.destroyMethod(SamsungTV.java:21) - 삼성 TV destroyMethod()
