[2022-06-29 10:46:00.108] DEBUG NaverBlogSearch.main(NaverBlogSearch.java:35) - =======================================
[2022-06-29 11:03:33.283] DEBUG NaverBlogSearch.main(NaverBlogSearch.java:39) - =======================================
[2022-06-29 11:03:33.769] DEBUG NaverBlogSearch.main(NaverBlogSearch.java:54) - =======================================
[2022-06-29 11:03:33.769] DEBUG NaverBlogSearch.main(NaverBlogSearch.java:55) - =responseCode=200
[2022-06-29 11:03:33.769] DEBUG NaverBlogSearch.main(NaverBlogSearch.java:56) - =======================================
[2022-06-29 11:03:39.913] DEBUG NaverBlogSearch.main(NaverBlogSearch.java:39) - =======================================
[2022-06-29 11:03:40.244] DEBUG NaverBlogSearch.main(NaverBlogSearch.java:54) - =======================================
[2022-06-29 11:03:40.245] DEBUG NaverBlogSearch.main(NaverBlogSearch.java:55) - =responseCode=401
[2022-06-29 11:03:40.248] DEBUG NaverBlogSearch.main(NaverBlogSearch.java:56) - =======================================
[2022-06-29 11:07:10.602] DEBUG NaverBlogSearch.main(NaverBlogSearch.java:41) - =======================================
[2022-06-29 11:07:10.951] DEBUG NaverBlogSearch.main(NaverBlogSearch.java:56) - =responseCode=200
[2022-06-29 11:07:10.955] DEBUG NaverBlogSearch.main(NaverBlogSearch.java:66) - {
[2022-06-29 11:07:10.959] DEBUG NaverBlogSearch.main(NaverBlogSearch.java:66) - 	"lastBuildDate":"Wed, 29 Jun 2022 11:07:16 +0900",
[2022-06-29 11:07:10.959] DEBUG NaverBlogSearch.main(NaverBlogSearch.java:66) - 	"total":1650257,
[2022-06-29 11:07:10.960] DEBUG NaverBlogSearch.main(NaverBlogSearch.java:66) - 	"start":1,
[2022-06-29 11:07:10.960] DEBUG NaverBlogSearch.main(NaverBlogSearch.java:66) - 	"display":10,
[2022-06-29 11:07:10.960] DEBUG NaverBlogSearch.main(NaverBlogSearch.java:66) - 	"items":[
[2022-06-29 11:07:10.960] DEBUG NaverBlogSearch.main(NaverBlogSearch.java:66) - 		{
[2022-06-29 11:07:10.960] DEBUG NaverBlogSearch.main(NaverBlogSearch.java:66) - 			"title":"취향저격인 <b>신촌<\/b> 술집",
[2022-06-29 11:07:10.960] DEBUG NaverBlogSearch.main(NaverBlogSearch.java:66) - 			"link":"https:\/\/blog.naver.com\/luu1026?Redirect=Log&logNo=222788296464",
[2022-06-29 11:07:10.960] DEBUG NaverBlogSearch.main(NaverBlogSearch.java:66) - 			"description":"지난 주에 지인들과 <b>신촌<\/b>으로 쇼핑을 갔다가 술생각이나서 미리 찾아본 <b>신촌<\/b> 술집에 다녀왔어요. 다양한 종류의 세계맥주들을 취향에 맞게 골라 마실 수 있고, 고퀄리티의 안주까지 너무나 만족했던 곳이라... ",
[2022-06-29 11:07:10.960] DEBUG NaverBlogSearch.main(NaverBlogSearch.java:66) - 			"bloggername":"클릭",
[2022-06-29 11:07:10.960] DEBUG NaverBlogSearch.main(NaverBlogSearch.java:66) - 			"bloggerlink":"https:\/\/blog.naver.com\/luu1026",
[2022-06-29 11:07:10.961] DEBUG NaverBlogSearch.main(NaverBlogSearch.java:66) - 			"postdate":"20220625"
[2022-06-29 11:07:10.961] DEBUG NaverBlogSearch.main(NaverBlogSearch.java:66) - 		},
[2022-06-29 11:07:10.961] DEBUG NaverBlogSearch.main(NaverBlogSearch.java:66) - 		{
[2022-06-29 11:07:10.961] DEBUG NaverBlogSearch.main(NaverBlogSearch.java:66) - 			"title":"<b>신촌<\/b>호반써밋 아파트 모집소식",
[2022-06-29 11:07:10.961] DEBUG NaverBlogSearch.main(NaverBlogSearch.java:66) - 			"link":"https:\/\/blog.naver.com\/iopiop_123?Redirect=Log&logNo=222784459571",
[2022-06-29 11:07:10.961] DEBUG NaverBlogSearch.main(NaverBlogSearch.java:66) - 			"description":"<b>신촌<\/b>호반써밋 아파트 모집소식 서울 내에서도 마용성은 앞으로 투자가치가 뛰어나 많은 사람들이... <b>신촌<\/b>호반써밋 역시 마용성에 해당하는 입지로 더욱 기대가 높은데요. 이번에 모집소식을 알리며 이목이... ",
[2022-06-29 11:07:10.962] DEBUG NaverBlogSearch.main(NaverBlogSearch.java:66) - 			"bloggername":"올바른 집구경",
[2022-06-29 11:07:10.962] DEBUG NaverBlogSearch.main(NaverBlogSearch.java:66) - 			"bloggerlink":"https:\/\/blog.naver.com\/iopiop_123",
[2022-06-29 11:07:10.962] DEBUG NaverBlogSearch.main(NaverBlogSearch.java:66) - 			"postdate":"20220622"
[2022-06-29 11:07:10.962] DEBUG NaverBlogSearch.main(NaverBlogSearch.java:66) - 		},
[2022-06-29 11:07:10.962] DEBUG NaverBlogSearch.main(NaverBlogSearch.java:66) - 		{
[2022-06-29 11:07:10.963] DEBUG NaverBlogSearch.main(NaverBlogSearch.java:66) - 			"title":"<b>신촌<\/b> 호반써밋 아파트 모집 정보",
[2022-06-29 11:07:10.963] DEBUG NaverBlogSearch.main(NaverBlogSearch.java:66) - 			"link":"https:\/\/blog.naver.com\/dotori0431?Redirect=Log&logNo=222734531714",
[2022-06-29 11:07:10.963] DEBUG NaverBlogSearch.main(NaverBlogSearch.java:66) - 			"description":"<b>신촌<\/b> 호반써밋 아파트 모집 정보 반갑습니다! 안정적인 라이프를 영위하기 위해서 필요한 것이 있다면... 불안정한 경제 상황 속에서 경제적인 공급 가격으로 내 집 마련을 할 수 있는 <b>신촌<\/b> 호반써밋 아파트에... ",
[2022-06-29 11:07:10.963] DEBUG NaverBlogSearch.main(NaverBlogSearch.java:66) - 			"bloggername":"재개발 재건축 정보나눔",
[2022-06-29 11:07:10.963] DEBUG NaverBlogSearch.main(NaverBlogSearch.java:66) - 			"bloggerlink":"https:\/\/blog.naver.com\/dotori0431",
[2022-06-29 11:07:10.964] DEBUG NaverBlogSearch.main(NaverBlogSearch.java:66) - 			"postdate":"20220516"
[2022-06-29 11:07:10.964] DEBUG NaverBlogSearch.main(NaverBlogSearch.java:66) - 		},
[2022-06-29 11:07:10.964] DEBUG NaverBlogSearch.main(NaverBlogSearch.java:66) - 		{
[2022-06-29 11:07:10.964] DEBUG NaverBlogSearch.main(NaverBlogSearch.java:66) - 			"title":"[초급매] <b>신촌<\/b>재개발구역 조합원매물",
[2022-06-29 11:07:10.964] DEBUG NaverBlogSearch.main(NaverBlogSearch.java:66) - 			"link":"https:\/\/blog.naver.com\/junggae2013?Redirect=Log&logNo=222781210606",
[2022-06-29 11:07:10.964] DEBUG NaverBlogSearch.main(NaverBlogSearch.java:66) - 			"description":"<b>신촌<\/b> 재개발구역 조합원매물 매매가 25500만 전세가 7500만 실투자금 18000만 공동주택가격 21년 8730만... 15일 구역 내 성결교회에서 <b>신촌<\/b>구역 조합설립총회 설개개요 중 뉴스테이안은 가능성이 낮아보이고... ",
[2022-06-29 11:07:10.964] DEBUG NaverBlogSearch.main(NaverBlogSearch.java:66) - 			"bloggername":"힐타운부동산 032)472-6600",
[2022-06-29 11:07:10.964] DEBUG NaverBlogSearch.main(NaverBlogSearch.java:66) - 			"bloggerlink":"https:\/\/blog.naver.com\/junggae2013",
[2022-06-29 11:07:10.964] DEBUG NaverBlogSearch.main(NaverBlogSearch.java:66) - 			"postdate":"20220620"
[2022-06-29 11:07:10.964] DEBUG NaverBlogSearch.main(NaverBlogSearch.java:66) - 		},
[2022-06-29 11:07:10.964] DEBUG NaverBlogSearch.main(NaverBlogSearch.java:66) - 		{
[2022-06-29 11:07:10.964] DEBUG NaverBlogSearch.main(NaverBlogSearch.java:66) - 			"title":"<b>신촌<\/b> 호반써밋 아파트 공급소식",
[2022-06-29 11:07:10.964] DEBUG NaverBlogSearch.main(NaverBlogSearch.java:66) - 			"link":"https:\/\/blog.naver.com\/meirand?Redirect=Log&logNo=222775140251",
[2022-06-29 11:07:10.965] DEBUG NaverBlogSearch.main(NaverBlogSearch.java:66) - 			"description":"<b>신촌<\/b> 호반써밋 아파트 공급소식 금리 인상과 더불어 경제물가가 높아지고 있지만 오히려 현 시기에는... 이번 <b>신촌<\/b> 호반써밋 공급 소식을 알리며 이목이 집중되고 있습니다. 당 프로젝트는 마포구 염리동에... ",
[2022-06-29 11:07:10.965] DEBUG NaverBlogSearch.main(NaverBlogSearch.java:66) - 			"bloggername":"꿀벌 집구경",
[2022-06-29 11:07:10.965] DEBUG NaverBlogSearch.main(NaverBlogSearch.java:66) - 			"bloggerlink":"https:\/\/blog.naver.com\/meirand",
[2022-06-29 11:07:10.965] DEBUG NaverBlogSearch.main(NaverBlogSearch.java:66) - 			"postdate":"20220616"
[2022-06-29 11:07:10.965] DEBUG NaverBlogSearch.main(NaverBlogSearch.java:66) - 		},
[2022-06-29 11:07:10.965] DEBUG NaverBlogSearch.main(NaverBlogSearch.java:66) - 		{
[2022-06-29 11:07:10.965] DEBUG NaverBlogSearch.main(NaverBlogSearch.java:66) - 			"title":"<b>신촌<\/b> 호반써밋 아파트 공급절차",
[2022-06-29 11:07:10.965] DEBUG NaverBlogSearch.main(NaverBlogSearch.java:66) - 			"link":"https:\/\/blog.naver.com\/runekirby777?Redirect=Log&logNo=222754912871",
[2022-06-29 11:07:10.965] DEBUG NaverBlogSearch.main(NaverBlogSearch.java:66) - 			"description":"<b>신촌<\/b> 호반써밋 아파트 공급절차 부동산 규제 정책은 관련 시장에 영향을 줄 수밖에 없습니다. 인구가... 이번에 마포구 염리동 일대의 아현 뉴타운개발지역 내 <b>신촌<\/b> 호반써밋에서 모집하는 소식 전해 드리고자... ",
[2022-06-29 11:07:10.965] DEBUG NaverBlogSearch.main(NaverBlogSearch.java:66) - 			"bloggername":"부동산 메타버스",
[2022-06-29 11:07:10.965] DEBUG NaverBlogSearch.main(NaverBlogSearch.java:66) - 			"bloggerlink":"https:\/\/blog.naver.com\/runekirby777",
[2022-06-29 11:07:10.965] DEBUG NaverBlogSearch.main(NaverBlogSearch.java:66) - 			"postdate":"20220601"
[2022-06-29 11:07:10.965] DEBUG NaverBlogSearch.main(NaverBlogSearch.java:66) - 		},
[2022-06-29 11:07:10.965] DEBUG NaverBlogSearch.main(NaverBlogSearch.java:66) - 		{
[2022-06-29 11:07:10.965] DEBUG NaverBlogSearch.main(NaverBlogSearch.java:66) - 			"title":"<b>신촌<\/b> 호반써밋 아파트 공급 정보",
[2022-06-29 11:07:10.965] DEBUG NaverBlogSearch.main(NaverBlogSearch.java:66) - 			"link":"https:\/\/blog.naver.com\/wook8475?Redirect=Log&logNo=222765011842",
[2022-06-29 11:07:10.966] DEBUG NaverBlogSearch.main(NaverBlogSearch.java:66) - 			"description":"<b>신촌<\/b> 호반써밋 아파트 공급 정보 마포구는 현재 용산, 성동과 함께 서울에서 손꼽히는 지역입니다.... 그 중 2호선 이대역과 인접해 높은 기대감을 얻고 있는 <b>신촌<\/b> 호반써밋의 공급정보를 자세히... ",
[2022-06-29 11:07:10.966] DEBUG NaverBlogSearch.main(NaverBlogSearch.java:66) - 			"bloggername":"그레이트 부동산 연구소",
[2022-06-29 11:07:10.966] DEBUG NaverBlogSearch.main(NaverBlogSearch.java:66) - 			"bloggerlink":"https:\/\/blog.naver.com\/wook8475",
[2022-06-29 11:07:10.966] DEBUG NaverBlogSearch.main(NaverBlogSearch.java:66) - 			"postdate":"20220608"
[2022-06-29 11:07:10.966] DEBUG NaverBlogSearch.main(NaverBlogSearch.java:66) - 		},
[2022-06-29 11:07:10.966] DEBUG NaverBlogSearch.main(NaverBlogSearch.java:66) - 		{
[2022-06-29 11:07:10.966] DEBUG NaverBlogSearch.main(NaverBlogSearch.java:66) - 			"title":"<b>신촌<\/b> 호반써밋 이대 아파트 공급안내",
[2022-06-29 11:07:10.966] DEBUG NaverBlogSearch.main(NaverBlogSearch.java:66) - 			"link":"https:\/\/blog.naver.com\/auction4000?Redirect=Log&logNo=222759682954",
[2022-06-29 11:07:10.966] DEBUG NaverBlogSearch.main(NaverBlogSearch.java:66) - 			"description":"오늘 살펴볼 <b>신촌<\/b> 호반써밋은 이러한 지역주택조합 공동주택 신축사업으로 추진되는 곳으로 특화... <b>신촌<\/b> 호반써밋 단지 모습을 살펴보면 앞서 조감도에서도 볼 수 있듯이 남측으로 18m 도로, 서측으로 15m... ",
[2022-06-29 11:07:10.966] DEBUG NaverBlogSearch.main(NaverBlogSearch.java:66) - 			"bloggername":"생생옥션",
[2022-06-29 11:07:10.966] DEBUG NaverBlogSearch.main(NaverBlogSearch.java:66) - 			"bloggerlink":"https:\/\/blog.naver.com\/auction4000",
[2022-06-29 11:07:10.966] DEBUG NaverBlogSearch.main(NaverBlogSearch.java:66) - 			"postdate":"20220604"
[2022-06-29 11:07:10.966] DEBUG NaverBlogSearch.main(NaverBlogSearch.java:66) - 		},
[2022-06-29 11:07:10.966] DEBUG NaverBlogSearch.main(NaverBlogSearch.java:66) - 		{
[2022-06-29 11:07:10.966] DEBUG NaverBlogSearch.main(NaverBlogSearch.java:66) - 			"title":"또 생각나는 <b>신촌<\/b> 삼겹살 제주돈1848",
[2022-06-29 11:07:10.966] DEBUG NaverBlogSearch.main(NaverBlogSearch.java:66) - 			"link":"https:\/\/blog.naver.com\/sia855?Redirect=Log&logNo=222791334534",
[2022-06-29 11:07:10.966] DEBUG NaverBlogSearch.main(NaverBlogSearch.java:66) - 			"description":"날이 갈수록 허해져가는 몸이 걱정스러워서 찾아가봤던 <b>신촌<\/b> 삼겹살 전문점에서 맛좋은 고기로 입맛도... 찾아가보았던 <b>신촌<\/b> 삼겹살로 유명한 제주돈 1848이죠. <b>신촌<\/b>역에서부터 걸어서 5분정도만 가면 만나볼 수... ",
[2022-06-29 11:07:10.967] DEBUG NaverBlogSearch.main(NaverBlogSearch.java:66) - 			"bloggername":"행복한 시야의 블로그",
[2022-06-29 11:07:10.967] DEBUG NaverBlogSearch.main(NaverBlogSearch.java:66) - 			"bloggerlink":"https:\/\/blog.naver.com\/sia855",
[2022-06-29 11:07:10.967] DEBUG NaverBlogSearch.main(NaverBlogSearch.java:66) - 			"postdate":"20220627"
[2022-06-29 11:07:10.967] DEBUG NaverBlogSearch.main(NaverBlogSearch.java:66) - 		},
[2022-06-29 11:07:10.967] DEBUG NaverBlogSearch.main(NaverBlogSearch.java:66) - 		{
[2022-06-29 11:07:10.967] DEBUG NaverBlogSearch.main(NaverBlogSearch.java:66) - 			"title":"<b>신촌<\/b> 호반써밋 염리동 공급 정보",
[2022-06-29 11:07:10.967] DEBUG NaverBlogSearch.main(NaverBlogSearch.java:66) - 			"link":"https:\/\/blog.naver.com\/namimi73?Redirect=Log&logNo=222760061069",
[2022-06-29 11:07:10.967] DEBUG NaverBlogSearch.main(NaverBlogSearch.java:66) - 			"description":"<b>신촌<\/b> 호반써밋 염리동 공급 정보 서울에서도 마포는 용산, 성동과 함께 최근 급부상한 곳인데요... 예정된 <b>신촌<\/b> 호반써밋의 기대감이 높아지고 있습니다. 서울시 마포구 염리동 일원에 기존에... ",
[2022-06-29 11:07:10.967] DEBUG NaverBlogSearch.main(NaverBlogSearch.java:66) - 			"bloggername":"빅토리 부동산 소식",
[2022-06-29 11:07:10.967] DEBUG NaverBlogSearch.main(NaverBlogSearch.java:66) - 			"bloggerlink":"https:\/\/blog.naver.com\/namimi73",
[2022-06-29 11:07:10.967] DEBUG NaverBlogSearch.main(NaverBlogSearch.java:66) - 			"postdate":"20220605"
[2022-06-29 11:07:10.967] DEBUG NaverBlogSearch.main(NaverBlogSearch.java:66) - 		}
[2022-06-29 11:07:10.967] DEBUG NaverBlogSearch.main(NaverBlogSearch.java:66) - 	]
[2022-06-29 11:07:10.967] DEBUG NaverBlogSearch.main(NaverBlogSearch.java:66) - }
[2022-06-29 11:20:35.386] DEBUG NaverBlogSearch.main(NaverBlogSearch.java:41) - =======================================
[2022-06-29 11:20:35.855] DEBUG NaverBlogSearch.main(NaverBlogSearch.java:55) - =responseCode=200
[2022-06-29 11:20:35.858] DEBUG NaverBlogSearch.main(NaverBlogSearch.java:67) - <?xml version="1.0" encoding="UTF-8"?><rss version="2.0"><channel><title>Naver Open API - blog ::&apos;신촌&apos;</title><link>https://search.naver.com</link><description>Naver Search Result</description><lastBuildDate>Wed, 29 Jun 2022 11:20:41 +0900</lastBuildDate><total>1650357</total><start>1</start><display>10</display><item><title>취향저격인 &lt;b&gt;신촌&lt;/b&gt; 술집</title><link>https://blog.naver.com/luu1026?Redirect=Log&amp;logNo=222788296464</link><description>지난 주에 지인들과 &lt;b&gt;신촌&lt;/b&gt;으로 쇼핑을 갔다가 술생각이나서 미리 찾아본 &lt;b&gt;신촌&lt;/b&gt; 술집에 다녀왔어요. 다양한 종류의 세계맥주들을 취향에 맞게 골라 마실 수 있고, 고퀄리티의 안주까지 너무나 만족했던 곳이라... </description><bloggername>클릭</bloggername><bloggerlink>https://blog.naver.com/luu1026</bloggerlink><postdate>20220625</postdate></item><item><title>&lt;b&gt;신촌&lt;/b&gt;호반써밋 아파트 모집소식</title><link>https://blog.naver.com/iopiop_123?Redirect=Log&amp;logNo=222784459571</link><description>&lt;b&gt;신촌&lt;/b&gt;호반써밋 아파트 모집소식 서울 내에서도 마용성은 앞으로 투자가치가 뛰어나 많은 사람들이... &lt;b&gt;신촌&lt;/b&gt;호반써밋 역시 마용성에 해당하는 입지로 더욱 기대가 높은데요. 이번에 모집소식을 알리며 이목이... </description><bloggername>올바른 집구경</bloggername><bloggerlink>https://blog.naver.com/iopiop_123</bloggerlink><postdate>20220622</postdate></item><item><title>&lt;b&gt;신촌&lt;/b&gt; 호반써밋 아파트 모집 정보</title><link>https://blog.naver.com/dotori0431?Redirect=Log&amp;logNo=222734531714</link><description>&lt;b&gt;신촌&lt;/b&gt; 호반써밋 아파트 모집 정보 반갑습니다! 안정적인 라이프를 영위하기 위해서 필요한 것이 있다면... 불안정한 경제 상황 속에서 경제적인 공급 가격으로 내 집 마련을 할 수 있는 &lt;b&gt;신촌&lt;/b&gt; 호반써밋 아파트에... </description><bloggername>재개발 재건축 정보나눔</bloggername><bloggerlink>https://blog.naver.com/dotori0431</bloggerlink><postdate>20220516</postdate></item><item><title>[초급매] &lt;b&gt;신촌&lt;/b&gt;재개발구역 조합원매물</title><link>https://blog.naver.com/junggae2013?Redirect=Log&amp;logNo=222781210606</link><description>&lt;b&gt;신촌&lt;/b&gt; 재개발구역 조합원매물 매매가 25500만 전세가 7500만 실투자금 18000만 공동주택가격 21년 8730만... 15일 구역 내 성결교회에서 &lt;b&gt;신촌&lt;/b&gt;구역 조합설립총회 설개개요 중 뉴스테이안은 가능성이 낮아보이고... </description><bloggername>힐타운부동산 032)472-6600</bloggername><bloggerlink>https://blog.naver.com/junggae2013</bloggerlink><postdate>20220620</postdate></item><item><title>&lt;b&gt;신촌&lt;/b&gt; 호반써밋 아파트 공급소식</title><link>https://blog.naver.com/meirand?Redirect=Log&amp;logNo=222775140251</link><description>&lt;b&gt;신촌&lt;/b&gt; 호반써밋 아파트 공급소식 금리 인상과 더불어 경제물가가 높아지고 있지만 오히려 현 시기에는... 이번 &lt;b&gt;신촌&lt;/b&gt; 호반써밋 공급 소식을 알리며 이목이 집중되고 있습니다. 당 프로젝트는 마포구 염리동에... </description><bloggername>꿀벌 집구경</bloggername><bloggerlink>https://blog.naver.com/meirand</bloggerlink><postdate>20220616</postdate></item><item><title>&lt;b&gt;신촌&lt;/b&gt; 호반써밋 아파트 공급절차</title><link>https://blog.naver.com/runekirby777?Redirect=Log&amp;logNo=222754912871</link><description>&lt;b&gt;신촌&lt;/b&gt; 호반써밋 아파트 공급절차 부동산 규제 정책은 관련 시장에 영향을 줄 수밖에 없습니다. 인구가... 이번에 마포구 염리동 일대의 아현 뉴타운개발지역 내 &lt;b&gt;신촌&lt;/b&gt; 호반써밋에서 모집하는 소식 전해 드리고자... </description><bloggername>부동산 메타버스</bloggername><bloggerlink>https://blog.naver.com/runekirby777</bloggerlink><postdate>20220601</postdate></item><item><title>&lt;b&gt;신촌&lt;/b&gt; 호반써밋 아파트 공급 정보</title><link>https://blog.naver.com/wook8475?Redirect=Log&amp;logNo=222765011842</link><description>&lt;b&gt;신촌&lt;/b&gt; 호반써밋 아파트 공급 정보 마포구는 현재 용산, 성동과 함께 서울에서 손꼽히는 지역입니다.... 그 중 2호선 이대역과 인접해 높은 기대감을 얻고 있는 &lt;b&gt;신촌&lt;/b&gt; 호반써밋의 공급정보를 자세히... </description><bloggername>그레이트 부동산 연구소</bloggername><bloggerlink>https://blog.naver.com/wook8475</bloggerlink><postdate>20220608</postdate></item><item><title>&lt;b&gt;신촌&lt;/b&gt; 호반써밋 이대 아파트 공급안내</title><link>https://blog.naver.com/auction4000?Redirect=Log&amp;logNo=222759682954</link><description>오늘 살펴볼 &lt;b&gt;신촌&lt;/b&gt; 호반써밋은 이러한 지역주택조합 공동주택 신축사업으로 추진되는 곳으로 특화... &lt;b&gt;신촌&lt;/b&gt; 호반써밋 단지 모습을 살펴보면 앞서 조감도에서도 볼 수 있듯이 남측으로 18m 도로, 서측으로 15m... </description><bloggername>생생옥션</bloggername><bloggerlink>https://blog.naver.com/auction4000</bloggerlink><postdate>20220604</postdate></item><item><title>또 생각나는 &lt;b&gt;신촌&lt;/b&gt; 삼겹살 제주돈1848</title><link>https://blog.naver.com/sia855?Redirect=Log&amp;logNo=222791334534</link><description>날이 갈수록 허해져가는 몸이 걱정스러워서 찾아가봤던 &lt;b&gt;신촌&lt;/b&gt; 삼겹살 전문점에서 맛좋은 고기로 입맛도... 찾아가보았던 &lt;b&gt;신촌&lt;/b&gt; 삼겹살로 유명한 제주돈 1848이죠. &lt;b&gt;신촌&lt;/b&gt;역에서부터 걸어서 5분정도만 가면 만나볼 수... </description><bloggername>행복한 시야의 블로그</bloggername><bloggerlink>https://blog.naver.com/sia855</bloggerlink><postdate>20220627</postdate></item><item><title>&lt;b&gt;신촌&lt;/b&gt; 호반써밋 염리동 공급 정보</title><link>https://blog.naver.com/namimi73?Redirect=Log&amp;logNo=222760061069</link><description>&lt;b&gt;신촌&lt;/b&gt; 호반써밋 염리동 공급 정보 서울에서도 마포는 용산, 성동과 함께 최근 급부상한 곳인데요... 예정된 &lt;b&gt;신촌&lt;/b&gt; 호반써밋의 기대감이 높아지고 있습니다. 서울시 마포구 염리동 일원에 기존에... </description><bloggername>빅토리 부동산 소식</bloggername><bloggerlink>https://blog.naver.com/namimi73</bloggerlink><postdate>20220605</postdate></item></channel></rss>
[2022-06-29 11:21:19.723] DEBUG NaverBlogSearch.main(NaverBlogSearch.java:41) - =======================================
[2022-06-29 11:21:20.045] DEBUG NaverBlogSearch.main(NaverBlogSearch.java:55) - =responseCode=200
[2022-06-29 11:21:20.048] DEBUG NaverBlogSearch.main(NaverBlogSearch.java:67) - {
[2022-06-29 11:21:20.050] DEBUG NaverBlogSearch.main(NaverBlogSearch.java:67) - 	"lastBuildDate":"Wed, 29 Jun 2022 11:21:23 +0900",
[2022-06-29 11:21:20.050] DEBUG NaverBlogSearch.main(NaverBlogSearch.java:67) - 	"total":1650357,
[2022-06-29 11:21:20.050] DEBUG NaverBlogSearch.main(NaverBlogSearch.java:67) - 	"start":1,
[2022-06-29 11:21:20.051] DEBUG NaverBlogSearch.main(NaverBlogSearch.java:67) - 	"display":10,
[2022-06-29 11:21:20.051] DEBUG NaverBlogSearch.main(NaverBlogSearch.java:67) - 	"items":[
[2022-06-29 11:21:20.051] DEBUG NaverBlogSearch.main(NaverBlogSearch.java:67) - 		{
[2022-06-29 11:21:20.051] DEBUG NaverBlogSearch.main(NaverBlogSearch.java:67) - 			"title":"취향저격인 <b>신촌<\/b> 술집",
[2022-06-29 11:21:20.051] DEBUG NaverBlogSearch.main(NaverBlogSearch.java:67) - 			"link":"https:\/\/blog.naver.com\/luu1026?Redirect=Log&logNo=222788296464",
[2022-06-29 11:21:20.051] DEBUG NaverBlogSearch.main(NaverBlogSearch.java:67) - 			"description":"지난 주에 지인들과 <b>신촌<\/b>으로 쇼핑을 갔다가 술생각이나서 미리 찾아본 <b>신촌<\/b> 술집에 다녀왔어요. 다양한 종류의 세계맥주들을 취향에 맞게 골라 마실 수 있고, 고퀄리티의 안주까지 너무나 만족했던 곳이라... ",
[2022-06-29 11:21:20.052] DEBUG NaverBlogSearch.main(NaverBlogSearch.java:67) - 			"bloggername":"클릭",
[2022-06-29 11:21:20.052] DEBUG NaverBlogSearch.main(NaverBlogSearch.java:67) - 			"bloggerlink":"https:\/\/blog.naver.com\/luu1026",
[2022-06-29 11:21:20.052] DEBUG NaverBlogSearch.main(NaverBlogSearch.java:67) - 			"postdate":"20220625"
[2022-06-29 11:21:20.052] DEBUG NaverBlogSearch.main(NaverBlogSearch.java:67) - 		},
[2022-06-29 11:21:20.052] DEBUG NaverBlogSearch.main(NaverBlogSearch.java:67) - 		{
[2022-06-29 11:21:20.053] DEBUG NaverBlogSearch.main(NaverBlogSearch.java:67) - 			"title":"<b>신촌<\/b>호반써밋 아파트 모집소식",
[2022-06-29 11:21:20.053] DEBUG NaverBlogSearch.main(NaverBlogSearch.java:67) - 			"link":"https:\/\/blog.naver.com\/iopiop_123?Redirect=Log&logNo=222784459571",
[2022-06-29 11:21:20.053] DEBUG NaverBlogSearch.main(NaverBlogSearch.java:67) - 			"description":"<b>신촌<\/b>호반써밋 아파트 모집소식 서울 내에서도 마용성은 앞으로 투자가치가 뛰어나 많은 사람들이... <b>신촌<\/b>호반써밋 역시 마용성에 해당하는 입지로 더욱 기대가 높은데요. 이번에 모집소식을 알리며 이목이... ",
[2022-06-29 11:21:20.053] DEBUG NaverBlogSearch.main(NaverBlogSearch.java:67) - 			"bloggername":"올바른 집구경",
[2022-06-29 11:21:20.053] DEBUG NaverBlogSearch.main(NaverBlogSearch.java:67) - 			"bloggerlink":"https:\/\/blog.naver.com\/iopiop_123",
[2022-06-29 11:21:20.053] DEBUG NaverBlogSearch.main(NaverBlogSearch.java:67) - 			"postdate":"20220622"
[2022-06-29 11:21:20.054] DEBUG NaverBlogSearch.main(NaverBlogSearch.java:67) - 		},
[2022-06-29 11:21:20.054] DEBUG NaverBlogSearch.main(NaverBlogSearch.java:67) - 		{
[2022-06-29 11:21:20.054] DEBUG NaverBlogSearch.main(NaverBlogSearch.java:67) - 			"title":"<b>신촌<\/b> 호반써밋 아파트 모집 정보",
[2022-06-29 11:21:20.054] DEBUG NaverBlogSearch.main(NaverBlogSearch.java:67) - 			"link":"https:\/\/blog.naver.com\/dotori0431?Redirect=Log&logNo=222734531714",
[2022-06-29 11:21:20.054] DEBUG NaverBlogSearch.main(NaverBlogSearch.java:67) - 			"description":"<b>신촌<\/b> 호반써밋 아파트 모집 정보 반갑습니다! 안정적인 라이프를 영위하기 위해서 필요한 것이 있다면... 불안정한 경제 상황 속에서 경제적인 공급 가격으로 내 집 마련을 할 수 있는 <b>신촌<\/b> 호반써밋 아파트에... ",
[2022-06-29 11:21:20.055] DEBUG NaverBlogSearch.main(NaverBlogSearch.java:67) - 			"bloggername":"재개발 재건축 정보나눔",
[2022-06-29 11:21:20.055] DEBUG NaverBlogSearch.main(NaverBlogSearch.java:67) - 			"bloggerlink":"https:\/\/blog.naver.com\/dotori0431",
[2022-06-29 11:21:20.055] DEBUG NaverBlogSearch.main(NaverBlogSearch.java:67) - 			"postdate":"20220516"
[2022-06-29 11:21:20.055] DEBUG NaverBlogSearch.main(NaverBlogSearch.java:67) - 		},
[2022-06-29 11:21:20.055] DEBUG NaverBlogSearch.main(NaverBlogSearch.java:67) - 		{
[2022-06-29 11:21:20.055] DEBUG NaverBlogSearch.main(NaverBlogSearch.java:67) - 			"title":"[초급매] <b>신촌<\/b>재개발구역 조합원매물",
[2022-06-29 11:21:20.055] DEBUG NaverBlogSearch.main(NaverBlogSearch.java:67) - 			"link":"https:\/\/blog.naver.com\/junggae2013?Redirect=Log&logNo=222781210606",
[2022-06-29 11:21:20.055] DEBUG NaverBlogSearch.main(NaverBlogSearch.java:67) - 			"description":"<b>신촌<\/b> 재개발구역 조합원매물 매매가 25500만 전세가 7500만 실투자금 18000만 공동주택가격 21년 8730만... 15일 구역 내 성결교회에서 <b>신촌<\/b>구역 조합설립총회 설개개요 중 뉴스테이안은 가능성이 낮아보이고... ",
[2022-06-29 11:21:20.055] DEBUG NaverBlogSearch.main(NaverBlogSearch.java:67) - 			"bloggername":"힐타운부동산 032)472-6600",
[2022-06-29 11:21:20.055] DEBUG NaverBlogSearch.main(NaverBlogSearch.java:67) - 			"bloggerlink":"https:\/\/blog.naver.com\/junggae2013",
[2022-06-29 11:21:20.055] DEBUG NaverBlogSearch.main(NaverBlogSearch.java:67) - 			"postdate":"20220620"
[2022-06-29 11:21:20.055] DEBUG NaverBlogSearch.main(NaverBlogSearch.java:67) - 		},
[2022-06-29 11:21:20.055] DEBUG NaverBlogSearch.main(NaverBlogSearch.java:67) - 		{
[2022-06-29 11:21:20.055] DEBUG NaverBlogSearch.main(NaverBlogSearch.java:67) - 			"title":"<b>신촌<\/b> 호반써밋 아파트 공급소식",
[2022-06-29 11:21:20.055] DEBUG NaverBlogSearch.main(NaverBlogSearch.java:67) - 			"link":"https:\/\/blog.naver.com\/meirand?Redirect=Log&logNo=222775140251",
[2022-06-29 11:21:20.056] DEBUG NaverBlogSearch.main(NaverBlogSearch.java:67) - 			"description":"<b>신촌<\/b> 호반써밋 아파트 공급소식 금리 인상과 더불어 경제물가가 높아지고 있지만 오히려 현 시기에는... 이번 <b>신촌<\/b> 호반써밋 공급 소식을 알리며 이목이 집중되고 있습니다. 당 프로젝트는 마포구 염리동에... ",
[2022-06-29 11:21:20.056] DEBUG NaverBlogSearch.main(NaverBlogSearch.java:67) - 			"bloggername":"꿀벌 집구경",
[2022-06-29 11:21:20.056] DEBUG NaverBlogSearch.main(NaverBlogSearch.java:67) - 			"bloggerlink":"https:\/\/blog.naver.com\/meirand",
[2022-06-29 11:21:20.056] DEBUG NaverBlogSearch.main(NaverBlogSearch.java:67) - 			"postdate":"20220616"
[2022-06-29 11:21:20.056] DEBUG NaverBlogSearch.main(NaverBlogSearch.java:67) - 		},
[2022-06-29 11:21:20.056] DEBUG NaverBlogSearch.main(NaverBlogSearch.java:67) - 		{
[2022-06-29 11:21:20.056] DEBUG NaverBlogSearch.main(NaverBlogSearch.java:67) - 			"title":"<b>신촌<\/b> 호반써밋 아파트 공급절차",
[2022-06-29 11:21:20.056] DEBUG NaverBlogSearch.main(NaverBlogSearch.java:67) - 			"link":"https:\/\/blog.naver.com\/runekirby777?Redirect=Log&logNo=222754912871",
[2022-06-29 11:21:20.056] DEBUG NaverBlogSearch.main(NaverBlogSearch.java:67) - 			"description":"<b>신촌<\/b> 호반써밋 아파트 공급절차 부동산 규제 정책은 관련 시장에 영향을 줄 수밖에 없습니다. 인구가... 이번에 마포구 염리동 일대의 아현 뉴타운개발지역 내 <b>신촌<\/b> 호반써밋에서 모집하는 소식 전해 드리고자... ",
[2022-06-29 11:21:20.056] DEBUG NaverBlogSearch.main(NaverBlogSearch.java:67) - 			"bloggername":"부동산 메타버스",
[2022-06-29 11:21:20.056] DEBUG NaverBlogSearch.main(NaverBlogSearch.java:67) - 			"bloggerlink":"https:\/\/blog.naver.com\/runekirby777",
[2022-06-29 11:21:20.056] DEBUG NaverBlogSearch.main(NaverBlogSearch.java:67) - 			"postdate":"20220601"
[2022-06-29 11:21:20.056] DEBUG NaverBlogSearch.main(NaverBlogSearch.java:67) - 		},
[2022-06-29 11:21:20.056] DEBUG NaverBlogSearch.main(NaverBlogSearch.java:67) - 		{
[2022-06-29 11:21:20.056] DEBUG NaverBlogSearch.main(NaverBlogSearch.java:67) - 			"title":"<b>신촌<\/b> 호반써밋 아파트 공급 정보",
[2022-06-29 11:21:20.056] DEBUG NaverBlogSearch.main(NaverBlogSearch.java:67) - 			"link":"https:\/\/blog.naver.com\/wook8475?Redirect=Log&logNo=222765011842",
[2022-06-29 11:21:20.057] DEBUG NaverBlogSearch.main(NaverBlogSearch.java:67) - 			"description":"<b>신촌<\/b> 호반써밋 아파트 공급 정보 마포구는 현재 용산, 성동과 함께 서울에서 손꼽히는 지역입니다.... 그 중 2호선 이대역과 인접해 높은 기대감을 얻고 있는 <b>신촌<\/b> 호반써밋의 공급정보를 자세히... ",
[2022-06-29 11:21:20.057] DEBUG NaverBlogSearch.main(NaverBlogSearch.java:67) - 			"bloggername":"그레이트 부동산 연구소",
[2022-06-29 11:21:20.057] DEBUG NaverBlogSearch.main(NaverBlogSearch.java:67) - 			"bloggerlink":"https:\/\/blog.naver.com\/wook8475",
[2022-06-29 11:21:20.057] DEBUG NaverBlogSearch.main(NaverBlogSearch.java:67) - 			"postdate":"20220608"
[2022-06-29 11:21:20.057] DEBUG NaverBlogSearch.main(NaverBlogSearch.java:67) - 		},
[2022-06-29 11:21:20.057] DEBUG NaverBlogSearch.main(NaverBlogSearch.java:67) - 		{
[2022-06-29 11:21:20.057] DEBUG NaverBlogSearch.main(NaverBlogSearch.java:67) - 			"title":"<b>신촌<\/b> 호반써밋 이대 아파트 공급안내",
[2022-06-29 11:21:20.057] DEBUG NaverBlogSearch.main(NaverBlogSearch.java:67) - 			"link":"https:\/\/blog.naver.com\/auction4000?Redirect=Log&logNo=222759682954",
[2022-06-29 11:21:20.057] DEBUG NaverBlogSearch.main(NaverBlogSearch.java:67) - 			"description":"오늘 살펴볼 <b>신촌<\/b> 호반써밋은 이러한 지역주택조합 공동주택 신축사업으로 추진되는 곳으로 특화... <b>신촌<\/b> 호반써밋 단지 모습을 살펴보면 앞서 조감도에서도 볼 수 있듯이 남측으로 18m 도로, 서측으로 15m... ",
[2022-06-29 11:21:20.057] DEBUG NaverBlogSearch.main(NaverBlogSearch.java:67) - 			"bloggername":"생생옥션",
[2022-06-29 11:21:20.057] DEBUG NaverBlogSearch.main(NaverBlogSearch.java:67) - 			"bloggerlink":"https:\/\/blog.naver.com\/auction4000",
[2022-06-29 11:21:20.057] DEBUG NaverBlogSearch.main(NaverBlogSearch.java:67) - 			"postdate":"20220604"
[2022-06-29 11:21:20.057] DEBUG NaverBlogSearch.main(NaverBlogSearch.java:67) - 		},
[2022-06-29 11:21:20.057] DEBUG NaverBlogSearch.main(NaverBlogSearch.java:67) - 		{
[2022-06-29 11:21:20.057] DEBUG NaverBlogSearch.main(NaverBlogSearch.java:67) - 			"title":"또 생각나는 <b>신촌<\/b> 삼겹살 제주돈1848",
[2022-06-29 11:21:20.057] DEBUG NaverBlogSearch.main(NaverBlogSearch.java:67) - 			"link":"https:\/\/blog.naver.com\/sia855?Redirect=Log&logNo=222791334534",
[2022-06-29 11:21:20.057] DEBUG NaverBlogSearch.main(NaverBlogSearch.java:67) - 			"description":"날이 갈수록 허해져가는 몸이 걱정스러워서 찾아가봤던 <b>신촌<\/b> 삼겹살 전문점에서 맛좋은 고기로 입맛도... 찾아가보았던 <b>신촌<\/b> 삼겹살로 유명한 제주돈 1848이죠. <b>신촌<\/b>역에서부터 걸어서 5분정도만 가면 만나볼 수... ",
[2022-06-29 11:21:20.058] DEBUG NaverBlogSearch.main(NaverBlogSearch.java:67) - 			"bloggername":"행복한 시야의 블로그",
[2022-06-29 11:21:20.058] DEBUG NaverBlogSearch.main(NaverBlogSearch.java:67) - 			"bloggerlink":"https:\/\/blog.naver.com\/sia855",
[2022-06-29 11:21:20.058] DEBUG NaverBlogSearch.main(NaverBlogSearch.java:67) - 			"postdate":"20220627"
[2022-06-29 11:21:20.058] DEBUG NaverBlogSearch.main(NaverBlogSearch.java:67) - 		},
[2022-06-29 11:21:20.058] DEBUG NaverBlogSearch.main(NaverBlogSearch.java:67) - 		{
[2022-06-29 11:21:20.058] DEBUG NaverBlogSearch.main(NaverBlogSearch.java:67) - 			"title":"<b>신촌<\/b> 호반써밋 염리동 공급 정보",
[2022-06-29 11:21:20.058] DEBUG NaverBlogSearch.main(NaverBlogSearch.java:67) - 			"link":"https:\/\/blog.naver.com\/namimi73?Redirect=Log&logNo=222760061069",
[2022-06-29 11:21:20.058] DEBUG NaverBlogSearch.main(NaverBlogSearch.java:67) - 			"description":"<b>신촌<\/b> 호반써밋 염리동 공급 정보 서울에서도 마포는 용산, 성동과 함께 최근 급부상한 곳인데요... 예정된 <b>신촌<\/b> 호반써밋의 기대감이 높아지고 있습니다. 서울시 마포구 염리동 일원에 기존에... ",
[2022-06-29 11:21:20.058] DEBUG NaverBlogSearch.main(NaverBlogSearch.java:67) - 			"bloggername":"빅토리 부동산 소식",
[2022-06-29 11:21:20.058] DEBUG NaverBlogSearch.main(NaverBlogSearch.java:67) - 			"bloggerlink":"https:\/\/blog.naver.com\/namimi73",
[2022-06-29 11:21:20.058] DEBUG NaverBlogSearch.main(NaverBlogSearch.java:67) - 			"postdate":"20220605"
[2022-06-29 11:21:20.058] DEBUG NaverBlogSearch.main(NaverBlogSearch.java:67) - 		}
[2022-06-29 11:21:20.058] DEBUG NaverBlogSearch.main(NaverBlogSearch.java:67) - 	]
[2022-06-29 11:21:20.058] DEBUG NaverBlogSearch.main(NaverBlogSearch.java:67) - }
[2022-06-29 11:25:12.817] DEBUG NaverBlogSearch.main(NaverBlogSearch.java:45) - =======================================
[2022-06-29 11:25:13.137] DEBUG NaverBlogSearch.main(NaverBlogSearch.java:59) - =responseCode=200
[2022-06-29 11:25:13.139] DEBUG NaverBlogSearch.main(NaverBlogSearch.java:71) - {
[2022-06-29 11:25:13.140] DEBUG NaverBlogSearch.main(NaverBlogSearch.java:71) - 	"lastBuildDate":"Wed, 29 Jun 2022 11:25:13 +0900",
[2022-06-29 11:25:13.141] DEBUG NaverBlogSearch.main(NaverBlogSearch.java:71) - 	"total":1650359,
[2022-06-29 11:25:13.141] DEBUG NaverBlogSearch.main(NaverBlogSearch.java:71) - 	"start":1,
[2022-06-29 11:25:13.141] DEBUG NaverBlogSearch.main(NaverBlogSearch.java:71) - 	"display":10,
[2022-06-29 11:25:13.141] DEBUG NaverBlogSearch.main(NaverBlogSearch.java:71) - 	"items":[
[2022-06-29 11:25:13.141] DEBUG NaverBlogSearch.main(NaverBlogSearch.java:71) - 		{
[2022-06-29 11:25:13.141] DEBUG NaverBlogSearch.main(NaverBlogSearch.java:71) - 			"title":"취향저격인 <b>신촌<\/b> 술집",
[2022-06-29 11:25:13.141] DEBUG NaverBlogSearch.main(NaverBlogSearch.java:71) - 			"link":"https:\/\/blog.naver.com\/luu1026?Redirect=Log&logNo=222788296464",
[2022-06-29 11:25:13.142] DEBUG NaverBlogSearch.main(NaverBlogSearch.java:71) - 			"description":"지난 주에 지인들과 <b>신촌<\/b>으로 쇼핑을 갔다가 술생각이나서 미리 찾아본 <b>신촌<\/b> 술집에 다녀왔어요. 다양한 종류의 세계맥주들을 취향에 맞게 골라 마실 수 있고, 고퀄리티의 안주까지 너무나 만족했던 곳이라... ",
[2022-06-29 11:25:13.142] DEBUG NaverBlogSearch.main(NaverBlogSearch.java:71) - 			"bloggername":"클릭",
[2022-06-29 11:25:13.142] DEBUG NaverBlogSearch.main(NaverBlogSearch.java:71) - 			"bloggerlink":"https:\/\/blog.naver.com\/luu1026",
[2022-06-29 11:25:13.142] DEBUG NaverBlogSearch.main(NaverBlogSearch.java:71) - 			"postdate":"20220625"
[2022-06-29 11:25:13.142] DEBUG NaverBlogSearch.main(NaverBlogSearch.java:71) - 		},
[2022-06-29 11:25:13.142] DEBUG NaverBlogSearch.main(NaverBlogSearch.java:71) - 		{
[2022-06-29 11:25:13.143] DEBUG NaverBlogSearch.main(NaverBlogSearch.java:71) - 			"title":"<b>신촌<\/b>호반써밋 아파트 모집소식",
[2022-06-29 11:25:13.143] DEBUG NaverBlogSearch.main(NaverBlogSearch.java:71) - 			"link":"https:\/\/blog.naver.com\/iopiop_123?Redirect=Log&logNo=222784459571",
[2022-06-29 11:25:13.143] DEBUG NaverBlogSearch.main(NaverBlogSearch.java:71) - 			"description":"<b>신촌<\/b>호반써밋 아파트 모집소식 서울 내에서도 마용성은 앞으로 투자가치가 뛰어나 많은 사람들이... <b>신촌<\/b>호반써밋 역시 마용성에 해당하는 입지로 더욱 기대가 높은데요. 이번에 모집소식을 알리며 이목이... ",
[2022-06-29 11:25:13.143] DEBUG NaverBlogSearch.main(NaverBlogSearch.java:71) - 			"bloggername":"올바른 집구경",
[2022-06-29 11:25:13.143] DEBUG NaverBlogSearch.main(NaverBlogSearch.java:71) - 			"bloggerlink":"https:\/\/blog.naver.com\/iopiop_123",
[2022-06-29 11:25:13.143] DEBUG NaverBlogSearch.main(NaverBlogSearch.java:71) - 			"postdate":"20220622"
[2022-06-29 11:25:13.143] DEBUG NaverBlogSearch.main(NaverBlogSearch.java:71) - 		},
[2022-06-29 11:25:13.143] DEBUG NaverBlogSearch.main(NaverBlogSearch.java:71) - 		{
[2022-06-29 11:25:13.144] DEBUG NaverBlogSearch.main(NaverBlogSearch.java:71) - 			"title":"<b>신촌<\/b> 호반써밋 아파트 모집 정보",
[2022-06-29 11:25:13.144] DEBUG NaverBlogSearch.main(NaverBlogSearch.java:71) - 			"link":"https:\/\/blog.naver.com\/dotori0431?Redirect=Log&logNo=222734531714",
[2022-06-29 11:25:13.144] DEBUG NaverBlogSearch.main(NaverBlogSearch.java:71) - 			"description":"<b>신촌<\/b> 호반써밋 아파트 모집 정보 반갑습니다! 안정적인 라이프를 영위하기 위해서 필요한 것이 있다면... 불안정한 경제 상황 속에서 경제적인 공급 가격으로 내 집 마련을 할 수 있는 <b>신촌<\/b> 호반써밋 아파트에... ",
[2022-06-29 11:25:13.144] DEBUG NaverBlogSearch.main(NaverBlogSearch.java:71) - 			"bloggername":"재개발 재건축 정보나눔",
[2022-06-29 11:25:13.144] DEBUG NaverBlogSearch.main(NaverBlogSearch.java:71) - 			"bloggerlink":"https:\/\/blog.naver.com\/dotori0431",
[2022-06-29 11:25:13.144] DEBUG NaverBlogSearch.main(NaverBlogSearch.java:71) - 			"postdate":"20220516"
[2022-06-29 11:25:13.144] DEBUG NaverBlogSearch.main(NaverBlogSearch.java:71) - 		},
[2022-06-29 11:25:13.144] DEBUG NaverBlogSearch.main(NaverBlogSearch.java:71) - 		{
[2022-06-29 11:25:13.144] DEBUG NaverBlogSearch.main(NaverBlogSearch.java:71) - 			"title":"[초급매] <b>신촌<\/b>재개발구역 조합원매물",
[2022-06-29 11:25:13.144] DEBUG NaverBlogSearch.main(NaverBlogSearch.java:71) - 			"link":"https:\/\/blog.naver.com\/junggae2013?Redirect=Log&logNo=222781210606",
[2022-06-29 11:25:13.144] DEBUG NaverBlogSearch.main(NaverBlogSearch.java:71) - 			"description":"<b>신촌<\/b> 재개발구역 조합원매물 매매가 25500만 전세가 7500만 실투자금 18000만 공동주택가격 21년 8730만... 15일 구역 내 성결교회에서 <b>신촌<\/b>구역 조합설립총회 설개개요 중 뉴스테이안은 가능성이 낮아보이고... ",
[2022-06-29 11:25:13.145] DEBUG NaverBlogSearch.main(NaverBlogSearch.java:71) - 			"bloggername":"힐타운부동산 032)472-6600",
[2022-06-29 11:25:13.145] DEBUG NaverBlogSearch.main(NaverBlogSearch.java:71) - 			"bloggerlink":"https:\/\/blog.naver.com\/junggae2013",
[2022-06-29 11:25:13.145] DEBUG NaverBlogSearch.main(NaverBlogSearch.java:71) - 			"postdate":"20220620"
[2022-06-29 11:25:13.145] DEBUG NaverBlogSearch.main(NaverBlogSearch.java:71) - 		},
[2022-06-29 11:25:13.145] DEBUG NaverBlogSearch.main(NaverBlogSearch.java:71) - 		{
[2022-06-29 11:25:13.145] DEBUG NaverBlogSearch.main(NaverBlogSearch.java:71) - 			"title":"<b>신촌<\/b> 호반써밋 아파트 공급소식",
[2022-06-29 11:25:13.145] DEBUG NaverBlogSearch.main(NaverBlogSearch.java:71) - 			"link":"https:\/\/blog.naver.com\/meirand?Redirect=Log&logNo=222775140251",
[2022-06-29 11:25:13.145] DEBUG NaverBlogSearch.main(NaverBlogSearch.java:71) - 			"description":"<b>신촌<\/b> 호반써밋 아파트 공급소식 금리 인상과 더불어 경제물가가 높아지고 있지만 오히려 현 시기에는... 이번 <b>신촌<\/b> 호반써밋 공급 소식을 알리며 이목이 집중되고 있습니다. 당 프로젝트는 마포구 염리동에... ",
[2022-06-29 11:25:13.145] DEBUG NaverBlogSearch.main(NaverBlogSearch.java:71) - 			"bloggername":"꿀벌 집구경",
[2022-06-29 11:25:13.145] DEBUG NaverBlogSearch.main(NaverBlogSearch.java:71) - 			"bloggerlink":"https:\/\/blog.naver.com\/meirand",
[2022-06-29 11:25:13.145] DEBUG NaverBlogSearch.main(NaverBlogSearch.java:71) - 			"postdate":"20220616"
[2022-06-29 11:25:13.145] DEBUG NaverBlogSearch.main(NaverBlogSearch.java:71) - 		},
[2022-06-29 11:25:13.145] DEBUG NaverBlogSearch.main(NaverBlogSearch.java:71) - 		{
[2022-06-29 11:25:13.145] DEBUG NaverBlogSearch.main(NaverBlogSearch.java:71) - 			"title":"<b>신촌<\/b> 호반써밋 아파트 공급절차",
[2022-06-29 11:25:13.146] DEBUG NaverBlogSearch.main(NaverBlogSearch.java:71) - 			"link":"https:\/\/blog.naver.com\/runekirby777?Redirect=Log&logNo=222754912871",
[2022-06-29 11:25:13.146] DEBUG NaverBlogSearch.main(NaverBlogSearch.java:71) - 			"description":"<b>신촌<\/b> 호반써밋 아파트 공급절차 부동산 규제 정책은 관련 시장에 영향을 줄 수밖에 없습니다. 인구가... 이번에 마포구 염리동 일대의 아현 뉴타운개발지역 내 <b>신촌<\/b> 호반써밋에서 모집하는 소식 전해 드리고자... ",
[2022-06-29 11:25:13.146] DEBUG NaverBlogSearch.main(NaverBlogSearch.java:71) - 			"bloggername":"부동산 메타버스",
[2022-06-29 11:25:13.146] DEBUG NaverBlogSearch.main(NaverBlogSearch.java:71) - 			"bloggerlink":"https:\/\/blog.naver.com\/runekirby777",
[2022-06-29 11:25:13.146] DEBUG NaverBlogSearch.main(NaverBlogSearch.java:71) - 			"postdate":"20220601"
[2022-06-29 11:25:13.146] DEBUG NaverBlogSearch.main(NaverBlogSearch.java:71) - 		},
[2022-06-29 11:25:13.146] DEBUG NaverBlogSearch.main(NaverBlogSearch.java:71) - 		{
[2022-06-29 11:25:13.146] DEBUG NaverBlogSearch.main(NaverBlogSearch.java:71) - 			"title":"<b>신촌<\/b> 호반써밋 아파트 공급 정보",
[2022-06-29 11:25:13.146] DEBUG NaverBlogSearch.main(NaverBlogSearch.java:71) - 			"link":"https:\/\/blog.naver.com\/wook8475?Redirect=Log&logNo=222765011842",
[2022-06-29 11:25:13.146] DEBUG NaverBlogSearch.main(NaverBlogSearch.java:71) - 			"description":"<b>신촌<\/b> 호반써밋 아파트 공급 정보 마포구는 현재 용산, 성동과 함께 서울에서 손꼽히는 지역입니다.... 그 중 2호선 이대역과 인접해 높은 기대감을 얻고 있는 <b>신촌<\/b> 호반써밋의 공급정보를 자세히... ",
[2022-06-29 11:25:13.146] DEBUG NaverBlogSearch.main(NaverBlogSearch.java:71) - 			"bloggername":"그레이트 부동산 연구소",
[2022-06-29 11:25:13.146] DEBUG NaverBlogSearch.main(NaverBlogSearch.java:71) - 			"bloggerlink":"https:\/\/blog.naver.com\/wook8475",
[2022-06-29 11:25:13.146] DEBUG NaverBlogSearch.main(NaverBlogSearch.java:71) - 			"postdate":"20220608"
[2022-06-29 11:25:13.146] DEBUG NaverBlogSearch.main(NaverBlogSearch.java:71) - 		},
[2022-06-29 11:25:13.146] DEBUG NaverBlogSearch.main(NaverBlogSearch.java:71) - 		{
[2022-06-29 11:25:13.147] DEBUG NaverBlogSearch.main(NaverBlogSearch.java:71) - 			"title":"<b>신촌<\/b> 호반써밋 이대 아파트 공급안내",
[2022-06-29 11:25:13.147] DEBUG NaverBlogSearch.main(NaverBlogSearch.java:71) - 			"link":"https:\/\/blog.naver.com\/auction4000?Redirect=Log&logNo=222759682954",
[2022-06-29 11:25:13.147] DEBUG NaverBlogSearch.main(NaverBlogSearch.java:71) - 			"description":"오늘 살펴볼 <b>신촌<\/b> 호반써밋은 이러한 지역주택조합 공동주택 신축사업으로 추진되는 곳으로 특화... <b>신촌<\/b> 호반써밋 단지 모습을 살펴보면 앞서 조감도에서도 볼 수 있듯이 남측으로 18m 도로, 서측으로 15m... ",
[2022-06-29 11:25:13.147] DEBUG NaverBlogSearch.main(NaverBlogSearch.java:71) - 			"bloggername":"생생옥션",
[2022-06-29 11:25:13.147] DEBUG NaverBlogSearch.main(NaverBlogSearch.java:71) - 			"bloggerlink":"https:\/\/blog.naver.com\/auction4000",
[2022-06-29 11:25:13.147] DEBUG NaverBlogSearch.main(NaverBlogSearch.java:71) - 			"postdate":"20220604"
[2022-06-29 11:25:13.147] DEBUG NaverBlogSearch.main(NaverBlogSearch.java:71) - 		},
[2022-06-29 11:25:13.147] DEBUG NaverBlogSearch.main(NaverBlogSearch.java:71) - 		{
[2022-06-29 11:25:13.147] DEBUG NaverBlogSearch.main(NaverBlogSearch.java:71) - 			"title":"또 생각나는 <b>신촌<\/b> 삼겹살 제주돈1848",
[2022-06-29 11:25:13.147] DEBUG NaverBlogSearch.main(NaverBlogSearch.java:71) - 			"link":"https:\/\/blog.naver.com\/sia855?Redirect=Log&logNo=222791334534",
[2022-06-29 11:25:13.147] DEBUG NaverBlogSearch.main(NaverBlogSearch.java:71) - 			"description":"날이 갈수록 허해져가는 몸이 걱정스러워서 찾아가봤던 <b>신촌<\/b> 삼겹살 전문점에서 맛좋은 고기로 입맛도... 찾아가보았던 <b>신촌<\/b> 삼겹살로 유명한 제주돈 1848이죠. <b>신촌<\/b>역에서부터 걸어서 5분정도만 가면 만나볼 수... ",
[2022-06-29 11:25:13.147] DEBUG NaverBlogSearch.main(NaverBlogSearch.java:71) - 			"bloggername":"행복한 시야의 블로그",
[2022-06-29 11:25:13.147] DEBUG NaverBlogSearch.main(NaverBlogSearch.java:71) - 			"bloggerlink":"https:\/\/blog.naver.com\/sia855",
[2022-06-29 11:25:13.147] DEBUG NaverBlogSearch.main(NaverBlogSearch.java:71) - 			"postdate":"20220627"
[2022-06-29 11:25:13.147] DEBUG NaverBlogSearch.main(NaverBlogSearch.java:71) - 		},
[2022-06-29 11:25:13.147] DEBUG NaverBlogSearch.main(NaverBlogSearch.java:71) - 		{
[2022-06-29 11:25:13.147] DEBUG NaverBlogSearch.main(NaverBlogSearch.java:71) - 			"title":"<b>신촌<\/b> 호반써밋 염리동 공급 정보",
[2022-06-29 11:25:13.148] DEBUG NaverBlogSearch.main(NaverBlogSearch.java:71) - 			"link":"https:\/\/blog.naver.com\/namimi73?Redirect=Log&logNo=222760061069",
[2022-06-29 11:25:13.148] DEBUG NaverBlogSearch.main(NaverBlogSearch.java:71) - 			"description":"<b>신촌<\/b> 호반써밋 염리동 공급 정보 서울에서도 마포는 용산, 성동과 함께 최근 급부상한 곳인데요... 예정된 <b>신촌<\/b> 호반써밋의 기대감이 높아지고 있습니다. 서울시 마포구 염리동 일원에 기존에... ",
[2022-06-29 11:25:13.148] DEBUG NaverBlogSearch.main(NaverBlogSearch.java:71) - 			"bloggername":"빅토리 부동산 소식",
[2022-06-29 11:25:13.148] DEBUG NaverBlogSearch.main(NaverBlogSearch.java:71) - 			"bloggerlink":"https:\/\/blog.naver.com\/namimi73",
[2022-06-29 11:25:13.148] DEBUG NaverBlogSearch.main(NaverBlogSearch.java:71) - 			"postdate":"20220605"
[2022-06-29 11:25:13.148] DEBUG NaverBlogSearch.main(NaverBlogSearch.java:71) - 		}
[2022-06-29 11:25:13.148] DEBUG NaverBlogSearch.main(NaverBlogSearch.java:71) - 	]
[2022-06-29 11:25:13.148] DEBUG NaverBlogSearch.main(NaverBlogSearch.java:71) - }
[2022-06-29 11:25:13.170] DEBUG NaverBlogSearch.main(NaverBlogSearch.java:79) - item [title=취향저격인 <b>신촌</b> 술집, link=https://blog.naver.com/luu1026?Redirect=Log&logNo=222788296464, description=지난 주에 지인들과 <b>신촌</b>으로 쇼핑을 갔다가 술생각이나서 미리 찾아본 <b>신촌</b> 술집에 다녀왔어요. 다양한 종류의 세계맥주들을 취향에 맞게 골라 마실 수 있고, 고퀄리티의 안주까지 너무나 만족했던 곳이라... , bloggerName=null, bloggerLink=null, postDate=null, toString()=DTO [num=0, totalCnt=0]]
[2022-06-29 11:25:13.171] DEBUG NaverBlogSearch.main(NaverBlogSearch.java:79) - item [title=<b>신촌</b>호반써밋 아파트 모집소식, link=https://blog.naver.com/iopiop_123?Redirect=Log&logNo=222784459571, description=<b>신촌</b>호반써밋 아파트 모집소식 서울 내에서도 마용성은 앞으로 투자가치가 뛰어나 많은 사람들이... <b>신촌</b>호반써밋 역시 마용성에 해당하는 입지로 더욱 기대가 높은데요. 이번에 모집소식을 알리며 이목이... , bloggerName=null, bloggerLink=null, postDate=null, toString()=DTO [num=0, totalCnt=0]]
[2022-06-29 11:25:13.171] DEBUG NaverBlogSearch.main(NaverBlogSearch.java:79) - item [title=<b>신촌</b> 호반써밋 아파트 모집 정보, link=https://blog.naver.com/dotori0431?Redirect=Log&logNo=222734531714, description=<b>신촌</b> 호반써밋 아파트 모집 정보 반갑습니다! 안정적인 라이프를 영위하기 위해서 필요한 것이 있다면... 불안정한 경제 상황 속에서 경제적인 공급 가격으로 내 집 마련을 할 수 있는 <b>신촌</b> 호반써밋 아파트에... , bloggerName=null, bloggerLink=null, postDate=null, toString()=DTO [num=0, totalCnt=0]]
[2022-06-29 11:25:13.171] DEBUG NaverBlogSearch.main(NaverBlogSearch.java:79) - item [title=[초급매] <b>신촌</b>재개발구역 조합원매물, link=https://blog.naver.com/junggae2013?Redirect=Log&logNo=222781210606, description=<b>신촌</b> 재개발구역 조합원매물 매매가 25500만 전세가 7500만 실투자금 18000만 공동주택가격 21년 8730만... 15일 구역 내 성결교회에서 <b>신촌</b>구역 조합설립총회 설개개요 중 뉴스테이안은 가능성이 낮아보이고... , bloggerName=null, bloggerLink=null, postDate=null, toString()=DTO [num=0, totalCnt=0]]
[2022-06-29 11:25:13.171] DEBUG NaverBlogSearch.main(NaverBlogSearch.java:79) - item [title=<b>신촌</b> 호반써밋 아파트 공급소식, link=https://blog.naver.com/meirand?Redirect=Log&logNo=222775140251, description=<b>신촌</b> 호반써밋 아파트 공급소식 금리 인상과 더불어 경제물가가 높아지고 있지만 오히려 현 시기에는... 이번 <b>신촌</b> 호반써밋 공급 소식을 알리며 이목이 집중되고 있습니다. 당 프로젝트는 마포구 염리동에... , bloggerName=null, bloggerLink=null, postDate=null, toString()=DTO [num=0, totalCnt=0]]
[2022-06-29 11:25:13.171] DEBUG NaverBlogSearch.main(NaverBlogSearch.java:79) - item [title=<b>신촌</b> 호반써밋 아파트 공급절차, link=https://blog.naver.com/runekirby777?Redirect=Log&logNo=222754912871, description=<b>신촌</b> 호반써밋 아파트 공급절차 부동산 규제 정책은 관련 시장에 영향을 줄 수밖에 없습니다. 인구가... 이번에 마포구 염리동 일대의 아현 뉴타운개발지역 내 <b>신촌</b> 호반써밋에서 모집하는 소식 전해 드리고자... , bloggerName=null, bloggerLink=null, postDate=null, toString()=DTO [num=0, totalCnt=0]]
[2022-06-29 11:25:13.171] DEBUG NaverBlogSearch.main(NaverBlogSearch.java:79) - item [title=<b>신촌</b> 호반써밋 아파트 공급 정보, link=https://blog.naver.com/wook8475?Redirect=Log&logNo=222765011842, description=<b>신촌</b> 호반써밋 아파트 공급 정보 마포구는 현재 용산, 성동과 함께 서울에서 손꼽히는 지역입니다.... 그 중 2호선 이대역과 인접해 높은 기대감을 얻고 있는 <b>신촌</b> 호반써밋의 공급정보를 자세히... , bloggerName=null, bloggerLink=null, postDate=null, toString()=DTO [num=0, totalCnt=0]]
[2022-06-29 11:25:13.171] DEBUG NaverBlogSearch.main(NaverBlogSearch.java:79) - item [title=<b>신촌</b> 호반써밋 이대 아파트 공급안내, link=https://blog.naver.com/auction4000?Redirect=Log&logNo=222759682954, description=오늘 살펴볼 <b>신촌</b> 호반써밋은 이러한 지역주택조합 공동주택 신축사업으로 추진되는 곳으로 특화... <b>신촌</b> 호반써밋 단지 모습을 살펴보면 앞서 조감도에서도 볼 수 있듯이 남측으로 18m 도로, 서측으로 15m... , bloggerName=null, bloggerLink=null, postDate=null, toString()=DTO [num=0, totalCnt=0]]
[2022-06-29 11:25:13.171] DEBUG NaverBlogSearch.main(NaverBlogSearch.java:79) - item [title=또 생각나는 <b>신촌</b> 삼겹살 제주돈1848, link=https://blog.naver.com/sia855?Redirect=Log&logNo=222791334534, description=날이 갈수록 허해져가는 몸이 걱정스러워서 찾아가봤던 <b>신촌</b> 삼겹살 전문점에서 맛좋은 고기로 입맛도... 찾아가보았던 <b>신촌</b> 삼겹살로 유명한 제주돈 1848이죠. <b>신촌</b>역에서부터 걸어서 5분정도만 가면 만나볼 수... , bloggerName=null, bloggerLink=null, postDate=null, toString()=DTO [num=0, totalCnt=0]]
[2022-06-29 11:25:13.171] DEBUG NaverBlogSearch.main(NaverBlogSearch.java:79) - item [title=<b>신촌</b> 호반써밋 염리동 공급 정보, link=https://blog.naver.com/namimi73?Redirect=Log&logNo=222760061069, description=<b>신촌</b> 호반써밋 염리동 공급 정보 서울에서도 마포는 용산, 성동과 함께 최근 급부상한 곳인데요... 예정된 <b>신촌</b> 호반써밋의 기대감이 높아지고 있습니다. 서울시 마포구 염리동 일원에 기존에... , bloggerName=null, bloggerLink=null, postDate=null, toString()=DTO [num=0, totalCnt=0]]
[2022-06-29 11:26:55.287] DEBUG NaverBlogSearch.main(NaverBlogSearch.java:45) - =======================================
[2022-06-29 11:26:55.690] DEBUG NaverBlogSearch.main(NaverBlogSearch.java:59) - =responseCode=200
[2022-06-29 11:26:55.691] DEBUG NaverBlogSearch.main(NaverBlogSearch.java:71) - {
[2022-06-29 11:26:55.692] DEBUG NaverBlogSearch.main(NaverBlogSearch.java:71) - 	"lastBuildDate":"Wed, 29 Jun 2022 11:26:51 +0900",
[2022-06-29 11:26:55.692] DEBUG NaverBlogSearch.main(NaverBlogSearch.java:71) - 	"total":1650369,
[2022-06-29 11:26:55.692] DEBUG NaverBlogSearch.main(NaverBlogSearch.java:71) - 	"start":1,
[2022-06-29 11:26:55.692] DEBUG NaverBlogSearch.main(NaverBlogSearch.java:71) - 	"display":10,
[2022-06-29 11:26:55.692] DEBUG NaverBlogSearch.main(NaverBlogSearch.java:71) - 	"items":[
[2022-06-29 11:26:55.692] DEBUG NaverBlogSearch.main(NaverBlogSearch.java:71) - 		{
[2022-06-29 11:26:55.692] DEBUG NaverBlogSearch.main(NaverBlogSearch.java:71) - 			"title":"취향저격인 <b>신촌<\/b> 술집",
[2022-06-29 11:26:55.692] DEBUG NaverBlogSearch.main(NaverBlogSearch.java:71) - 			"link":"https:\/\/blog.naver.com\/luu1026?Redirect=Log&logNo=222788296464",
[2022-06-29 11:26:55.692] DEBUG NaverBlogSearch.main(NaverBlogSearch.java:71) - 			"description":"지난 주에 지인들과 <b>신촌<\/b>으로 쇼핑을 갔다가 술생각이나서 미리 찾아본 <b>신촌<\/b> 술집에 다녀왔어요. 다양한 종류의 세계맥주들을 취향에 맞게 골라 마실 수 있고, 고퀄리티의 안주까지 너무나 만족했던 곳이라... ",
[2022-06-29 11:26:55.692] DEBUG NaverBlogSearch.main(NaverBlogSearch.java:71) - 			"bloggername":"클릭",
[2022-06-29 11:26:55.692] DEBUG NaverBlogSearch.main(NaverBlogSearch.java:71) - 			"bloggerlink":"https:\/\/blog.naver.com\/luu1026",
[2022-06-29 11:26:55.692] DEBUG NaverBlogSearch.main(NaverBlogSearch.java:71) - 			"postdate":"20220625"
[2022-06-29 11:26:55.692] DEBUG NaverBlogSearch.main(NaverBlogSearch.java:71) - 		},
[2022-06-29 11:26:55.692] DEBUG NaverBlogSearch.main(NaverBlogSearch.java:71) - 		{
[2022-06-29 11:26:55.692] DEBUG NaverBlogSearch.main(NaverBlogSearch.java:71) - 			"title":"<b>신촌<\/b>호반써밋 아파트 모집소식",
[2022-06-29 11:26:55.693] DEBUG NaverBlogSearch.main(NaverBlogSearch.java:71) - 			"link":"https:\/\/blog.naver.com\/iopiop_123?Redirect=Log&logNo=222784459571",
[2022-06-29 11:26:55.693] DEBUG NaverBlogSearch.main(NaverBlogSearch.java:71) - 			"description":"<b>신촌<\/b>호반써밋 아파트 모집소식 서울 내에서도 마용성은 앞으로 투자가치가 뛰어나 많은 사람들이... <b>신촌<\/b>호반써밋 역시 마용성에 해당하는 입지로 더욱 기대가 높은데요. 이번에 모집소식을 알리며 이목이... ",
[2022-06-29 11:26:55.693] DEBUG NaverBlogSearch.main(NaverBlogSearch.java:71) - 			"bloggername":"올바른 집구경",
[2022-06-29 11:26:55.693] DEBUG NaverBlogSearch.main(NaverBlogSearch.java:71) - 			"bloggerlink":"https:\/\/blog.naver.com\/iopiop_123",
[2022-06-29 11:26:55.693] DEBUG NaverBlogSearch.main(NaverBlogSearch.java:71) - 			"postdate":"20220622"
[2022-06-29 11:26:55.693] DEBUG NaverBlogSearch.main(NaverBlogSearch.java:71) - 		},
[2022-06-29 11:26:55.693] DEBUG NaverBlogSearch.main(NaverBlogSearch.java:71) - 		{
[2022-06-29 11:26:55.693] DEBUG NaverBlogSearch.main(NaverBlogSearch.java:71) - 			"title":"<b>신촌<\/b> 호반써밋 아파트 모집 정보",
[2022-06-29 11:26:55.693] DEBUG NaverBlogSearch.main(NaverBlogSearch.java:71) - 			"link":"https:\/\/blog.naver.com\/dotori0431?Redirect=Log&logNo=222734531714",
[2022-06-29 11:26:55.693] DEBUG NaverBlogSearch.main(NaverBlogSearch.java:71) - 			"description":"<b>신촌<\/b> 호반써밋 아파트 모집 정보 반갑습니다! 안정적인 라이프를 영위하기 위해서 필요한 것이 있다면... 불안정한 경제 상황 속에서 경제적인 공급 가격으로 내 집 마련을 할 수 있는 <b>신촌<\/b> 호반써밋 아파트에... ",
[2022-06-29 11:26:55.693] DEBUG NaverBlogSearch.main(NaverBlogSearch.java:71) - 			"bloggername":"재개발 재건축 정보나눔",
[2022-06-29 11:26:55.693] DEBUG NaverBlogSearch.main(NaverBlogSearch.java:71) - 			"bloggerlink":"https:\/\/blog.naver.com\/dotori0431",
[2022-06-29 11:26:55.693] DEBUG NaverBlogSearch.main(NaverBlogSearch.java:71) - 			"postdate":"20220516"
[2022-06-29 11:26:55.693] DEBUG NaverBlogSearch.main(NaverBlogSearch.java:71) - 		},
[2022-06-29 11:26:55.694] DEBUG NaverBlogSearch.main(NaverBlogSearch.java:71) - 		{
[2022-06-29 11:26:55.694] DEBUG NaverBlogSearch.main(NaverBlogSearch.java:71) - 			"title":"[초급매] <b>신촌<\/b>재개발구역 조합원매물",
[2022-06-29 11:26:55.694] DEBUG NaverBlogSearch.main(NaverBlogSearch.java:71) - 			"link":"https:\/\/blog.naver.com\/junggae2013?Redirect=Log&logNo=222781210606",
[2022-06-29 11:26:55.694] DEBUG NaverBlogSearch.main(NaverBlogSearch.java:71) - 			"description":"<b>신촌<\/b> 재개발구역 조합원매물 매매가 25500만 전세가 7500만 실투자금 18000만 공동주택가격 21년 8730만... 15일 구역 내 성결교회에서 <b>신촌<\/b>구역 조합설립총회 설개개요 중 뉴스테이안은 가능성이 낮아보이고... ",
[2022-06-29 11:26:55.694] DEBUG NaverBlogSearch.main(NaverBlogSearch.java:71) - 			"bloggername":"힐타운부동산 032)472-6600",
[2022-06-29 11:26:55.694] DEBUG NaverBlogSearch.main(NaverBlogSearch.java:71) - 			"bloggerlink":"https:\/\/blog.naver.com\/junggae2013",
[2022-06-29 11:26:55.694] DEBUG NaverBlogSearch.main(NaverBlogSearch.java:71) - 			"postdate":"20220620"
[2022-06-29 11:26:55.694] DEBUG NaverBlogSearch.main(NaverBlogSearch.java:71) - 		},
[2022-06-29 11:26:55.694] DEBUG NaverBlogSearch.main(NaverBlogSearch.java:71) - 		{
[2022-06-29 11:26:55.694] DEBUG NaverBlogSearch.main(NaverBlogSearch.java:71) - 			"title":"<b>신촌<\/b> 호반써밋 아파트 공급소식",
[2022-06-29 11:26:55.694] DEBUG NaverBlogSearch.main(NaverBlogSearch.java:71) - 			"link":"https:\/\/blog.naver.com\/meirand?Redirect=Log&logNo=222775140251",
[2022-06-29 11:26:55.694] DEBUG NaverBlogSearch.main(NaverBlogSearch.java:71) - 			"description":"<b>신촌<\/b> 호반써밋 아파트 공급소식 금리 인상과 더불어 경제물가가 높아지고 있지만 오히려 현 시기에는... 이번 <b>신촌<\/b> 호반써밋 공급 소식을 알리며 이목이 집중되고 있습니다. 당 프로젝트는 마포구 염리동에... ",
[2022-06-29 11:26:55.694] DEBUG NaverBlogSearch.main(NaverBlogSearch.java:71) - 			"bloggername":"꿀벌 집구경",
[2022-06-29 11:26:55.694] DEBUG NaverBlogSearch.main(NaverBlogSearch.java:71) - 			"bloggerlink":"https:\/\/blog.naver.com\/meirand",
[2022-06-29 11:26:55.695] DEBUG NaverBlogSearch.main(NaverBlogSearch.java:71) - 			"postdate":"20220616"
[2022-06-29 11:26:55.695] DEBUG NaverBlogSearch.main(NaverBlogSearch.java:71) - 		},
[2022-06-29 11:26:55.695] DEBUG NaverBlogSearch.main(NaverBlogSearch.java:71) - 		{
[2022-06-29 11:26:55.695] DEBUG NaverBlogSearch.main(NaverBlogSearch.java:71) - 			"title":"<b>신촌<\/b> 호반써밋 아파트 공급절차",
[2022-06-29 11:26:55.695] DEBUG NaverBlogSearch.main(NaverBlogSearch.java:71) - 			"link":"https:\/\/blog.naver.com\/runekirby777?Redirect=Log&logNo=222754912871",
[2022-06-29 11:26:55.695] DEBUG NaverBlogSearch.main(NaverBlogSearch.java:71) - 			"description":"<b>신촌<\/b> 호반써밋 아파트 공급절차 부동산 규제 정책은 관련 시장에 영향을 줄 수밖에 없습니다. 인구가... 이번에 마포구 염리동 일대의 아현 뉴타운개발지역 내 <b>신촌<\/b> 호반써밋에서 모집하는 소식 전해 드리고자... ",
[2022-06-29 11:26:55.695] DEBUG NaverBlogSearch.main(NaverBlogSearch.java:71) - 			"bloggername":"부동산 메타버스",
[2022-06-29 11:26:55.695] DEBUG NaverBlogSearch.main(NaverBlogSearch.java:71) - 			"bloggerlink":"https:\/\/blog.naver.com\/runekirby777",
[2022-06-29 11:26:55.695] DEBUG NaverBlogSearch.main(NaverBlogSearch.java:71) - 			"postdate":"20220601"
[2022-06-29 11:26:55.695] DEBUG NaverBlogSearch.main(NaverBlogSearch.java:71) - 		},
[2022-06-29 11:26:55.695] DEBUG NaverBlogSearch.main(NaverBlogSearch.java:71) - 		{
[2022-06-29 11:26:55.695] DEBUG NaverBlogSearch.main(NaverBlogSearch.java:71) - 			"title":"<b>신촌<\/b> 호반써밋 아파트 공급 정보",
[2022-06-29 11:26:55.695] DEBUG NaverBlogSearch.main(NaverBlogSearch.java:71) - 			"link":"https:\/\/blog.naver.com\/wook8475?Redirect=Log&logNo=222765011842",
[2022-06-29 11:26:55.695] DEBUG NaverBlogSearch.main(NaverBlogSearch.java:71) - 			"description":"<b>신촌<\/b> 호반써밋 아파트 공급 정보 마포구는 현재 용산, 성동과 함께 서울에서 손꼽히는 지역입니다.... 그 중 2호선 이대역과 인접해 높은 기대감을 얻고 있는 <b>신촌<\/b> 호반써밋의 공급정보를 자세히... ",
[2022-06-29 11:26:55.695] DEBUG NaverBlogSearch.main(NaverBlogSearch.java:71) - 			"bloggername":"그레이트 부동산 연구소",
[2022-06-29 11:26:55.695] DEBUG NaverBlogSearch.main(NaverBlogSearch.java:71) - 			"bloggerlink":"https:\/\/blog.naver.com\/wook8475",
[2022-06-29 11:26:55.696] DEBUG NaverBlogSearch.main(NaverBlogSearch.java:71) - 			"postdate":"20220608"
[2022-06-29 11:26:55.696] DEBUG NaverBlogSearch.main(NaverBlogSearch.java:71) - 		},
[2022-06-29 11:26:55.696] DEBUG NaverBlogSearch.main(NaverBlogSearch.java:71) - 		{
[2022-06-29 11:26:55.696] DEBUG NaverBlogSearch.main(NaverBlogSearch.java:71) - 			"title":"<b>신촌<\/b> 호반써밋 이대 아파트 공급안내",
[2022-06-29 11:26:55.696] DEBUG NaverBlogSearch.main(NaverBlogSearch.java:71) - 			"link":"https:\/\/blog.naver.com\/auction4000?Redirect=Log&logNo=222759682954",
[2022-06-29 11:26:55.696] DEBUG NaverBlogSearch.main(NaverBlogSearch.java:71) - 			"description":"오늘 살펴볼 <b>신촌<\/b> 호반써밋은 이러한 지역주택조합 공동주택 신축사업으로 추진되는 곳으로 특화... <b>신촌<\/b> 호반써밋 단지 모습을 살펴보면 앞서 조감도에서도 볼 수 있듯이 남측으로 18m 도로, 서측으로 15m... ",
[2022-06-29 11:26:55.696] DEBUG NaverBlogSearch.main(NaverBlogSearch.java:71) - 			"bloggername":"생생옥션",
[2022-06-29 11:26:55.696] DEBUG NaverBlogSearch.main(NaverBlogSearch.java:71) - 			"bloggerlink":"https:\/\/blog.naver.com\/auction4000",
[2022-06-29 11:26:55.696] DEBUG NaverBlogSearch.main(NaverBlogSearch.java:71) - 			"postdate":"20220604"
[2022-06-29 11:26:55.696] DEBUG NaverBlogSearch.main(NaverBlogSearch.java:71) - 		},
[2022-06-29 11:26:55.696] DEBUG NaverBlogSearch.main(NaverBlogSearch.java:71) - 		{
[2022-06-29 11:26:55.696] DEBUG NaverBlogSearch.main(NaverBlogSearch.java:71) - 			"title":"또 생각나는 <b>신촌<\/b> 삼겹살 제주돈1848",
[2022-06-29 11:26:55.696] DEBUG NaverBlogSearch.main(NaverBlogSearch.java:71) - 			"link":"https:\/\/blog.naver.com\/sia855?Redirect=Log&logNo=222791334534",
[2022-06-29 11:26:55.696] DEBUG NaverBlogSearch.main(NaverBlogSearch.java:71) - 			"description":"날이 갈수록 허해져가는 몸이 걱정스러워서 찾아가봤던 <b>신촌<\/b> 삼겹살 전문점에서 맛좋은 고기로 입맛도... 찾아가보았던 <b>신촌<\/b> 삼겹살로 유명한 제주돈 1848이죠. <b>신촌<\/b>역에서부터 걸어서 5분정도만 가면 만나볼 수... ",
[2022-06-29 11:26:55.696] DEBUG NaverBlogSearch.main(NaverBlogSearch.java:71) - 			"bloggername":"행복한 시야의 블로그",
[2022-06-29 11:26:55.696] DEBUG NaverBlogSearch.main(NaverBlogSearch.java:71) - 			"bloggerlink":"https:\/\/blog.naver.com\/sia855",
[2022-06-29 11:26:55.697] DEBUG NaverBlogSearch.main(NaverBlogSearch.java:71) - 			"postdate":"20220627"
[2022-06-29 11:26:55.697] DEBUG NaverBlogSearch.main(NaverBlogSearch.java:71) - 		},
[2022-06-29 11:26:55.697] DEBUG NaverBlogSearch.main(NaverBlogSearch.java:71) - 		{
[2022-06-29 11:26:55.697] DEBUG NaverBlogSearch.main(NaverBlogSearch.java:71) - 			"title":"<b>신촌<\/b> 호반써밋 염리동 공급 정보",
[2022-06-29 11:26:55.697] DEBUG NaverBlogSearch.main(NaverBlogSearch.java:71) - 			"link":"https:\/\/blog.naver.com\/namimi73?Redirect=Log&logNo=222760061069",
[2022-06-29 11:26:55.697] DEBUG NaverBlogSearch.main(NaverBlogSearch.java:71) - 			"description":"<b>신촌<\/b> 호반써밋 염리동 공급 정보 서울에서도 마포는 용산, 성동과 함께 최근 급부상한 곳인데요... 예정된 <b>신촌<\/b> 호반써밋의 기대감이 높아지고 있습니다. 서울시 마포구 염리동 일원에 기존에... ",
[2022-06-29 11:26:55.697] DEBUG NaverBlogSearch.main(NaverBlogSearch.java:71) - 			"bloggername":"빅토리 부동산 소식",
[2022-06-29 11:26:55.697] DEBUG NaverBlogSearch.main(NaverBlogSearch.java:71) - 			"bloggerlink":"https:\/\/blog.naver.com\/namimi73",
[2022-06-29 11:26:55.697] DEBUG NaverBlogSearch.main(NaverBlogSearch.java:71) - 			"postdate":"20220605"
[2022-06-29 11:26:55.697] DEBUG NaverBlogSearch.main(NaverBlogSearch.java:71) - 		}
[2022-06-29 11:26:55.697] DEBUG NaverBlogSearch.main(NaverBlogSearch.java:71) - 	]
[2022-06-29 11:26:55.697] DEBUG NaverBlogSearch.main(NaverBlogSearch.java:71) - }
[2022-06-29 11:26:55.720] DEBUG NaverBlogSearch.main(NaverBlogSearch.java:79) - Item [title=취향저격인 <b>신촌</b> 술집, link=https://blog.naver.com/luu1026?Redirect=Log&logNo=222788296464, description=지난 주에 지인들과 <b>신촌</b>으로 쇼핑을 갔다가 술생각이나서 미리 찾아본 <b>신촌</b> 술집에 다녀왔어요. 다양한 종류의 세계맥주들을 취향에 맞게 골라 마실 수 있고, 고퀄리티의 안주까지 너무나 만족했던 곳이라... , bloggerName=null, bloggerLink=null, postDate=null, toString()=DTO [num=0, totalCnt=0]]
[2022-06-29 11:26:55.720] DEBUG NaverBlogSearch.main(NaverBlogSearch.java:79) - Item [title=<b>신촌</b>호반써밋 아파트 모집소식, link=https://blog.naver.com/iopiop_123?Redirect=Log&logNo=222784459571, description=<b>신촌</b>호반써밋 아파트 모집소식 서울 내에서도 마용성은 앞으로 투자가치가 뛰어나 많은 사람들이... <b>신촌</b>호반써밋 역시 마용성에 해당하는 입지로 더욱 기대가 높은데요. 이번에 모집소식을 알리며 이목이... , bloggerName=null, bloggerLink=null, postDate=null, toString()=DTO [num=0, totalCnt=0]]
[2022-06-29 11:26:55.720] DEBUG NaverBlogSearch.main(NaverBlogSearch.java:79) - Item [title=<b>신촌</b> 호반써밋 아파트 모집 정보, link=https://blog.naver.com/dotori0431?Redirect=Log&logNo=222734531714, description=<b>신촌</b> 호반써밋 아파트 모집 정보 반갑습니다! 안정적인 라이프를 영위하기 위해서 필요한 것이 있다면... 불안정한 경제 상황 속에서 경제적인 공급 가격으로 내 집 마련을 할 수 있는 <b>신촌</b> 호반써밋 아파트에... , bloggerName=null, bloggerLink=null, postDate=null, toString()=DTO [num=0, totalCnt=0]]
[2022-06-29 11:26:55.720] DEBUG NaverBlogSearch.main(NaverBlogSearch.java:79) - Item [title=[초급매] <b>신촌</b>재개발구역 조합원매물, link=https://blog.naver.com/junggae2013?Redirect=Log&logNo=222781210606, description=<b>신촌</b> 재개발구역 조합원매물 매매가 25500만 전세가 7500만 실투자금 18000만 공동주택가격 21년 8730만... 15일 구역 내 성결교회에서 <b>신촌</b>구역 조합설립총회 설개개요 중 뉴스테이안은 가능성이 낮아보이고... , bloggerName=null, bloggerLink=null, postDate=null, toString()=DTO [num=0, totalCnt=0]]
[2022-06-29 11:26:55.720] DEBUG NaverBlogSearch.main(NaverBlogSearch.java:79) - Item [title=<b>신촌</b> 호반써밋 아파트 공급소식, link=https://blog.naver.com/meirand?Redirect=Log&logNo=222775140251, description=<b>신촌</b> 호반써밋 아파트 공급소식 금리 인상과 더불어 경제물가가 높아지고 있지만 오히려 현 시기에는... 이번 <b>신촌</b> 호반써밋 공급 소식을 알리며 이목이 집중되고 있습니다. 당 프로젝트는 마포구 염리동에... , bloggerName=null, bloggerLink=null, postDate=null, toString()=DTO [num=0, totalCnt=0]]
[2022-06-29 11:26:55.720] DEBUG NaverBlogSearch.main(NaverBlogSearch.java:79) - Item [title=<b>신촌</b> 호반써밋 아파트 공급절차, link=https://blog.naver.com/runekirby777?Redirect=Log&logNo=222754912871, description=<b>신촌</b> 호반써밋 아파트 공급절차 부동산 규제 정책은 관련 시장에 영향을 줄 수밖에 없습니다. 인구가... 이번에 마포구 염리동 일대의 아현 뉴타운개발지역 내 <b>신촌</b> 호반써밋에서 모집하는 소식 전해 드리고자... , bloggerName=null, bloggerLink=null, postDate=null, toString()=DTO [num=0, totalCnt=0]]
[2022-06-29 11:26:55.720] DEBUG NaverBlogSearch.main(NaverBlogSearch.java:79) - Item [title=<b>신촌</b> 호반써밋 아파트 공급 정보, link=https://blog.naver.com/wook8475?Redirect=Log&logNo=222765011842, description=<b>신촌</b> 호반써밋 아파트 공급 정보 마포구는 현재 용산, 성동과 함께 서울에서 손꼽히는 지역입니다.... 그 중 2호선 이대역과 인접해 높은 기대감을 얻고 있는 <b>신촌</b> 호반써밋의 공급정보를 자세히... , bloggerName=null, bloggerLink=null, postDate=null, toString()=DTO [num=0, totalCnt=0]]
[2022-06-29 11:26:55.720] DEBUG NaverBlogSearch.main(NaverBlogSearch.java:79) - Item [title=<b>신촌</b> 호반써밋 이대 아파트 공급안내, link=https://blog.naver.com/auction4000?Redirect=Log&logNo=222759682954, description=오늘 살펴볼 <b>신촌</b> 호반써밋은 이러한 지역주택조합 공동주택 신축사업으로 추진되는 곳으로 특화... <b>신촌</b> 호반써밋 단지 모습을 살펴보면 앞서 조감도에서도 볼 수 있듯이 남측으로 18m 도로, 서측으로 15m... , bloggerName=null, bloggerLink=null, postDate=null, toString()=DTO [num=0, totalCnt=0]]
[2022-06-29 11:26:55.720] DEBUG NaverBlogSearch.main(NaverBlogSearch.java:79) - Item [title=또 생각나는 <b>신촌</b> 삼겹살 제주돈1848, link=https://blog.naver.com/sia855?Redirect=Log&logNo=222791334534, description=날이 갈수록 허해져가는 몸이 걱정스러워서 찾아가봤던 <b>신촌</b> 삼겹살 전문점에서 맛좋은 고기로 입맛도... 찾아가보았던 <b>신촌</b> 삼겹살로 유명한 제주돈 1848이죠. <b>신촌</b>역에서부터 걸어서 5분정도만 가면 만나볼 수... , bloggerName=null, bloggerLink=null, postDate=null, toString()=DTO [num=0, totalCnt=0]]
[2022-06-29 11:26:55.720] DEBUG NaverBlogSearch.main(NaverBlogSearch.java:79) - Item [title=<b>신촌</b> 호반써밋 염리동 공급 정보, link=https://blog.naver.com/namimi73?Redirect=Log&logNo=222760061069, description=<b>신촌</b> 호반써밋 염리동 공급 정보 서울에서도 마포는 용산, 성동과 함께 최근 급부상한 곳인데요... 예정된 <b>신촌</b> 호반써밋의 기대감이 높아지고 있습니다. 서울시 마포구 염리동 일원에 기존에... , bloggerName=null, bloggerLink=null, postDate=null, toString()=DTO [num=0, totalCnt=0]]
